INFO:root:[Buyer]:Buyer simone Initialized
INFO:root:[Customer]:Customer simone entered Trading
INFO:root:[Buyer]:Buyer betsy Initialized
INFO:root:[Customer]:(simone,0): Next Quarter Begins 
INFO:root:[Customer]:(simone,0) currently seeing ads for the Products:[]
INFO:root:[Customer]:Customer betsy entered Trading
INFO:root:[Buyer]:Buyer Matthew Initialized
INFO:root:[Customer]:(betsy,0): Next Quarter Begins 
INFO:root:[Customer]:(betsy,0) currently seeing ads for the Products:[]
INFO:root:[Customer]:Customer Matthew entered Trading
INFO:root:[Buyer]:Buyer Dan Initialized
INFO:root:[Customer]:(Matthew,0): Next Quarter Begins 
INFO:root:[Customer]:(Matthew,0) currently seeing ads for the Products:[]
INFO:root:[Customer]:Customer Dan entered Trading
INFO:root:[Buyer]:Buyer Ewa Initialized
INFO:root:[Customer]:(Dan,0): Next Quarter Begins 
INFO:root:[Customer]:(Dan,0) currently seeing ads for the Products:[]
INFO:root:[Customer]:Customer Ewa entered Trading
INFO:root:[Customer]:(Ewa,0): Next Quarter Begins 
INFO:root:[Customer]:(Ewa,0) currently seeing ads for the Products:[]
INFO:root:[Seller]:Seller Alice Created
INFO:root:[Seller]: (Alice,1) Revenue in previous quarter:0
INFO:root:[Seller]: (Alice,1) Expenses in previous quarter:0
INFO:root:[Seller]: (Alice,1) Profit in previous quarter:0
INFO:root:[Seller]:Seller Bob Created
INFO:root:[Seller]: (Bob,1) Revenue in previous quarter:0
INFO:root:[Seller]: (Bob,1) Expenses in previous quarter:0
INFO:root:[Seller]: (Bob,1) Profit in previous quarter:0
INFO:root:[Seller]:Seller Carol Created
INFO:root:[Seller]: (Carol,1) Revenue in previous quarter:0
INFO:root:[Seller]: (Carol,1) Expenses in previous quarter:0
INFO:root:[Seller]: (Carol,1) Profit in previous quarter:0
INFO:root:[Seller]:Seller Dave Created
INFO:root:[Seller]: (Dave,1) Revenue in previous quarter:0
INFO:root:[Seller]: (Dave,1) Expenses in previous quarter:0
INFO:root:[Seller]: (Dave,1) Profit in previous quarter:0
INFO:root:[Seller]:Seller Eve Created
INFO:root:[Seller]: (Eve,1) Revenue in previous quarter:0
INFO:root:[Seller]: (Eve,1) Expenses in previous quarter:0
INFO:root:[Seller]: (Eve,1) Profit in previous quarter:0
INFO:root:[Customer]:(simone,0): Next Quarter Begins 
INFO:root:[Customer]:(simone,0) currently seeing ads for the Products:[iPhone XS case, iPhone XS case, iPhone XS, iPhone XR, iPhone XR case, iPhone XR, iPhone XS, Huawei P30 pro, Google pixel, iPhone XS case, Huawei P30 pro case, iPhone XR case]
INFO:root:[Customer]:(betsy,0): Next Quarter Begins 
INFO:root:[Customer]:(betsy,0) currently seeing ads for the Products:[iPhone XS case, iPhone XR case, iPhone XR, iPhone XR case, Huawei P30 pro, Huawei P30 pro case, Google pixel case, iPhone XR case]
INFO:root:[Customer]:(Dan,0): Next Quarter Begins 
INFO:root:[Customer]:(Dan,0) currently seeing ads for the Products:[iPhone XS case, iPhone XS case, iPhone XS, Google pixel, iPhone XS case, Huawei P30 pro case, iPhone XR case]
INFO:root:[Customer]:(Matthew,0): Next Quarter Begins 
INFO:root:[Customer]:(Ewa,0): Next Quarter Begins 
INFO:root:[Customer]:(Matthew,0) currently seeing ads for the Products:[iPhone XS case, iPhone XS, iPhone XR, iPhone XR, iPhone XS, iPhone XR, iPhone XR case, Huawei P30 pro, iPhone XS case, Google pixel case]
INFO:root:[Customer]:(Ewa,0) currently seeing ads for the Products:[iPhone XS case, iPhone XS, iPhone XR, iPhone XR case, iPhone XR, iPhone XR case, Huawei P30 pro, Google pixel, iPhone XS case, Huawei P30 pro case, Google pixel case, iPhone XR case]
INFO:root:[Seller]: (Alice,2) Revenue in previous quarter:0
INFO:root:[Seller]: (Alice,2) Expenses in previous quarter:25
INFO:root:[Seller]: (Alice,2) Profit in previous quarter:-25
INFO:root:[Seller]: (Bob,2) Revenue in previous quarter:0
INFO:root:[Seller]: (Bob,2) Expenses in previous quarter:25
INFO:root:[Seller]: (Bob,2) Profit in previous quarter:-25
INFO:root:[Seller]: (Carol,2) Revenue in previous quarter:0
INFO:root:[Seller]: (Carol,2) Expenses in previous quarter:25
INFO:root:[Seller]: (Carol,2) Profit in previous quarter:-25
INFO:root:[Seller]: (Dave,2) Revenue in previous quarter:0
INFO:root:[Seller]: (Dave,2) Expenses in previous quarter:25
INFO:root:[Seller]: (Dave,2) Profit in previous quarter:-25
INFO:root:[Seller]: (Eve,2) Revenue in previous quarter:0
INFO:root:[Seller]: (Eve,2) Expenses in previous quarter:25
INFO:root:[Seller]: (Eve,2) Profit in previous quarter:-25
