INFO:root:[Buyer]:Buyer simone Initialized
INFO:root:[Customer]:Customer simone entered Trading
INFO:root:[Buyer]:Buyer betsy Initialized
INFO:root:[Customer]:(simone,0): Next Quarter Begins 
INFO:root:[Customer]:(simone,0) currently seeing ads for the Products:[]
INFO:root:[Customer]:Customer betsy entered Trading
INFO:root:[Buyer]:Buyer Matthew Initialized
INFO:root:[Customer]:(betsy,0): Next Quarter Begins 
INFO:root:[Customer]:(betsy,0) currently seeing ads for the Products:[]
INFO:root:[Customer]:Customer Matthew entered Trading
INFO:root:[Buyer]:Buyer Dan Initialized
INFO:root:[Customer]:(Matthew,0): Next Quarter Begins 
INFO:root:[Customer]:(Matthew,0) currently seeing ads for the Products:[]
INFO:root:[Customer]:Customer Dan entered Trading
INFO:root:[Buyer]:Buyer Ewa Initialized
INFO:root:[Customer]:(Dan,0): Next Quarter Begins 
INFO:root:[Customer]:(Dan,0) currently seeing ads for the Products:[]
INFO:root:[Customer]:Customer Ewa entered Trading
INFO:root:[Customer]:(Ewa,0): Next Quarter Begins 
INFO:root:[Customer]:(Ewa,0) currently seeing ads for the Products:[]
INFO:root:[Seller]:Seller Alice Created
INFO:root:[Seller]: (Alice,1) Revenue in previous quarter:0
INFO:root:[Seller]: (Alice,1) Expenses in previous quarter:0
INFO:root:[Seller]: (Alice,1) Profit in previous quarter:0
INFO:root:[Seller]:Seller Bob Created
INFO:root:[Seller]: (Bob,1) Revenue in previous quarter:0
INFO:root:[Seller]: (Bob,1) Expenses in previous quarter:0
INFO:root:[Seller]: (Bob,1) Profit in previous quarter:0
INFO:root:[Seller]:Seller Carol Created
INFO:root:[Seller]: (Carol,1) Revenue in previous quarter:0
INFO:root:[Seller]: (Carol,1) Expenses in previous quarter:0
INFO:root:[Seller]: (Carol,1) Profit in previous quarter:0
INFO:root:[Seller]:Seller Dave Created
INFO:root:[Seller]: (Dave,1) Revenue in previous quarter:0
INFO:root:[Seller]: (Dave,1) Expenses in previous quarter:0
INFO:root:[Seller]: (Dave,1) Profit in previous quarter:0
INFO:root:[Seller]:Seller Eve Created
INFO:root:[Seller]: (Eve,1) Revenue in previous quarter:0
INFO:root:[Seller]: (Eve,1) Expenses in previous quarter:0
INFO:root:[Seller]: (Eve,1) Profit in previous quarter:0
INFO:root:[Customer]:(simone,0): Next Quarter Begins 
INFO:root:[Customer]:(simone,0) currently seeing ads for the Products:[Google pixel, iPhone XS, iPhone XS, iPhone XS case, iPhone XR, iPhone XS case, iPhone XS case, iPhone XR case, iPhone XR, iPhone XR case, Huawei P30 pro, Huawei P30 pro case]
INFO:root:[Customer]:(betsy,0): Next Quarter Begins 
INFO:root:[Customer]:(betsy,0) currently seeing ads for the Products:[Google pixel case, iPhone XR, iPhone XR case, iPhone XS case, iPhone XR case, Huawei P30 pro, iPhone XR case, Huawei P30 pro case]
INFO:root:[Customer]:(Matthew,0): Next Quarter Begins 
INFO:root:[Customer]:(Matthew,0) currently seeing ads for the Products:[iPhone XS, Google pixel case, iPhone XS, iPhone XR, iPhone XS case, iPhone XR, iPhone XS case, iPhone XR, Huawei P30 pro, iPhone XR case]
INFO:root:[Customer]:(Ewa,0): Next Quarter Begins 
INFO:root:[Customer]:(Ewa,0) currently seeing ads for the Products:[Google pixel, Google pixel case, iPhone XS, iPhone XR, iPhone XS case, iPhone XS case, iPhone XR case, iPhone XR case, iPhone XR, Huawei P30 pro, iPhone XR case, Huawei P30 pro case]
INFO:root:[Customer]:(Dan,0): Next Quarter Begins 
INFO:root:[Customer]:(Dan,0) currently seeing ads for the Products:[Google pixel, iPhone XS, iPhone XS case, iPhone XS case, iPhone XS case, iPhone XR case, Huawei P30 pro case]
INFO:root:[Seller]: (Alice,2) Revenue in previous quarter:0
INFO:root:[Seller]: (Alice,2) Expenses in previous quarter:25
INFO:root:[Seller]: (Alice,2) Profit in previous quarter:-25
INFO:root:[Seller]: (Bob,2) Revenue in previous quarter:0
INFO:root:[Seller]: (Bob,2) Expenses in previous quarter:25
INFO:root:[Seller]: (Bob,2) Profit in previous quarter:-25
INFO:root:[Seller]: (Carol,2) Revenue in previous quarter:0
INFO:root:[Seller]: (Carol,2) Expenses in previous quarter:25
INFO:root:[Seller]: (Carol,2) Profit in previous quarter:-25
INFO:root:[Seller]: (Dave,2) Revenue in previous quarter:0
INFO:root:[Seller]: (Dave,2) Expenses in previous quarter:25
INFO:root:[Seller]: (Dave,2) Profit in previous quarter:-25
INFO:root:[Seller]: (Eve,2) Revenue in previous quarter:0
INFO:root:[Seller]: (Eve,2) Expenses in previous quarter:25
INFO:root:[Seller]: (Eve,2) Profit in previous quarter:-25
