INFO:root:[Buyer]:Buyer simone Initialized
INFO:root:[Customer]:Customer simone entered Trading
INFO:root:[Buyer]:Buyer betsy Initialized
INFO:root:[Customer]:(simone,0): Next Quarter Begins 
INFO:root:[Customer]:(simone,0) currently seeing ads for the Products:[]
INFO:root:[Customer]:Customer betsy entered Trading
INFO:root:[Buyer]:Buyer Matthew Initialized
INFO:root:[Customer]:(betsy,0): Next Quarter Begins 
INFO:root:[Customer]:Customer Matthew entered Trading
INFO:root:[Customer]:(betsy,0) currently seeing ads for the Products:[]
INFO:root:[Buyer]:Buyer Dan Initialized
INFO:root:[Customer]:(Matthew,0): Next Quarter Begins 
INFO:root:[Customer]:(Matthew,0) currently seeing ads for the Products:[]
INFO:root:[Customer]:Customer Dan entered Trading
INFO:root:[Buyer]:Buyer Ewa Initialized
INFO:root:[Customer]:(Dan,0): Next Quarter Begins 
INFO:root:[Customer]:(Dan,0) currently seeing ads for the Products:[]
INFO:root:[Customer]:Customer Ewa entered Trading
INFO:root:[Customer]:(Ewa,0): Next Quarter Begins 
INFO:root:[Customer]:(Ewa,0) currently seeing ads for the Products:[]
INFO:root:[Seller]:Seller Alice Created
INFO:root:[Seller]: (Alice,1) Revenue in previous quarter:0
INFO:root:[Seller]: (Alice,1) Expenses in previous quarter:0
INFO:root:[Seller]: (Alice,1) Profit in previous quarter:0
INFO:root:[Seller]:Seller Bob Created
INFO:root:[Seller]: (Bob,1) Revenue in previous quarter:0
INFO:root:[Seller]: (Bob,1) Expenses in previous quarter:0
INFO:root:[Seller]: (Bob,1) Profit in previous quarter:0
INFO:root:[Seller]:Seller Carol Created
INFO:root:[Seller]: (Carol,1) Revenue in previous quarter:0
INFO:root:[Seller]: (Carol,1) Expenses in previous quarter:0
INFO:root:[Seller]: (Carol,1) Profit in previous quarter:0
INFO:root:[Seller]:Seller Dave Created
INFO:root:[Seller]: (Dave,1) Revenue in previous quarter:0
INFO:root:[Seller]: (Dave,1) Expenses in previous quarter:0
INFO:root:[Seller]: (Dave,1) Profit in previous quarter:0
INFO:root:[Seller]:Seller Eve Created
INFO:root:[Seller]: (Eve,1) Revenue in previous quarter:0
INFO:root:[Seller]: (Eve,1) Expenses in previous quarter:0
INFO:root:[Seller]: (Eve,1) Profit in previous quarter:0
INFO:root:[Customer]:(simone,0): Next Quarter Begins 
INFO:root:[Customer]:(simone,0) currently seeing ads for the Products:[iPhone XS, iPhone XS case, iPhone XR, iPhone XS case, iPhone XS case, iPhone XR case, iPhone XR, iPhone XR case, Huawei P30 pro, Huawei P30 pro case, Google pixel, iPhone XS]
INFO:root:[Customer]:***(simone,0)bought 5 new product:[iPhone XR]
INFO:root:[Customer]:***(simone,0)bought 4 new product:[Huawei P30 pro]
INFO:root:[Customer]:***(simone,0)bought 5 new product:[Google pixel]
INFO:root:[Customer]:(betsy,0): Next Quarter Begins 
INFO:root:[Customer]:(betsy,0) currently seeing ads for the Products:[iPhone XR, iPhone XR case, iPhone XS case, iPhone XR case, Huawei P30 pro, iPhone XR case, Huawei P30 pro case, Google pixel case]
INFO:root:[Customer]:***(betsy,0)bought 3 new product:[iPhone XR]
INFO:root:[Customer]:***(betsy,0)bought 2 new product:[iPhone XR case]
INFO:root:[Customer]:(Dan,0): Next Quarter Begins 
INFO:root:[Customer]:(Dan,0) currently seeing ads for the Products:[iPhone XS, iPhone XS case, iPhone XS case, iPhone XS case, iPhone XR case, Huawei P30 pro case, Google pixel]
INFO:root:[Customer]:***(Dan,0)bought 9 new product:[iPhone XS case]
INFO:root:[Customer]:(Matthew,0): Next Quarter Begins 
INFO:root:[Customer]:(Matthew,0) currently seeing ads for the Products:[iPhone XS, iPhone XR, iPhone XS case, iPhone XR, Google pixel case, iPhone XS case, iPhone XR, Huawei P30 pro, iPhone XR case, iPhone XS]
INFO:root:[Customer]:***(Matthew,0)bought 8 new product:[Huawei P30 pro]
INFO:root:[Customer]:***(Matthew,0)bought 1 new product:[iPhone XS]
INFO:root:[Customer]:(Matthew,0) Posted POSITIVE tweet for the product iPhone XS
INFO:root:[Customer]:(Ewa,0): Next Quarter Begins 
INFO:root:[Customer]:(Ewa,0) currently seeing ads for the Products:[iPhone XS, iPhone XR, iPhone XS case, iPhone XS case, iPhone XR case, iPhone XR case, iPhone XR, Huawei P30 pro, iPhone XR case, Huawei P30 pro case, Google pixel, Google pixel case]
INFO:root:[Customer]:***(Ewa,0)bought 4 new product:[iPhone XS]
INFO:root:[Customer]:***(Ewa,0)bought 1 new product:[iPhone XR]
INFO:root:[Customer]:***(Ewa,0)bought 4 new product:[iPhone XS case]
INFO:root:[Customer]:***(Ewa,0)bought 5 new product:[iPhone XR]
INFO:root:[Customer]:***(Ewa,0)bought 3 new product:[Huawei P30 pro]
INFO:root:[Customer]:***(Ewa,0)bought 9 new product:[Google pixel]
INFO:root:[Customer]:(Ewa,0) Posted POSITIVE tweet for the product iPhone XR
INFO:root:[Seller]: (Alice,2) Revenue in previous quarter:190
INFO:root:[Seller]: (Alice,2) Expenses in previous quarter:25
INFO:root:[Seller]: (Alice,2) Profit in previous quarter:165
INFO:root:[Seller]: (Bob,2) Revenue in previous quarter:0
INFO:root:[Seller]: (Bob,2) Expenses in previous quarter:25
INFO:root:[Seller]: (Bob,2) Profit in previous quarter:-25
INFO:root:[Seller]: (Carol,2) Revenue in previous quarter:190
INFO:root:[Seller]: (Carol,2) Expenses in previous quarter:25
INFO:root:[Seller]: (Carol,2) Profit in previous quarter:165
INFO:root:[Seller]: (Dave,2) Revenue in previous quarter:0
INFO:root:[Seller]: (Dave,2) Expenses in previous quarter:25
INFO:root:[Seller]: (Dave,2) Profit in previous quarter:-25
INFO:root:[Seller]: (Eve,2) Revenue in previous quarter:0
INFO:root:[Seller]: (Eve,2) Expenses in previous quarter:25
INFO:root:[Seller]: (Eve,2) Profit in previous quarter:-25
INFO:root:[Customer]:(simone,0): Next Quarter Begins 
INFO:root:[Customer]:(simone,0) currently seeing ads for the Products:[iPhone XR, iPhone XS case, iPhone XR, iPhone XS case, iPhone XR case, iPhone XR case]
INFO:root:[Customer]:(betsy,0): Next Quarter Begins 
INFO:root:[Customer]:(betsy,0) currently seeing ads for the Products:[iPhone XS case, iPhone XR, iPhone XS case, iPhone XS case, iPhone XR case, iPhone XR case, Huawei P30 pro case, Google pixel, iPhone XS]
INFO:root:[Customer]:***(betsy,0)bought 12 new product:[Huawei P30 pro case]
INFO:root:[Customer]:***(betsy,0)bought 7 new product:[Google pixel]
INFO:root:[Customer]:(betsy,0) Posted POSITIVE tweet for the product iPhone XR case
INFO:root:[Customer]:(Dan,0): Next Quarter Begins 
INFO:root:[Customer]:(Dan,0) currently seeing ads for the Products:[iPhone XS, iPhone XR, iPhone XR, Google pixel case, iPhone XR case, iPhone XS case, iPhone XR case, Huawei P30 pro, Google pixel, iPhone XS]
INFO:root:[Customer]:***(Dan,0)bought 2 new product:[iPhone XR]
INFO:root:[Customer]:(Matthew,0): Next Quarter Begins 
INFO:root:[Customer]:(Matthew,0) currently seeing ads for the Products:[iPhone XS, iPhone XR, iPhone XS case, iPhone XR, iPhone XS case, iPhone XR, iPhone XR case, Huawei P30 pro, iPhone XR case, Huawei P30 pro case, Google pixel, Google pixel case]
INFO:root:[Customer]:***(Matthew,0)bought 4 new product:[iPhone XR]
INFO:root:[Customer]:***(Matthew,0)bought 4 new product:[iPhone XS case]
INFO:root:[Customer]:(Ewa,0): Next Quarter Begins 
INFO:root:[Customer]:***(Matthew,0)bought 1 new product:[iPhone XR case]
INFO:root:[Customer]:(Ewa,0) currently seeing ads for the Products:[iPhone XS, iPhone XR, iPhone XR, Google pixel case, iPhone XR case, iPhone XS case, iPhone XR, Huawei P30 pro, iPhone XR case, iPhone XS]
INFO:root:[Customer]:***(Matthew,0)bought 1 new product:[iPhone XR case]
INFO:root:[Customer]:***(Ewa,0)bought 2 new product:[iPhone XR case]
INFO:root:[Customer]:(Matthew,0) Posted POSITIVE tweet for the product iPhone XR case
INFO:root:[Customer]:***(Ewa,0)bought 3 new product:[iPhone XS]
INFO:root:[Seller]: (Alice,3) Revenue in previous quarter:285
INFO:root:[Seller]: (Alice,3) Expenses in previous quarter:25
INFO:root:[Seller]: (Alice,3) Profit in previous quarter:260
INFO:root:[Seller]: (Bob,3) Revenue in previous quarter:95
INFO:root:[Seller]: (Bob,3) Expenses in previous quarter:25
INFO:root:[Seller]: (Bob,3) Profit in previous quarter:70
INFO:root:[Seller]: (Carol,3) Revenue in previous quarter:0
INFO:root:[Seller]: (Carol,3) Expenses in previous quarter:25
INFO:root:[Seller]: (Carol,3) Profit in previous quarter:-25
INFO:root:[Seller]: (Dave,3) Revenue in previous quarter:0
INFO:root:[Seller]: (Dave,3) Expenses in previous quarter:25
INFO:root:[Seller]: (Dave,3) Profit in previous quarter:-25
INFO:root:[Seller]: (Eve,3) Revenue in previous quarter:0
INFO:root:[Seller]: (Eve,3) Expenses in previous quarter:25
INFO:root:[Seller]: (Eve,3) Profit in previous quarter:-25
INFO:root:[Customer]:(simone,0): Next Quarter Begins 
INFO:root:[Customer]:(simone,0) currently seeing ads for the Products:[iPhone XS case, iPhone XR, iPhone XR case, iPhone XR case, iPhone XR, Huawei P30 pro, iPhone XR case, Huawei P30 pro case, Google pixel, Google pixel case]
INFO:root:[Customer]:***(simone,0)bought 10 new product:[Huawei P30 pro]
INFO:root:[Customer]:***(simone,0)bought 2 new product:[iPhone XR case]
INFO:root:[Customer]:***(simone,0)bought 2 new product:[Google pixel]
INFO:root:[Customer]:(simone,0) Posted POSITIVE tweet for the product iPhone XR case
INFO:root:[Customer]:(betsy,0): Next Quarter Begins 
INFO:root:[Customer]:(betsy,0) currently seeing ads for the Products:[iPhone XS, iPhone XR, iPhone XR, iPhone XS case, iPhone XR case, Huawei P30 pro case, Google pixel, iPhone XS]
INFO:root:[Customer]:***(betsy,0)bought 1 new product:[iPhone XR]
INFO:root:[Customer]:***(betsy,0)bought 7 new product:[iPhone XR case]
INFO:root:[Customer]:(betsy,0) Posted POSITIVE tweet for the product iPhone XR case
INFO:root:[Customer]:(Dan,0): Next Quarter Begins 
INFO:root:[Customer]:(Dan,0) currently seeing ads for the Products:[iPhone XS, iPhone XS case, iPhone XR, iPhone XS case, iPhone XS case, iPhone XR case, iPhone XR, iPhone XR case, Huawei P30 pro, iPhone XR case, Huawei P30 pro case, Google pixel, Google pixel case]
INFO:root:[Customer]:***(Dan,0)bought 10 new product:[iPhone XS case]
INFO:root:[Customer]:***(Dan,0)bought 1 new product:[Google pixel case]
INFO:root:[Customer]:(Dan,0) Posted POSITIVE tweet for the product Google pixel case
INFO:root:[Customer]:(Ewa,0): Next Quarter Begins 
INFO:root:[Customer]:(Ewa,0) currently seeing ads for the Products:[iPhone XS, iPhone XR, iPhone XS case, iPhone XR, Google pixel case, iPhone XS case, iPhone XS case, iPhone XR case, iPhone XR, iPhone XS]
INFO:root:[Customer]:***(Ewa,0)bought 10 new product:[iPhone XR case]
INFO:root:[Customer]:(Ewa,0) Posted POSITIVE tweet for the product iPhone XR case
INFO:root:[Customer]:(Matthew,0): Next Quarter Begins 
INFO:root:[Customer]:(Matthew,0) currently seeing ads for the Products:[iPhone XR, Google pixel case, iPhone XS case, iPhone XR case, iPhone XR, Google pixel, iPhone XS]
INFO:root:[Customer]:***(Matthew,0)bought 4 new product:[iPhone XR]
INFO:root:[Seller]: (Alice,4) Revenue in previous quarter:190
INFO:root:[Seller]: (Alice,4) Expenses in previous quarter:50
INFO:root:[Seller]: (Alice,4) Profit in previous quarter:140
INFO:root:[Seller]: (Bob,4) Revenue in previous quarter:0
INFO:root:[Seller]: (Bob,4) Expenses in previous quarter:25
INFO:root:[Seller]: (Bob,4) Profit in previous quarter:-25
INFO:root:[Seller]: (Carol,4) Revenue in previous quarter:95
INFO:root:[Seller]: (Carol,4) Expenses in previous quarter:25
INFO:root:[Seller]: (Carol,4) Profit in previous quarter:70
INFO:root:[Seller]: (Dave,4) Revenue in previous quarter:80
INFO:root:[Seller]: (Dave,4) Expenses in previous quarter:25
INFO:root:[Seller]: (Dave,4) Profit in previous quarter:55
INFO:root:[Seller]: (Eve,4) Revenue in previous quarter:0
INFO:root:[Seller]: (Eve,4) Expenses in previous quarter:25
INFO:root:[Seller]: (Eve,4) Profit in previous quarter:-25
INFO:root:[Customer]:(simone,0): Next Quarter Begins 
INFO:root:[Customer]:(simone,0) currently seeing ads for the Products:[iPhone XR, Google pixel case, iPhone XS case, iPhone XS case, iPhone XR case, iPhone XR case, Huawei P30 pro case, iPhone XS]
INFO:root:[Customer]:***(simone,0)bought 4 new product:[iPhone XS]
INFO:root:[Customer]:(betsy,0): Next Quarter Begins 
INFO:root:[Customer]:(betsy,0) currently seeing ads for the Products:[iPhone XR, iPhone XS case, iPhone XS case, iPhone XS case, iPhone XR case, iPhone XR case, iPhone XR, Huawei P30 pro case, Google pixel]
INFO:root:[Customer]:***(betsy,0)bought 9 new product:[iPhone XS case]
INFO:root:[Customer]:***(betsy,0)bought 7 new product:[iPhone XS case]
INFO:root:[Customer]:***(betsy,0)bought 3 new product:[iPhone XR case]
INFO:root:[Customer]:(Dan,0): Next Quarter Begins 
INFO:root:[Customer]:(Dan,0) currently seeing ads for the Products:[iPhone XS, iPhone XR, iPhone XS case, iPhone XS case, iPhone XS case, iPhone XR case, Huawei P30 pro, iPhone XR case, Huawei P30 pro case, Google pixel case]
INFO:root:[Customer]:***(Dan,0)bought 1 new product:[iPhone XS]
INFO:root:[Customer]:(Dan,0) Posted POSITIVE tweet for the product iPhone XS
INFO:root:[Customer]:(Ewa,0): Next Quarter Begins 
INFO:root:[Customer]:(Ewa,0) currently seeing ads for the Products:[iPhone XS, iPhone XR, iPhone XR case, iPhone XS case, iPhone XR case, iPhone XR, Huawei P30 pro, Huawei P30 pro case, Google pixel, iPhone XS]
INFO:root:[Customer]:***(Ewa,0)bought 4 new product:[iPhone XR case]
INFO:root:[Customer]:***(Ewa,0)bought 10 new product:[iPhone XR case]
INFO:root:[Customer]:(Matthew,0): Next Quarter Begins 
INFO:root:[Customer]:(Matthew,0) currently seeing ads for the Products:[iPhone XR, iPhone XS, iPhone XS case, iPhone XR, Google pixel case, iPhone XS case, Huawei P30 pro, Google pixel, iPhone XS]
INFO:root:[Customer]:***(Matthew,0)bought 7 new product:[iPhone XS case]
INFO:root:[Customer]:(Matthew,0) Posted POSITIVE tweet for the product iPhone XR case
INFO:root:[Seller]: (Alice,5) Revenue in previous quarter:0
INFO:root:[Seller]: (Alice,5) Expenses in previous quarter:50
INFO:root:[Seller]: (Alice,5) Profit in previous quarter:-50
INFO:root:[Seller]: (Bob,5) Revenue in previous quarter:95
INFO:root:[Seller]: (Bob,5) Expenses in previous quarter:25
INFO:root:[Seller]: (Bob,5) Profit in previous quarter:70
INFO:root:[Seller]: (Carol,5) Revenue in previous quarter:0
INFO:root:[Seller]: (Carol,5) Expenses in previous quarter:25
INFO:root:[Seller]: (Carol,5) Profit in previous quarter:-25
INFO:root:[Seller]: (Dave,5) Revenue in previous quarter:0
INFO:root:[Seller]: (Dave,5) Expenses in previous quarter:25
INFO:root:[Seller]: (Dave,5) Profit in previous quarter:-25
INFO:root:[Seller]: (Eve,5) Revenue in previous quarter:0
INFO:root:[Seller]: (Eve,5) Expenses in previous quarter:25
INFO:root:[Seller]: (Eve,5) Profit in previous quarter:-25
INFO:root:[Customer]:(simone,0): Next Quarter Begins 
INFO:root:[Customer]:(simone,0) currently seeing ads for the Products:[iPhone XR, iPhone XR case, iPhone XS case, iPhone XR, Google pixel, Google pixel case]
INFO:root:[Customer]:***(simone,0)bought 1 new product:[iPhone XR]
INFO:root:[Customer]:(simone,0) Posted POSITIVE tweet for the product iPhone XR
INFO:root:[Customer]:(betsy,0): Next Quarter Begins 
INFO:root:[Customer]:(betsy,0) currently seeing ads for the Products:[iPhone XS, iPhone XR, iPhone XS case, iPhone XR, iPhone XS case, iPhone XS case, iPhone XR case, iPhone XR, iPhone XR case, Huawei P30 pro, Huawei P30 pro case, Google pixel, Google pixel case]
INFO:root:[Customer]:(betsy,0) Posted POSITIVE tweet for the product iPhone XR case
INFO:root:[Customer]:(Dan,0): Next Quarter Begins 
INFO:root:[Customer]:(Dan,0) currently seeing ads for the Products:[iPhone XS, iPhone XR, iPhone XS case, iPhone XS case, iPhone XS case, iPhone XR case, iPhone XR, iPhone XR case, Huawei P30 pro, iPhone XR case, Huawei P30 pro case, iPhone XS]
INFO:root:[Customer]:***(Dan,0)bought 2 new product:[iPhone XS case]
INFO:root:[Customer]:***(Dan,0)bought 1 new product:[iPhone XR case]
INFO:root:[Customer]:***(Dan,0)bought 8 new product:[iPhone XR case]
INFO:root:[Customer]:***(Dan,0)bought 5 new product:[Huawei P30 pro]
INFO:root:[Customer]:(Dan,0) Posted POSITIVE tweet for the product iPhone XS case
INFO:root:[Customer]:(Ewa,0): Next Quarter Begins 
INFO:root:[Customer]:(Ewa,0) currently seeing ads for the Products:[iPhone XS, iPhone XR, iPhone XS case, iPhone XR, iPhone XS case, iPhone XS case, iPhone XR case, iPhone XR case, Huawei P30 pro, iPhone XS]
INFO:root:[Customer]:***(Ewa,0)bought 9 new product:[Huawei P30 pro]
INFO:root:[Customer]:***(Ewa,0)bought 2 new product:[iPhone XS]
INFO:root:[Customer]:(Ewa,0) Posted POSITIVE tweet for the product iPhone XR
INFO:root:[Customer]:(Matthew,0): Next Quarter Begins 
INFO:root:[Customer]:(Matthew,0) currently seeing ads for the Products:[iPhone XS, iPhone XS case, iPhone XR, Google pixel case, iPhone XR case, iPhone XS case, iPhone XR case, iPhone XR, Huawei P30 pro, Huawei P30 pro case, Google pixel, iPhone XS]
INFO:root:[Customer]:***(Matthew,0)bought 3 new product:[iPhone XS]
INFO:root:[Customer]:***(Matthew,0)bought 3 new product:[Huawei P30 pro case]
INFO:root:[Seller]: (Alice,6) Revenue in previous quarter:95
INFO:root:[Seller]: (Alice,6) Expenses in previous quarter:50
INFO:root:[Seller]: (Alice,6) Profit in previous quarter:45
INFO:root:[Seller]: (Bob,6) Revenue in previous quarter:0
INFO:root:[Seller]: (Bob,6) Expenses in previous quarter:25
INFO:root:[Seller]: (Bob,6) Profit in previous quarter:-25
INFO:root:[Seller]: (Carol,6) Revenue in previous quarter:190
INFO:root:[Seller]: (Carol,6) Expenses in previous quarter:25
INFO:root:[Seller]: (Carol,6) Profit in previous quarter:165
INFO:root:[Seller]: (Dave,6) Revenue in previous quarter:0
INFO:root:[Seller]: (Dave,6) Expenses in previous quarter:25
INFO:root:[Seller]: (Dave,6) Profit in previous quarter:-25
INFO:root:[Seller]: (Eve,6) Revenue in previous quarter:0
INFO:root:[Seller]: (Eve,6) Expenses in previous quarter:25
INFO:root:[Seller]: (Eve,6) Profit in previous quarter:-25
INFO:root:[Customer]:(simone,0): Next Quarter Begins 
INFO:root:[Customer]:(simone,0) currently seeing ads for the Products:[iPhone XR, iPhone XS case, iPhone XR, Google pixel case, iPhone XR case, iPhone XR case, Huawei P30 pro, Huawei P30 pro case, Google pixel, iPhone XS]
INFO:root:[Customer]:***(simone,0)bought 4 new product:[iPhone XR]
INFO:root:[Customer]:***(simone,0)bought 1 new product:[iPhone XR case]
INFO:root:[Customer]:(betsy,0): Next Quarter Begins 
INFO:root:[Customer]:(betsy,0) currently seeing ads for the Products:[iPhone XS case, Google pixel case, iPhone XR case, iPhone XS case, iPhone XR, Huawei P30 pro, iPhone XS]
INFO:root:[Customer]:(Dan,0): Next Quarter Begins 
INFO:root:[Customer]:(Dan,0) currently seeing ads for the Products:[iPhone XS, iPhone XS case, iPhone XR, iPhone XS case, iPhone XR case, Huawei P30 pro case, Google pixel, iPhone XS]
INFO:root:[Customer]:$$$(Dan,0)bought same product again:[iPhone XS]
INFO:root:[Customer]:(Ewa,0): Next Quarter Begins 
INFO:root:[Customer]:(Ewa,0) currently seeing ads for the Products:[iPhone XS, iPhone XR, iPhone XR, iPhone XS case, iPhone XR case, iPhone XR, Huawei P30 pro case, Google pixel]
INFO:root:[Customer]:***(Ewa,0)bought 3 new product:[Google pixel]
INFO:root:[Customer]:(Ewa,0) Posted POSITIVE tweet for the product iPhone XR
INFO:root:[Customer]:(Matthew,0): Next Quarter Begins 
INFO:root:[Customer]:(Matthew,0) currently seeing ads for the Products:[iPhone XS, iPhone XR, iPhone XS case, iPhone XR, Google pixel case, iPhone XS case, iPhone XS case, iPhone XR case, iPhone XR case, Huawei P30 pro case, Google pixel, iPhone XS]
INFO:root:[Customer]:***(Matthew,0)bought 3 new product:[iPhone XR]
INFO:root:[Customer]:***(Matthew,0)bought 4 new product:[iPhone XR]
INFO:root:[Customer]:***(Matthew,0)bought 6 new product:[Google pixel]
INFO:root:[Seller]: (Alice,7) Revenue in previous quarter:0
INFO:root:[Seller]: (Alice,7) Expenses in previous quarter:50
INFO:root:[Seller]: (Alice,7) Profit in previous quarter:-50
INFO:root:[Seller]: (Bob,7) Revenue in previous quarter:95
INFO:root:[Seller]: (Bob,7) Expenses in previous quarter:25
INFO:root:[Seller]: (Bob,7) Profit in previous quarter:70
INFO:root:[Seller]: (Carol,7) Revenue in previous quarter:0
INFO:root:[Seller]: (Carol,7) Expenses in previous quarter:25
INFO:root:[Seller]: (Carol,7) Profit in previous quarter:-25
INFO:root:[Seller]: (Dave,7) Revenue in previous quarter:0
INFO:root:[Seller]: (Dave,7) Expenses in previous quarter:25
INFO:root:[Seller]: (Dave,7) Profit in previous quarter:-25
INFO:root:[Seller]: (Eve,7) Revenue in previous quarter:0
INFO:root:[Seller]: (Eve,7) Expenses in previous quarter:25
INFO:root:[Seller]: (Eve,7) Profit in previous quarter:-25
INFO:root:[Customer]:(simone,0): Next Quarter Begins 
INFO:root:[Customer]:(simone,0) currently seeing ads for the Products:[]
INFO:root:[Customer]:(simone,0) Posted POSITIVE tweet for the product iPhone XR
INFO:root:[Customer]:(betsy,0): Next Quarter Begins 
INFO:root:[Customer]:(betsy,0) currently seeing ads for the Products:[]
INFO:root:[Customer]:(Ewa,0): Next Quarter Begins 
INFO:root:[Customer]:(Ewa,0) currently seeing ads for the Products:[]
INFO:root:[Customer]:(Matthew,0): Next Quarter Begins 
INFO:root:[Customer]:(Matthew,0) currently seeing ads for the Products:[iPhone XR]
INFO:root:[Customer]:***(Matthew,0)bought 6 new product:[iPhone XR]
INFO:root:[Customer]:(Matthew,0) Posted POSITIVE tweet for the product iPhone XS
INFO:root:[Customer]:(simone,0): Next Quarter Begins 
INFO:root:[Customer]:(simone,0) currently seeing ads for the Products:[]
INFO:root:[Customer]:(betsy,0): Next Quarter Begins 
INFO:root:[Customer]:(betsy,0) currently seeing ads for the Products:[]
INFO:root:[Customer]:(Ewa,0): Next Quarter Begins 
INFO:root:[Customer]:(Ewa,0) currently seeing ads for the Products:[]
INFO:root:[Customer]:(Ewa,0) Posted POSITIVE tweet for the product iPhone XR
INFO:root:[Customer]:(Matthew,0): Next Quarter Begins 
INFO:root:[Customer]:(Matthew,0) currently seeing ads for the Products:[]
INFO:root:[Customer]:(simone,0): Next Quarter Begins 
INFO:root:[Customer]:(simone,0) currently seeing ads for the Products:[]
INFO:root:[Customer]:(betsy,0): Next Quarter Begins 
INFO:root:[Customer]:(betsy,0) currently seeing ads for the Products:[]
INFO:root:[Customer]:(Ewa,0): Next Quarter Begins 
INFO:root:[Customer]:(Ewa,0) currently seeing ads for the Products:[]
INFO:root:[Customer]:(Ewa,0) Posted POSITIVE tweet for the product iPhone XR
INFO:root:[Customer]:(Matthew,0): Next Quarter Begins 
INFO:root:[Customer]:(Matthew,0) currently seeing ads for the Products:[]
INFO:root:[Customer]:(simone,0): Next Quarter Begins 
INFO:root:[Customer]:(simone,0) currently seeing ads for the Products:[]
INFO:root:[Customer]:(simone,0) Posted POSITIVE tweet for the product iPhone XR
INFO:root:[Customer]:(betsy,0): Next Quarter Begins 
INFO:root:[Customer]:(betsy,0) currently seeing ads for the Products:[]
INFO:root:[Customer]:(betsy,0) Posted POSITIVE tweet for the product iPhone XR case
INFO:root:[Customer]:(Ewa,0): Next Quarter Begins 
INFO:root:[Customer]:(Ewa,0) currently seeing ads for the Products:[]
INFO:root:[Customer]:(Ewa,0) Posted POSITIVE tweet for the product iPhone XR
INFO:root:[Customer]:(Matthew,0): Next Quarter Begins 
INFO:root:[Customer]:(Matthew,0) currently seeing ads for the Products:[]
INFO:root:[Customer]:(Matthew,0) Posted POSITIVE tweet for the product iPhone XS
INFO:root:[Customer]:(simone,0): Next Quarter Begins 
INFO:root:[Customer]:(simone,0) currently seeing ads for the Products:[]
INFO:root:[Customer]:(betsy,0): Next Quarter Begins 
INFO:root:[Customer]:(betsy,0) currently seeing ads for the Products:[]
INFO:root:[Customer]:(Ewa,0): Next Quarter Begins 
INFO:root:[Customer]:(Ewa,0) currently seeing ads for the Products:[]
INFO:root:[Customer]:(Ewa,0) Posted POSITIVE tweet for the product iPhone XR case
INFO:root:[Customer]:(Matthew,0): Next Quarter Begins 
INFO:root:[Customer]:(Matthew,0) currently seeing ads for the Products:[]
INFO:root:[Customer]:(simone,0): Next Quarter Begins 
INFO:root:[Customer]:(simone,0) currently seeing ads for the Products:[]
INFO:root:[Customer]:(simone,0) Posted POSITIVE tweet for the product iPhone XR case
INFO:root:[Customer]:(betsy,0): Next Quarter Begins 
INFO:root:[Customer]:(betsy,0) currently seeing ads for the Products:[]
INFO:root:[Customer]:(betsy,0) Posted POSITIVE tweet for the product iPhone XR
INFO:root:[Customer]:(Ewa,0): Next Quarter Begins 
INFO:root:[Customer]:(Ewa,0) currently seeing ads for the Products:[]
INFO:root:[Customer]:(Matthew,0): Next Quarter Begins 
INFO:root:[Customer]:(Matthew,0) currently seeing ads for the Products:[]
INFO:root:[Customer]:(simone,0): Next Quarter Begins 
INFO:root:[Customer]:(simone,0) currently seeing ads for the Products:[]
INFO:root:[Customer]:(betsy,0): Next Quarter Begins 
INFO:root:[Customer]:(betsy,0) currently seeing ads for the Products:[]
INFO:root:[Customer]:(betsy,0) Posted POSITIVE tweet for the product iPhone XR
INFO:root:[Customer]:(Ewa,0): Next Quarter Begins 
INFO:root:[Customer]:(Ewa,0) currently seeing ads for the Products:[]
INFO:root:[Customer]:(Ewa,0) Posted POSITIVE tweet for the product iPhone XR case
INFO:root:[Customer]:(Matthew,0): Next Quarter Begins 
INFO:root:[Customer]:(Matthew,0) currently seeing ads for the Products:[]
INFO:root:[Customer]:(simone,0): Next Quarter Begins 
INFO:root:[Customer]:(simone,0) currently seeing ads for the Products:[]
INFO:root:[Customer]:(betsy,0): Next Quarter Begins 
INFO:root:[Customer]:(betsy,0) currently seeing ads for the Products:[]
INFO:root:[Customer]:(Ewa,0): Next Quarter Begins 
INFO:root:[Customer]:(Matthew,0): Next Quarter Begins 
INFO:root:[Customer]:(Ewa,0) currently seeing ads for the Products:[]
INFO:root:[Customer]:(Matthew,0) currently seeing ads for the Products:[]
INFO:root:[Customer]:(Ewa,0) Posted POSITIVE tweet for the product iPhone XR case
INFO:root:[Customer]:(simone,0): Next Quarter Begins 
INFO:root:[Customer]:(simone,0) currently seeing ads for the Products:[]
INFO:root:[Customer]:(simone,0) Posted POSITIVE tweet for the product iPhone XR case
INFO:root:[Customer]:(betsy,0): Next Quarter Begins 
INFO:root:[Customer]:(betsy,0) currently seeing ads for the Products:[]
INFO:root:[Customer]:(betsy,0) Posted POSITIVE tweet for the product iPhone XR case
INFO:root:[Customer]:(Ewa,0): Next Quarter Begins 
INFO:root:[Customer]:(Ewa,0) currently seeing ads for the Products:[]
INFO:root:[Customer]:(Ewa,0) Posted POSITIVE tweet for the product iPhone XR case
INFO:root:[Customer]:(Matthew,0): Next Quarter Begins 
INFO:root:[Customer]:(Matthew,0) currently seeing ads for the Products:[]
INFO:root:[Customer]:(Matthew,0) Posted POSITIVE tweet for the product iPhone XS
INFO:root:[Customer]:(simone,0): Next Quarter Begins 
INFO:root:[Customer]:(simone,0) currently seeing ads for the Products:[]
INFO:root:[Customer]:(simone,0) Posted POSITIVE tweet for the product iPhone XR case
INFO:root:[Customer]:(betsy,0): Next Quarter Begins 
INFO:root:[Customer]:(betsy,0) currently seeing ads for the Products:[]
INFO:root:[Customer]:(betsy,0) Posted POSITIVE tweet for the product iPhone XR
INFO:root:[Customer]:(Ewa,0): Next Quarter Begins 
INFO:root:[Customer]:(Ewa,0) currently seeing ads for the Products:[]
INFO:root:[Customer]:(Ewa,0) Posted POSITIVE tweet for the product iPhone XR case
INFO:root:[Customer]:(Matthew,0): Next Quarter Begins 
INFO:root:[Customer]:(Matthew,0) currently seeing ads for the Products:[]
INFO:root:[Customer]:(simone,0): Next Quarter Begins 
INFO:root:[Customer]:(simone,0) currently seeing ads for the Products:[]
INFO:root:[Customer]:(simone,0) Posted POSITIVE tweet for the product iPhone XR case
INFO:root:[Customer]:(betsy,0): Next Quarter Begins 
INFO:root:[Customer]:(betsy,0) currently seeing ads for the Products:[]
INFO:root:[Customer]:(betsy,0) Posted POSITIVE tweet for the product iPhone XR
INFO:root:[Customer]:(Ewa,0): Next Quarter Begins 
INFO:root:[Customer]:(Ewa,0) currently seeing ads for the Products:[]
INFO:root:[Customer]:(Ewa,0) Posted POSITIVE tweet for the product iPhone XR
INFO:root:[Customer]:(Matthew,0): Next Quarter Begins 
INFO:root:[Customer]:(Matthew,0) currently seeing ads for the Products:[]
INFO:root:[Customer]:(simone,0): Next Quarter Begins 
INFO:root:[Customer]:(simone,0) currently seeing ads for the Products:[]
INFO:root:[Customer]:(betsy,0): Next Quarter Begins 
INFO:root:[Customer]:(betsy,0) currently seeing ads for the Products:[]
INFO:root:[Customer]:(betsy,0) Posted POSITIVE tweet for the product iPhone XR
INFO:root:[Customer]:(Ewa,0): Next Quarter Begins 
INFO:root:[Customer]:(Ewa,0) currently seeing ads for the Products:[]
INFO:root:[Customer]:(Ewa,0) Posted POSITIVE tweet for the product iPhone XR
INFO:root:[Customer]:(Matthew,0): Next Quarter Begins 
INFO:root:[Customer]:(Matthew,0) currently seeing ads for the Products:[]
INFO:root:[Customer]:(Matthew,0) Posted POSITIVE tweet for the product iPhone XS
INFO:root:[Customer]:(simone,0): Next Quarter Begins 
INFO:root:[Customer]:(simone,0) currently seeing ads for the Products:[]
INFO:root:[Customer]:(simone,0) Posted POSITIVE tweet for the product iPhone XR case
INFO:root:[Customer]:(betsy,0): Next Quarter Begins 
INFO:root:[Customer]:(betsy,0) currently seeing ads for the Products:[]
INFO:root:[Customer]:(betsy,0) Posted POSITIVE tweet for the product iPhone XR case
INFO:root:[Customer]:(Ewa,0): Next Quarter Begins 
INFO:root:[Customer]:(Ewa,0) currently seeing ads for the Products:[]
INFO:root:[Customer]:(Matthew,0): Next Quarter Begins 
INFO:root:[Customer]:(Matthew,0) currently seeing ads for the Products:[]
INFO:root:[Customer]:(Matthew,0) Posted POSITIVE tweet for the product iPhone XR case
INFO:root:[Customer]:(simone,0): Next Quarter Begins 
INFO:root:[Customer]:(simone,0) currently seeing ads for the Products:[]
INFO:root:[Customer]:(betsy,0): Next Quarter Begins 
INFO:root:[Customer]:(betsy,0) currently seeing ads for the Products:[]
INFO:root:[Customer]:(Ewa,0): Next Quarter Begins 
INFO:root:[Customer]:(Ewa,0) currently seeing ads for the Products:[]
INFO:root:[Customer]:(Ewa,0) Posted POSITIVE tweet for the product iPhone XR case
INFO:root:[Customer]:(Matthew,0): Next Quarter Begins 
INFO:root:[Customer]:(Matthew,0) currently seeing ads for the Products:[]
INFO:root:[Customer]:(Matthew,0) Posted POSITIVE tweet for the product iPhone XS
INFO:root:[Customer]:(simone,0): Next Quarter Begins 
INFO:root:[Customer]:(simone,0) currently seeing ads for the Products:[]
INFO:root:[Customer]:(simone,0) Posted POSITIVE tweet for the product iPhone XR case
INFO:root:[Customer]:(betsy,0): Next Quarter Begins 
INFO:root:[Customer]:(betsy,0) currently seeing ads for the Products:[]
INFO:root:[Customer]:(betsy,0) Posted POSITIVE tweet for the product iPhone XR case
INFO:root:[Customer]:(Ewa,0): Next Quarter Begins 
INFO:root:[Customer]:(Ewa,0) currently seeing ads for the Products:[]
INFO:root:[Customer]:(Ewa,0) Posted POSITIVE tweet for the product iPhone XR
INFO:root:[Customer]:(Matthew,0): Next Quarter Begins 
INFO:root:[Customer]:(Matthew,0) currently seeing ads for the Products:[]
INFO:root:[Customer]:(Matthew,0) Posted POSITIVE tweet for the product iPhone XR case
INFO:root:[Customer]:(simone,0): Next Quarter Begins 
INFO:root:[Customer]:(simone,0) currently seeing ads for the Products:[]
INFO:root:[Customer]:(betsy,0): Next Quarter Begins 
INFO:root:[Customer]:(betsy,0) currently seeing ads for the Products:[]
INFO:root:[Customer]:(Ewa,0): Next Quarter Begins 
INFO:root:[Customer]:(Ewa,0) currently seeing ads for the Products:[]
INFO:root:[Customer]:(Ewa,0) Posted POSITIVE tweet for the product iPhone XR
INFO:root:[Customer]:(Matthew,0): Next Quarter Begins 
INFO:root:[Customer]:(Matthew,0) currently seeing ads for the Products:[]
INFO:root:[Customer]:(Matthew,0) Posted POSITIVE tweet for the product iPhone XR case
INFO:root:[Customer]:(simone,0): Next Quarter Begins 
INFO:root:[Customer]:(simone,0) currently seeing ads for the Products:[]
INFO:root:[Customer]:(betsy,0): Next Quarter Begins 
INFO:root:[Customer]:(betsy,0) currently seeing ads for the Products:[]
INFO:root:[Customer]:(betsy,0) Posted POSITIVE tweet for the product iPhone XR
INFO:root:[Customer]:(Ewa,0): Next Quarter Begins 
INFO:root:[Customer]:(Ewa,0) currently seeing ads for the Products:[]
INFO:root:[Customer]:(Ewa,0) Posted POSITIVE tweet for the product iPhone XR case
INFO:root:[Customer]:(Matthew,0): Next Quarter Begins 
INFO:root:[Customer]:(Matthew,0) currently seeing ads for the Products:[]
INFO:root:[Customer]:(Matthew,0) Posted POSITIVE tweet for the product iPhone XR case
INFO:root:[Customer]:(simone,0): Next Quarter Begins 
INFO:root:[Customer]:(simone,0) currently seeing ads for the Products:[]
INFO:root:[Customer]:(simone,0) Posted POSITIVE tweet for the product iPhone XR case
INFO:root:[Customer]:(betsy,0): Next Quarter Begins 
INFO:root:[Customer]:(betsy,0) currently seeing ads for the Products:[]
INFO:root:[Customer]:(Ewa,0): Next Quarter Begins 
INFO:root:[Customer]:(Ewa,0) currently seeing ads for the Products:[]
INFO:root:[Customer]:(Ewa,0) Posted POSITIVE tweet for the product iPhone XR case
INFO:root:[Customer]:(Matthew,0): Next Quarter Begins 
INFO:root:[Customer]:(Matthew,0) currently seeing ads for the Products:[]
INFO:root:[Customer]:(Matthew,0) Posted POSITIVE tweet for the product iPhone XR case
INFO:root:[Customer]:(simone,0): Next Quarter Begins 
INFO:root:[Customer]:(simone,0) currently seeing ads for the Products:[]
INFO:root:[Customer]:(betsy,0): Next Quarter Begins 
INFO:root:[Customer]:(betsy,0) currently seeing ads for the Products:[]
INFO:root:[Customer]:(betsy,0) Posted POSITIVE tweet for the product iPhone XR
INFO:root:[Customer]:(Ewa,0): Next Quarter Begins 
INFO:root:[Customer]:(Ewa,0) currently seeing ads for the Products:[]
INFO:root:[Customer]:(Matthew,0): Next Quarter Begins 
INFO:root:[Customer]:(Matthew,0) currently seeing ads for the Products:[]
INFO:root:[Customer]:(Matthew,0) Posted POSITIVE tweet for the product iPhone XS
INFO:root:[Customer]:(simone,0): Next Quarter Begins 
INFO:root:[Customer]:(simone,0) currently seeing ads for the Products:[]
INFO:root:[Customer]:(betsy,0): Next Quarter Begins 
INFO:root:[Customer]:(betsy,0) currently seeing ads for the Products:[]
INFO:root:[Customer]:(betsy,0) Posted POSITIVE tweet for the product iPhone XR case
INFO:root:[Customer]:(Ewa,0): Next Quarter Begins 
INFO:root:[Customer]:(Ewa,0) currently seeing ads for the Products:[]
INFO:root:[Customer]:(Ewa,0) Posted POSITIVE tweet for the product iPhone XR
INFO:root:[Customer]:(Matthew,0): Next Quarter Begins 
INFO:root:[Customer]:(Matthew,0) currently seeing ads for the Products:[]
INFO:root:[Customer]:(Matthew,0) Posted POSITIVE tweet for the product iPhone XS
INFO:root:[Customer]:(simone,0): Next Quarter Begins 
INFO:root:[Customer]:(simone,0) currently seeing ads for the Products:[]
INFO:root:[Customer]:(simone,0) Posted POSITIVE tweet for the product iPhone XR case
INFO:root:[Customer]:(betsy,0): Next Quarter Begins 
INFO:root:[Customer]:(betsy,0) currently seeing ads for the Products:[]
INFO:root:[Customer]:(Ewa,0): Next Quarter Begins 
INFO:root:[Customer]:(Ewa,0) currently seeing ads for the Products:[]
INFO:root:[Customer]:(Ewa,0) Posted POSITIVE tweet for the product iPhone XR
INFO:root:[Customer]:(Matthew,0): Next Quarter Begins 
INFO:root:[Customer]:(Matthew,0) currently seeing ads for the Products:[]
INFO:root:[Customer]:(simone,0): Next Quarter Begins 
INFO:root:[Customer]:(simone,0) currently seeing ads for the Products:[]
INFO:root:[Customer]:(betsy,0): Next Quarter Begins 
INFO:root:[Customer]:(betsy,0) currently seeing ads for the Products:[]
INFO:root:[Customer]:(betsy,0) Posted POSITIVE tweet for the product iPhone XR
INFO:root:[Customer]:(Ewa,0): Next Quarter Begins 
INFO:root:[Customer]:(Ewa,0) currently seeing ads for the Products:[]
INFO:root:[Customer]:(Matthew,0): Next Quarter Begins 
INFO:root:[Customer]:(Matthew,0) currently seeing ads for the Products:[]
INFO:root:[Customer]:(simone,0): Next Quarter Begins 
INFO:root:[Customer]:(simone,0) currently seeing ads for the Products:[]
INFO:root:[Customer]:(simone,0) Posted POSITIVE tweet for the product iPhone XR case
INFO:root:[Customer]:(betsy,0): Next Quarter Begins 
INFO:root:[Customer]:(betsy,0) currently seeing ads for the Products:[]
INFO:root:[Customer]:(betsy,0) Posted POSITIVE tweet for the product iPhone XR case
INFO:root:[Customer]:(Ewa,0): Next Quarter Begins 
INFO:root:[Customer]:(Ewa,0) currently seeing ads for the Products:[]
INFO:root:[Customer]:(Ewa,0) Posted POSITIVE tweet for the product iPhone XR case
INFO:root:[Customer]:(Matthew,0): Next Quarter Begins 
INFO:root:[Customer]:(Matthew,0) currently seeing ads for the Products:[]
INFO:root:[Customer]:(simone,0): Next Quarter Begins 
INFO:root:[Customer]:(simone,0) currently seeing ads for the Products:[]
INFO:root:[Customer]:(betsy,0): Next Quarter Begins 
INFO:root:[Customer]:(betsy,0) currently seeing ads for the Products:[]
INFO:root:[Customer]:(betsy,0) Posted POSITIVE tweet for the product iPhone XR case
INFO:root:[Customer]:(Ewa,0): Next Quarter Begins 
INFO:root:[Customer]:(Ewa,0) currently seeing ads for the Products:[]
INFO:root:[Customer]:(Ewa,0) Posted POSITIVE tweet for the product iPhone XR
INFO:root:[Customer]:(Matthew,0): Next Quarter Begins 
INFO:root:[Customer]:(Matthew,0) currently seeing ads for the Products:[]
INFO:root:[Customer]:(Matthew,0) Posted POSITIVE tweet for the product iPhone XR case
INFO:root:[Customer]:(simone,0): Next Quarter Begins 
INFO:root:[Customer]:(simone,0) currently seeing ads for the Products:[]
INFO:root:[Customer]:(simone,0) Posted POSITIVE tweet for the product iPhone XR
INFO:root:[Customer]:(betsy,0): Next Quarter Begins 
INFO:root:[Customer]:(betsy,0) currently seeing ads for the Products:[]
INFO:root:[Customer]:(Ewa,0): Next Quarter Begins 
INFO:root:[Customer]:(Ewa,0) currently seeing ads for the Products:[]
INFO:root:[Customer]:(Ewa,0) Posted POSITIVE tweet for the product iPhone XR case
INFO:root:[Customer]:(Matthew,0): Next Quarter Begins 
INFO:root:[Customer]:(Matthew,0) currently seeing ads for the Products:[]
INFO:root:[Customer]:(Matthew,0) Posted POSITIVE tweet for the product iPhone XR case
INFO:root:[Customer]:(simone,0): Next Quarter Begins 
INFO:root:[Customer]:(simone,0) currently seeing ads for the Products:[]
INFO:root:[Customer]:(simone,0) Posted POSITIVE tweet for the product iPhone XR case
INFO:root:[Customer]:(betsy,0): Next Quarter Begins 
INFO:root:[Customer]:(betsy,0) currently seeing ads for the Products:[]
INFO:root:[Customer]:(Ewa,0): Next Quarter Begins 
INFO:root:[Customer]:(Ewa,0) currently seeing ads for the Products:[]
INFO:root:[Customer]:(Matthew,0): Next Quarter Begins 
INFO:root:[Customer]:(Matthew,0) currently seeing ads for the Products:[]
INFO:root:[Customer]:(Matthew,0) Posted POSITIVE tweet for the product iPhone XS
INFO:root:[Customer]:(simone,0): Next Quarter Begins 
INFO:root:[Customer]:(simone,0) currently seeing ads for the Products:[]
INFO:root:[Customer]:(simone,0) Posted POSITIVE tweet for the product iPhone XR
INFO:root:[Customer]:(betsy,0): Next Quarter Begins 
INFO:root:[Customer]:(betsy,0) currently seeing ads for the Products:[]
INFO:root:[Customer]:(betsy,0) Posted POSITIVE tweet for the product iPhone XR case
INFO:root:[Customer]:(Ewa,0): Next Quarter Begins 
INFO:root:[Customer]:(Ewa,0) currently seeing ads for the Products:[]
INFO:root:[Customer]:(Ewa,0) Posted POSITIVE tweet for the product iPhone XR
INFO:root:[Customer]:(Matthew,0): Next Quarter Begins 
INFO:root:[Customer]:(Matthew,0) currently seeing ads for the Products:[]
INFO:root:[Customer]:(simone,0): Next Quarter Begins 
INFO:root:[Customer]:(simone,0) currently seeing ads for the Products:[]
INFO:root:[Customer]:(betsy,0): Next Quarter Begins 
INFO:root:[Customer]:(betsy,0) currently seeing ads for the Products:[]
INFO:root:[Customer]:(betsy,0) Posted POSITIVE tweet for the product iPhone XR
INFO:root:[Customer]:(Ewa,0): Next Quarter Begins 
INFO:root:[Customer]:(Ewa,0) currently seeing ads for the Products:[]
INFO:root:[Customer]:(Ewa,0) Posted POSITIVE tweet for the product iPhone XR
INFO:root:[Customer]:(Matthew,0): Next Quarter Begins 
INFO:root:[Customer]:(Matthew,0) currently seeing ads for the Products:[]
INFO:root:[Customer]:(Matthew,0) Posted POSITIVE tweet for the product iPhone XR case
INFO:root:[Customer]:(simone,0): Next Quarter Begins 
INFO:root:[Customer]:(simone,0) currently seeing ads for the Products:[]
INFO:root:[Customer]:(betsy,0): Next Quarter Begins 
INFO:root:[Customer]:(betsy,0) currently seeing ads for the Products:[]
INFO:root:[Customer]:(betsy,0) Posted POSITIVE tweet for the product iPhone XR case
INFO:root:[Customer]:(Ewa,0): Next Quarter Begins 
INFO:root:[Customer]:(Ewa,0) currently seeing ads for the Products:[]
INFO:root:[Customer]:(Ewa,0) Posted POSITIVE tweet for the product iPhone XR
INFO:root:[Customer]:(Matthew,0): Next Quarter Begins 
INFO:root:[Customer]:(Matthew,0) currently seeing ads for the Products:[]
INFO:root:[Customer]:(simone,0): Next Quarter Begins 
INFO:root:[Customer]:(simone,0) currently seeing ads for the Products:[]
INFO:root:[Customer]:(simone,0) Posted POSITIVE tweet for the product iPhone XR case
INFO:root:[Customer]:(betsy,0): Next Quarter Begins 
INFO:root:[Customer]:(betsy,0) currently seeing ads for the Products:[]
INFO:root:[Customer]:(betsy,0) Posted POSITIVE tweet for the product iPhone XR
INFO:root:[Customer]:(Ewa,0): Next Quarter Begins 
INFO:root:[Customer]:(Ewa,0) currently seeing ads for the Products:[]
INFO:root:[Customer]:(Matthew,0): Next Quarter Begins 
INFO:root:[Customer]:(Matthew,0) currently seeing ads for the Products:[]
INFO:root:[Customer]:(simone,0): Next Quarter Begins 
INFO:root:[Customer]:(simone,0) currently seeing ads for the Products:[]
INFO:root:[Customer]:(betsy,0): Next Quarter Begins 
INFO:root:[Customer]:(betsy,0) currently seeing ads for the Products:[]
INFO:root:[Customer]:(Ewa,0): Next Quarter Begins 
INFO:root:[Customer]:(Ewa,0) currently seeing ads for the Products:[]
INFO:root:[Customer]:(Matthew,0): Next Quarter Begins 
INFO:root:[Customer]:(Matthew,0) currently seeing ads for the Products:[]
INFO:root:[Customer]:(Matthew,0) Posted POSITIVE tweet for the product iPhone XS
INFO:root:[Customer]:(simone,0): Next Quarter Begins 
INFO:root:[Customer]:(simone,0) currently seeing ads for the Products:[]
INFO:root:[Customer]:(simone,0) Posted POSITIVE tweet for the product iPhone XR
INFO:root:[Customer]:(betsy,0): Next Quarter Begins 
INFO:root:[Customer]:(betsy,0) currently seeing ads for the Products:[]
INFO:root:[Customer]:(betsy,0) Posted POSITIVE tweet for the product iPhone XR case
INFO:root:[Customer]:(Ewa,0): Next Quarter Begins 
INFO:root:[Customer]:(Ewa,0) currently seeing ads for the Products:[]
INFO:root:[Customer]:(Matthew,0): Next Quarter Begins 
INFO:root:[Customer]:(Matthew,0) currently seeing ads for the Products:[]
INFO:root:[Customer]:(Matthew,0) Posted POSITIVE tweet for the product iPhone XR case
INFO:root:[Customer]:(simone,0): Next Quarter Begins 
INFO:root:[Customer]:(simone,0) currently seeing ads for the Products:[]
INFO:root:[Customer]:(simone,0) Posted POSITIVE tweet for the product iPhone XR case
INFO:root:[Customer]:(betsy,0): Next Quarter Begins 
INFO:root:[Customer]:(betsy,0) currently seeing ads for the Products:[]
INFO:root:[Customer]:(betsy,0) Posted POSITIVE tweet for the product iPhone XR
INFO:root:[Customer]:(Ewa,0): Next Quarter Begins 
INFO:root:[Customer]:(Ewa,0) currently seeing ads for the Products:[]
INFO:root:[Customer]:(Ewa,0) Posted POSITIVE tweet for the product iPhone XR case
INFO:root:[Customer]:(Matthew,0): Next Quarter Begins 
INFO:root:[Customer]:(Matthew,0) currently seeing ads for the Products:[]
INFO:root:[Customer]:(simone,0): Next Quarter Begins 
INFO:root:[Customer]:(simone,0) currently seeing ads for the Products:[]
INFO:root:[Customer]:(simone,0) Posted POSITIVE tweet for the product iPhone XR case
INFO:root:[Customer]:(betsy,0): Next Quarter Begins 
INFO:root:[Customer]:(betsy,0) currently seeing ads for the Products:[]
INFO:root:[Customer]:(betsy,0) Posted POSITIVE tweet for the product iPhone XR
INFO:root:[Customer]:(Ewa,0): Next Quarter Begins 
INFO:root:[Customer]:(Ewa,0) currently seeing ads for the Products:[]
INFO:root:[Customer]:(Ewa,0) Posted POSITIVE tweet for the product iPhone XR case
INFO:root:[Customer]:(Matthew,0): Next Quarter Begins 
INFO:root:[Customer]:(Matthew,0) currently seeing ads for the Products:[]
INFO:root:[Customer]:(Matthew,0) Posted POSITIVE tweet for the product iPhone XR case
INFO:root:[Customer]:(simone,0): Next Quarter Begins 
INFO:root:[Customer]:(simone,0) currently seeing ads for the Products:[]
INFO:root:[Customer]:(simone,0) Posted POSITIVE tweet for the product iPhone XR case
INFO:root:[Customer]:(betsy,0): Next Quarter Begins 
INFO:root:[Customer]:(betsy,0) currently seeing ads for the Products:[]
INFO:root:[Customer]:(betsy,0) Posted POSITIVE tweet for the product iPhone XR case
INFO:root:[Customer]:(Ewa,0): Next Quarter Begins 
INFO:root:[Customer]:(Ewa,0) currently seeing ads for the Products:[]
INFO:root:[Customer]:(Matthew,0): Next Quarter Begins 
INFO:root:[Customer]:(Matthew,0) currently seeing ads for the Products:[]
INFO:root:[Customer]:(Matthew,0) Posted POSITIVE tweet for the product iPhone XS
INFO:root:[Customer]:(simone,0): Next Quarter Begins 
INFO:root:[Customer]:(simone,0) currently seeing ads for the Products:[]
INFO:root:[Customer]:(simone,0) Posted POSITIVE tweet for the product iPhone XR
INFO:root:[Customer]:(betsy,0): Next Quarter Begins 
INFO:root:[Customer]:(betsy,0) currently seeing ads for the Products:[]
INFO:root:[Customer]:(Ewa,0): Next Quarter Begins 
INFO:root:[Customer]:(Ewa,0) currently seeing ads for the Products:[]
INFO:root:[Customer]:(Matthew,0): Next Quarter Begins 
INFO:root:[Customer]:(Matthew,0) currently seeing ads for the Products:[]
INFO:root:[Customer]:(simone,0): Next Quarter Begins 
INFO:root:[Customer]:(simone,0) currently seeing ads for the Products:[]
INFO:root:[Customer]:(simone,0) Posted POSITIVE tweet for the product iPhone XR
INFO:root:[Customer]:(betsy,0): Next Quarter Begins 
INFO:root:[Customer]:(betsy,0) currently seeing ads for the Products:[]
INFO:root:[Customer]:(betsy,0) Posted POSITIVE tweet for the product iPhone XR
INFO:root:[Customer]:(Ewa,0): Next Quarter Begins 
INFO:root:[Customer]:(Ewa,0) currently seeing ads for the Products:[]
INFO:root:[Customer]:(Matthew,0): Next Quarter Begins 
INFO:root:[Customer]:(Matthew,0) currently seeing ads for the Products:[]
INFO:root:[Customer]:(Matthew,0) Posted POSITIVE tweet for the product iPhone XR case
INFO:root:[Customer]:(simone,0): Next Quarter Begins 
INFO:root:[Customer]:(simone,0) currently seeing ads for the Products:[]
INFO:root:[Customer]:(betsy,0): Next Quarter Begins 
INFO:root:[Customer]:(betsy,0) currently seeing ads for the Products:[]
INFO:root:[Customer]:(betsy,0) Posted POSITIVE tweet for the product iPhone XR case
INFO:root:[Customer]:(Ewa,0): Next Quarter Begins 
INFO:root:[Customer]:(Ewa,0) currently seeing ads for the Products:[]
INFO:root:[Customer]:(Ewa,0) Posted POSITIVE tweet for the product iPhone XR case
INFO:root:[Customer]:(Matthew,0): Next Quarter Begins 
INFO:root:[Customer]:(Matthew,0) currently seeing ads for the Products:[]
INFO:root:[Customer]:(Matthew,0) Posted POSITIVE tweet for the product iPhone XR case
INFO:root:[Customer]:(simone,0): Next Quarter Begins 
INFO:root:[Customer]:(simone,0) currently seeing ads for the Products:[]
INFO:root:[Customer]:(betsy,0): Next Quarter Begins 
INFO:root:[Customer]:(betsy,0) currently seeing ads for the Products:[]
INFO:root:[Customer]:(Ewa,0): Next Quarter Begins 
INFO:root:[Customer]:(Ewa,0) currently seeing ads for the Products:[]
INFO:root:[Customer]:(Matthew,0): Next Quarter Begins 
INFO:root:[Customer]:(Matthew,0) currently seeing ads for the Products:[]
INFO:root:[Customer]:(Matthew,0) Posted POSITIVE tweet for the product iPhone XR case
INFO:root:[Customer]:(simone,0): Next Quarter Begins 
INFO:root:[Customer]:(simone,0) currently seeing ads for the Products:[]
INFO:root:[Customer]:(simone,0) Posted POSITIVE tweet for the product iPhone XR case
INFO:root:[Customer]:(betsy,0): Next Quarter Begins 
INFO:root:[Customer]:(betsy,0) currently seeing ads for the Products:[]
INFO:root:[Customer]:(betsy,0) Posted POSITIVE tweet for the product iPhone XR
INFO:root:[Customer]:(Ewa,0): Next Quarter Begins 
INFO:root:[Customer]:(Ewa,0) currently seeing ads for the Products:[]
INFO:root:[Customer]:(Matthew,0): Next Quarter Begins 
INFO:root:[Customer]:(Matthew,0) currently seeing ads for the Products:[]
INFO:root:[Customer]:(simone,0): Next Quarter Begins 
INFO:root:[Customer]:(simone,0) currently seeing ads for the Products:[]
INFO:root:[Customer]:(betsy,0): Next Quarter Begins 
INFO:root:[Customer]:(betsy,0) currently seeing ads for the Products:[]
INFO:root:[Customer]:(Ewa,0): Next Quarter Begins 
INFO:root:[Customer]:(Ewa,0) currently seeing ads for the Products:[]
INFO:root:[Customer]:(Ewa,0) Posted POSITIVE tweet for the product iPhone XR
INFO:root:[Customer]:(Matthew,0): Next Quarter Begins 
INFO:root:[Customer]:(Matthew,0) currently seeing ads for the Products:[]
INFO:root:[Customer]:(simone,0): Next Quarter Begins 
INFO:root:[Customer]:(simone,0) currently seeing ads for the Products:[]
INFO:root:[Customer]:(simone,0) Posted POSITIVE tweet for the product iPhone XR case
INFO:root:[Customer]:(betsy,0): Next Quarter Begins 
INFO:root:[Customer]:(betsy,0) currently seeing ads for the Products:[]
INFO:root:[Customer]:(Ewa,0): Next Quarter Begins 
INFO:root:[Customer]:(Ewa,0) currently seeing ads for the Products:[]
INFO:root:[Customer]:(Ewa,0) Posted POSITIVE tweet for the product iPhone XR case
INFO:root:[Customer]:(Matthew,0): Next Quarter Begins 
INFO:root:[Customer]:(Matthew,0) currently seeing ads for the Products:[]
INFO:root:[Customer]:(Matthew,0) Posted POSITIVE tweet for the product iPhone XR case
INFO:root:[Customer]:(simone,0): Next Quarter Begins 
INFO:root:[Customer]:(simone,0) currently seeing ads for the Products:[]
INFO:root:[Customer]:(betsy,0): Next Quarter Begins 
INFO:root:[Customer]:(betsy,0) currently seeing ads for the Products:[]
INFO:root:[Customer]:(Ewa,0): Next Quarter Begins 
INFO:root:[Customer]:(Ewa,0) currently seeing ads for the Products:[]
INFO:root:[Customer]:(Ewa,0) Posted POSITIVE tweet for the product iPhone XR
INFO:root:[Customer]:(Matthew,0): Next Quarter Begins 
INFO:root:[Customer]:(Matthew,0) currently seeing ads for the Products:[]
INFO:root:[Customer]:(simone,0): Next Quarter Begins 
INFO:root:[Customer]:(simone,0) currently seeing ads for the Products:[]
INFO:root:[Customer]:(simone,0) Posted POSITIVE tweet for the product iPhone XR
INFO:root:[Customer]:(betsy,0): Next Quarter Begins 
INFO:root:[Customer]:(betsy,0) currently seeing ads for the Products:[]
INFO:root:[Customer]:(Ewa,0): Next Quarter Begins 
INFO:root:[Customer]:(Ewa,0) currently seeing ads for the Products:[]
INFO:root:[Customer]:(Ewa,0) Posted POSITIVE tweet for the product iPhone XR
INFO:root:[Customer]:(Matthew,0): Next Quarter Begins 
INFO:root:[Customer]:(Matthew,0) currently seeing ads for the Products:[]
INFO:root:[Customer]:(Matthew,0) Posted POSITIVE tweet for the product iPhone XS
INFO:root:[Customer]:(simone,0): Next Quarter Begins 
INFO:root:[Customer]:(simone,0) currently seeing ads for the Products:[]
INFO:root:[Customer]:(simone,0) Posted POSITIVE tweet for the product iPhone XR case
INFO:root:[Customer]:(betsy,0): Next Quarter Begins 
INFO:root:[Customer]:(betsy,0) currently seeing ads for the Products:[]
INFO:root:[Customer]:(Ewa,0): Next Quarter Begins 
INFO:root:[Customer]:(Ewa,0) currently seeing ads for the Products:[]
INFO:root:[Customer]:(Ewa,0) Posted POSITIVE tweet for the product iPhone XR
INFO:root:[Customer]:(Matthew,0): Next Quarter Begins 
INFO:root:[Customer]:(Matthew,0) currently seeing ads for the Products:[]
INFO:root:[Customer]:(Matthew,0) Posted POSITIVE tweet for the product iPhone XR case
INFO:root:[Customer]:(simone,0): Next Quarter Begins 
INFO:root:[Customer]:(simone,0) currently seeing ads for the Products:[]
INFO:root:[Customer]:(betsy,0): Next Quarter Begins 
INFO:root:[Customer]:(betsy,0) currently seeing ads for the Products:[]
INFO:root:[Customer]:(betsy,0) Posted POSITIVE tweet for the product iPhone XR
INFO:root:[Customer]:(Ewa,0): Next Quarter Begins 
INFO:root:[Customer]:(Ewa,0) currently seeing ads for the Products:[]
INFO:root:[Customer]:(Matthew,0): Next Quarter Begins 
INFO:root:[Customer]:(Matthew,0) currently seeing ads for the Products:[]
INFO:root:[Customer]:(simone,0): Next Quarter Begins 
INFO:root:[Customer]:(simone,0) currently seeing ads for the Products:[]
INFO:root:[Customer]:(simone,0) Posted POSITIVE tweet for the product iPhone XR
INFO:root:[Customer]:(betsy,0): Next Quarter Begins 
INFO:root:[Customer]:(betsy,0) currently seeing ads for the Products:[]
INFO:root:[Customer]:(Ewa,0): Next Quarter Begins 
INFO:root:[Customer]:(Ewa,0) currently seeing ads for the Products:[]
INFO:root:[Customer]:(Ewa,0) Posted POSITIVE tweet for the product iPhone XR
INFO:root:[Customer]:(Matthew,0): Next Quarter Begins 
INFO:root:[Customer]:(Matthew,0) currently seeing ads for the Products:[]
INFO:root:[Customer]:(Matthew,0) Posted POSITIVE tweet for the product iPhone XS
INFO:root:[Customer]:(simone,0): Next Quarter Begins 
INFO:root:[Customer]:(simone,0) currently seeing ads for the Products:[]
INFO:root:[Customer]:(betsy,0): Next Quarter Begins 
INFO:root:[Customer]:(betsy,0) currently seeing ads for the Products:[]
INFO:root:[Customer]:(Ewa,0): Next Quarter Begins 
INFO:root:[Customer]:(Ewa,0) currently seeing ads for the Products:[]
INFO:root:[Customer]:(Ewa,0) Posted POSITIVE tweet for the product iPhone XR case
INFO:root:[Customer]:(Matthew,0): Next Quarter Begins 
INFO:root:[Customer]:(Matthew,0) currently seeing ads for the Products:[]
INFO:root:[Customer]:(simone,0): Next Quarter Begins 
INFO:root:[Customer]:(simone,0) currently seeing ads for the Products:[]
INFO:root:[Customer]:(betsy,0): Next Quarter Begins 
INFO:root:[Customer]:(betsy,0) currently seeing ads for the Products:[]
INFO:root:[Customer]:(Ewa,0): Next Quarter Begins 
INFO:root:[Customer]:(Ewa,0) currently seeing ads for the Products:[]
INFO:root:[Customer]:(Ewa,0) Posted POSITIVE tweet for the product iPhone XR
INFO:root:[Customer]:(Matthew,0): Next Quarter Begins 
INFO:root:[Customer]:(Matthew,0) currently seeing ads for the Products:[]
INFO:root:[Customer]:(Matthew,0) Posted POSITIVE tweet for the product iPhone XR case
INFO:root:[Customer]:(simone,0): Next Quarter Begins 
INFO:root:[Customer]:(simone,0) currently seeing ads for the Products:[]
INFO:root:[Customer]:(betsy,0): Next Quarter Begins 
INFO:root:[Customer]:(betsy,0) currently seeing ads for the Products:[]
INFO:root:[Customer]:(betsy,0) Posted POSITIVE tweet for the product iPhone XR
INFO:root:[Customer]:(Ewa,0): Next Quarter Begins 
INFO:root:[Customer]:(Ewa,0) currently seeing ads for the Products:[]
INFO:root:[Customer]:(Ewa,0) Posted POSITIVE tweet for the product iPhone XR case
INFO:root:[Customer]:(Matthew,0): Next Quarter Begins 
INFO:root:[Customer]:(Matthew,0) currently seeing ads for the Products:[]
INFO:root:[Customer]:(Matthew,0) Posted POSITIVE tweet for the product iPhone XR case
INFO:root:[Customer]:(simone,0): Next Quarter Begins 
INFO:root:[Customer]:(simone,0) currently seeing ads for the Products:[]
INFO:root:[Customer]:(betsy,0): Next Quarter Begins 
INFO:root:[Customer]:(betsy,0) currently seeing ads for the Products:[]
INFO:root:[Customer]:(betsy,0) Posted POSITIVE tweet for the product iPhone XR
INFO:root:[Customer]:(Ewa,0): Next Quarter Begins 
INFO:root:[Customer]:(Ewa,0) currently seeing ads for the Products:[]
INFO:root:[Customer]:(Ewa,0) Posted POSITIVE tweet for the product iPhone XR case
INFO:root:[Customer]:(Matthew,0): Next Quarter Begins 
INFO:root:[Customer]:(Matthew,0) currently seeing ads for the Products:[]
