INFO:root:[Buyer]:Buyer Simone Initialized
INFO:root:[GoogleAds]:Customer Simone added to Google list of user with Tolerance:0.8
INFO:root:[Customer]:Customer Simone entered Trading
INFO:root:[Buyer]:Buyer Betsy Initialized
INFO:root:[Customer]:(Simone,1): Next Quarter Begins 
INFO:root:[GoogleAds]:Customer Betsy added to Google list of user with Tolerance:0.6
INFO:root:[Customer]:(Simone,1) currently seeing ads for the Products:[]
INFO:root:[Customer]:Customer Betsy entered Trading
INFO:root:[Buyer]:Buyer Matthew Initialized
INFO:root:[Customer]:(Betsy,1): Next Quarter Begins 
INFO:root:[GoogleAds]:Customer Matthew added to Google list of user with Tolerance:0.8
INFO:root:[Customer]:(Betsy,1) currently seeing ads for the Products:[]
INFO:root:[Customer]:Customer Matthew entered Trading
INFO:root:[Buyer]:Buyer Lisa Initialized
INFO:root:[GoogleAds]:Customer Lisa added to Google list of user with Tolerance:0.4
INFO:root:[Customer]:(Matthew,1): Next Quarter Begins 
INFO:root:[Customer]:(Matthew,1) currently seeing ads for the Products:[]
INFO:root:[Customer]:Customer Lisa entered Trading
INFO:root:[Buyer]:Buyer Jimmy Initialized
INFO:root:[Customer]:(Lisa,1): Next Quarter Begins 
INFO:root:[GoogleAds]:Customer Jimmy added to Google list of user with Tolerance:0.5
INFO:root:[Customer]:(Lisa,1) currently seeing ads for the Products:[]
INFO:root:[Customer]:Customer Jimmy entered Trading
INFO:root:[Customer]:(Jimmy,1): Next Quarter Begins 
INFO:root:[Customer]:(Jimmy,1) currently seeing ads for the Products:[]
INFO:root:[Seller]:Seller Alice Created
INFO:root:[Seller]:Seller Alice Owned products iPhone XR, iPhone XS case, iPhone XR case
INFO:root:{}
INFO:root:[Market]:Seller Alice is registered in the market with the product iPhone XR 
INFO:root:[Market]:Seller Alice is registered in the market with the product iPhone XS case 
INFO:root:[Market]:Seller Alice is registered in the market with the product iPhone XR case 
INFO:root:[Seller]:Seller Alice started Trading
INFO:root:[Seller]: (Alice,1) sold  0 units of iPhone XR
INFO:root:[Seller]: (Alice,1) sold  0 units of iPhone XS case
INFO:root:[Seller]: (Alice,1) sold  0 units of iPhone XR case
INFO:root:[Seller]: (Alice,1) Revenue in previous quarter:0
INFO:root:[Seller]: (Alice,1) Expenses in previous quarter:0
INFO:root:[Seller]: (Alice,1) Profit in previous quarter:0
INFO:root:[Seller]: (Alice,1) Sales in previous quarter:[0]
INFO:root:[GoogleAds]: Google pushed the BASIC Ad for product iPhone XR to users Jimmy, Matthew, Matthew, Simone, Matthew 
INFO:root:[GoogleAds]: Google pushed the BASIC Ad for product iPhone XS case to users Simone, Lisa, Lisa, Betsy, Lisa 
INFO:root:[GoogleAds]: Google pushed the BASIC Ad for product iPhone XR case to users Betsy, Betsy, Matthew, Jimmy, Matthew 
INFO:root:[Seller]:Seller Bob Created
INFO:root:[Seller]:Seller Bob Owned products iPhone XS, iPhone XR, iPhone XS case, iPhone XR case
INFO:root:{'iPhone XR': [<seller.Seller object at 0x0000028C33B18AC8>], 'iPhone XS case': [<seller.Seller object at 0x0000028C33B18AC8>], 'iPhone XR case': [<seller.Seller object at 0x0000028C33B18AC8>]}
INFO:root:[Market]:Seller Bob is registered in the market with the product iPhone XS 
INFO:root:[Market]:Seller Bob is registered in the market with the product iPhone XR 
INFO:root:[Market]:Seller Bob is registered in the market with the product iPhone XS case 
INFO:root:[Market]:Seller Bob is registered in the market with the product iPhone XR case 
INFO:root:[Seller]:Seller Bob started Trading
INFO:root:[Seller]: (Bob,1) sold  0 units of iPhone XS
INFO:root:[Seller]: (Bob,1) sold  0 units of iPhone XR
INFO:root:[Seller]: (Bob,1) sold  0 units of iPhone XS case
INFO:root:[Seller]: (Bob,1) sold  0 units of iPhone XR case
INFO:root:[Seller]: (Bob,1) Revenue in previous quarter:0
INFO:root:[Seller]: (Bob,1) Expenses in previous quarter:0
INFO:root:[Seller]: (Bob,1) Profit in previous quarter:0
INFO:root:[Seller]: (Bob,1) Sales in previous quarter:[0]
INFO:root:[GoogleAds]: Google pushed the BASIC Ad for product iPhone XS to users Lisa, Simone, Jimmy, Lisa, Matthew 
INFO:root:[GoogleAds]: Google pushed the BASIC Ad for product iPhone XR to users Matthew, Matthew, Betsy, Matthew, Simone 
INFO:root:[GoogleAds]: Google pushed the BASIC Ad for product iPhone XS case to users Jimmy, Simone, Jimmy, Matthew, Lisa 
INFO:root:[GoogleAds]: Google pushed the BASIC Ad for product iPhone XR case to users Jimmy, Lisa, Betsy, Simone, Simone 
INFO:root:[Seller]:Seller Carol Created
INFO:root:[Seller]:Seller Carol Owned products iPhone XS, iPhone XR, iPhone XS case, iPhone XR case
INFO:root:{'iPhone XR': [<seller.Seller object at 0x0000028C33B18AC8>, <seller.Seller object at 0x0000028C33B4A668>], 'iPhone XS case': [<seller.Seller object at 0x0000028C33B18AC8>, <seller.Seller object at 0x0000028C33B4A668>], 'iPhone XR case': [<seller.Seller object at 0x0000028C33B18AC8>, <seller.Seller object at 0x0000028C33B4A668>], 'iPhone XS': [<seller.Seller object at 0x0000028C33B4A668>]}
INFO:root:[Market]:Seller Carol is registered in the market with the product iPhone XS 
INFO:root:[Market]:Seller Carol is registered in the market with the product iPhone XR 
INFO:root:[Market]:Seller Carol is registered in the market with the product iPhone XS case 
INFO:root:[Market]:Seller Carol is registered in the market with the product iPhone XR case 
INFO:root:[Seller]:Seller Carol started Trading
INFO:root:[Seller]: (Carol,1) sold  0 units of iPhone XS
INFO:root:[Seller]: (Carol,1) sold  0 units of iPhone XR
INFO:root:[Seller]: (Carol,1) sold  0 units of iPhone XS case
INFO:root:[Seller]: (Carol,1) sold  0 units of iPhone XR case
INFO:root:[Seller]: (Carol,1) Revenue in previous quarter:0
INFO:root:[Seller]: (Carol,1) Expenses in previous quarter:0
INFO:root:[Seller]: (Carol,1) Profit in previous quarter:0
INFO:root:[Seller]: (Carol,1) Sales in previous quarter:[0]
INFO:root:[GoogleAds]: Google pushed the BASIC Ad for product iPhone XS to users Matthew, Simone, Matthew, Simone, Matthew 
INFO:root:[GoogleAds]: Google pushed the BASIC Ad for product iPhone XR to users Jimmy, Matthew, Matthew, Jimmy, Jimmy 
INFO:root:[GoogleAds]: Google pushed the BASIC Ad for product iPhone XS case to users Matthew, Matthew, Lisa, Simone, Jimmy 
INFO:root:[GoogleAds]: Google pushed the BASIC Ad for product iPhone XR case to users Simone, Jimmy, Betsy, Simone, Simone 
INFO:root:[Seller]:Seller Dave Created
INFO:root:[Seller]:Seller Dave Owned products Google pixel, Google pixel case
INFO:root:{'iPhone XR': [<seller.Seller object at 0x0000028C33B18AC8>, <seller.Seller object at 0x0000028C33B4A668>, <seller.Seller object at 0x0000028C33B4A940>], 'iPhone XS case': [<seller.Seller object at 0x0000028C33B18AC8>, <seller.Seller object at 0x0000028C33B4A668>, <seller.Seller object at 0x0000028C33B4A940>], 'iPhone XR case': [<seller.Seller object at 0x0000028C33B18AC8>, <seller.Seller object at 0x0000028C33B4A668>, <seller.Seller object at 0x0000028C33B4A940>], 'iPhone XS': [<seller.Seller object at 0x0000028C33B4A668>, <seller.Seller object at 0x0000028C33B4A940>]}
INFO:root:[Market]:Seller Dave is registered in the market with the product Google pixel 
INFO:root:[Market]:Seller Dave is registered in the market with the product Google pixel case 
INFO:root:[Seller]:Seller Dave started Trading
INFO:root:[Seller]: (Dave,1) sold  0 units of Google pixel
INFO:root:[Seller]: (Dave,1) sold  0 units of Google pixel case
INFO:root:[Seller]: (Dave,1) Revenue in previous quarter:0
INFO:root:[Seller]: (Dave,1) Expenses in previous quarter:0
INFO:root:[Seller]: (Dave,1) Profit in previous quarter:0
INFO:root:[Seller]: (Dave,1) Sales in previous quarter:[0]
INFO:root:[GoogleAds]: Google pushed the BASIC Ad for product Google pixel to users Lisa, Jimmy, Simone, Simone, Simone 
INFO:root:[GoogleAds]: Google pushed the BASIC Ad for product Google pixel case to users Jimmy, Betsy, Jimmy, Matthew, Matthew 
INFO:root:[Seller]:Seller Eve Created
INFO:root:[Seller]:Seller Eve Owned products Huawei P30 pro, Huawei P30 pro case
INFO:root:{'iPhone XR': [<seller.Seller object at 0x0000028C33B18AC8>, <seller.Seller object at 0x0000028C33B4A668>, <seller.Seller object at 0x0000028C33B4A940>], 'iPhone XS case': [<seller.Seller object at 0x0000028C33B18AC8>, <seller.Seller object at 0x0000028C33B4A668>, <seller.Seller object at 0x0000028C33B4A940>], 'iPhone XR case': [<seller.Seller object at 0x0000028C33B18AC8>, <seller.Seller object at 0x0000028C33B4A668>, <seller.Seller object at 0x0000028C33B4A940>], 'iPhone XS': [<seller.Seller object at 0x0000028C33B4A668>, <seller.Seller object at 0x0000028C33B4A940>], 'Google pixel': [<seller.Seller object at 0x0000028C33B4AB38>], 'Google pixel case': [<seller.Seller object at 0x0000028C33B4AB38>]}
INFO:root:[Market]:Seller Eve is registered in the market with the product Huawei P30 pro 
INFO:root:[Market]:Seller Eve is registered in the market with the product Huawei P30 pro case 
INFO:root:[Seller]:Seller Eve started Trading
INFO:root:[Seller]: (Eve,1) sold  0 units of Huawei P30 pro
INFO:root:[Seller]: (Eve,1) sold  0 units of Huawei P30 pro case
INFO:root:[Seller]: (Eve,1) Revenue in previous quarter:0
INFO:root:[Seller]: (Eve,1) Expenses in previous quarter:0
INFO:root:[Seller]: (Eve,1) Profit in previous quarter:0
INFO:root:[Seller]: (Eve,1) Sales in previous quarter:[0]
INFO:root:[GoogleAds]: Google pushed the BASIC Ad for product Huawei P30 pro to users Simone, Simone, Betsy, Jimmy, Matthew 
INFO:root:[GoogleAds]: Google pushed the BASIC Ad for product Huawei P30 pro case to users Lisa, Simone, Betsy, Jimmy, Simone 
INFO:root:[Customer]: (Simone,1) own the Products:[] with balance of $ 800
INFO:root:[Customer]:(Simone,2): Next Quarter Begins 
INFO:root:[Customer]:(Simone,2) currently seeing ads for the Products:[iPhone XS case from Seller 2, iPhone XS case from Seller 1, iPhone XR case from Seller 3, iPhone XR from Seller 1, iPhone XR case from Seller 2, Huawei P30 pro from Seller 5, Huawei P30 pro case from Seller 5, Google pixel from Seller 4, iPhone XS from Seller 3, iPhone XS from Seller 2, iPhone XS case from Seller 3, iPhone XR from Seller 2]
INFO:root:[Customer]:(Simone,2)'s sentiment is 1 for product:[iPhone XS case] from Seller 2
INFO:root:[Customer]:###(Simone,2)doesn't buy any products 
INFO:root:[Customer]:(Simone,2)'s sentiment is 1 for product:[iPhone XS case] from Seller 1
INFO:root:[Customer]:###(Simone,2)doesn't buy any products 
INFO:root:[Customer]:(Simone,2)'s sentiment is 1 for product:[iPhone XR case] from Seller 3
INFO:root:[Customer]: (Simone,2) prefer high quality, so she doesn't buy any products 
INFO:root:[Customer]:(Simone,2)'s sentiment is 1 for product:[iPhone XR] from Seller 1
INFO:root:[Customer]:###(Simone,2)doesn't buy any products 
INFO:root:[Customer]:(Simone,2)'s sentiment is 1 for product:[iPhone XR case] from Seller 2
INFO:root:[Customer]: (Simone,2) prefer high quality, so she doesn't buy any products 
INFO:root:[Customer]:(Simone,2)'s sentiment is 1 for product:[Huawei P30 pro] from Seller 5
INFO:root:[Customer]:###(Simone,2)doesn't buy any products 
INFO:root:[Customer]:(Simone,2)'s sentiment is 1 for product:[Huawei P30 pro case] from Seller 5
INFO:root:[Customer]: (Simone,2) prefer high quality, so she doesn't buy any products 
INFO:root:[Customer]:(Simone,2)'s sentiment is 1 for product:[Google pixel] from Seller 4
INFO:root:[Customer]: (Simone,2) prefer high quality, so she doesn't buy any products 
INFO:root:[Customer]:(Simone,2)'s sentiment is 1 for product:[iPhone XS] from Seller 3
INFO:root:[Customer]:###(Simone,2)doesn't buy any products 
INFO:root:[Customer]: (Betsy,1) own the Products:[] with balance of $ 1000
INFO:root:[Customer]:(Simone,2)'s sentiment is 1 for product:[iPhone XS] from Seller 2
INFO:root:[Customer]:(Betsy,2): Next Quarter Begins 
INFO:root:[Customer]: (Matthew,1) own the Products:[] with balance of $ 900
INFO:root:[Customer]:###(Simone,2)doesn't buy any products 
INFO:root:[Customer]:(Betsy,2) currently seeing ads for the Products:[iPhone XR case from Seller 3, iPhone XS case from Seller 1, iPhone XR case from Seller 2, iPhone XR case from Seller 1, Huawei P30 pro from Seller 5, Huawei P30 pro case from Seller 5, Google pixel case from Seller 4, iPhone XR from Seller 2]
INFO:root:[Customer]:(Matthew,2): Next Quarter Begins 
INFO:root:[Customer]:(Simone,2)'s sentiment is 1 for product:[iPhone XS case] from Seller 3
INFO:root:[Customer]: (Lisa,1) own the Products:[] with balance of $ 800
INFO:root:[Customer]:(Betsy,2)'s sentiment is 1 for product:[iPhone XR case] from Seller 3
INFO:root:[Customer]:(Matthew,2) currently seeing ads for the Products:[iPhone XS case from Seller 2, iPhone XR from Seller 1, iPhone XR case from Seller 1, Huawei P30 pro from Seller 5, iPhone XS from Seller 3, Google pixel case from Seller 4, iPhone XR from Seller 3, iPhone XS from Seller 2, iPhone XS case from Seller 3, iPhone XR from Seller 2]
INFO:root:[Customer]:(Simone,2)bought the product:[iPhone XS case]
INFO:root:[Customer]: (Jimmy,1) own the Products:[] with balance of $ 800
INFO:root:[Customer]:(Lisa,2): Next Quarter Begins 
INFO:root:[Customer]: (Betsy,2) buy the Products:[iPhone XR case] from seller3 with price95
INFO:root:[Customer]:(Matthew,2)'s sentiment is 1 for product:[iPhone XS case] from Seller 2
INFO:root:[Customer]: (Simone,2) buy the Products:[iPhone XS case, iPhone XS case] from seller3 with price180
INFO:root:[Customer]:(Jimmy,2): Next Quarter Begins 
INFO:root:[Customer]:(Lisa,2) currently seeing ads for the Products:[iPhone XS case from Seller 2, iPhone XS case from Seller 1, iPhone XR case from Seller 2, Huawei P30 pro case from Seller 5, Google pixel from Seller 4, iPhone XS from Seller 2, iPhone XS case from Seller 3]
INFO:root:[Seller]: Seller (Carol,1) sold product iPhone XR case
INFO:root:[Customer]:###(Matthew,2)doesn't buy any products 
INFO:root:[Seller]: Seller (Carol,1) sold product iPhone XS case
INFO:root:[Customer]:(Jimmy,2) currently seeing ads for the Products:[iPhone XS case from Seller 2, iPhone XR case from Seller 3, iPhone XR case from Seller 2, iPhone XR from Seller 1, iPhone XR case from Seller 1, Huawei P30 pro from Seller 5, Huawei P30 pro case from Seller 5, Google pixel from Seller 4, Google pixel case from Seller 4, iPhone XR from Seller 3, iPhone XS from Seller 2, iPhone XS case from Seller 3]
INFO:root:[Customer]:(Lisa,2)'s sentiment is 1 for product:[iPhone XS case] from Seller 2
INFO:root:[Market]:Transaction between Seller Carol and Customer Betsy with the product iPhone XR case at 2019-11-22 09:45:34.356006
INFO:root:[Customer]:(Matthew,2)'s sentiment is 1 for product:[iPhone XR] from Seller 1
INFO:root:[Seller]: Seller (Carol,1) sold product iPhone XS case
INFO:root:[Customer]:(Jimmy,2)'s sentiment is 1 for product:[iPhone XS case] from Seller 2
INFO:root:[Customer]: (Lisa,2) buy the Products:[iPhone XS case] from seller2 with price100
INFO:root:[Customer]:(Betsy,2)'s sentiment is 1 for product:[iPhone XS case] from Seller 1
INFO:root:[Customer]:###(Matthew,2)doesn't buy any products 
INFO:root:[Market]:Transaction between Seller Carol and Customer Simone with the product iPhone XS case at 2019-11-22 09:45:34.357002
INFO:root:[Customer]: (Jimmy,2) buy the Products:[iPhone XS case] from seller2 with price100
INFO:root:[Seller]: Seller (Bob,1) sold product iPhone XS case
INFO:root:[Customer]: (Betsy,2) buy the Products:[iPhone XS case] from seller1 with price95
INFO:root:[Customer]:(Matthew,2)'s sentiment is 1 for product:[iPhone XR case] from Seller 1
INFO:root:[Customer]:(Simone,2)'s sentiment is 1 for product:[iPhone XR] from Seller 2
INFO:root:[Seller]: Seller (Bob,1) sold product iPhone XS case
INFO:root:[Market]:Transaction between Seller Bob and Customer Lisa with the product iPhone XS case at 2019-11-22 09:45:34.358000
INFO:root:[Seller]: Seller (Alice,1) sold product iPhone XS case
INFO:root:[Customer]: (Matthew,2) prefer high quality, so she doesn't buy any products 
INFO:root:[Customer]:###(Simone,2)doesn't buy any products 
INFO:root:[Market]:Transaction between Seller Bob and Customer Jimmy with the product iPhone XS case at 2019-11-22 09:45:34.358997
INFO:root:[Customer]:(Lisa,2)'s sentiment is 1 for product:[iPhone XS case] from Seller 1
INFO:root:[Market]:Transaction between Seller Alice and Customer Betsy with the product iPhone XS case at 2019-11-22 09:45:34.358997
INFO:root:[Customer]:(Matthew,2)'s sentiment is 1 for product:[Huawei P30 pro] from Seller 5
INFO:root:[Customer]:(Jimmy,2)'s sentiment is 1 for product:[iPhone XR case] from Seller 3
INFO:root:[Customer]: (Lisa,2) buy the Products:[iPhone XS case] from seller1 with price95
INFO:root:[Customer]:(Betsy,2)'s sentiment is 1 for product:[iPhone XR case] from Seller 2
INFO:root:[Customer]:(Matthew,2)bought the product:[Huawei P30 pro]
INFO:root:[Customer]: (Jimmy,2) buy the Products:[iPhone XR case] from seller3 with price95
INFO:root:[Seller]: Seller (Alice,1) sold product iPhone XS case
INFO:root:[Customer]: (Betsy,2) buy the Products:[iPhone XR case] from seller2 with price95
INFO:root:[Customer]: (Matthew,2) buy the Products:[Huawei P30 pro, Huawei P30 pro] from seller5 with price600
INFO:root:[Seller]: Seller (Carol,1) sold product iPhone XR case
INFO:root:[Market]:Transaction between Seller Alice and Customer Lisa with the product iPhone XS case at 2019-11-22 09:45:34.359994
INFO:root:[Seller]: Seller (Bob,1) sold product iPhone XR case
INFO:root:[Seller]: Seller (Eve,1) sold product Huawei P30 pro
INFO:root:[Market]:Transaction between Seller Carol and Customer Jimmy with the product iPhone XR case at 2019-11-22 09:45:34.359994
INFO:root:[Customer]:(Lisa,2)'s sentiment is 1 for product:[iPhone XR case] from Seller 2
INFO:root:[Market]:Transaction between Seller Bob and Customer Betsy with the product iPhone XR case at 2019-11-22 09:45:34.360991
INFO:root:[Seller]: Seller (Eve,1) sold product Huawei P30 pro
INFO:root:[Customer]:(Jimmy,2)'s sentiment is 1 for product:[iPhone XR case] from Seller 2
INFO:root:[Customer]: (Lisa,2) buy the Products:[iPhone XR case] from seller2 with price95
INFO:root:[Customer]:(Betsy,2)'s sentiment is 1 for product:[iPhone XR case] from Seller 1
INFO:root:[Market]:Transaction between Seller Eve and Customer Matthew with the product Huawei P30 pro at 2019-11-22 09:45:34.360991
INFO:root:[Customer]: (Jimmy,2) buy the Products:[iPhone XR case] from seller2 with price95
INFO:root:[Seller]: Seller (Bob,1) sold product iPhone XR case
INFO:root:[Customer]: (Betsy,2) buy the Products:[iPhone XR case] from seller1 with price95
INFO:root:[Customer]:(Matthew,2)'s sentiment is 1 for product:[iPhone XS] from Seller 3
INFO:root:[Seller]: Seller (Bob,1) sold product iPhone XR case
INFO:root:[Market]:Transaction between Seller Bob and Customer Lisa with the product iPhone XR case at 2019-11-22 09:45:34.361989
INFO:root:[Seller]: Seller (Alice,1) sold product iPhone XR case
INFO:root:[Customer]:###(Matthew,2)doesn't buy any products 
INFO:root:[Market]:Transaction between Seller Bob and Customer Jimmy with the product iPhone XR case at 2019-11-22 09:45:34.362986
INFO:root:[Customer]:(Lisa,2)'s sentiment is 1 for product:[Huawei P30 pro case] from Seller 5
INFO:root:[Market]:Transaction between Seller Alice and Customer Betsy with the product iPhone XR case at 2019-11-22 09:45:34.362986
INFO:root:[Customer]:(Matthew,2)'s sentiment is 1 for product:[Google pixel case] from Seller 4
INFO:root:[Customer]:(Jimmy,2)'s sentiment is 1 for product:[iPhone XR] from Seller 1
INFO:root:[Customer]: (Lisa,2) buy the Products:[Huawei P30 pro case] from seller5 with price60
INFO:root:[Customer]:(Betsy,2)'s sentiment is 1 for product:[Huawei P30 pro] from Seller 5
INFO:root:[Customer]: (Matthew,2) prefer high quality, so she doesn't buy any products 
INFO:root:[Customer]: (Jimmy,2) buy the Products:[iPhone XR] from seller1 with price480
INFO:root:[Seller]: Seller (Eve,1) sold product Huawei P30 pro case
INFO:root:[Customer]: (Betsy,2) buy the Products:[Huawei P30 pro] from seller5 with price300
INFO:root:[Customer]:(Matthew,2)'s sentiment is 1 for product:[iPhone XR] from Seller 3
INFO:root:[Seller]: Seller (Alice,1) sold product iPhone XR
INFO:root:[Market]:Transaction between Seller Eve and Customer Lisa with the product Huawei P30 pro case at 2019-11-22 09:45:34.363984
INFO:root:[Seller]: Seller (Eve,1) sold product Huawei P30 pro
INFO:root:[Customer]:(Matthew,2)bought the product:[iPhone XR]
INFO:root:[Market]:Transaction between Seller Alice and Customer Jimmy with the product iPhone XR at 2019-11-22 09:45:34.364981
INFO:root:[Customer]:(Lisa,2)'s sentiment is 1 for product:[Google pixel] from Seller 4
INFO:root:[Market]:Transaction between Seller Eve and Customer Betsy with the product Huawei P30 pro at 2019-11-22 09:45:34.364981
INFO:root:[Customer]:(Matthew,2)'s sentiment is 1 for product:[iPhone XS] from Seller 2
INFO:root:[Customer]:(Jimmy,2)'s sentiment is 1 for product:[iPhone XR case] from Seller 1
INFO:root:[Customer]: (Lisa,2) buy the Products:[Google pixel] from seller4 with price400
INFO:root:[Customer]:(Betsy,2)'s sentiment is 1 for product:[Huawei P30 pro case] from Seller 5
INFO:root:[Customer]:(Matthew,2)bought the product:[iPhone XS]
INFO:root:[Customer]:(Jimmy,2)'s sentiment is 1 for product:[Huawei P30 pro] from Seller 5
INFO:root:[Seller]: Seller (Dave,1) sold product Google pixel
INFO:root:[Customer]: (Betsy,2) buy the Products:[Huawei P30 pro case] from seller5 with price60
INFO:root:[Customer]:(Matthew,2)'s sentiment is 1 for product:[iPhone XS case] from Seller 3
INFO:root:[Customer]:(Jimmy,2)'s sentiment is 1 for product:[Huawei P30 pro case] from Seller 5
INFO:root:[Market]:Transaction between Seller Dave and Customer Lisa with the product Google pixel at 2019-11-22 09:45:34.365978
INFO:root:[Seller]: Seller (Eve,1) sold product Huawei P30 pro case
INFO:root:[Customer]:###(Matthew,2)doesn't buy any products 
INFO:root:[Customer]:(Jimmy,2)'s sentiment is 1 for product:[Google pixel] from Seller 4
INFO:root:[Customer]:(Lisa,2)'s sentiment is 1 for product:[iPhone XS] from Seller 2
INFO:root:[Market]:Transaction between Seller Eve and Customer Betsy with the product Huawei P30 pro case at 2019-11-22 09:45:34.366977
INFO:root:[Customer]:(Matthew,2)'s sentiment is 1 for product:[iPhone XR] from Seller 2
INFO:root:[Customer]:(Jimmy,2)'s sentiment is 1 for product:[Google pixel case] from Seller 4
INFO:root:[Customer]:(Lisa,2)'s sentiment is 1 for product:[iPhone XS case] from Seller 3
INFO:root:[Customer]:(Betsy,2)'s sentiment is 1 for product:[Google pixel case] from Seller 4
INFO:root:[Customer]:###(Matthew,2)doesn't buy any products 
INFO:root:[Customer]:(Jimmy,2)'s sentiment is 1 for product:[iPhone XR] from Seller 3
INFO:root:[Customer]: (Betsy,2) buy the Products:[Google pixel case] from seller4 with price80
INFO:root:[Customer]:(Jimmy,2)'s sentiment is 1 for product:[iPhone XS] from Seller 2
INFO:root:[Seller]: Seller (Dave,1) sold product Google pixel case
INFO:root:[Customer]:(Jimmy,2)'s sentiment is 1 for product:[iPhone XS case] from Seller 3
INFO:root:[Market]:Transaction between Seller Dave and Customer Betsy with the product Google pixel case at 2019-11-22 09:45:34.367972
INFO:root:[Customer]:(Betsy,2)'s sentiment is 1 for product:[iPhone XR] from Seller 2
INFO:root:[Customer]:(Betsy,2) Posted POSITIVE tweet for the product iPhone XR case
INFO:root:[Seller]: (Alice,2) sold  0 units of iPhone XR
INFO:root:[Seller]: (Alice,2) sold  0 units of iPhone XS case
INFO:root:[Seller]: (Alice,2) sold  0 units of iPhone XR case
INFO:root:[Seller]: (Alice,2) Revenue in previous quarter:380
INFO:root:[Seller]: (Alice,2) Expenses in previous quarter:25
INFO:root:[Seller]: (Alice,2) Profit in previous quarter:355
INFO:root:[Seller]: (Alice,2) Sales in previous quarter:[0, 4]
INFO:root:[GoogleAds]: Google pushed the BASIC Ad for product iPhone XR to users Lisa, Matthew, Jimmy, Betsy, Matthew 
INFO:root:[GoogleAds]: Google pushed the BASIC Ad for product iPhone XS case to users Simone, Jimmy, Matthew, Betsy, Matthew 
INFO:root:[GoogleAds]: Google pushed the BASIC Ad for product iPhone XR case to users Matthew, Betsy, Simone, Jimmy, Betsy 
INFO:root:[Seller]: (Bob,2) sold  0 units of iPhone XS
INFO:root:[Seller]: (Bob,2) sold  0 units of iPhone XR
INFO:root:[Seller]: (Bob,2) sold  0 units of iPhone XS case
INFO:root:[Seller]: (Bob,2) sold  0 units of iPhone XR case
INFO:root:[Seller]: (Bob,2) Revenue in previous quarter:475
INFO:root:[Seller]: (Bob,2) Expenses in previous quarter:25
INFO:root:[Seller]: (Bob,2) Profit in previous quarter:450
INFO:root:[Seller]: (Bob,2) Sales in previous quarter:[0, 5]
INFO:root:[Seller]: (Carol,2) sold  0 units of iPhone XS
INFO:root:[Seller]: (Carol,2) sold  0 units of iPhone XR
INFO:root:[Seller]: (Carol,2) sold  0 units of iPhone XS case
INFO:root:[Seller]: (Carol,2) sold  0 units of iPhone XR case
INFO:root:[Seller]: (Carol,2) Revenue in previous quarter:380
INFO:root:[Seller]: (Carol,2) Expenses in previous quarter:25
INFO:root:[Seller]: (Carol,2) Profit in previous quarter:355
INFO:root:[Seller]: (Carol,2) Sales in previous quarter:[0, 4]
INFO:root:[Seller]: (Dave,2) sold  0 units of Google pixel
INFO:root:[Seller]: (Dave,2) sold  0 units of Google pixel case
INFO:root:[Seller]: (Dave,2) Revenue in previous quarter:160
INFO:root:[Seller]: (Dave,2) Expenses in previous quarter:25
INFO:root:[Seller]: (Dave,2) Profit in previous quarter:135
INFO:root:[Seller]: (Dave,2) Sales in previous quarter:[0, 2]
INFO:root:[Seller]: (Eve,2) sold  0 units of Huawei P30 pro
INFO:root:[Seller]: (Eve,2) sold  0 units of Huawei P30 pro case
INFO:root:[Seller]: (Eve,2) Revenue in previous quarter:300
INFO:root:[Seller]: (Eve,2) Expenses in previous quarter:25
INFO:root:[Seller]: (Eve,2) Profit in previous quarter:275
INFO:root:[Seller]: (Eve,2) Sales in previous quarter:[0, 5]
INFO:root:[Customer]: (Simone,2) own the Products:[iPhone XS case] with balance of $ 620
INFO:root:[Customer]:(Simone,3): Next Quarter Begins 
INFO:root:[Customer]:(Simone,3) currently seeing ads for the Products:[iPhone XR case from Seller 1, iPhone XS case from Seller 1]
INFO:root:[Customer]:(Simone,3)'s sentiment is 1 for product:[iPhone XR case] from Seller 1
INFO:root:[Customer]: (Simone,3) prefer high quality, so she doesn't buy any products 
INFO:root:[Customer]:(Simone,3)'s sentiment is 1 for product:[iPhone XS case] from Seller 1
INFO:root:[Customer]:###(Simone,3)doesn't buy any products 
INFO:root:[Customer]:(Simone,3) Posted NEGATIVE tweet for the product iPhone XS case
INFO:root:[Customer]: (Matthew,2) own the Products:[Huawei P30 pro] with balance of $ 300
INFO:root:[Customer]:(Matthew,3): Next Quarter Begins 
INFO:root:[Customer]:(Matthew,3) currently seeing ads for the Products:[iPhone XR case from Seller 1, iPhone XS case from Seller 1, iPhone XR from Seller 1]
INFO:root:[Customer]: (Jimmy,2) own the Products:[iPhone XR case, iPhone XS case, iPhone XR case, iPhone XR] with balance of $ 30
INFO:root:[Customer]: (Lisa,2) own the Products:[iPhone XS case, iPhone XS case, iPhone XR case, Huawei P30 pro case, Google pixel] with balance of $ 50
INFO:root:[Customer]:(Matthew,3)'s sentiment is 1 for product:[iPhone XR case] from Seller 1
INFO:root:[Customer]: (Betsy,2) own the Products:[iPhone XR case, iPhone XS case, iPhone XR case, iPhone XR case, Huawei P30 pro, Huawei P30 pro case, Google pixel case] with balance of $ 180
INFO:root:[Customer]:(Jimmy,3): Next Quarter Begins 
INFO:root:[Customer]:(Lisa,3): Next Quarter Begins 
INFO:root:[Customer]: (Matthew,3) prefer high quality, so she doesn't buy any products 
INFO:root:[Customer]:(Betsy,3): Next Quarter Begins 
INFO:root:[Customer]:(Jimmy,3) currently seeing ads for the Products:[iPhone XR case from Seller 1, iPhone XS case from Seller 1, iPhone XR from Seller 1]
INFO:root:[Customer]:(Lisa,3) currently seeing ads for the Products:[iPhone XR from Seller 1]
INFO:root:[Customer]:(Matthew,3)'s sentiment is 1 for product:[iPhone XS case] from Seller 1
INFO:root:[Customer]:(Betsy,3) currently seeing ads for the Products:[iPhone XR case from Seller 1, iPhone XS case from Seller 1, iPhone XR from Seller 1]
INFO:root:[Customer]:(Jimmy,3)'s sentiment is 1 for product:[iPhone XR case] from Seller 1
INFO:root:[Customer]:(Lisa,3)'s sentiment is 1 for product:[iPhone XR] from Seller 1
INFO:root:[Customer]:###(Matthew,3)doesn't buy any products 
INFO:root:[Customer]:(Betsy,3)'s sentiment is 1 for product:[iPhone XR case] from Seller 1
INFO:root:[Customer]:(Jimmy,3)'s sentiment is 1 for product:[iPhone XS case] from Seller 1
INFO:root:[Customer]:(Matthew,3)'s sentiment is 1 for product:[iPhone XR] from Seller 1
INFO:root:[Customer]: (Betsy,3) buy the Products:[iPhone XR case] from seller1 with price95
INFO:root:[Customer]:(Jimmy,3)'s sentiment is 1 for product:[iPhone XR] from Seller 1
INFO:root:[Customer]:###(Matthew,3)doesn't buy any products 
INFO:root:[Seller]: Seller (Alice,2) sold product iPhone XR case
INFO:root:[Customer]:(Jimmy,3) Posted POSITIVE tweet for the product iPhone XR
INFO:root:[Customer]:(Matthew,3) Posted POSITIVE tweet for the product Huawei P30 pro
INFO:root:[Seller]: (Alice,3) sold  0 units of iPhone XR
INFO:root:[Seller]: (Alice,3) sold  0 units of iPhone XS case
INFO:root:[Seller]: (Alice,3) sold  0 units of iPhone XR case
INFO:root:[Seller]: (Alice,3) Revenue in previous quarter:95
INFO:root:[Seller]: (Alice,3) Expenses in previous quarter:25
INFO:root:[Seller]: (Alice,3) Profit in previous quarter:70
INFO:root:[Seller]: (Alice,3) Sales in previous quarter:[0, 4, 1]
INFO:root:[Customer]: (Simone,3) own the Products:[iPhone XS case] with balance of $ 620
INFO:root:[Customer]:(Simone,4): Next Quarter Begins 
INFO:root:[Customer]:(Simone,4) currently seeing ads for the Products:[]
INFO:root:[Customer]:(Simone,4) Posted NEGATIVE tweet for the product iPhone XS case
INFO:root:[Customer]: (Lisa,3) own the Products:[iPhone XS case, iPhone XS case, iPhone XR case, Huawei P30 pro case, Google pixel] with balance of $ 50
INFO:root:[Customer]:(Lisa,4): Next Quarter Begins 
INFO:root:[Customer]:(Lisa,4) currently seeing ads for the Products:[]
INFO:root:[Customer]:(Lisa,4) Posted POSITIVE tweet for the product iPhone XS case
INFO:root:[Customer]: (Matthew,3) own the Products:[Huawei P30 pro] with balance of $ 300
INFO:root:[Customer]:(Matthew,4): Next Quarter Begins 
INFO:root:[Customer]:(Matthew,4) currently seeing ads for the Products:[]
INFO:root:[Customer]: (Jimmy,3) own the Products:[iPhone XR case, iPhone XS case, iPhone XR case, iPhone XR] with balance of $ 30
INFO:root:[Customer]:(Jimmy,4): Next Quarter Begins 
INFO:root:[Customer]:(Jimmy,4) currently seeing ads for the Products:[]
INFO:root:[Customer]: (Simone,4) own the Products:[iPhone XS case] with balance of $ 620
INFO:root:[Customer]:(Simone,5): Next Quarter Begins 
INFO:root:[Customer]:(Simone,5) currently seeing ads for the Products:[]
INFO:root:[Customer]:(Simone,5) Posted NEGATIVE tweet for the product iPhone XS case
INFO:root:[Customer]: (Lisa,4) own the Products:[iPhone XS case, iPhone XS case, iPhone XR case, Huawei P30 pro case, Google pixel] with balance of $ 50
INFO:root:[Customer]:(Lisa,5): Next Quarter Begins 
INFO:root:[Customer]:(Lisa,5) currently seeing ads for the Products:[]
INFO:root:[Customer]:(Lisa,5) Posted POSITIVE tweet for the product iPhone XR case
INFO:root:[Customer]: (Matthew,4) own the Products:[Huawei P30 pro] with balance of $ 300
INFO:root:[Customer]:(Matthew,5): Next Quarter Begins 
INFO:root:[Customer]:(Matthew,5) currently seeing ads for the Products:[]
INFO:root:[Customer]:(Matthew,5) Posted POSITIVE tweet for the product Huawei P30 pro
INFO:root:[Customer]: (Jimmy,4) own the Products:[iPhone XR case, iPhone XS case, iPhone XR case, iPhone XR] with balance of $ 30
INFO:root:[Customer]:(Jimmy,5): Next Quarter Begins 
INFO:root:[Customer]:(Jimmy,5) currently seeing ads for the Products:[]
INFO:root:[Customer]:(Jimmy,5) Posted POSITIVE tweet for the product iPhone XR case
INFO:root:[Customer]: (Simone,5) own the Products:[iPhone XS case] with balance of $ 620
INFO:root:[Customer]:(Simone,6): Next Quarter Begins 
INFO:root:[Customer]:(Simone,6) currently seeing ads for the Products:[]
INFO:root:[Customer]:(Simone,6) Posted NEGATIVE tweet for the product iPhone XS case
INFO:root:[Customer]: (Lisa,5) own the Products:[iPhone XS case, iPhone XS case, iPhone XR case, Huawei P30 pro case, Google pixel] with balance of $ 50
INFO:root:[Customer]:(Lisa,6): Next Quarter Begins 
INFO:root:[Customer]:(Lisa,6) currently seeing ads for the Products:[]
INFO:root:[Customer]:(Lisa,6) Posted POSITIVE tweet for the product iPhone XS case
INFO:root:[Customer]: (Matthew,5) own the Products:[Huawei P30 pro] with balance of $ 300
INFO:root:[Customer]:(Matthew,6): Next Quarter Begins 
INFO:root:[Customer]:(Matthew,6) currently seeing ads for the Products:[]
INFO:root:[Customer]: (Jimmy,5) own the Products:[iPhone XR case, iPhone XS case, iPhone XR case, iPhone XR] with balance of $ 30
INFO:root:[Customer]:(Jimmy,6): Next Quarter Begins 
INFO:root:[Customer]:(Jimmy,6) currently seeing ads for the Products:[]
INFO:root:[Customer]: (Simone,6) own the Products:[iPhone XS case] with balance of $ 620
INFO:root:[Customer]:(Simone,7): Next Quarter Begins 
INFO:root:[Customer]:(Simone,7) currently seeing ads for the Products:[]
INFO:root:[Customer]:(Simone,7) Posted NEGATIVE tweet for the product iPhone XS case
INFO:root:[Customer]: (Lisa,6) own the Products:[iPhone XS case, iPhone XS case, iPhone XR case, Huawei P30 pro case, Google pixel] with balance of $ 50
INFO:root:[Customer]:(Lisa,7): Next Quarter Begins 
INFO:root:[Customer]:(Lisa,7) currently seeing ads for the Products:[]
INFO:root:[Customer]: (Matthew,6) own the Products:[Huawei P30 pro] with balance of $ 300
INFO:root:[Customer]:(Matthew,7): Next Quarter Begins 
INFO:root:[Customer]:(Matthew,7) currently seeing ads for the Products:[]
INFO:root:[Customer]: (Jimmy,6) own the Products:[iPhone XR case, iPhone XS case, iPhone XR case, iPhone XR] with balance of $ 30
INFO:root:[Customer]:(Jimmy,7): Next Quarter Begins 
INFO:root:[Customer]:(Jimmy,7) currently seeing ads for the Products:[]
INFO:root:[Customer]:(Jimmy,7) Posted POSITIVE tweet for the product iPhone XR case
INFO:root:[Customer]: (Simone,7) own the Products:[iPhone XS case] with balance of $ 620
INFO:root:[Customer]:(Simone,8): Next Quarter Begins 
INFO:root:[Customer]:(Simone,8) currently seeing ads for the Products:[]
INFO:root:[Customer]: (Lisa,7) own the Products:[iPhone XS case, iPhone XS case, iPhone XR case, Huawei P30 pro case, Google pixel] with balance of $ 50
INFO:root:[Customer]:(Lisa,8): Next Quarter Begins 
INFO:root:[Customer]:(Lisa,8) currently seeing ads for the Products:[]
INFO:root:[Customer]: (Matthew,7) own the Products:[Huawei P30 pro] with balance of $ 300
INFO:root:[Customer]:(Matthew,8): Next Quarter Begins 
INFO:root:[Customer]:(Matthew,8) currently seeing ads for the Products:[]
INFO:root:[Customer]: (Jimmy,7) own the Products:[iPhone XR case, iPhone XS case, iPhone XR case, iPhone XR] with balance of $ 30
INFO:root:[Customer]:(Jimmy,8): Next Quarter Begins 
INFO:root:[Customer]:(Jimmy,8) currently seeing ads for the Products:[]
INFO:root:[Customer]: (Simone,8) own the Products:[iPhone XS case] with balance of $ 620
INFO:root:[Customer]:(Simone,9): Next Quarter Begins 
INFO:root:[Customer]:(Simone,9) currently seeing ads for the Products:[]
INFO:root:[Customer]:(Simone,9) Posted NEGATIVE tweet for the product iPhone XS case
INFO:root:[Customer]: (Lisa,8) own the Products:[iPhone XS case, iPhone XS case, iPhone XR case, Huawei P30 pro case, Google pixel] with balance of $ 50
INFO:root:[Customer]:(Lisa,9): Next Quarter Begins 
INFO:root:[Customer]:(Lisa,9) currently seeing ads for the Products:[]
INFO:root:[Customer]:(Lisa,9) Posted POSITIVE tweet for the product Google pixel
INFO:root:[Customer]: (Matthew,8) own the Products:[Huawei P30 pro] with balance of $ 300
INFO:root:[Customer]:(Matthew,9): Next Quarter Begins 
INFO:root:[Customer]:(Matthew,9) currently seeing ads for the Products:[]
INFO:root:[Customer]:(Matthew,9) Posted POSITIVE tweet for the product Huawei P30 pro
INFO:root:[Customer]: (Jimmy,8) own the Products:[iPhone XR case, iPhone XS case, iPhone XR case, iPhone XR] with balance of $ 30
INFO:root:[Customer]:(Jimmy,9): Next Quarter Begins 
INFO:root:[Customer]:(Jimmy,9) currently seeing ads for the Products:[]
INFO:root:[Customer]:(Jimmy,9) Posted POSITIVE tweet for the product iPhone XS case
INFO:root:[Customer]: (Simone,9) own the Products:[iPhone XS case] with balance of $ 620
INFO:root:[Customer]:(Simone,10): Next Quarter Begins 
INFO:root:[Customer]:(Simone,10) currently seeing ads for the Products:[]
INFO:root:[Customer]:(Simone,10) Posted NEGATIVE tweet for the product iPhone XS case
INFO:root:[Customer]: (Lisa,9) own the Products:[iPhone XS case, iPhone XS case, iPhone XR case, Huawei P30 pro case, Google pixel] with balance of $ 50
INFO:root:[Customer]:(Lisa,10): Next Quarter Begins 
INFO:root:[Customer]:(Lisa,10) currently seeing ads for the Products:[]
INFO:root:[Customer]: (Matthew,9) own the Products:[Huawei P30 pro] with balance of $ 300
INFO:root:[Customer]:(Matthew,10): Next Quarter Begins 
INFO:root:[Customer]:(Matthew,10) currently seeing ads for the Products:[]
INFO:root:[Customer]: (Jimmy,9) own the Products:[iPhone XR case, iPhone XS case, iPhone XR case, iPhone XR] with balance of $ 30
INFO:root:[Customer]:(Jimmy,10): Next Quarter Begins 
INFO:root:[Customer]:(Jimmy,10) currently seeing ads for the Products:[]
INFO:root:[Customer]: (Simone,10) own the Products:[iPhone XS case] with balance of $ 620
INFO:root:[Customer]:(Simone,11): Next Quarter Begins 
INFO:root:[Customer]:(Simone,11) currently seeing ads for the Products:[]
INFO:root:[Customer]:(Simone,11) Posted NEGATIVE tweet for the product iPhone XS case
INFO:root:[Customer]: (Lisa,10) own the Products:[iPhone XS case, iPhone XS case, iPhone XR case, Huawei P30 pro case, Google pixel] with balance of $ 50
INFO:root:[Customer]:(Lisa,11): Next Quarter Begins 
INFO:root:[Customer]:(Lisa,11) currently seeing ads for the Products:[]
INFO:root:[Customer]: (Matthew,10) own the Products:[Huawei P30 pro] with balance of $ 300
INFO:root:[Customer]:(Matthew,11): Next Quarter Begins 
INFO:root:[Customer]:(Matthew,11) currently seeing ads for the Products:[]
INFO:root:[Customer]: (Jimmy,10) own the Products:[iPhone XR case, iPhone XS case, iPhone XR case, iPhone XR] with balance of $ 30
INFO:root:[Customer]:(Jimmy,11): Next Quarter Begins 
INFO:root:[Customer]:(Jimmy,11) currently seeing ads for the Products:[]
INFO:root:[Customer]: (Simone,11) own the Products:[iPhone XS case] with balance of $ 620
INFO:root:[Customer]:(Simone,12): Next Quarter Begins 
INFO:root:[Customer]:(Simone,12) currently seeing ads for the Products:[]
INFO:root:[Customer]: (Lisa,11) own the Products:[iPhone XS case, iPhone XS case, iPhone XR case, Huawei P30 pro case, Google pixel] with balance of $ 50
INFO:root:[Customer]:(Lisa,12): Next Quarter Begins 
INFO:root:[Customer]:(Lisa,12) currently seeing ads for the Products:[]
INFO:root:[Customer]: (Matthew,11) own the Products:[Huawei P30 pro] with balance of $ 300
INFO:root:[Customer]:(Matthew,12): Next Quarter Begins 
INFO:root:[Customer]:(Matthew,12) currently seeing ads for the Products:[]
INFO:root:[Customer]: (Jimmy,11) own the Products:[iPhone XR case, iPhone XS case, iPhone XR case, iPhone XR] with balance of $ 30
INFO:root:[Customer]:(Jimmy,12): Next Quarter Begins 
INFO:root:[Customer]:(Jimmy,12) currently seeing ads for the Products:[]
INFO:root:[Customer]: (Simone,12) own the Products:[iPhone XS case] with balance of $ 620
INFO:root:[Customer]:(Simone,13): Next Quarter Begins 
INFO:root:[Customer]:(Simone,13) currently seeing ads for the Products:[]
INFO:root:[Customer]:(Simone,13) Posted NEGATIVE tweet for the product iPhone XS case
INFO:root:[Customer]: (Lisa,12) own the Products:[iPhone XS case, iPhone XS case, iPhone XR case, Huawei P30 pro case, Google pixel] with balance of $ 50
INFO:root:[Customer]:(Lisa,13): Next Quarter Begins 
INFO:root:[Customer]:(Lisa,13) currently seeing ads for the Products:[]
INFO:root:[Customer]:(Lisa,13) Posted POSITIVE tweet for the product Huawei P30 pro case
INFO:root:[Customer]: (Matthew,12) own the Products:[Huawei P30 pro] with balance of $ 300
INFO:root:[Customer]:(Matthew,13): Next Quarter Begins 
INFO:root:[Customer]:(Matthew,13) currently seeing ads for the Products:[]
INFO:root:[Customer]: (Jimmy,12) own the Products:[iPhone XR case, iPhone XS case, iPhone XR case, iPhone XR] with balance of $ 30
INFO:root:[Customer]:(Jimmy,13): Next Quarter Begins 
INFO:root:[Customer]:(Jimmy,13) currently seeing ads for the Products:[]
INFO:root:[Customer]: (Simone,13) own the Products:[iPhone XS case] with balance of $ 620
INFO:root:[Customer]:(Simone,14): Next Quarter Begins 
INFO:root:[Customer]:(Simone,14) currently seeing ads for the Products:[]
INFO:root:[Customer]: (Lisa,13) own the Products:[iPhone XS case, iPhone XS case, iPhone XR case, Huawei P30 pro case, Google pixel] with balance of $ 50
INFO:root:[Customer]:(Lisa,14): Next Quarter Begins 
INFO:root:[Customer]:(Lisa,14) currently seeing ads for the Products:[]
INFO:root:[Customer]: (Matthew,13) own the Products:[Huawei P30 pro] with balance of $ 300
INFO:root:[Customer]:(Matthew,14): Next Quarter Begins 
INFO:root:[Customer]:(Matthew,14) currently seeing ads for the Products:[]
INFO:root:[Customer]: (Jimmy,13) own the Products:[iPhone XR case, iPhone XS case, iPhone XR case, iPhone XR] with balance of $ 30
INFO:root:[Customer]:(Jimmy,14): Next Quarter Begins 
INFO:root:[Customer]:(Jimmy,14) currently seeing ads for the Products:[]
INFO:root:[Customer]: (Simone,14) own the Products:[iPhone XS case] with balance of $ 620
INFO:root:[Customer]:(Simone,15): Next Quarter Begins 
INFO:root:[Customer]:(Simone,15) currently seeing ads for the Products:[]
INFO:root:[Customer]:(Simone,15) Posted NEGATIVE tweet for the product iPhone XS case
INFO:root:[Customer]: (Lisa,14) own the Products:[iPhone XS case, iPhone XS case, iPhone XR case, Huawei P30 pro case, Google pixel] with balance of $ 50
INFO:root:[Customer]:(Lisa,15): Next Quarter Begins 
INFO:root:[Customer]:(Lisa,15) currently seeing ads for the Products:[]
INFO:root:[Customer]:(Lisa,15) Posted POSITIVE tweet for the product iPhone XS case
INFO:root:[Customer]: (Matthew,14) own the Products:[Huawei P30 pro] with balance of $ 300
INFO:root:[Customer]:(Matthew,15): Next Quarter Begins 
INFO:root:[Customer]:(Matthew,15) currently seeing ads for the Products:[]
INFO:root:[Customer]:(Matthew,15) Posted POSITIVE tweet for the product Huawei P30 pro
INFO:root:[Customer]: (Jimmy,14) own the Products:[iPhone XR case, iPhone XS case, iPhone XR case, iPhone XR] with balance of $ 30
INFO:root:[Customer]:(Jimmy,15): Next Quarter Begins 
INFO:root:[Customer]:(Jimmy,15) currently seeing ads for the Products:[]
INFO:root:[Customer]: (Simone,15) own the Products:[iPhone XS case] with balance of $ 620
INFO:root:[Customer]:(Simone,16): Next Quarter Begins 
INFO:root:[Customer]:(Simone,16) currently seeing ads for the Products:[]
INFO:root:[Customer]: (Lisa,15) own the Products:[iPhone XS case, iPhone XS case, iPhone XR case, Huawei P30 pro case, Google pixel] with balance of $ 50
INFO:root:[Customer]:(Lisa,16): Next Quarter Begins 
INFO:root:[Customer]:(Lisa,16) currently seeing ads for the Products:[]
INFO:root:[Customer]: (Matthew,15) own the Products:[Huawei P30 pro] with balance of $ 300
INFO:root:[Customer]:(Matthew,16): Next Quarter Begins 
INFO:root:[Customer]:(Matthew,16) currently seeing ads for the Products:[]
INFO:root:[Customer]: (Jimmy,15) own the Products:[iPhone XR case, iPhone XS case, iPhone XR case, iPhone XR] with balance of $ 30
INFO:root:[Customer]:(Jimmy,16): Next Quarter Begins 
INFO:root:[Customer]:(Jimmy,16) currently seeing ads for the Products:[]
INFO:root:[Customer]: (Simone,16) own the Products:[iPhone XS case] with balance of $ 620
INFO:root:[Customer]:(Simone,17): Next Quarter Begins 
INFO:root:[Customer]:(Simone,17) currently seeing ads for the Products:[]
INFO:root:[Customer]:(Simone,17) Posted NEGATIVE tweet for the product iPhone XS case
INFO:root:[Customer]: (Lisa,16) own the Products:[iPhone XS case, iPhone XS case, iPhone XR case, Huawei P30 pro case, Google pixel] with balance of $ 50
INFO:root:[Customer]:(Lisa,17): Next Quarter Begins 
INFO:root:[Customer]:(Lisa,17) currently seeing ads for the Products:[]
INFO:root:[Customer]:(Lisa,17) Posted POSITIVE tweet for the product Google pixel
INFO:root:[Customer]: (Matthew,16) own the Products:[Huawei P30 pro] with balance of $ 300
INFO:root:[Customer]:(Matthew,17): Next Quarter Begins 
INFO:root:[Customer]:(Matthew,17) currently seeing ads for the Products:[]
INFO:root:[Customer]:(Matthew,17) Posted POSITIVE tweet for the product Huawei P30 pro
INFO:root:[Customer]: (Jimmy,16) own the Products:[iPhone XR case, iPhone XS case, iPhone XR case, iPhone XR] with balance of $ 30
INFO:root:[Customer]:(Jimmy,17): Next Quarter Begins 
INFO:root:[Customer]:(Jimmy,17) currently seeing ads for the Products:[]
INFO:root:[Customer]:(Jimmy,17) Posted POSITIVE tweet for the product iPhone XR
INFO:root:[Customer]: (Simone,17) own the Products:[iPhone XS case] with balance of $ 620
INFO:root:[Customer]:(Simone,18): Next Quarter Begins 
INFO:root:[Customer]:(Simone,18) currently seeing ads for the Products:[]
INFO:root:[Customer]: (Lisa,17) own the Products:[iPhone XS case, iPhone XS case, iPhone XR case, Huawei P30 pro case, Google pixel] with balance of $ 50
INFO:root:[Customer]:(Lisa,18): Next Quarter Begins 
INFO:root:[Customer]:(Lisa,18) currently seeing ads for the Products:[]
INFO:root:[Customer]: (Matthew,17) own the Products:[Huawei P30 pro] with balance of $ 300
INFO:root:[Customer]:(Matthew,18): Next Quarter Begins 
INFO:root:[Customer]:(Matthew,18) currently seeing ads for the Products:[]
INFO:root:[Customer]:(Matthew,18) Posted POSITIVE tweet for the product Huawei P30 pro
INFO:root:[Customer]: (Jimmy,17) own the Products:[iPhone XR case, iPhone XS case, iPhone XR case, iPhone XR] with balance of $ 30
INFO:root:[Customer]:(Jimmy,18): Next Quarter Begins 
INFO:root:[Customer]:(Jimmy,18) currently seeing ads for the Products:[]
INFO:root:[Customer]: (Simone,18) own the Products:[iPhone XS case] with balance of $ 620
INFO:root:[Customer]:(Simone,19): Next Quarter Begins 
INFO:root:[Customer]:(Simone,19) currently seeing ads for the Products:[]
INFO:root:[Customer]: (Lisa,18) own the Products:[iPhone XS case, iPhone XS case, iPhone XR case, Huawei P30 pro case, Google pixel] with balance of $ 50
INFO:root:[Customer]:(Lisa,19): Next Quarter Begins 
INFO:root:[Customer]:(Lisa,19) currently seeing ads for the Products:[]
INFO:root:[Customer]:(Lisa,19) Posted POSITIVE tweet for the product Huawei P30 pro case
INFO:root:[Customer]: (Matthew,18) own the Products:[Huawei P30 pro] with balance of $ 300
INFO:root:[Customer]:(Matthew,19): Next Quarter Begins 
INFO:root:[Customer]:(Matthew,19) currently seeing ads for the Products:[]
INFO:root:[Customer]: (Jimmy,18) own the Products:[iPhone XR case, iPhone XS case, iPhone XR case, iPhone XR] with balance of $ 30
INFO:root:[Customer]:(Jimmy,19): Next Quarter Begins 
INFO:root:[Customer]:(Jimmy,19) currently seeing ads for the Products:[]
INFO:root:[Customer]:(Jimmy,19) Posted POSITIVE tweet for the product iPhone XR case
INFO:root:[Customer]: (Simone,19) own the Products:[iPhone XS case] with balance of $ 620
INFO:root:[Customer]:(Simone,20): Next Quarter Begins 
INFO:root:[Customer]:(Simone,20) currently seeing ads for the Products:[]
INFO:root:[Customer]:(Simone,20) Posted NEGATIVE tweet for the product iPhone XS case
INFO:root:[Customer]: (Lisa,19) own the Products:[iPhone XS case, iPhone XS case, iPhone XR case, Huawei P30 pro case, Google pixel] with balance of $ 50
INFO:root:[Customer]:(Lisa,20): Next Quarter Begins 
INFO:root:[Customer]:(Lisa,20) currently seeing ads for the Products:[]
INFO:root:[Customer]:(Lisa,20) Posted POSITIVE tweet for the product Huawei P30 pro case
INFO:root:[Customer]: (Matthew,19) own the Products:[Huawei P30 pro] with balance of $ 300
INFO:root:[Customer]:(Matthew,20): Next Quarter Begins 
INFO:root:[Customer]:(Matthew,20) currently seeing ads for the Products:[]
INFO:root:[Customer]: (Jimmy,19) own the Products:[iPhone XR case, iPhone XS case, iPhone XR case, iPhone XR] with balance of $ 30
INFO:root:[Customer]:(Jimmy,20): Next Quarter Begins 
INFO:root:[Customer]:(Jimmy,20) currently seeing ads for the Products:[]
INFO:root:[Customer]: (Simone,20) own the Products:[iPhone XS case] with balance of $ 620
INFO:root:[Customer]:(Simone,21): Next Quarter Begins 
INFO:root:[Customer]:(Simone,21) currently seeing ads for the Products:[]
INFO:root:[Customer]:(Simone,21) Posted NEGATIVE tweet for the product iPhone XS case
INFO:root:[Customer]: (Lisa,20) own the Products:[iPhone XS case, iPhone XS case, iPhone XR case, Huawei P30 pro case, Google pixel] with balance of $ 50
INFO:root:[Customer]:(Lisa,21): Next Quarter Begins 
INFO:root:[Customer]:(Lisa,21) currently seeing ads for the Products:[]
INFO:root:[Customer]:(Lisa,21) Posted POSITIVE tweet for the product Huawei P30 pro case
INFO:root:[Customer]: (Matthew,20) own the Products:[Huawei P30 pro] with balance of $ 300
INFO:root:[Customer]:(Matthew,21): Next Quarter Begins 
INFO:root:[Customer]:(Matthew,21) currently seeing ads for the Products:[]
INFO:root:[Customer]: (Jimmy,20) own the Products:[iPhone XR case, iPhone XS case, iPhone XR case, iPhone XR] with balance of $ 30
INFO:root:[Customer]:(Jimmy,21): Next Quarter Begins 
INFO:root:[Customer]:(Jimmy,21) currently seeing ads for the Products:[]
INFO:root:[Customer]: (Simone,21) own the Products:[iPhone XS case] with balance of $ 620
INFO:root:[Customer]:(Simone,22): Next Quarter Begins 
INFO:root:[Customer]:(Simone,22) currently seeing ads for the Products:[]
INFO:root:[Customer]: (Lisa,21) own the Products:[iPhone XS case, iPhone XS case, iPhone XR case, Huawei P30 pro case, Google pixel] with balance of $ 50
INFO:root:[Customer]:(Lisa,22): Next Quarter Begins 
INFO:root:[Customer]:(Lisa,22) currently seeing ads for the Products:[]
INFO:root:[Customer]:(Lisa,22) Posted POSITIVE tweet for the product Google pixel
INFO:root:[Customer]: (Matthew,21) own the Products:[Huawei P30 pro] with balance of $ 300
INFO:root:[Customer]:(Matthew,22): Next Quarter Begins 
INFO:root:[Customer]:(Matthew,22) currently seeing ads for the Products:[]
INFO:root:[Customer]:(Matthew,22) Posted POSITIVE tweet for the product Huawei P30 pro
INFO:root:[Customer]: (Jimmy,21) own the Products:[iPhone XR case, iPhone XS case, iPhone XR case, iPhone XR] with balance of $ 30
INFO:root:[Customer]:(Jimmy,22): Next Quarter Begins 
INFO:root:[Customer]:(Jimmy,22) currently seeing ads for the Products:[]
INFO:root:[Customer]:(Jimmy,22) Posted POSITIVE tweet for the product iPhone XS case
INFO:root:[Customer]: (Simone,22) own the Products:[iPhone XS case] with balance of $ 620
INFO:root:[Customer]:(Simone,23): Next Quarter Begins 
INFO:root:[Customer]:(Simone,23) currently seeing ads for the Products:[]
INFO:root:[Customer]:(Simone,23) Posted NEGATIVE tweet for the product iPhone XS case
INFO:root:[Customer]: (Lisa,22) own the Products:[iPhone XS case, iPhone XS case, iPhone XR case, Huawei P30 pro case, Google pixel] with balance of $ 50
INFO:root:[Customer]:(Lisa,23): Next Quarter Begins 
INFO:root:[Customer]:(Lisa,23) currently seeing ads for the Products:[]
INFO:root:[Customer]:(Lisa,23) Posted POSITIVE tweet for the product iPhone XS case
INFO:root:[Customer]: (Matthew,22) own the Products:[Huawei P30 pro] with balance of $ 300
INFO:root:[Customer]:(Matthew,23): Next Quarter Begins 
INFO:root:[Customer]:(Matthew,23) currently seeing ads for the Products:[]
INFO:root:[Customer]:(Matthew,23) Posted POSITIVE tweet for the product Huawei P30 pro
INFO:root:[Customer]: (Jimmy,22) own the Products:[iPhone XR case, iPhone XS case, iPhone XR case, iPhone XR] with balance of $ 30
INFO:root:[Customer]:(Jimmy,23): Next Quarter Begins 
INFO:root:[Customer]:(Jimmy,23) currently seeing ads for the Products:[]
INFO:root:[Customer]: (Simone,23) own the Products:[iPhone XS case] with balance of $ 620
INFO:root:[Customer]:(Simone,24): Next Quarter Begins 
INFO:root:[Customer]:(Simone,24) currently seeing ads for the Products:[]
INFO:root:[Customer]: (Lisa,23) own the Products:[iPhone XS case, iPhone XS case, iPhone XR case, Huawei P30 pro case, Google pixel] with balance of $ 50
INFO:root:[Customer]:(Lisa,24): Next Quarter Begins 
INFO:root:[Customer]:(Lisa,24) currently seeing ads for the Products:[]
INFO:root:[Customer]: (Matthew,23) own the Products:[Huawei P30 pro] with balance of $ 300
INFO:root:[Customer]:(Matthew,24): Next Quarter Begins 
INFO:root:[Customer]:(Matthew,24) currently seeing ads for the Products:[]
INFO:root:[Customer]: (Jimmy,23) own the Products:[iPhone XR case, iPhone XS case, iPhone XR case, iPhone XR] with balance of $ 30
INFO:root:[Customer]:(Jimmy,24): Next Quarter Begins 
INFO:root:[Customer]:(Jimmy,24) currently seeing ads for the Products:[]
INFO:root:[Customer]:(Jimmy,24) Posted POSITIVE tweet for the product iPhone XR
INFO:root:[Customer]: (Simone,24) own the Products:[iPhone XS case] with balance of $ 620
INFO:root:[Customer]:(Simone,25): Next Quarter Begins 
INFO:root:[Customer]:(Simone,25) currently seeing ads for the Products:[]
INFO:root:[Customer]:(Simone,25) Posted NEGATIVE tweet for the product iPhone XS case
INFO:root:[Customer]: (Lisa,24) own the Products:[iPhone XS case, iPhone XS case, iPhone XR case, Huawei P30 pro case, Google pixel] with balance of $ 50
INFO:root:[Customer]:(Lisa,25): Next Quarter Begins 
INFO:root:[Customer]:(Lisa,25) currently seeing ads for the Products:[]
INFO:root:[Customer]:(Lisa,25) Posted POSITIVE tweet for the product Google pixel
INFO:root:[Customer]: (Matthew,24) own the Products:[Huawei P30 pro] with balance of $ 300
INFO:root:[Customer]:(Matthew,25): Next Quarter Begins 
INFO:root:[Customer]:(Matthew,25) currently seeing ads for the Products:[]
INFO:root:[Customer]:(Matthew,25) Posted POSITIVE tweet for the product Huawei P30 pro
INFO:root:[Customer]: (Jimmy,24) own the Products:[iPhone XR case, iPhone XS case, iPhone XR case, iPhone XR] with balance of $ 30
INFO:root:[Customer]:(Jimmy,25): Next Quarter Begins 
INFO:root:[Customer]:(Jimmy,25) currently seeing ads for the Products:[]
INFO:root:[Customer]:(Jimmy,25) Posted POSITIVE tweet for the product iPhone XS case
INFO:root:[Customer]: (Simone,25) own the Products:[iPhone XS case] with balance of $ 620
INFO:root:[Customer]:(Simone,26): Next Quarter Begins 
INFO:root:[Customer]:(Simone,26) currently seeing ads for the Products:[]
INFO:root:[Customer]: (Lisa,25) own the Products:[iPhone XS case, iPhone XS case, iPhone XR case, Huawei P30 pro case, Google pixel] with balance of $ 50
INFO:root:[Customer]:(Lisa,26): Next Quarter Begins 
INFO:root:[Customer]:(Lisa,26) currently seeing ads for the Products:[]
INFO:root:[Customer]: (Matthew,25) own the Products:[Huawei P30 pro] with balance of $ 300
INFO:root:[Customer]:(Matthew,26): Next Quarter Begins 
INFO:root:[Customer]:(Matthew,26) currently seeing ads for the Products:[]
INFO:root:[Customer]: (Jimmy,25) own the Products:[iPhone XR case, iPhone XS case, iPhone XR case, iPhone XR] with balance of $ 30
INFO:root:[Customer]:(Jimmy,26): Next Quarter Begins 
INFO:root:[Customer]:(Jimmy,26) currently seeing ads for the Products:[]
INFO:root:[Customer]:(Jimmy,26) Posted POSITIVE tweet for the product iPhone XR case
INFO:root:[Customer]: (Simone,26) own the Products:[iPhone XS case] with balance of $ 620
INFO:root:[Customer]:(Simone,27): Next Quarter Begins 
INFO:root:[Customer]:(Simone,27) currently seeing ads for the Products:[]
INFO:root:[Customer]: (Lisa,26) own the Products:[iPhone XS case, iPhone XS case, iPhone XR case, Huawei P30 pro case, Google pixel] with balance of $ 50
INFO:root:[Customer]:(Lisa,27): Next Quarter Begins 
INFO:root:[Customer]:(Lisa,27) currently seeing ads for the Products:[]
INFO:root:[Customer]:(Lisa,27) Posted POSITIVE tweet for the product iPhone XS case
INFO:root:[Customer]: (Matthew,26) own the Products:[Huawei P30 pro] with balance of $ 300
INFO:root:[Customer]:(Matthew,27): Next Quarter Begins 
INFO:root:[Customer]:(Matthew,27) currently seeing ads for the Products:[]
INFO:root:[Customer]: (Jimmy,26) own the Products:[iPhone XR case, iPhone XS case, iPhone XR case, iPhone XR] with balance of $ 30
INFO:root:[Customer]:(Jimmy,27): Next Quarter Begins 
INFO:root:[Customer]:(Jimmy,27) currently seeing ads for the Products:[]
INFO:root:[Customer]: (Simone,27) own the Products:[iPhone XS case] with balance of $ 620
INFO:root:[Customer]:(Simone,28): Next Quarter Begins 
INFO:root:[Customer]:(Simone,28) currently seeing ads for the Products:[]
INFO:root:[Customer]: (Lisa,27) own the Products:[iPhone XS case, iPhone XS case, iPhone XR case, Huawei P30 pro case, Google pixel] with balance of $ 50
INFO:root:[Customer]:(Lisa,28): Next Quarter Begins 
INFO:root:[Customer]:(Lisa,28) currently seeing ads for the Products:[]
INFO:root:[Customer]:(Lisa,28) Posted POSITIVE tweet for the product Google pixel
INFO:root:[Customer]: (Matthew,27) own the Products:[Huawei P30 pro] with balance of $ 300
INFO:root:[Customer]:(Matthew,28): Next Quarter Begins 
INFO:root:[Customer]:(Matthew,28) currently seeing ads for the Products:[]
INFO:root:[Customer]: (Jimmy,27) own the Products:[iPhone XR case, iPhone XS case, iPhone XR case, iPhone XR] with balance of $ 30
INFO:root:[Customer]:(Jimmy,28): Next Quarter Begins 
INFO:root:[Customer]:(Jimmy,28) currently seeing ads for the Products:[]
INFO:root:[Customer]:(Jimmy,28) Posted POSITIVE tweet for the product iPhone XS case
INFO:root:[Customer]: (Simone,28) own the Products:[iPhone XS case] with balance of $ 620
INFO:root:[Customer]:(Simone,29): Next Quarter Begins 
INFO:root:[Customer]:(Simone,29) currently seeing ads for the Products:[]
INFO:root:[Customer]:(Simone,29) Posted NEGATIVE tweet for the product iPhone XS case
INFO:root:[Customer]: (Lisa,28) own the Products:[iPhone XS case, iPhone XS case, iPhone XR case, Huawei P30 pro case, Google pixel] with balance of $ 50
INFO:root:[Customer]:(Lisa,29): Next Quarter Begins 
INFO:root:[Customer]:(Lisa,29) currently seeing ads for the Products:[]
INFO:root:[Customer]:(Lisa,29) Posted POSITIVE tweet for the product iPhone XR case
INFO:root:[Customer]: (Matthew,28) own the Products:[Huawei P30 pro] with balance of $ 300
INFO:root:[Customer]:(Matthew,29): Next Quarter Begins 
INFO:root:[Customer]:(Matthew,29) currently seeing ads for the Products:[]
INFO:root:[Customer]: (Jimmy,28) own the Products:[iPhone XR case, iPhone XS case, iPhone XR case, iPhone XR] with balance of $ 30
INFO:root:[Customer]:(Jimmy,29): Next Quarter Begins 
INFO:root:[Customer]:(Jimmy,29) currently seeing ads for the Products:[]
INFO:root:[Customer]:(Jimmy,29) Posted POSITIVE tweet for the product iPhone XR case
INFO:root:[Customer]: (Simone,29) own the Products:[iPhone XS case] with balance of $ 620
INFO:root:[Customer]:(Simone,30): Next Quarter Begins 
INFO:root:[Customer]:(Simone,30) currently seeing ads for the Products:[]
INFO:root:[Customer]: (Lisa,29) own the Products:[iPhone XS case, iPhone XS case, iPhone XR case, Huawei P30 pro case, Google pixel] with balance of $ 50
INFO:root:[Customer]:(Lisa,30): Next Quarter Begins 
INFO:root:[Customer]:(Lisa,30) currently seeing ads for the Products:[]
INFO:root:[Customer]:(Lisa,30) Posted POSITIVE tweet for the product iPhone XR case
INFO:root:[Customer]: (Matthew,29) own the Products:[Huawei P30 pro] with balance of $ 300
INFO:root:[Customer]:(Matthew,30): Next Quarter Begins 
INFO:root:[Customer]:(Matthew,30) currently seeing ads for the Products:[]
INFO:root:[Customer]:(Matthew,30) Posted POSITIVE tweet for the product Huawei P30 pro
INFO:root:[Customer]: (Jimmy,29) own the Products:[iPhone XR case, iPhone XS case, iPhone XR case, iPhone XR] with balance of $ 30
INFO:root:[Customer]:(Jimmy,30): Next Quarter Begins 
INFO:root:[Customer]:(Jimmy,30) currently seeing ads for the Products:[]
INFO:root:[Customer]: (Simone,30) own the Products:[iPhone XS case] with balance of $ 620
INFO:root:[Customer]:(Simone,31): Next Quarter Begins 
INFO:root:[Customer]:(Simone,31) currently seeing ads for the Products:[]
INFO:root:[Customer]: (Lisa,30) own the Products:[iPhone XS case, iPhone XS case, iPhone XR case, Huawei P30 pro case, Google pixel] with balance of $ 50
INFO:root:[Customer]:(Lisa,31): Next Quarter Begins 
INFO:root:[Customer]:(Lisa,31) currently seeing ads for the Products:[]
INFO:root:[Customer]:(Lisa,31) Posted POSITIVE tweet for the product iPhone XR case
INFO:root:[Customer]: (Matthew,30) own the Products:[Huawei P30 pro] with balance of $ 300
INFO:root:[Customer]:(Matthew,31): Next Quarter Begins 
INFO:root:[Customer]:(Matthew,31) currently seeing ads for the Products:[]
INFO:root:[Customer]:(Matthew,31) Posted POSITIVE tweet for the product Huawei P30 pro
INFO:root:[Customer]: (Jimmy,30) own the Products:[iPhone XR case, iPhone XS case, iPhone XR case, iPhone XR] with balance of $ 30
INFO:root:[Customer]:(Jimmy,31): Next Quarter Begins 
INFO:root:[Customer]:(Jimmy,31) currently seeing ads for the Products:[]
INFO:root:[Customer]:(Jimmy,31) Posted POSITIVE tweet for the product iPhone XR case
INFO:root:[Customer]: (Simone,31) own the Products:[iPhone XS case] with balance of $ 620
INFO:root:[Customer]:(Simone,32): Next Quarter Begins 
INFO:root:[Customer]:(Simone,32) currently seeing ads for the Products:[]
INFO:root:[Customer]:(Simone,32) Posted NEGATIVE tweet for the product iPhone XS case
INFO:root:[Customer]: (Lisa,31) own the Products:[iPhone XS case, iPhone XS case, iPhone XR case, Huawei P30 pro case, Google pixel] with balance of $ 50
INFO:root:[Customer]:(Lisa,32): Next Quarter Begins 
INFO:root:[Customer]:(Lisa,32) currently seeing ads for the Products:[]
INFO:root:[Customer]: (Matthew,31) own the Products:[Huawei P30 pro] with balance of $ 300
INFO:root:[Customer]:(Matthew,32): Next Quarter Begins 
INFO:root:[Customer]:(Matthew,32) currently seeing ads for the Products:[]
INFO:root:[Customer]: (Jimmy,31) own the Products:[iPhone XR case, iPhone XS case, iPhone XR case, iPhone XR] with balance of $ 30
INFO:root:[Customer]:(Jimmy,32): Next Quarter Begins 
INFO:root:[Customer]:(Jimmy,32) currently seeing ads for the Products:[]
INFO:root:[Customer]: (Simone,32) own the Products:[iPhone XS case] with balance of $ 620
INFO:root:[Customer]:(Simone,33): Next Quarter Begins 
INFO:root:[Customer]:(Simone,33) currently seeing ads for the Products:[]
INFO:root:[Customer]:(Simone,33) Posted NEGATIVE tweet for the product iPhone XS case
INFO:root:[Customer]: (Lisa,32) own the Products:[iPhone XS case, iPhone XS case, iPhone XR case, Huawei P30 pro case, Google pixel] with balance of $ 50
INFO:root:[Customer]:(Lisa,33): Next Quarter Begins 
INFO:root:[Customer]:(Lisa,33) currently seeing ads for the Products:[]
INFO:root:[Customer]: (Matthew,32) own the Products:[Huawei P30 pro] with balance of $ 300
INFO:root:[Customer]:(Matthew,33): Next Quarter Begins 
INFO:root:[Customer]:(Matthew,33) currently seeing ads for the Products:[]
INFO:root:[Customer]:(Matthew,33) Posted POSITIVE tweet for the product Huawei P30 pro
INFO:root:[Customer]: (Jimmy,32) own the Products:[iPhone XR case, iPhone XS case, iPhone XR case, iPhone XR] with balance of $ 30
INFO:root:[Customer]:(Jimmy,33): Next Quarter Begins 
INFO:root:[Customer]:(Jimmy,33) currently seeing ads for the Products:[]
INFO:root:[Customer]: (Simone,33) own the Products:[iPhone XS case] with balance of $ 620
INFO:root:[Customer]:(Simone,34): Next Quarter Begins 
INFO:root:[Customer]:(Simone,34) currently seeing ads for the Products:[]
INFO:root:[Customer]: (Lisa,33) own the Products:[iPhone XS case, iPhone XS case, iPhone XR case, Huawei P30 pro case, Google pixel] with balance of $ 50
INFO:root:[Customer]:(Lisa,34): Next Quarter Begins 
INFO:root:[Customer]:(Lisa,34) currently seeing ads for the Products:[]
INFO:root:[Customer]: (Matthew,33) own the Products:[Huawei P30 pro] with balance of $ 300
INFO:root:[Customer]:(Matthew,34): Next Quarter Begins 
INFO:root:[Customer]:(Matthew,34) currently seeing ads for the Products:[]
INFO:root:[Customer]:(Matthew,34) Posted POSITIVE tweet for the product Huawei P30 pro
INFO:root:[Customer]: (Jimmy,33) own the Products:[iPhone XR case, iPhone XS case, iPhone XR case, iPhone XR] with balance of $ 30
INFO:root:[Customer]:(Jimmy,34): Next Quarter Begins 
INFO:root:[Customer]:(Jimmy,34) currently seeing ads for the Products:[]
INFO:root:[Customer]:(Jimmy,34) Posted POSITIVE tweet for the product iPhone XR case
INFO:root:[Customer]: (Simone,34) own the Products:[iPhone XS case] with balance of $ 620
INFO:root:[Customer]:(Simone,35): Next Quarter Begins 
INFO:root:[Customer]:(Simone,35) currently seeing ads for the Products:[]
INFO:root:[Customer]: (Lisa,34) own the Products:[iPhone XS case, iPhone XS case, iPhone XR case, Huawei P30 pro case, Google pixel] with balance of $ 50
INFO:root:[Customer]:(Lisa,35): Next Quarter Begins 
INFO:root:[Customer]:(Lisa,35) currently seeing ads for the Products:[]
INFO:root:[Customer]:(Lisa,35) Posted POSITIVE tweet for the product Google pixel
INFO:root:[Customer]: (Matthew,34) own the Products:[Huawei P30 pro] with balance of $ 300
INFO:root:[Customer]:(Matthew,35): Next Quarter Begins 
INFO:root:[Customer]:(Matthew,35) currently seeing ads for the Products:[]
INFO:root:[Customer]: (Jimmy,34) own the Products:[iPhone XR case, iPhone XS case, iPhone XR case, iPhone XR] with balance of $ 30
INFO:root:[Customer]:(Jimmy,35): Next Quarter Begins 
INFO:root:[Customer]:(Jimmy,35) currently seeing ads for the Products:[]
INFO:root:[Customer]: (Simone,35) own the Products:[iPhone XS case] with balance of $ 620
INFO:root:[Customer]:(Simone,36): Next Quarter Begins 
INFO:root:[Customer]:(Simone,36) currently seeing ads for the Products:[]
INFO:root:[Customer]: (Lisa,35) own the Products:[iPhone XS case, iPhone XS case, iPhone XR case, Huawei P30 pro case, Google pixel] with balance of $ 50
INFO:root:[Customer]:(Lisa,36): Next Quarter Begins 
INFO:root:[Customer]:(Lisa,36) currently seeing ads for the Products:[]
INFO:root:[Customer]:(Lisa,36) Posted POSITIVE tweet for the product Huawei P30 pro case
INFO:root:[Customer]: (Matthew,35) own the Products:[Huawei P30 pro] with balance of $ 300
INFO:root:[Customer]:(Matthew,36): Next Quarter Begins 
INFO:root:[Customer]:(Matthew,36) currently seeing ads for the Products:[]
INFO:root:[Customer]:(Matthew,36) Posted POSITIVE tweet for the product Huawei P30 pro
INFO:root:[Customer]: (Jimmy,35) own the Products:[iPhone XR case, iPhone XS case, iPhone XR case, iPhone XR] with balance of $ 30
INFO:root:[Customer]:(Jimmy,36): Next Quarter Begins 
INFO:root:[Customer]:(Jimmy,36) currently seeing ads for the Products:[]
INFO:root:[Customer]:(Jimmy,36) Posted POSITIVE tweet for the product iPhone XR case
INFO:root:[Customer]: (Simone,36) own the Products:[iPhone XS case] with balance of $ 620
INFO:root:[Customer]:(Simone,37): Next Quarter Begins 
INFO:root:[Customer]:(Simone,37) currently seeing ads for the Products:[]
INFO:root:[Customer]:(Simone,37) Posted NEGATIVE tweet for the product iPhone XS case
INFO:root:[Customer]: (Lisa,36) own the Products:[iPhone XS case, iPhone XS case, iPhone XR case, Huawei P30 pro case, Google pixel] with balance of $ 50
INFO:root:[Customer]:(Lisa,37): Next Quarter Begins 
INFO:root:[Customer]:(Lisa,37) currently seeing ads for the Products:[]
INFO:root:[Customer]:(Lisa,37) Posted POSITIVE tweet for the product Huawei P30 pro case
INFO:root:[Customer]: (Matthew,36) own the Products:[Huawei P30 pro] with balance of $ 300
INFO:root:[Customer]:(Matthew,37): Next Quarter Begins 
INFO:root:[Customer]:(Matthew,37) currently seeing ads for the Products:[]
INFO:root:[Customer]:(Matthew,37) Posted POSITIVE tweet for the product Huawei P30 pro
INFO:root:[Customer]: (Jimmy,36) own the Products:[iPhone XR case, iPhone XS case, iPhone XR case, iPhone XR] with balance of $ 30
INFO:root:[Customer]:(Jimmy,37): Next Quarter Begins 
INFO:root:[Customer]:(Jimmy,37) currently seeing ads for the Products:[]
INFO:root:[Customer]:(Jimmy,37) Posted POSITIVE tweet for the product iPhone XR case
INFO:root:[Customer]: (Simone,37) own the Products:[iPhone XS case] with balance of $ 620
INFO:root:[Customer]:(Simone,38): Next Quarter Begins 
INFO:root:[Customer]:(Simone,38) currently seeing ads for the Products:[]
INFO:root:[Customer]:(Simone,38) Posted NEGATIVE tweet for the product iPhone XS case
INFO:root:[Customer]: (Lisa,37) own the Products:[iPhone XS case, iPhone XS case, iPhone XR case, Huawei P30 pro case, Google pixel] with balance of $ 50
INFO:root:[Customer]:(Lisa,38): Next Quarter Begins 
INFO:root:[Customer]:(Lisa,38) currently seeing ads for the Products:[]
INFO:root:[Customer]: (Matthew,37) own the Products:[Huawei P30 pro] with balance of $ 300
INFO:root:[Customer]:(Matthew,38): Next Quarter Begins 
INFO:root:[Customer]:(Matthew,38) currently seeing ads for the Products:[]
INFO:root:[Customer]:(Matthew,38) Posted POSITIVE tweet for the product Huawei P30 pro
INFO:root:[Customer]: (Jimmy,37) own the Products:[iPhone XR case, iPhone XS case, iPhone XR case, iPhone XR] with balance of $ 30
INFO:root:[Customer]:(Jimmy,38): Next Quarter Begins 
INFO:root:[Customer]:(Jimmy,38) currently seeing ads for the Products:[]
INFO:root:[Customer]: (Simone,38) own the Products:[iPhone XS case] with balance of $ 620
INFO:root:[Customer]:(Simone,39): Next Quarter Begins 
INFO:root:[Customer]:(Simone,39) currently seeing ads for the Products:[]
INFO:root:[Customer]: (Lisa,38) own the Products:[iPhone XS case, iPhone XS case, iPhone XR case, Huawei P30 pro case, Google pixel] with balance of $ 50
INFO:root:[Customer]:(Lisa,39): Next Quarter Begins 
INFO:root:[Customer]:(Lisa,39) currently seeing ads for the Products:[]
INFO:root:[Customer]:(Lisa,39) Posted POSITIVE tweet for the product iPhone XS case
INFO:root:[Customer]: (Matthew,38) own the Products:[Huawei P30 pro] with balance of $ 300
INFO:root:[Customer]:(Matthew,39): Next Quarter Begins 
INFO:root:[Customer]:(Matthew,39) currently seeing ads for the Products:[]
INFO:root:[Customer]: (Jimmy,38) own the Products:[iPhone XR case, iPhone XS case, iPhone XR case, iPhone XR] with balance of $ 30
INFO:root:[Customer]:(Jimmy,39): Next Quarter Begins 
INFO:root:[Customer]:(Jimmy,39) currently seeing ads for the Products:[]
INFO:root:[Customer]:(Jimmy,39) Posted POSITIVE tweet for the product iPhone XR case
INFO:root:[Customer]: (Simone,39) own the Products:[iPhone XS case] with balance of $ 620
INFO:root:[Customer]:(Simone,40): Next Quarter Begins 
INFO:root:[Customer]:(Simone,40) currently seeing ads for the Products:[]
INFO:root:[Customer]:(Simone,40) Posted NEGATIVE tweet for the product iPhone XS case
INFO:root:[Customer]: (Lisa,39) own the Products:[iPhone XS case, iPhone XS case, iPhone XR case, Huawei P30 pro case, Google pixel] with balance of $ 50
INFO:root:[Customer]:(Lisa,40): Next Quarter Begins 
INFO:root:[Customer]:(Lisa,40) currently seeing ads for the Products:[]
INFO:root:[Customer]: (Matthew,39) own the Products:[Huawei P30 pro] with balance of $ 300
INFO:root:[Customer]:(Matthew,40): Next Quarter Begins 
INFO:root:[Customer]:(Matthew,40) currently seeing ads for the Products:[]
INFO:root:[Customer]: (Jimmy,39) own the Products:[iPhone XR case, iPhone XS case, iPhone XR case, iPhone XR] with balance of $ 30
INFO:root:[Customer]:(Jimmy,40): Next Quarter Begins 
INFO:root:[Customer]:(Jimmy,40) currently seeing ads for the Products:[]
INFO:root:[Customer]:(Jimmy,40) Posted POSITIVE tweet for the product iPhone XR case
