INFO:root:[Buyer]:Buyer Simone Initialized
INFO:root:[Customer]:Customer Simone entered Trading
INFO:root:[Buyer]:Buyer Betsy Initialized
INFO:root:[Customer]:(Simone,1): Next Quarter Begins 
INFO:root:[Customer]:(Simone,1) currently seeing ads for the Products:[]
INFO:root:[Customer]:Customer Betsy entered Trading
INFO:root:[Buyer]:Buyer Matthew Initialized
INFO:root:[Customer]:(Betsy,1): Next Quarter Begins 
INFO:root:[Customer]:(Betsy,1) currently seeing ads for the Products:[]
INFO:root:[Customer]:Customer Matthew entered Trading
INFO:root:[Customer]:(Matthew,1): Next Quarter Begins 
INFO:root:[Customer]:(Matthew,1) currently seeing ads for the Products:[]
INFO:root:[Buyer]:Buyer Lisa Initialized
INFO:root:[Customer]:Customer Lisa entered Trading
INFO:root:[Buyer]:Buyer Jimmy Initialized
INFO:root:[Customer]:(Lisa,1): Next Quarter Begins 
INFO:root:[Customer]:(Lisa,1) currently seeing ads for the Products:[]
INFO:root:[Customer]:Customer Jimmy entered Trading
INFO:root:[Customer]:(Jimmy,1): Next Quarter Begins 
INFO:root:[Customer]:(Jimmy,1) currently seeing ads for the Products:[]
INFO:root:[Seller]:Seller Alice Created
INFO:root:[Seller]:Seller Alice Owned products iPhone XS, iPhone XR case
INFO:root:{}
INFO:root:[Market]:Seller Alice is registered in the market with the product iPhone XS 
INFO:root:[Market]:Seller Alice is registered in the market with the product iPhone XR case 
INFO:root:[Seller]:Seller Alice started Trading
INFO:root:[Seller]: (Alice,1) sold  0 units of iPhone XS
INFO:root:[Seller]: (Alice,1) sold  0 units of iPhone XR case
INFO:root:[Seller]:Seller Bob Created
INFO:root:[Seller]:Seller Bob Owned products iPhone XR, Google pixel case
INFO:root:{'iPhone XS': [<seller.Seller object at 0x0000020D7CAED7B8>], 'iPhone XR case': [<seller.Seller object at 0x0000020D7CAED7B8>]}
INFO:root:[Market]:Seller Bob is registered in the market with the product iPhone XR 
INFO:root:[Market]:Seller Bob is registered in the market with the product Google pixel case 
INFO:root:[Seller]:Seller Bob started Trading
INFO:root:[Seller]: (Bob,1) sold  0 units of iPhone XR
INFO:root:[Seller]: (Bob,1) sold  0 units of Google pixel case
INFO:root:[Seller]:Seller Carol Created
INFO:root:[Seller]:Seller Carol Owned products Huawei P30 pro
INFO:root:{'iPhone XS': [<seller.Seller object at 0x0000020D7CAED7B8>], 'iPhone XR case': [<seller.Seller object at 0x0000020D7CAED7B8>], 'iPhone XR': [<seller.Seller object at 0x0000020D7CAEDA90>], 'Google pixel case': [<seller.Seller object at 0x0000020D7CAEDA90>]}
INFO:root:[Market]:Seller Carol is registered in the market with the product Huawei P30 pro 
INFO:root:[Seller]:Seller Carol started Trading
INFO:root:[Seller]: (Carol,1) sold  0 units of Huawei P30 pro
INFO:root:[Seller]:Seller Dave Created
INFO:root:[Seller]:Seller Dave Owned products Google pixel, Huawei P30 pro case
INFO:root:{'iPhone XS': [<seller.Seller object at 0x0000020D7CAED7B8>], 'iPhone XR case': [<seller.Seller object at 0x0000020D7CAED7B8>], 'iPhone XR': [<seller.Seller object at 0x0000020D7CAEDA90>], 'Google pixel case': [<seller.Seller object at 0x0000020D7CAEDA90>], 'Huawei P30 pro': [<seller.Seller object at 0x0000020D7CAEDEF0>]}
INFO:root:[Market]:Seller Dave is registered in the market with the product Google pixel 
INFO:root:[Market]:Seller Dave is registered in the market with the product Huawei P30 pro case 
INFO:root:[Seller]:Seller Dave started Trading
INFO:root:[Seller]: (Dave,1) sold  0 units of Google pixel
INFO:root:[Seller]: (Dave,1) sold  0 units of Huawei P30 pro case
INFO:root:[Seller]:Seller Eve Created
INFO:root:[Seller]:Seller Eve Owned products iPhone XS case
INFO:root:{'iPhone XS': [<seller.Seller object at 0x0000020D7CAED7B8>], 'iPhone XR case': [<seller.Seller object at 0x0000020D7CAED7B8>], 'iPhone XR': [<seller.Seller object at 0x0000020D7CAEDA90>], 'Google pixel case': [<seller.Seller object at 0x0000020D7CAEDA90>], 'Huawei P30 pro': [<seller.Seller object at 0x0000020D7CAEDEF0>], 'Google pixel': [<seller.Seller object at 0x0000020D7CAEDE48>], 'Huawei P30 pro case': [<seller.Seller object at 0x0000020D7CAEDE48>]}
INFO:root:[Market]:Seller Eve is registered in the market with the product iPhone XS case 
INFO:root:[Seller]:Seller Eve started Trading
INFO:root:[Seller]: (Eve,1) sold  0 units of iPhone XS case
INFO:root:[Seller]: (Alice,1) Revenue in previous quarter:0
INFO:root:[Seller]: (Alice,1) Expenses in previous quarter:0
INFO:root:[Seller]: (Alice,1) Profit in previous quarter:0
INFO:root:[Seller]: (Alice,1) Sales in previous quarter:[0]
INFO:root:[CEO]: (Alice,1) CEO wallet 10000 ads price 100
INFO:root:[CEO]: (Alice,1) CEO selected advert_type as BASIC with scale of 10 for iPhone XS
INFO:root:[GoogleAds]: Google pushed the BASIC Ad for product iPhone XS of seller 1 to users Simone, Matthew, Jimmy 
INFO:root:[CEO]: (Alice,1) CEO wallet 10000 ads price 100
INFO:root:[CEO]: (Alice,1) CEO selected advert_type as BASIC with scale of 10 for iPhone XR case
INFO:root:[GoogleAds]: Google pushed the BASIC Ad for product iPhone XR case of seller 1 to users Betsy, Lisa, Simone 
INFO:root:[Seller]: (Bob,1) Revenue in previous quarter:0
INFO:root:[Seller]: (Bob,1) Expenses in previous quarter:0
INFO:root:[Seller]: (Bob,1) Profit in previous quarter:0
INFO:root:[Seller]: (Bob,1) Sales in previous quarter:[0]
INFO:root:[CEO]: (Bob,1) CEO wallet 10000 ads price 100
INFO:root:[CEO]: (Bob,1) CEO selected advert_type as BASIC with scale of 10 for iPhone XR
INFO:root:[GoogleAds]: Google pushed the BASIC Ad for product iPhone XR of seller 2 to users Betsy, Jimmy, Matthew 
INFO:root:[CEO]: (Bob,1) CEO wallet 10000 ads price 100
INFO:root:[CEO]: (Bob,1) CEO selected advert_type as BASIC with scale of 10 for Google pixel case
INFO:root:[GoogleAds]: Google pushed the BASIC Ad for product Google pixel case of seller 2 to users Matthew, Jimmy, Lisa, Simone 
INFO:root:[Seller]: (Carol,1) Revenue in previous quarter:0
INFO:root:[Seller]: (Carol,1) Expenses in previous quarter:0
INFO:root:[Seller]: (Carol,1) Profit in previous quarter:0
INFO:root:[Seller]: (Carol,1) Sales in previous quarter:[0]
INFO:root:[CEO]: (Carol,1) CEO wallet 10000 ads price 100
INFO:root:[CEO]: (Carol,1) CEO selected advert_type as BASIC with scale of 10 for Huawei P30 pro
INFO:root:[GoogleAds]: Google pushed the BASIC Ad for product Huawei P30 pro of seller 3 to users Betsy, Simone, Matthew 
INFO:root:[Seller]: (Dave,1) Revenue in previous quarter:0
INFO:root:[Seller]: (Dave,1) Expenses in previous quarter:0
INFO:root:[Seller]: (Dave,1) Profit in previous quarter:0
INFO:root:[Seller]: (Dave,1) Sales in previous quarter:[0]
INFO:root:[CEO]: (Dave,1) CEO wallet 5000 ads price 100
INFO:root:[CEO]: (Dave,1) CEO selected advert_type as BASIC with scale of 5 for Google pixel
INFO:root:[GoogleAds]: Google pushed the BASIC Ad for product Google pixel of seller 4 to users Simone, Matthew, Lisa, Jimmy 
INFO:root:[CEO]: (Dave,1) CEO wallet 5000 ads price 100
INFO:root:[CEO]: (Dave,1) CEO selected advert_type as BASIC with scale of 5 for Huawei P30 pro case
INFO:root:[GoogleAds]: Google pushed the BASIC Ad for product Huawei P30 pro case of seller 4 to users Betsy, Simone, Lisa, Jimmy 
INFO:root:[Seller]: (Eve,1) Revenue in previous quarter:0
INFO:root:[Seller]: (Eve,1) Expenses in previous quarter:0
INFO:root:[Seller]: (Eve,1) Profit in previous quarter:0
INFO:root:[Seller]: (Eve,1) Sales in previous quarter:[0]
INFO:root:[CEO]: (Eve,1) CEO wallet 5000 ads price 100
INFO:root:[CEO]: (Eve,1) CEO selected advert_type as BASIC with scale of 5 for iPhone XS case
INFO:root:[GoogleAds]: Google pushed the BASIC Ad for product iPhone XS case of seller 5 to users Simone, Matthew 
INFO:root:[Customer]: (Simone,1) own the Products:[] with balance of $ 800
INFO:root:[Customer]:(Simone,2): Next Quarter Begins 
INFO:root:[Customer]:(Simone,2) currently seeing ads for the Products:[iPhone XR case of Seller 1, Huawei P30 pro of Seller 3, Google pixel of Seller 4, Huawei P30 pro case of Seller 4, Google pixel case of Seller 2, iPhone XS case of Seller 5, iPhone XS of Seller 1]
INFO:root:[Customer]:(Simone,2)'s sentiment is 1 for product:[iPhone XR case] from Seller 1
INFO:root:[Customer]: (Betsy,1) own the Products:[] with balance of $ 1000
INFO:root:[Customer]:(Simone,2) would like to buy the product:[iPhone XR case]
INFO:root:[Customer]:(Betsy,2): Next Quarter Begins 
INFO:root:[Customer]: (Simone,2) didn't have enough money to buy Products:[iPhone XR case] from seller 1
INFO:root:[Customer]: (Matthew,1) own the Products:[] with balance of $ 900
INFO:root:[Customer]:(Betsy,2) currently seeing ads for the Products:[iPhone XR case of Seller 1, iPhone XR of Seller 2, Huawei P30 pro case of Seller 4, Huawei P30 pro of Seller 3]
INFO:root:[Customer]:(Simone,2)'s sentiment is 1 for product:[Huawei P30 pro] from Seller 3
INFO:root:[Customer]: (Lisa,1) own the Products:[] with balance of $ 800
INFO:root:[Customer]:(Matthew,2): Next Quarter Begins 
INFO:root:[Customer]:(Betsy,2)'s sentiment is 1 for product:[iPhone XR case] from Seller 1
INFO:root:[Customer]: (Simone,2) prefer high quality, so didn't buy any products 
INFO:root:[Customer]: (Jimmy,1) own the Products:[] with balance of $ 800
INFO:root:[Customer]:(Lisa,2): Next Quarter Begins 
INFO:root:[Customer]:(Matthew,2) currently seeing ads for the Products:[Huawei P30 pro of Seller 3, Google pixel of Seller 4, iPhone XR of Seller 2, Google pixel case of Seller 2, iPhone XS case of Seller 5, iPhone XS of Seller 1]
INFO:root:[Customer]: (Betsy,2) buy the Products:[iPhone XR case] from seller1 with price1000
INFO:root:[Customer]:(Simone,2)'s sentiment is 1 for product:[Google pixel] from Seller 4
INFO:root:[Customer]:(Jimmy,2): Next Quarter Begins 
INFO:root:[Customer]:(Lisa,2) currently seeing ads for the Products:[iPhone XR case of Seller 1, Google pixel of Seller 4, Huawei P30 pro case of Seller 4, Google pixel case of Seller 2]
INFO:root:[Customer]:(Matthew,2)'s sentiment is 1 for product:[Huawei P30 pro] from Seller 3
INFO:root:[Customer]:(Simone,2) would like to buy the product:[Google pixel]
INFO:root:[Customer]:(Jimmy,2) currently seeing ads for the Products:[Google pixel of Seller 4, iPhone XR of Seller 2, Huawei P30 pro case of Seller 4, Google pixel case of Seller 2, iPhone XS of Seller 1]
INFO:root:[Customer]:(Lisa,2)'s sentiment is 1 for product:[iPhone XR case] from Seller 1
INFO:root:[Customer]: (Matthew,2) prefer high quality, so didn't buy any products 
INFO:root:[Customer]: (Simone,2) didn't have enough money to buy Products:[Google pixel] from seller 4
INFO:root:[Customer]:(Jimmy,2)'s sentiment is 1 for product:[Google pixel] from Seller 4
INFO:root:[Customer]: (Lisa,2) didn't have enough money to buy Products:[iPhone XR case] from seller 1
INFO:root:[Customer]:(Matthew,2)'s sentiment is 1 for product:[Google pixel] from Seller 4
INFO:root:[Customer]:(Simone,2)'s sentiment is 1 for product:[Huawei P30 pro case] from Seller 4
INFO:root:[Customer]: (Jimmy,2) didn't have enough money to buy Products:[Google pixel] from seller 4
INFO:root:[Customer]:(Lisa,2)'s sentiment is 1 for product:[Google pixel] from Seller 4
INFO:root:[Customer]:(Matthew,2) would like to buy the product:[Google pixel]
INFO:root:[Customer]:(Simone,2) would like to buy the product:[Huawei P30 pro case]
INFO:root:[Customer]:(Jimmy,2)'s sentiment is 1 for product:[iPhone XR] from Seller 2
INFO:root:[Seller]: Seller (Alice,1) sold product iPhone XR case
INFO:root:[Customer]: (Lisa,2) didn't have enough money to buy Products:[Google pixel] from seller 4
INFO:root:[Customer]: (Matthew,2) didn't have enough money to buy Products:[Google pixel] from seller 4
INFO:root:[Customer]: (Simone,2) didn't have enough money to buy Products:[Huawei P30 pro case] from seller 4
INFO:root:[Customer]: (Jimmy,2) buy the Products:[iPhone XR] from seller2 with price326
INFO:root:[Market]:Transaction between Seller Alice and Customer Betsy with the product iPhone XR case at 2019-11-23 09:54:55 in year 2019 and quarter 4
INFO:root:[Customer]:(Lisa,2)'s sentiment is 1 for product:[Huawei P30 pro case] from Seller 4
INFO:root:[Customer]:(Matthew,2)'s sentiment is 1 for product:[iPhone XR] from Seller 2
INFO:root:[Customer]:(Simone,2)'s sentiment is 1 for product:[Google pixel case] from Seller 2
INFO:root:[Customer]: (Lisa,2) didn't have enough money to buy Products:[Huawei P30 pro case] from seller 4
INFO:root:[Customer]: (Matthew,2) prefer high quality, so didn't buy any products 
INFO:root:[Customer]: (Simone,2) prefer high quality, so didn't buy any products 
INFO:root:[Customer]:(Lisa,2)'s sentiment is 1 for product:[Google pixel case] from Seller 2
INFO:root:[Customer]:(Matthew,2)'s sentiment is 1 for product:[Google pixel case] from Seller 2
INFO:root:[Customer]:(Simone,2)'s sentiment is 1 for product:[iPhone XS case] from Seller 5
INFO:root:[Customer]: (Lisa,2) didn't have enough money to buy Products:[Google pixel case] from seller 2
INFO:root:[Customer]: (Matthew,2) prefer high quality, so didn't buy any products 
INFO:root:[Customer]: (Simone,2) prefer high quality, so didn't buy any products 
INFO:root:[Customer]:(Matthew,2)'s sentiment is 1 for product:[iPhone XS case] from Seller 5
INFO:root:[Customer]:(Simone,2)'s sentiment is 1 for product:[iPhone XS] from Seller 1
INFO:root:[Seller]: Seller (Bob,1) sold product iPhone XR
INFO:root:[Customer]: (Matthew,2) prefer high quality, so didn't buy any products 
INFO:root:[Customer]:(Simone,2) would like to buy the product:[iPhone XS]
INFO:root:[Market]:Transaction between Seller Bob and Customer Jimmy with the product iPhone XR at 2019-11-23 09:54:55 in year 2019 and quarter 4
INFO:root:[Customer]:(Matthew,2)'s sentiment is 1 for product:[iPhone XS] from Seller 1
INFO:root:[Customer]: (Simone,2) buy the Products:[iPhone XS] from seller1 with price500
INFO:root:[Customer]:(Matthew,2) would like to buy the product:[iPhone XS]
INFO:root:[Customer]: (Matthew,2) buy the Products:[iPhone XS] from seller1 with price500
INFO:root:[Seller]: Seller (Alice,1) sold product iPhone XS
INFO:root:[Market]:Transaction between Seller Alice and Customer Simone with the product iPhone XS at 2019-11-23 09:54:55 in year 2019 and quarter 4
INFO:root:[Seller]: Seller (Alice,1) sold product iPhone XS
INFO:root:[Market]:Transaction between Seller Alice and Customer Matthew with the product iPhone XS at 2019-11-23 09:54:55 in year 2019 and quarter 4
INFO:root:[Customer]:(Betsy,2)'s sentiment is 1 for product:[iPhone XR] from Seller 2
INFO:root:[Customer]: (Betsy,2) bought product iPhone XR case, so he is likely to buy related product iPhone XR 
INFO:root:[Customer]: (Betsy,2) didn't have enough money to buy Products:[iPhone XR] from seller 2
INFO:root:[Customer]:(Betsy,2)'s sentiment is 1 for product:[Huawei P30 pro case] from Seller 4
INFO:root:[Customer]:(Jimmy,2)'s sentiment is 1 for product:[Huawei P30 pro case] from Seller 4
INFO:root:[Customer]:(Simone,2) Posted NEGATIVE tweet for the product iPhone XS
INFO:root:[Customer]: (Betsy,2) bought product iPhone XR case, so he is likely to buy related product Huawei P30 pro case 
INFO:root:[Customer]: (Betsy,2) didn't have enough money to buy Products:[Huawei P30 pro case] from seller 4
INFO:root:[Customer]:(Betsy,2)'s sentiment is 1 for product:[Huawei P30 pro] from Seller 3
INFO:root:[Customer]: (Jimmy,2) bought product iPhone XR, so he is likely to buy related product Huawei P30 pro case 
INFO:root:[Customer]: (Jimmy,2) didn't have enough money to buy Products:[Huawei P30 pro case] from seller 4
INFO:root:[Customer]:(Jimmy,2)'s sentiment is 1 for product:[Google pixel case] from Seller 2
INFO:root:[Seller]: (Alice,2) sold  0 units of iPhone XS
INFO:root:[Seller]: (Alice,2) sold  0 units of iPhone XR case
INFO:root:[Customer]: (Betsy,2) bought product iPhone XR case, so he is likely to buy related product Huawei P30 pro 
INFO:root:[Customer]: (Betsy,2) didn't have enough money to buy Products:[Huawei P30 pro] from seller 3
INFO:root:[Customer]:(Betsy,2) Posted POSITIVE tweet for the product iPhone XR case
INFO:root:[Customer]: (Jimmy,2) bought product iPhone XR, so he is likely to buy related product Google pixel case 
INFO:root:[Customer]: (Jimmy,2) didn't have enough money to buy Products:[Google pixel case] from seller 2
INFO:root:[Customer]:(Jimmy,2)'s sentiment is 0 for product:[iPhone XS] from Seller 1
INFO:root:[Seller]: (Bob,2) sold  0 units of iPhone XR
INFO:root:[Seller]: (Bob,2) sold  0 units of Google pixel case
INFO:root:[Seller]: (Carol,2) sold  0 units of Huawei P30 pro
INFO:root:[Seller]: (Dave,2) sold  0 units of Google pixel
INFO:root:[Seller]: (Dave,2) sold  0 units of Huawei P30 pro case
INFO:root:[Customer]: (Jimmy,2) bought product iPhone XR, so he is likely to buy related product iPhone XS 
INFO:root:[Customer]: (Jimmy,2) didn't have enough money to buy Products:[iPhone XS] from seller 1
INFO:root:[Customer]:(Jimmy,2) Posted POSITIVE tweet for the product iPhone XR
INFO:root:[Seller]: (Eve,2) sold  0 units of iPhone XS case
INFO:root:[Seller]: (Alice,2) Revenue in previous quarter:3000
INFO:root:[Seller]: (Alice,2) Expenses in previous quarter:300
INFO:root:[Seller]: (Alice,2) Profit in previous quarter:2700
INFO:root:[Seller]: (Alice,2) Sales in previous quarter:[0, 3]
INFO:root:[CEO]: (Alice,2) CEO wallet 12700 ads price 100
INFO:root:[CEO]: (Alice,2) CEO selected advert_type as BASIC with scale of 12 for iPhone XS
INFO:root:[GoogleAds]: Google pushed the BASIC Ad for product iPhone XS of seller 1 to users Betsy, Jimmy, Matthew 
INFO:root:[CEO]: (Alice,2) CEO wallet 12700 ads price 100
INFO:root:[CEO]: (Alice,2) CEO selected advert_type as BASIC with scale of 12 for iPhone XR case
INFO:root:[GoogleAds]: Google pushed the BASIC Ad for product iPhone XR case of seller 1 to users Simone, Jimmy, Lisa, Matthew 
INFO:root:[Seller]: (Dave,2) Revenue in previous quarter:0
INFO:root:[Seller]: (Dave,2) Expenses in previous quarter:400
INFO:root:[Seller]: (Dave,2) Profit in previous quarter:-400
INFO:root:[Seller]: (Dave,2) Sales in previous quarter:[0, 0]
INFO:root:[CEO]: (Dave,2) CEO wallet 4600 ads price 100
INFO:root:[CEO]: (Dave,2) CEO selected advert_type as BASIC with scale of 4 for Google pixel
INFO:root:[GoogleAds]: Google pushed the BASIC Ad for product Google pixel of seller 4 to users Betsy, Matthew, Lisa, Jimmy 
INFO:root:[CEO]: (Dave,2) CEO wallet 4600 ads price 100
INFO:root:[CEO]: (Dave,2) CEO selected advert_type as BASIC with scale of 4 for Huawei P30 pro case
INFO:root:[GoogleAds]: Google pushed the BASIC Ad for product Huawei P30 pro case of seller 4 to users Matthew, Jimmy, Lisa, Simone 
INFO:root:[Seller]: (Eve,2) Revenue in previous quarter:0
INFO:root:[Seller]: (Eve,2) Expenses in previous quarter:200
INFO:root:[Seller]: (Eve,2) Profit in previous quarter:-200
INFO:root:[Seller]: (Eve,2) Sales in previous quarter:[0, 0]
INFO:root:[CEO]: (Eve,2) CEO wallet 4800 ads price 100
INFO:root:[CEO]: (Eve,2) CEO selected advert_type as BASIC with scale of 4 for iPhone XS case
INFO:root:[GoogleAds]: Google pushed the BASIC Ad for product iPhone XS case of seller 5 to users Betsy, Lisa, Jimmy 
INFO:root:[Seller]: (Bob,2) Revenue in previous quarter:1000
INFO:root:[Seller]: (Bob,2) Expenses in previous quarter:400
INFO:root:[Seller]: (Bob,2) Profit in previous quarter:600
INFO:root:[Seller]: (Bob,2) Sales in previous quarter:[0, 1]
INFO:root:[CEO]: (Bob,2) CEO wallet 10600 ads price 100
INFO:root:[CEO]: (Bob,2) CEO selected advert_type as BASIC with scale of 10 for iPhone XR
INFO:root:[GoogleAds]: Google pushed the BASIC Ad for product iPhone XR of seller 2 to users Betsy, Matthew, Lisa, Jimmy 
INFO:root:[CEO]: (Bob,2) CEO wallet 10600 ads price 100
INFO:root:[CEO]: (Bob,2) CEO selected advert_type as BASIC with scale of 10 for Google pixel case
INFO:root:[GoogleAds]: Google pushed the BASIC Ad for product Google pixel case of seller 2 to users Betsy, Matthew, Lisa, Jimmy 
INFO:root:[Seller]: (Carol,2) Revenue in previous quarter:0
INFO:root:[Seller]: (Carol,2) Expenses in previous quarter:300
INFO:root:[Seller]: (Carol,2) Profit in previous quarter:-300
INFO:root:[Seller]: (Carol,2) Sales in previous quarter:[0, 0]
INFO:root:[CEO]: (Carol,2) CEO wallet 9700 ads price 100
INFO:root:[CEO]: (Carol,2) CEO selected advert_type as BASIC with scale of 9 for Huawei P30 pro
INFO:root:[GoogleAds]: Google pushed the BASIC Ad for product Huawei P30 pro of seller 3 to users Simone, Lisa, Matthew 
INFO:root:[Customer]: (Lisa,2) own the Products:[] with balance of $ 800
INFO:root:[Customer]:(Lisa,3): Next Quarter Begins 
INFO:root:[Customer]:(Lisa,3) currently seeing ads for the Products:[iPhone XR case of Seller 1, Huawei P30 pro of Seller 3, Google pixel of Seller 4, iPhone XR of Seller 2, Huawei P30 pro case of Seller 4, Google pixel case of Seller 2, iPhone XS case of Seller 5]
INFO:root:[Customer]:(Lisa,3)'s sentiment is 1 for product:[iPhone XR case] from Seller 1
INFO:root:[Customer]: (Lisa,3) didn't have enough money to buy Products:[iPhone XR case] from seller 1
INFO:root:[Customer]:(Lisa,3)'s sentiment is 1 for product:[Huawei P30 pro] from Seller 3
INFO:root:[Customer]: (Lisa,3) buy the Products:[Huawei P30 pro] from seller3 with price656
INFO:root:[Seller]: Seller (Carol,2) sold product Huawei P30 pro
INFO:root:[Market]:Transaction between Seller Carol and Customer Lisa with the product Huawei P30 pro at 2019-11-23 09:54:56 in year 2019 and quarter 4
INFO:root:[Customer]:(Lisa,3)'s sentiment is 1 for product:[Google pixel] from Seller 4
INFO:root:[Customer]: (Lisa,3) bought product Huawei P30 pro, so he is likely to buy related product Google pixel 
INFO:root:[Customer]: (Lisa,3) didn't have enough money to buy Products:[Google pixel] from seller 4
INFO:root:[Customer]:(Lisa,3)'s sentiment is 1 for product:[iPhone XR] from Seller 2
INFO:root:[Customer]: (Simone,2) own the Products:[iPhone XS of Seller 1] with balance of $ 300
INFO:root:[Customer]:(Simone,3): Next Quarter Begins 
INFO:root:[Customer]:(Simone,3) currently seeing ads for the Products:[iPhone XR case of Seller 1, Huawei P30 pro case of Seller 4, Huawei P30 pro of Seller 3]
INFO:root:[Customer]:(Simone,3)'s sentiment is 1 for product:[iPhone XR case] from Seller 1
INFO:root:[Customer]:(Simone,3) would like to buy the product:[iPhone XR case]
INFO:root:[Customer]: (Simone,3) didn't have enough money to buy Products:[iPhone XR case] from seller 1
INFO:root:[Customer]:(Simone,3)'s sentiment is 1 for product:[Huawei P30 pro case] from Seller 4
INFO:root:[Customer]:(Simone,3) would like to buy the product:[Huawei P30 pro case]
INFO:root:[Customer]: (Simone,3) didn't have enough money to buy Products:[Huawei P30 pro case] from seller 4
INFO:root:[Customer]:(Simone,3)'s sentiment is 1 for product:[Huawei P30 pro] from Seller 3
INFO:root:[Customer]: (Simone,3) prefer high quality, so didn't buy any products 
INFO:root:[Customer]:(Simone,3) Posted NEGATIVE tweet for the product iPhone XS
INFO:root:[Customer]: (Matthew,2) own the Products:[iPhone XS of Seller 1] with balance of $ 400
INFO:root:[Customer]:(Matthew,3): Next Quarter Begins 
INFO:root:[Customer]:(Matthew,3) currently seeing ads for the Products:[iPhone XR case of Seller 1, Huawei P30 pro of Seller 3, Google pixel of Seller 4, iPhone XR of Seller 2, Huawei P30 pro case of Seller 4, Google pixel case of Seller 2, iPhone XS of Seller 1]
INFO:root:[Customer]:(Matthew,3)'s sentiment is 1 for product:[iPhone XR case] from Seller 1
INFO:root:[Customer]:(Matthew,3) would like to buy the product:[iPhone XR case]
INFO:root:[Customer]: (Matthew,3) didn't have enough money to buy Products:[iPhone XR case] from seller 1
INFO:root:[Customer]:(Matthew,3)'s sentiment is 1 for product:[Huawei P30 pro] from Seller 3
INFO:root:[Customer]: (Matthew,3) prefer high quality, so didn't buy any products 
INFO:root:[Customer]:(Matthew,3)'s sentiment is 1 for product:[Google pixel] from Seller 4
INFO:root:[Customer]:(Matthew,3) would like to buy the product:[Google pixel]
INFO:root:[Customer]: (Matthew,3) didn't have enough money to buy Products:[Google pixel] from seller 4
INFO:root:[Customer]:(Matthew,3)'s sentiment is 1 for product:[iPhone XR] from Seller 2
INFO:root:[Customer]: (Matthew,3) prefer high quality, so didn't buy any products 
INFO:root:[Customer]:(Matthew,3)'s sentiment is 1 for product:[Huawei P30 pro case] from Seller 4
INFO:root:[Customer]:(Matthew,3) would like to buy the product:[Huawei P30 pro case]
INFO:root:[Customer]: (Matthew,3) didn't have enough money to buy Products:[Huawei P30 pro case] from seller 4
INFO:root:[Customer]:(Matthew,3)'s sentiment is 1 for product:[Google pixel case] from Seller 2
INFO:root:[Customer]: (Matthew,3) prefer high quality, so didn't buy any products 
INFO:root:[Customer]:(Matthew,3)'s sentiment is 0 for product:[iPhone XS] from Seller 1
INFO:root:[Customer]:(Matthew,3) would like to buy the product:[iPhone XS]
INFO:root:[Customer]: (Matthew,3) didn't have enough money to buy Products:[iPhone XS] from seller 1
INFO:root:[Customer]: (Lisa,3) bought product Huawei P30 pro, so he is likely to buy related product iPhone XR 
INFO:root:[Customer]: (Lisa,3) didn't have enough money to buy Products:[iPhone XR] from seller 2
INFO:root:[Customer]:(Lisa,3)'s sentiment is 1 for product:[Huawei P30 pro case] from Seller 4
INFO:root:[Customer]: (Betsy,2) own the Products:[iPhone XR case of Seller 1] with balance of $ 0
INFO:root:[Customer]:(Betsy,3): Next Quarter Begins 
INFO:root:[Customer]:(Betsy,3) currently seeing ads for the Products:[Google pixel of Seller 4, iPhone XR of Seller 2, Google pixel case of Seller 2, iPhone XS case of Seller 5, iPhone XS of Seller 1]
INFO:root:[Customer]:(Betsy,3)'s sentiment is 1 for product:[Google pixel] from Seller 4
INFO:root:[Customer]: (Lisa,3) bought product Huawei P30 pro, so he is likely to buy related product Huawei P30 pro case 
INFO:root:[Customer]: (Lisa,3) didn't have enough money to buy Products:[Huawei P30 pro case] from seller 4
INFO:root:[Customer]:(Lisa,3)'s sentiment is 1 for product:[Google pixel case] from Seller 2
INFO:root:[Customer]: (Betsy,3) bought product iPhone XR case, so he is likely to buy related product Google pixel 
INFO:root:[Customer]: (Betsy,3) didn't have enough money to buy Products:[Google pixel] from seller 4
INFO:root:[Customer]:(Betsy,3)'s sentiment is 1 for product:[iPhone XR] from Seller 2
INFO:root:[Customer]: (Lisa,3) bought product Huawei P30 pro, so he is likely to buy related product Google pixel case 
INFO:root:[Customer]: (Lisa,3) didn't have enough money to buy Products:[Google pixel case] from seller 2
INFO:root:[Customer]:(Lisa,3)'s sentiment is 1 for product:[iPhone XS case] from Seller 5
INFO:root:[Customer]: (Betsy,3) bought product iPhone XR case, so he is likely to buy related product iPhone XR 
INFO:root:[Customer]: (Betsy,3) didn't have enough money to buy Products:[iPhone XR] from seller 2
INFO:root:[Customer]:(Betsy,3)'s sentiment is 1 for product:[Google pixel case] from Seller 2
INFO:root:[Customer]: (Lisa,3) bought product Huawei P30 pro, so he is likely to buy related product iPhone XS case 
INFO:root:[Customer]: (Lisa,3) didn't have enough money to buy Products:[iPhone XS case] from seller 5
INFO:root:[Customer]:(Lisa,3) Posted NEGATIVE tweet for the product Huawei P30 pro
INFO:root:[Customer]: (Betsy,3) bought product iPhone XR case, so he is likely to buy related product Google pixel case 
INFO:root:[Customer]: (Betsy,3) didn't have enough money to buy Products:[Google pixel case] from seller 2
INFO:root:[Customer]:(Betsy,3)'s sentiment is 1 for product:[iPhone XS case] from Seller 5
INFO:root:[Customer]: (Jimmy,2) own the Products:[iPhone XR of Seller 2] with balance of $ 473
INFO:root:[Customer]:(Jimmy,3): Next Quarter Begins 
INFO:root:[Customer]:(Jimmy,3) currently seeing ads for the Products:[iPhone XR case of Seller 1, Google pixel of Seller 4, iPhone XR of Seller 2, Huawei P30 pro case of Seller 4, Google pixel case of Seller 2, iPhone XS case of Seller 5, iPhone XS of Seller 1]
INFO:root:[Customer]:(Jimmy,3)'s sentiment is 1 for product:[iPhone XR case] from Seller 1
INFO:root:[Customer]: (Betsy,3) bought product iPhone XR case, so he is likely to buy related product iPhone XS case 
INFO:root:[Customer]: (Betsy,3) didn't have enough money to buy Products:[iPhone XS case] from seller 5
INFO:root:[Customer]:(Betsy,3)'s sentiment is 0 for product:[iPhone XS] from Seller 1
INFO:root:[Customer]: (Jimmy,3) bought product iPhone XR, so he is likely to buy related product iPhone XR case 
INFO:root:[Customer]: (Jimmy,3) didn't have enough money to buy Products:[iPhone XR case] from seller 1
INFO:root:[Customer]:(Jimmy,3)'s sentiment is 1 for product:[Google pixel] from Seller 4
INFO:root:[Customer]: (Betsy,3) bought product iPhone XR case, so he is likely to buy related product iPhone XS 
INFO:root:[Customer]: (Betsy,3) didn't have enough money to buy Products:[iPhone XS] from seller 1
INFO:root:[Customer]:(Betsy,3) Posted POSITIVE tweet for the product iPhone XR case
INFO:root:[Customer]: (Jimmy,3) bought product iPhone XR, so he is likely to buy related product Google pixel 
INFO:root:[Customer]: (Jimmy,3) didn't have enough money to buy Products:[Google pixel] from seller 4
INFO:root:[Customer]:(Jimmy,3)'s sentiment is 1 for product:[iPhone XR] from Seller 2
INFO:root:[Customer]: (Jimmy,3) bought product iPhone XR, so he is likely to buy related product iPhone XR 
INFO:root:[Customer]: (Jimmy,3) buy the Products:[iPhone XR] from seller2 with price326
INFO:root:[Seller]: Seller (Bob,2) sold product iPhone XR
INFO:root:[Market]:Transaction between Seller Bob and Customer Jimmy with the product iPhone XR at 2019-11-23 09:54:56 in year 2019 and quarter 4
INFO:root:[Seller]: (Alice,3) sold  0 units of iPhone XS
INFO:root:[Seller]: (Alice,3) sold  0 units of iPhone XR case
INFO:root:[Customer]:(Jimmy,3)'s sentiment is 1 for product:[Huawei P30 pro case] from Seller 4
INFO:root:[Seller]: (Dave,3) sold  0 units of Google pixel
INFO:root:[Seller]: (Dave,3) sold  0 units of Huawei P30 pro case
INFO:root:[Seller]: (Eve,3) sold  0 units of iPhone XS case
INFO:root:[Seller]: (Bob,3) sold  0 units of iPhone XR
INFO:root:[Seller]: (Bob,3) sold  0 units of Google pixel case
INFO:root:[Seller]: (Carol,3) sold  0 units of Huawei P30 pro
INFO:root:[Customer]: (Jimmy,3) bought product iPhone XR, so he is likely to buy related product Huawei P30 pro case 
INFO:root:[Customer]: (Jimmy,3) didn't have enough money to buy Products:[Huawei P30 pro case] from seller 4
INFO:root:[Customer]:(Jimmy,3)'s sentiment is 1 for product:[Google pixel case] from Seller 2
INFO:root:[Customer]: (Jimmy,3) bought product iPhone XR, so he is likely to buy related product Google pixel case 
INFO:root:[Customer]: (Jimmy,3) didn't have enough money to buy Products:[Google pixel case] from seller 2
INFO:root:[Customer]:(Jimmy,3)'s sentiment is 1 for product:[iPhone XS case] from Seller 5
INFO:root:[Customer]: (Jimmy,3) bought product iPhone XR, so he is likely to buy related product iPhone XS case 
INFO:root:[Customer]: (Jimmy,3) didn't have enough money to buy Products:[iPhone XS case] from seller 5
INFO:root:[Customer]:(Jimmy,3)'s sentiment is 0 for product:[iPhone XS] from Seller 1
INFO:root:[Customer]: (Jimmy,3) bought product iPhone XR, so he is likely to buy related product iPhone XS 
INFO:root:[Customer]: (Jimmy,3) didn't have enough money to buy Products:[iPhone XS] from seller 1
INFO:root:[Customer]:(Jimmy,3) Posted POSITIVE tweet for the product iPhone XR
INFO:root:[Seller]: (Alice,3) Revenue in previous quarter:0
INFO:root:[Seller]: (Alice,3) Expenses in previous quarter:400
INFO:root:[Seller]: (Alice,3) Profit in previous quarter:-400
INFO:root:[Seller]: (Alice,3) Sales in previous quarter:[0, 3, 0]
INFO:root:[CEO]: (Alice,3) CEO wallet 12300 ads price 100
INFO:root:[CEO]: (Alice,3) CEO selected advert_type as BASIC with scale of 12 for iPhone XS
INFO:root:[GoogleAds]: Google pushed the BASIC Ad for product iPhone XS of seller 1 to users Betsy, Lisa, Matthew 
INFO:root:[CEO]: (Alice,3) CEO wallet 12300 ads price 100
INFO:root:[CEO]: (Alice,3) CEO selected advert_type as BASIC with scale of 12 for iPhone XR case
INFO:root:[GoogleAds]: Google pushed the BASIC Ad for product iPhone XR case of seller 1 to users Betsy, Matthew, Lisa, Jimmy 
INFO:root:[Seller]: (Dave,3) Revenue in previous quarter:0
INFO:root:[Seller]: (Dave,3) Expenses in previous quarter:400
INFO:root:[Seller]: (Dave,3) Profit in previous quarter:-400
INFO:root:[Seller]: (Dave,3) Sales in previous quarter:[0, 0, 0]
INFO:root:[CEO]: (Dave,3) CEO wallet 4200 ads price 100
INFO:root:[CEO]: (Dave,3) CEO selected advert_type as BASIC with scale of 4 for Google pixel
INFO:root:[GoogleAds]: Google pushed the BASIC Ad for product Google pixel of seller 4 to users Simone, Jimmy, Matthew 
INFO:root:[CEO]: (Dave,3) CEO wallet 4200 ads price 100
INFO:root:[CEO]: (Dave,3) CEO selected advert_type as BASIC with scale of 4 for Huawei P30 pro case
INFO:root:[GoogleAds]: Google pushed the BASIC Ad for product Huawei P30 pro case of seller 4 to users Betsy, Matthew 
INFO:root:[Seller]: (Eve,3) Revenue in previous quarter:0
INFO:root:[Seller]: (Eve,3) Expenses in previous quarter:300
INFO:root:[Seller]: (Eve,3) Profit in previous quarter:-300
INFO:root:[Seller]: (Eve,3) Sales in previous quarter:[0, 0, 0]
INFO:root:[CEO]: (Eve,3) CEO wallet 4500 ads price 100
INFO:root:[CEO]: (Eve,3) CEO selected advert_type as BASIC with scale of 4 for iPhone XS case
INFO:root:[GoogleAds]: Google pushed the BASIC Ad for product iPhone XS case of seller 5 to users Betsy, Jimmy, Simone 
INFO:root:[Seller]: (Bob,3) Revenue in previous quarter:1000
INFO:root:[Seller]: (Bob,3) Expenses in previous quarter:400
INFO:root:[Seller]: (Bob,3) Profit in previous quarter:600
INFO:root:[Seller]: (Bob,3) Sales in previous quarter:[0, 1, 1]
INFO:root:[CEO]: (Bob,3) CEO wallet 11200 ads price 100
INFO:root:[CEO]: (Bob,3) CEO selected advert_type as BASIC with scale of 11 for iPhone XR
INFO:root:[GoogleAds]: Google pushed the BASIC Ad for product iPhone XR of seller 2 to users Matthew, Simone 
INFO:root:[CEO]: (Bob,3) CEO wallet 11200 ads price 100
INFO:root:[CEO]: (Bob,3) CEO selected advert_type as BASIC with scale of 11 for Google pixel case
INFO:root:[GoogleAds]: Google pushed the BASIC Ad for product Google pixel case of seller 2 to users Betsy, Lisa, Simone 
INFO:root:[Seller]: (Carol,3) Revenue in previous quarter:656
INFO:root:[Seller]: (Carol,3) Expenses in previous quarter:300
INFO:root:[Seller]: (Carol,3) Profit in previous quarter:356
INFO:root:[Seller]: (Carol,3) Sales in previous quarter:[0, 0, 1]
INFO:root:[CEO]: (Carol,3) CEO wallet 10056 ads price 100
INFO:root:[CEO]: (Carol,3) CEO selected advert_type as BASIC with scale of 10 for Huawei P30 pro
INFO:root:[GoogleAds]: Google pushed the BASIC Ad for product Huawei P30 pro of seller 3 to users Matthew, Jimmy, Simone 
INFO:root:[Customer]: (Simone,3) own the Products:[iPhone XS of Seller 1] with balance of $ 300
INFO:root:[Customer]:(Simone,4): Next Quarter Begins 
INFO:root:[Customer]:(Simone,4) currently seeing ads for the Products:[Huawei P30 pro of Seller 3, Google pixel of Seller 4, iPhone XR of Seller 2, Google pixel case of Seller 2, iPhone XS case of Seller 5]
INFO:root:[Customer]:(Simone,4)'s sentiment is 0 for product:[Huawei P30 pro] from Seller 3
INFO:root:[Customer]: (Simone,4) prefer high quality, so didn't buy any products 
INFO:root:[Customer]:(Simone,4)'s sentiment is 1 for product:[Google pixel] from Seller 4
INFO:root:[Customer]:(Simone,4) would like to buy the product:[Google pixel]
INFO:root:[Customer]: (Simone,4) didn't have enough money to buy Products:[Google pixel] from seller 4
INFO:root:[Customer]:(Simone,4)'s sentiment is 1 for product:[iPhone XR] from Seller 2
INFO:root:[Customer]: (Simone,4) prefer high quality, so didn't buy any products 
INFO:root:[Customer]:(Simone,4)'s sentiment is 1 for product:[Google pixel case] from Seller 2
INFO:root:[Customer]: (Simone,4) prefer high quality, so didn't buy any products 
INFO:root:[Customer]:(Simone,4)'s sentiment is 1 for product:[iPhone XS case] from Seller 5
INFO:root:[Customer]: (Simone,4) prefer high quality, so didn't buy any products 
INFO:root:[Customer]: (Matthew,3) own the Products:[iPhone XS of Seller 1] with balance of $ 400
INFO:root:[Customer]:(Matthew,4): Next Quarter Begins 
INFO:root:[Customer]:(Matthew,4) currently seeing ads for the Products:[iPhone XR case of Seller 1, Huawei P30 pro of Seller 3, Google pixel of Seller 4, iPhone XR of Seller 2, Huawei P30 pro case of Seller 4, iPhone XS of Seller 1]
INFO:root:[Customer]:(Matthew,4)'s sentiment is 1 for product:[iPhone XR case] from Seller 1
INFO:root:[Customer]:(Matthew,4) would like to buy the product:[iPhone XR case]
INFO:root:[Customer]: (Matthew,4) didn't have enough money to buy Products:[iPhone XR case] from seller 1
INFO:root:[Customer]:(Matthew,4)'s sentiment is 0 for product:[Huawei P30 pro] from Seller 3
INFO:root:[Customer]: (Matthew,4) prefer high quality, so didn't buy any products 
INFO:root:[Customer]:(Matthew,4)'s sentiment is 1 for product:[Google pixel] from Seller 4
INFO:root:[Customer]:(Matthew,4) would like to buy the product:[Google pixel]
INFO:root:[Customer]: (Matthew,4) didn't have enough money to buy Products:[Google pixel] from seller 4
INFO:root:[Customer]:(Matthew,4)'s sentiment is 1 for product:[iPhone XR] from Seller 2
INFO:root:[Customer]: (Matthew,4) prefer high quality, so didn't buy any products 
INFO:root:[Customer]:(Matthew,4)'s sentiment is 1 for product:[Huawei P30 pro case] from Seller 4
INFO:root:[Customer]:(Matthew,4) would like to buy the product:[Huawei P30 pro case]
INFO:root:[Customer]: (Matthew,4) didn't have enough money to buy Products:[Huawei P30 pro case] from seller 4
INFO:root:[Customer]:(Matthew,4)'s sentiment is 0 for product:[iPhone XS] from Seller 1
INFO:root:[Customer]:(Matthew,4) would like to buy the product:[iPhone XS]
INFO:root:[Customer]: (Matthew,4) didn't have enough money to buy Products:[iPhone XS] from seller 1
INFO:root:[Customer]:(Matthew,4) Posted NEGATIVE tweet for the product iPhone XS
INFO:root:[Customer]: (Lisa,3) own the Products:[Huawei P30 pro of Seller 3] with balance of $ 143
INFO:root:[Customer]:(Lisa,4): Next Quarter Begins 
INFO:root:[Customer]:(Lisa,4) currently seeing ads for the Products:[iPhone XR case of Seller 1, Google pixel case of Seller 2, iPhone XS of Seller 1]
INFO:root:[Customer]:(Lisa,4)'s sentiment is 1 for product:[iPhone XR case] from Seller 1
INFO:root:[Customer]: (Lisa,4) bought product Huawei P30 pro, so he is likely to buy related product iPhone XR case 
INFO:root:[Customer]: (Lisa,4) didn't have enough money to buy Products:[iPhone XR case] from seller 1
INFO:root:[Customer]:(Lisa,4)'s sentiment is 1 for product:[Google pixel case] from Seller 2
INFO:root:[Customer]: (Lisa,4) bought product Huawei P30 pro, so he is likely to buy related product Google pixel case 
INFO:root:[Customer]: (Lisa,4) didn't have enough money to buy Products:[Google pixel case] from seller 2
INFO:root:[Customer]:(Lisa,4)'s sentiment is 0 for product:[iPhone XS] from Seller 1
INFO:root:[Customer]: (Betsy,3) own the Products:[iPhone XR case of Seller 1] with balance of $ 0
INFO:root:[Customer]:(Betsy,4): Next Quarter Begins 
INFO:root:[Customer]:(Betsy,4) currently seeing ads for the Products:[iPhone XR case of Seller 1, Huawei P30 pro case of Seller 4, Google pixel case of Seller 2, iPhone XS case of Seller 5, iPhone XS of Seller 1]
INFO:root:[Customer]:(Betsy,4)'s sentiment is 1 for product:[iPhone XR case] from Seller 1
INFO:root:[Customer]: (Lisa,4) bought product Huawei P30 pro, so he is likely to buy related product iPhone XS 
INFO:root:[Customer]: (Lisa,4) didn't have enough money to buy Products:[iPhone XS] from seller 1
INFO:root:[Customer]:(Lisa,4) Posted NEGATIVE tweet for the product Huawei P30 pro
INFO:root:[Customer]: (Betsy,4) bought product iPhone XR case, so he is likely to buy related product iPhone XR case 
INFO:root:[Customer]: (Betsy,4) didn't have enough money to buy Products:[iPhone XR case] from seller 1
INFO:root:[Customer]:(Betsy,4)'s sentiment is 1 for product:[Huawei P30 pro case] from Seller 4
INFO:root:[Customer]: (Betsy,4) bought product iPhone XR case, so he is likely to buy related product Huawei P30 pro case 
INFO:root:[Customer]: (Betsy,4) didn't have enough money to buy Products:[Huawei P30 pro case] from seller 4
INFO:root:[Customer]:(Betsy,4)'s sentiment is 1 for product:[Google pixel case] from Seller 2
INFO:root:[Customer]: (Betsy,4) bought product iPhone XR case, so he is likely to buy related product Google pixel case 
INFO:root:[Customer]: (Betsy,4) didn't have enough money to buy Products:[Google pixel case] from seller 2
INFO:root:[Customer]:(Betsy,4)'s sentiment is 1 for product:[iPhone XS case] from Seller 5
INFO:root:[Customer]: (Betsy,4) bought product iPhone XR case, so he is likely to buy related product iPhone XS case 
INFO:root:[Customer]: (Betsy,4) didn't have enough money to buy Products:[iPhone XS case] from seller 5
INFO:root:[Customer]:(Betsy,4)'s sentiment is 0 for product:[iPhone XS] from Seller 1
INFO:root:[Customer]: (Betsy,4) bought product iPhone XR case, so he is likely to buy related product iPhone XS 
INFO:root:[Customer]: (Betsy,4) didn't have enough money to buy Products:[iPhone XS] from seller 1
INFO:root:[Customer]:(Betsy,4) Posted POSITIVE tweet for the product iPhone XR case
INFO:root:[Customer]: (Jimmy,3) own the Products:[iPhone XR of Seller 2] with balance of $ 146
INFO:root:[Customer]:(Jimmy,4): Next Quarter Begins 
INFO:root:[Customer]:(Jimmy,4) currently seeing ads for the Products:[iPhone XS case of Seller 5, iPhone XR case of Seller 1, Google pixel of Seller 4, Huawei P30 pro of Seller 3]
INFO:root:[Customer]:(Jimmy,4)'s sentiment is 1 for product:[iPhone XS case] from Seller 5
INFO:root:[Seller]: (Alice,3) Exit
INFO:root:[Seller]: (Dave,4) sold  0 units of Google pixel
INFO:root:[Seller]: (Dave,4) sold  0 units of Huawei P30 pro case
INFO:root:[Seller]: (Eve,4) sold  0 units of iPhone XS case
INFO:root:[Customer]: (Jimmy,4) bought product iPhone XR, so he is likely to buy related product iPhone XS case 
INFO:root:[Customer]: (Jimmy,4) didn't have enough money to buy Products:[iPhone XS case] from seller 5
INFO:root:[Customer]:(Jimmy,4)'s sentiment is 1 for product:[iPhone XR case] from Seller 1
INFO:root:[Customer]: (Jimmy,4) bought product iPhone XR, so he is likely to buy related product iPhone XR case 
INFO:root:[Customer]: (Jimmy,4) didn't have enough money to buy Products:[iPhone XR case] from seller 1
INFO:root:[Customer]:(Jimmy,4)'s sentiment is 1 for product:[Google pixel] from Seller 4
INFO:root:[Seller]: (Bob,3) Exit
INFO:root:[Customer]: (Jimmy,4) bought product iPhone XR, so he is likely to buy related product Google pixel 
INFO:root:[Customer]: (Jimmy,4) didn't have enough money to buy Products:[Google pixel] from seller 4
INFO:root:[Customer]:(Jimmy,4)'s sentiment is 0 for product:[Huawei P30 pro] from Seller 3
INFO:root:[Customer]: (Jimmy,4) bought product iPhone XR, so he is likely to buy related product Huawei P30 pro 
INFO:root:[Customer]: (Jimmy,4) didn't have enough money to buy Products:[Huawei P30 pro] from seller 3
INFO:root:[Customer]:(Jimmy,4) Posted POSITIVE tweet for the product iPhone XR
INFO:root:[Seller]: (Carol,3) Exit
INFO:root:[Seller]: (Eve,4) Revenue in previous quarter:0
INFO:root:[Seller]: (Eve,4) Expenses in previous quarter:300
INFO:root:[Seller]: (Eve,4) Profit in previous quarter:-300
INFO:root:[Seller]: (Eve,4) Sales in previous quarter:[0, 0, 0, 0]
INFO:root:[CEO]: (Eve,4) CEO wallet 4200 ads price 100
INFO:root:[CEO]: (Eve,4) CEO selected advert_type as BASIC with scale of 4 for iPhone XS case
INFO:root:[GoogleAds]: Google pushed the BASIC Ad for product iPhone XS case of seller 5 to users Betsy, Matthew, Jimmy, Simone 
INFO:root:[Seller]: (Dave,4) Revenue in previous quarter:0
INFO:root:[Seller]: (Dave,4) Expenses in previous quarter:200
INFO:root:[Seller]: (Dave,4) Profit in previous quarter:-200
INFO:root:[Seller]: (Dave,4) Sales in previous quarter:[0, 0, 0, 0]
INFO:root:[CEO]: (Dave,4) CEO wallet 4000 ads price 100
INFO:root:[CEO]: (Dave,4) CEO selected advert_type as BASIC with scale of 4 for Google pixel
INFO:root:[GoogleAds]: Google pushed the BASIC Ad for product Google pixel of seller 4 to users Jimmy, Matthew 
INFO:root:[CEO]: (Dave,4) CEO wallet 4000 ads price 100
INFO:root:[CEO]: (Dave,4) CEO selected advert_type as BASIC with scale of 4 for Huawei P30 pro case
INFO:root:[GoogleAds]: Google pushed the BASIC Ad for product Huawei P30 pro case of seller 4 to users Betsy, Jimmy, Matthew 
INFO:root:[Customer]: (Simone,4) own the Products:[iPhone XS of Seller 1] with balance of $ 300
INFO:root:[Customer]:(Simone,5): Next Quarter Begins 
INFO:root:[Customer]:(Simone,5) currently seeing ads for the Products:[iPhone XS case of Seller 5]
INFO:root:[Customer]:(Simone,5)'s sentiment is 1 for product:[iPhone XS case] from Seller 5
INFO:root:[Customer]: (Simone,5) prefer high quality, so didn't buy any products 
INFO:root:[Customer]: (Matthew,4) own the Products:[iPhone XS of Seller 1] with balance of $ 400
INFO:root:[Customer]:(Matthew,5): Next Quarter Begins 
INFO:root:[Customer]:(Matthew,5) currently seeing ads for the Products:[iPhone XS case of Seller 5, Google pixel of Seller 4, Huawei P30 pro case of Seller 4]
INFO:root:[Customer]:(Matthew,5)'s sentiment is 1 for product:[iPhone XS case] from Seller 5
INFO:root:[Customer]: (Matthew,5) prefer high quality, so didn't buy any products 
INFO:root:[Customer]:(Matthew,5)'s sentiment is 1 for product:[Google pixel] from Seller 4
INFO:root:[Customer]:(Matthew,5) would like to buy the product:[Google pixel]
INFO:root:[Customer]: (Matthew,5) didn't have enough money to buy Products:[Google pixel] from seller 4
INFO:root:[Customer]:(Matthew,5)'s sentiment is 1 for product:[Huawei P30 pro case] from Seller 4
INFO:root:[Customer]:(Matthew,5) would like to buy the product:[Huawei P30 pro case]
INFO:root:[Customer]: (Matthew,5) didn't have enough money to buy Products:[Huawei P30 pro case] from seller 4
INFO:root:[Customer]: (Lisa,4) own the Products:[Huawei P30 pro of Seller 3] with balance of $ 143
INFO:root:[Customer]:(Lisa,5): Next Quarter Begins 
INFO:root:[Customer]:(Lisa,5) currently seeing ads for the Products:[]
INFO:root:[Customer]: (Betsy,4) own the Products:[iPhone XR case of Seller 1] with balance of $ 0
INFO:root:[Customer]:(Betsy,5): Next Quarter Begins 
INFO:root:[Customer]:(Betsy,5) currently seeing ads for the Products:[iPhone XS case of Seller 5, Huawei P30 pro case of Seller 4]
INFO:root:[Customer]:(Betsy,5)'s sentiment is 1 for product:[iPhone XS case] from Seller 5
INFO:root:[Customer]: (Betsy,5) bought product iPhone XR case, so he is likely to buy related product iPhone XS case 
INFO:root:[Customer]: (Betsy,5) didn't have enough money to buy Products:[iPhone XS case] from seller 5
INFO:root:[Customer]:(Betsy,5)'s sentiment is 1 for product:[Huawei P30 pro case] from Seller 4
INFO:root:[Customer]: (Betsy,5) bought product iPhone XR case, so he is likely to buy related product Huawei P30 pro case 
INFO:root:[Customer]: (Betsy,5) didn't have enough money to buy Products:[Huawei P30 pro case] from seller 4
INFO:root:[Customer]: (Jimmy,4) own the Products:[iPhone XR of Seller 2] with balance of $ 146
INFO:root:[Customer]:(Jimmy,5): Next Quarter Begins 
INFO:root:[Customer]:(Jimmy,5) currently seeing ads for the Products:[iPhone XS case of Seller 5, Google pixel of Seller 4, Huawei P30 pro case of Seller 4]
INFO:root:[Customer]:(Jimmy,5)'s sentiment is 1 for product:[iPhone XS case] from Seller 5
INFO:root:[Customer]: (Jimmy,5) bought product iPhone XR, so he is likely to buy related product iPhone XS case 
INFO:root:[Customer]: (Jimmy,5) didn't have enough money to buy Products:[iPhone XS case] from seller 5
INFO:root:[Customer]:(Jimmy,5)'s sentiment is 1 for product:[Google pixel] from Seller 4
INFO:root:[Seller]: (Eve,5) sold  0 units of iPhone XS case
INFO:root:[Seller]: (Dave,4) Exit
INFO:root:[Customer]: (Jimmy,5) bought product iPhone XR, so he is likely to buy related product Google pixel 
INFO:root:[Customer]: (Jimmy,5) didn't have enough money to buy Products:[Google pixel] from seller 4
INFO:root:[Customer]:(Jimmy,5)'s sentiment is 1 for product:[Huawei P30 pro case] from Seller 4
INFO:root:[Customer]: (Jimmy,5) bought product iPhone XR, so he is likely to buy related product Huawei P30 pro case 
INFO:root:[Customer]: (Jimmy,5) didn't have enough money to buy Products:[Huawei P30 pro case] from seller 4
INFO:root:[Seller]: (Eve,5) Revenue in previous quarter:0
INFO:root:[Seller]: (Eve,5) Expenses in previous quarter:400
INFO:root:[Seller]: (Eve,5) Profit in previous quarter:-400
INFO:root:[Seller]: (Eve,5) Sales in previous quarter:[0, 0, 0, 0, 0]
INFO:root:[CEO]: (Eve,5) CEO wallet 3800 ads price 100
INFO:root:[CEO]: (Eve,5) CEO selected advert_type as BASIC with scale of 3 for iPhone XS case
INFO:root:[GoogleAds]: Google pushed the BASIC Ad for product iPhone XS case of seller 5 to users Simone, Jimmy 
INFO:root:[Customer]: (Simone,5) own the Products:[iPhone XS of Seller 1] with balance of $ 300
INFO:root:[Customer]:(Simone,6): Next Quarter Begins 
INFO:root:[Customer]:(Simone,6) currently seeing ads for the Products:[iPhone XS case of Seller 5]
INFO:root:[Customer]:(Simone,6)'s sentiment is 1 for product:[iPhone XS case] from Seller 5
INFO:root:[Customer]: (Simone,6) prefer high quality, so didn't buy any products 
INFO:root:[Customer]:(Simone,6) Posted NEGATIVE tweet for the product iPhone XS
INFO:root:[Customer]: (Matthew,5) own the Products:[iPhone XS of Seller 1] with balance of $ 400
INFO:root:[Customer]:(Matthew,6): Next Quarter Begins 
INFO:root:[Customer]:(Matthew,6) currently seeing ads for the Products:[]
INFO:root:[Customer]: (Lisa,5) own the Products:[Huawei P30 pro of Seller 3] with balance of $ 143
INFO:root:[Customer]:(Lisa,6): Next Quarter Begins 
INFO:root:[Customer]:(Lisa,6) currently seeing ads for the Products:[]
INFO:root:[Customer]:(Lisa,6) Posted NEGATIVE tweet for the product Huawei P30 pro
INFO:root:[Customer]: (Betsy,5) own the Products:[iPhone XR case of Seller 1] with balance of $ 0
INFO:root:[Customer]:(Betsy,6): Next Quarter Begins 
INFO:root:[Customer]:(Betsy,6) currently seeing ads for the Products:[]
INFO:root:[Customer]:(Betsy,6) Posted POSITIVE tweet for the product iPhone XR case
INFO:root:[Customer]: (Jimmy,5) own the Products:[iPhone XR of Seller 2] with balance of $ 146
INFO:root:[Customer]:(Jimmy,6): Next Quarter Begins 
INFO:root:[Customer]:(Jimmy,6) currently seeing ads for the Products:[iPhone XS case of Seller 5]
INFO:root:[Customer]:(Jimmy,6)'s sentiment is 1 for product:[iPhone XS case] from Seller 5
INFO:root:[Customer]: (Jimmy,6) bought product iPhone XR, so he is likely to buy related product iPhone XS case 
INFO:root:[Customer]: (Jimmy,6) didn't have enough money to buy Products:[iPhone XS case] from seller 5
INFO:root:[Seller]: (Eve,5) Exit
INFO:root:[Customer]: (Simone,6) own the Products:[iPhone XS of Seller 1] with balance of $ 300
INFO:root:[Customer]: (Simone,6) Exit
INFO:root:[Customer]: (Matthew,6) own the Products:[iPhone XS of Seller 1] with balance of $ 400
INFO:root:[Customer]: (Matthew,6) Exit
INFO:root:[Customer]: (Lisa,6) own the Products:[Huawei P30 pro of Seller 3] with balance of $ 143
INFO:root:[Customer]: (Lisa,6) Exit
INFO:root:[Customer]: (Betsy,6) own the Products:[iPhone XR case of Seller 1] with balance of $ 0
INFO:root:[Customer]: (Betsy,6) Exit
INFO:root:[Customer]: (Jimmy,6) own the Products:[iPhone XR of Seller 2] with balance of $ 146
INFO:root:[Customer]: (Jimmy,6) Exit
