INFO:root:[Buyer]:Buyer simone Initialized
INFO:root:[Customer]:Customer simone entered Trading
INFO:root:[Buyer]:Buyer betsy Initialized
INFO:root:[Customer]:(simone,1): Next Quarter Begins 
INFO:root:[Customer]:(simone,1) currently seeing ads for the Products:[]
INFO:root:[Customer]:Customer betsy entered Trading
INFO:root:[Buyer]:Buyer Matthew Initialized
INFO:root:[Customer]:(betsy,1): Next Quarter Begins 
INFO:root:[Customer]:(betsy,1) currently seeing ads for the Products:[]
INFO:root:[Customer]:Customer Matthew entered Trading
INFO:root:[Buyer]:Buyer Dan Initialized
INFO:root:[Customer]:(Matthew,1): Next Quarter Begins 
INFO:root:[Customer]:(Matthew,1) currently seeing ads for the Products:[]
INFO:root:[Customer]:Customer Dan entered Trading
INFO:root:[Buyer]:Buyer Ewa Initialized
INFO:root:[Customer]:(Dan,1): Next Quarter Begins 
INFO:root:[Customer]:(Dan,1) currently seeing ads for the Products:[]
INFO:root:[Customer]:Customer Ewa entered Trading
INFO:root:[Customer]:(Ewa,1): Next Quarter Begins 
INFO:root:[Customer]:(Ewa,1) currently seeing ads for the Products:[]
INFO:root:[Seller]:Seller Alice Created
INFO:root:[Seller]: (Alice,1) Revenue in previous quarter:0
INFO:root:[Seller]: (Alice,1) Expenses in previous quarter:0
INFO:root:[Seller]: (Alice,1) Profit in previous quarter:0
INFO:root:[Seller]:Seller Bob Created
INFO:root:[Seller]: (Bob,1) Revenue in previous quarter:0
INFO:root:[Seller]: (Bob,1) Expenses in previous quarter:0
INFO:root:[Seller]: (Bob,1) Profit in previous quarter:0
INFO:root:[Seller]:Seller Carol Created
INFO:root:[Seller]: (Carol,1) Revenue in previous quarter:0
INFO:root:[Seller]: (Carol,1) Expenses in previous quarter:0
INFO:root:[Seller]: (Carol,1) Profit in previous quarter:0
INFO:root:[Seller]:Seller Dave Created
INFO:root:[Seller]: (Dave,1) Revenue in previous quarter:0
INFO:root:[Seller]: (Dave,1) Expenses in previous quarter:0
INFO:root:[Seller]: (Dave,1) Profit in previous quarter:0
INFO:root:[Seller]:Seller Eve Created
INFO:root:[Seller]: (Eve,1) Revenue in previous quarter:0
INFO:root:[Seller]: (Eve,1) Expenses in previous quarter:0
INFO:root:[Seller]: (Eve,1) Profit in previous quarter:0
INFO:root:[Customer]: (simone,1) own the Products:[] with balance of $ 800
INFO:root:[Customer]:(simone,2): Next Quarter Begins 
INFO:root:[Customer]:(simone,2) currently seeing ads for the Products:[Google pixel, iPhone XS, iPhone XS, iPhone XS case, iPhone XR, iPhone XS case, iPhone XS case, iPhone XR case, iPhone XR, iPhone XR case, Huawei P30 pro, Huawei P30 pro case]
INFO:root:[Customer]:***(simone,2)bought 2 new product:[iPhone XS case]
INFO:root:[Customer]: (simone,2) buy the Products:[iPhone XS case] from seller1
INFO:root:[Customer]: (simone,2) buy the Products:[iPhone XS case] from seller1
INFO:root:[Customer]: (simone,2) buy the Products:[iPhone XS case] from seller1 with price190
INFO:root:[Customer]:***(simone,2)bought 2 new product:[Huawei P30 pro case]
INFO:root:[Customer]: (simone,2) buy the Products:[Huawei P30 pro case] from seller5
INFO:root:[Customer]: (simone,2) buy the Products:[Huawei P30 pro case] from seller5
INFO:root:[Customer]: (simone,2) buy the Products:[Huawei P30 pro case] from seller5 with price120
INFO:root:[Customer]:(simone,2) Posted POSITIVE tweet for the product iPhone XS case
INFO:root:[Customer]: (betsy,1) own the Products:[] with balance of $ 800
INFO:root:[Customer]:(betsy,2): Next Quarter Begins 
INFO:root:[Customer]:(betsy,2) currently seeing ads for the Products:[Google pixel case, iPhone XR, iPhone XR case, iPhone XS case, iPhone XR case, Huawei P30 pro, iPhone XR case, Huawei P30 pro case]
INFO:root:[Customer]:***(betsy,2)bought 2 new product:[Google pixel case]
INFO:root:[Customer]: (betsy,2) buy the Products:[Google pixel case] from seller4
INFO:root:[Customer]: (betsy,2) buy the Products:[Google pixel case] from seller4
INFO:root:[Customer]: (betsy,2) buy the Products:[Google pixel case] from seller4 with price160
INFO:root:[Customer]:***(betsy,2)bought 2 new product:[iPhone XR]
INFO:root:[Customer]: (betsy,2) buy the Products:[iPhone XR] from seller2
INFO:root:[Customer]: (Matthew,1) own the Products:[] with balance of $ 800
INFO:root:[Customer]: (betsy,2) buy the Products:[iPhone XR] from seller2
INFO:root:[Customer]:(Matthew,2): Next Quarter Begins 
INFO:root:[Customer]:(Matthew,2) currently seeing ads for the Products:[iPhone XS, Google pixel case, iPhone XS, iPhone XR, iPhone XS case, iPhone XR, iPhone XS case, iPhone XR, Huawei P30 pro, iPhone XR case]
INFO:root:[Customer]:***(Matthew,2)bought 2 new product:[iPhone XS case]
INFO:root:[Customer]: (Matthew,2) buy the Products:[iPhone XS case] from seller3
INFO:root:[Customer]: (Matthew,2) buy the Products:[iPhone XS case] from seller3
INFO:root:[Customer]: (Matthew,2) buy the Products:[iPhone XS case] from seller3 with price180
INFO:root:[Customer]:(Matthew,2) Posted POSITIVE tweet for the product iPhone XS case
INFO:root:[Customer]: (Ewa,1) own the Products:[] with balance of $ 800
INFO:root:[Customer]:(Ewa,2): Next Quarter Begins 
INFO:root:[Customer]:(Ewa,2) currently seeing ads for the Products:[Google pixel, Google pixel case, iPhone XS, iPhone XR, iPhone XS case, iPhone XS case, iPhone XR case, iPhone XR case, iPhone XR, Huawei P30 pro, iPhone XR case, Huawei P30 pro case]
INFO:root:[Customer]:***(Ewa,2)bought 2 new product:[iPhone XR case]
INFO:root:[Customer]: (Ewa,2) buy the Products:[iPhone XR case] from seller2
INFO:root:[Customer]: (Ewa,2) buy the Products:[iPhone XR case] from seller2
INFO:root:[Customer]: (Ewa,2) buy the Products:[iPhone XR case] from seller2 with price190
INFO:root:[Customer]:(Ewa,2) Posted POSITIVE tweet for the product iPhone XR case
INFO:root:[Customer]: (Dan,1) own the Products:[] with balance of $ 800
INFO:root:[Customer]:(Dan,2): Next Quarter Begins 
INFO:root:[Customer]:(Dan,2) currently seeing ads for the Products:[Google pixel, iPhone XS, iPhone XS case, iPhone XS case, iPhone XS case, iPhone XR case, Huawei P30 pro case]
INFO:root:[Customer]:***(Dan,2)bought 2 new product:[Google pixel]
INFO:root:[Customer]: (Dan,2) buy the Products:[Google pixel] from seller4
INFO:root:[Customer]: (Dan,2) buy the Products:[Google pixel] from seller4
INFO:root:[Customer]: (Dan,2) buy the Products:[Google pixel] from seller4 with price800
INFO:root:[Customer]:***(Dan,2)bought 2 new product:[iPhone XS case]
INFO:root:[Customer]: (Dan,2) buy the Products:[iPhone XS case] from seller1
INFO:root:[Customer]: (Dan,2) buy the Products:[iPhone XS case] from seller1
INFO:root:[Seller]: (Alice,2) Revenue in previous quarter:190
INFO:root:[Seller]: (Alice,2) Expenses in previous quarter:25
INFO:root:[Seller]: (Alice,2) Profit in previous quarter:165
INFO:root:[Seller]: (Bob,2) Revenue in previous quarter:190
INFO:root:[Seller]: (Bob,2) Expenses in previous quarter:25
INFO:root:[Seller]: (Bob,2) Profit in previous quarter:165
INFO:root:[Seller]: (Carol,2) Revenue in previous quarter:190
INFO:root:[Seller]: (Carol,2) Expenses in previous quarter:25
INFO:root:[Seller]: (Carol,2) Profit in previous quarter:165
INFO:root:[Seller]: (Dave,2) Revenue in previous quarter:320
INFO:root:[Seller]: (Dave,2) Expenses in previous quarter:25
INFO:root:[Seller]: (Dave,2) Profit in previous quarter:295
INFO:root:[Seller]: (Eve,2) Revenue in previous quarter:120
INFO:root:[Seller]: (Eve,2) Expenses in previous quarter:25
INFO:root:[Seller]: (Eve,2) Profit in previous quarter:95
INFO:root:[Customer]: (simone,2) own the Products:[iPhone XS case, Huawei P30 pro case] with balance of $ 490
INFO:root:[Customer]:(simone,3): Next Quarter Begins 
INFO:root:[Customer]:(simone,3) currently seeing ads for the Products:[Google pixel, iPhone XS, iPhone XR, iPhone XR, iPhone XR case, iPhone XS case, iPhone XR case, iPhone XR]
INFO:root:[Customer]:(simone,3) Posted NEGATIVE tweet for the product Huawei P30 pro case
INFO:root:[Customer]: (betsy,2) own the Products:[Google pixel case] with balance of $ 640
INFO:root:[Customer]:(betsy,3): Next Quarter Begins 
INFO:root:[Customer]:(betsy,3) currently seeing ads for the Products:[Google pixel, iPhone XS, Google pixel case, iPhone XS, iPhone XR, iPhone XS case, iPhone XS case, iPhone XR, iPhone XR case, Huawei P30 pro]
INFO:root:[Customer]:***(betsy,3)bought 2 new product:[iPhone XS case]
INFO:root:[Customer]: (betsy,3) buy the Products:[iPhone XS case] from seller1
INFO:root:[Customer]: (betsy,3) buy the Products:[iPhone XS case] from seller1
INFO:root:[Customer]: (betsy,3) buy the Products:[iPhone XS case] from seller1 with price190
INFO:root:[Customer]: (Matthew,2) own the Products:[iPhone XS case] with balance of $ 620
INFO:root:[Customer]:(Matthew,3): Next Quarter Begins 
INFO:root:[Customer]:(Matthew,3) currently seeing ads for the Products:[Google pixel, iPhone XS, iPhone XR, iPhone XR, iPhone XS case, iPhone XS case, iPhone XR case, iPhone XR, iPhone XR case, Huawei P30 pro, iPhone XR case, Huawei P30 pro case]
INFO:root:[Customer]:***(Matthew,3)bought 2 new product:[Google pixel]
INFO:root:[Customer]: (Matthew,3) buy the Products:[Google pixel] from seller4
INFO:root:[Customer]: (Matthew,3) buy the Products:[Google pixel] from seller4
INFO:root:[Customer]:***(Matthew,3)bought 2 new product:[iPhone XS case]
INFO:root:[Customer]: (Matthew,3) buy the Products:[iPhone XS case] from seller2
INFO:root:[Customer]: (Matthew,3) buy the Products:[iPhone XS case] from seller2
INFO:root:[Customer]: (Matthew,3) buy the Products:[iPhone XS case] from seller2 with price200
INFO:root:[Customer]:***(Matthew,3)bought 2 new product:[iPhone XR case]
INFO:root:[Customer]: (Matthew,3) buy the Products:[iPhone XR case] from seller1
INFO:root:[Customer]: (Matthew,3) buy the Products:[iPhone XR case] from seller1
INFO:root:[Customer]: (Matthew,3) buy the Products:[iPhone XR case] from seller1 with price190
INFO:root:[Customer]:###(Matthew,3)doesn't buy any products 
INFO:root:[Customer]: (Ewa,2) own the Products:[iPhone XR case] with balance of $ 610
INFO:root:[Customer]:(Ewa,3): Next Quarter Begins 
INFO:root:[Customer]:(Ewa,3) currently seeing ads for the Products:[Google pixel case, iPhone XS, iPhone XS case, iPhone XR, iPhone XS case, iPhone XS case, iPhone XR case, iPhone XR case, iPhone XR case, Huawei P30 pro case]
INFO:root:[Customer]:***(Ewa,3)bought 2 new product:[iPhone XR case]
INFO:root:[Customer]: (Ewa,3) buy the Products:[iPhone XR case] from seller1
INFO:root:[Customer]: (Ewa,3) buy the Products:[iPhone XR case] from seller1
INFO:root:[Customer]: (Ewa,3) buy the Products:[iPhone XR case] from seller1 with price190
INFO:root:[Customer]:###(Ewa,3)doesn't buy any products 
INFO:root:[Customer]: (Dan,2) own the Products:[Google pixel] with balance of $ 0
INFO:root:[Customer]:(Dan,3): Next Quarter Begins 
INFO:root:[Customer]:(Dan,3) currently seeing ads for the Products:[Google pixel case, iPhone XS, iPhone XR, iPhone XS case, iPhone XS case, iPhone XR case, iPhone XR case, iPhone XR, Huawei P30 pro, Huawei P30 pro case]
INFO:root:[Customer]:***(Dan,3)bought 2 new product:[Google pixel case]
INFO:root:[Customer]: (Dan,3) buy the Products:[Google pixel case] from seller4
INFO:root:[Customer]: (Dan,3) buy the Products:[Google pixel case] from seller4
INFO:root:[Customer]:***(Dan,3)bought 2 new product:[iPhone XR]
INFO:root:[Customer]: (Dan,3) buy the Products:[iPhone XR] from seller3
INFO:root:[Customer]: (Dan,3) buy the Products:[iPhone XR] from seller3
INFO:root:[Customer]:***(Dan,3)bought 2 new product:[iPhone XS case]
INFO:root:[Customer]: (Dan,3) buy the Products:[iPhone XS case] from seller3
INFO:root:[Customer]: (Dan,3) buy the Products:[iPhone XS case] from seller3
INFO:root:[Customer]:###(Dan,3)doesn't buy any products 
INFO:root:[Customer]:(Dan,3) Posted POSITIVE tweet for the product Google pixel
INFO:root:[Seller]: (Alice,3) Revenue in previous quarter:570
INFO:root:[Seller]: (Alice,3) Expenses in previous quarter:25
INFO:root:[Seller]: (Alice,3) Profit in previous quarter:545
INFO:root:[Seller]: (Bob,3) Revenue in previous quarter:190
INFO:root:[Seller]: (Bob,3) Expenses in previous quarter:25
INFO:root:[Seller]: (Bob,3) Profit in previous quarter:165
INFO:root:[Seller]: (Carol,3) Revenue in previous quarter:0
INFO:root:[Seller]: (Carol,3) Expenses in previous quarter:25
INFO:root:[Seller]: (Carol,3) Profit in previous quarter:-25
INFO:root:[Seller]: (Dave,3) Revenue in previous quarter:0
INFO:root:[Seller]: (Dave,3) Expenses in previous quarter:25
INFO:root:[Seller]: (Dave,3) Profit in previous quarter:-25
INFO:root:[Seller]: (Eve,3) Revenue in previous quarter:0
INFO:root:[Seller]: (Eve,3) Expenses in previous quarter:25
INFO:root:[Seller]: (Eve,3) Profit in previous quarter:-25
INFO:root:[Customer]: (simone,3) own the Products:[iPhone XS case, Huawei P30 pro case] with balance of $ 490
INFO:root:[Customer]:(simone,4): Next Quarter Begins 
INFO:root:[Customer]:(simone,4) currently seeing ads for the Products:[Google pixel, iPhone XS, Google pixel case, iPhone XS, iPhone XR, iPhone XS case, iPhone XR, iPhone XS case, iPhone XS case, iPhone XR case, iPhone XR case, Huawei P30 pro, iPhone XR case, Huawei P30 pro case]
INFO:root:[Customer]:***(simone,4)bought 2 new product:[iPhone XR]
INFO:root:[Customer]: (simone,4) buy the Products:[iPhone XR] from seller3
INFO:root:[Customer]: (simone,4) buy the Products:[iPhone XR] from seller3
INFO:root:[Customer]:###(simone,4)doesn't buy any products 
INFO:root:[Customer]:(simone,4) Posted POSITIVE tweet for the product iPhone XS case
INFO:root:[Customer]: (betsy,3) own the Products:[iPhone XS case, Google pixel case] with balance of $ 450
INFO:root:[Customer]:(betsy,4): Next Quarter Begins 
INFO:root:[Customer]:(betsy,4) currently seeing ads for the Products:[Google pixel, iPhone XS, iPhone XS case, iPhone XS case, iPhone XS case, iPhone XR case, iPhone XR case]
INFO:root:[Customer]:***(betsy,4)bought 2 new product:[iPhone XS]
INFO:root:[Customer]: (betsy,4) buy the Products:[iPhone XS] from seller2
INFO:root:[Customer]: (betsy,4) buy the Products:[iPhone XS] from seller2
INFO:root:[Customer]:(betsy,4) Posted POSITIVE tweet for the product iPhone XS case
INFO:root:[Customer]: (Matthew,3) own the Products:[iPhone XS case, iPhone XS case, iPhone XR case] with balance of $ 230
INFO:root:[Customer]:(Matthew,4): Next Quarter Begins 
INFO:root:[Customer]:(Matthew,4) currently seeing ads for the Products:[iPhone XS, Google pixel case, iPhone XR, iPhone XS case, iPhone XR, iPhone XS case, iPhone XR case, iPhone XR, Huawei P30 pro, iPhone XR case, Huawei P30 pro case]
INFO:root:[Customer]:***(Matthew,4)bought 2 new product:[iPhone XR]
INFO:root:[Customer]: (Matthew,4) buy the Products:[iPhone XR] from seller3
INFO:root:[Customer]: (Matthew,4) buy the Products:[iPhone XR] from seller3
INFO:root:[Customer]:***(Matthew,4)bought 2 new product:[iPhone XR]
INFO:root:[Customer]: (Matthew,4) buy the Products:[iPhone XR] from seller2
INFO:root:[Customer]: (Matthew,4) buy the Products:[iPhone XR] from seller2
INFO:root:[Customer]:***(Matthew,4)bought 2 new product:[iPhone XR case]
INFO:root:[Customer]: (Matthew,4) buy the Products:[iPhone XR case] from seller3
INFO:root:[Customer]: (Matthew,4) buy the Products:[iPhone XR case] from seller3
INFO:root:[Customer]: (Matthew,4) buy the Products:[iPhone XR case] from seller3 with price190
INFO:root:[Customer]:###(Matthew,4)doesn't buy any products 
INFO:root:[Customer]: (Ewa,3) own the Products:[iPhone XR case, iPhone XR case] with balance of $ 420
INFO:root:[Customer]:(Matthew,4) Posted POSITIVE tweet for the product iPhone XS case
INFO:root:[Customer]:(Ewa,4): Next Quarter Begins 
INFO:root:[Customer]:(Ewa,4) currently seeing ads for the Products:[iPhone XS, Google pixel case, iPhone XR, iPhone XS case, iPhone XS case, iPhone XR case, iPhone XR, Huawei P30 pro case]
INFO:root:[Customer]:***(Ewa,4)bought 2 new product:[iPhone XS]
INFO:root:[Customer]: (Ewa,4) buy the Products:[iPhone XS] from seller3
INFO:root:[Customer]: (Ewa,4) buy the Products:[iPhone XS] from seller3
INFO:root:[Customer]:***(Ewa,4)bought 2 new product:[iPhone XR]
INFO:root:[Customer]: (Ewa,4) buy the Products:[iPhone XR] from seller3
INFO:root:[Customer]: (Ewa,4) buy the Products:[iPhone XR] from seller3
INFO:root:[Customer]: (Dan,3) own the Products:[Google pixel] with balance of $ 0
INFO:root:[Customer]:***(Ewa,4)bought 2 new product:[iPhone XS case]
INFO:root:[Customer]:(Dan,4): Next Quarter Begins 
INFO:root:[Customer]: (Ewa,4) buy the Products:[iPhone XS case] from seller2
INFO:root:[Customer]:(Dan,4) currently seeing ads for the Products:[iPhone XR, iPhone XS case, iPhone XR, iPhone XS case, iPhone XS case, iPhone XR, iPhone XR case, Huawei P30 pro, iPhone XR case, Huawei P30 pro case]
INFO:root:[Customer]: (Ewa,4) buy the Products:[iPhone XS case] from seller2
INFO:root:[Customer]:***(Dan,4)bought 2 new product:[iPhone XR]
INFO:root:[Customer]: (Ewa,4) buy the Products:[iPhone XS case] from seller2 with price200
INFO:root:[Customer]: (Dan,4) buy the Products:[iPhone XR] from seller2
INFO:root:[Customer]:***(Ewa,4)bought 2 new product:[iPhone XR]
INFO:root:[Customer]: (Dan,4) buy the Products:[iPhone XR] from seller2
INFO:root:[Customer]: (Ewa,4) buy the Products:[iPhone XR] from seller1
INFO:root:[Customer]:###(Dan,4)doesn't buy any products 
INFO:root:[Customer]: (Ewa,4) buy the Products:[iPhone XR] from seller1
INFO:root:[Customer]:(Dan,4) Posted POSITIVE tweet for the product Google pixel
INFO:root:[Customer]:###(Ewa,4)doesn't buy any products 
INFO:root:[Customer]:(Ewa,4) Posted POSITIVE tweet for the product iPhone XS case
INFO:root:[Customer]: (simone,4) own the Products:[iPhone XS case, Huawei P30 pro case] with balance of $ 490
INFO:root:[Customer]:(simone,5): Next Quarter Begins 
INFO:root:[Customer]:(simone,5) currently seeing ads for the Products:[]
INFO:root:[Customer]:(simone,5) Posted NEGATIVE tweet for the product Huawei P30 pro case
INFO:root:[Customer]: (betsy,4) own the Products:[iPhone XS case, Google pixel case] with balance of $ 450
INFO:root:[Customer]:(betsy,5): Next Quarter Begins 
INFO:root:[Customer]:(betsy,5) currently seeing ads for the Products:[]
INFO:root:[Customer]: (Matthew,4) own the Products:[iPhone XR case, iPhone XS case, iPhone XS case, iPhone XR case] with balance of $ 40
INFO:root:[Customer]:(Matthew,5): Next Quarter Begins 
INFO:root:[Customer]:(Matthew,5) currently seeing ads for the Products:[]
INFO:root:[Customer]: (Ewa,4) own the Products:[iPhone XS case, iPhone XR case, iPhone XR case] with balance of $ 220
INFO:root:[Customer]: (Dan,4) own the Products:[Google pixel] with balance of $ 0
INFO:root:[Customer]:(Ewa,5): Next Quarter Begins 
INFO:root:[Customer]:(Dan,5): Next Quarter Begins 
INFO:root:[Customer]:(Ewa,5) currently seeing ads for the Products:[]
INFO:root:[Customer]:(Dan,5) currently seeing ads for the Products:[]
INFO:root:[Customer]: (simone,5) own the Products:[iPhone XS case, Huawei P30 pro case] with balance of $ 490
INFO:root:[Customer]:(simone,6): Next Quarter Begins 
INFO:root:[Customer]:(simone,6) currently seeing ads for the Products:[]
INFO:root:[Customer]: (betsy,5) own the Products:[iPhone XS case, Google pixel case] with balance of $ 450
INFO:root:[Customer]:(betsy,6): Next Quarter Begins 
INFO:root:[Customer]:(betsy,6) currently seeing ads for the Products:[]
INFO:root:[Customer]: (Matthew,5) own the Products:[iPhone XR case, iPhone XS case, iPhone XS case, iPhone XR case] with balance of $ 40
INFO:root:[Customer]:(Matthew,6): Next Quarter Begins 
INFO:root:[Customer]:(Matthew,6) currently seeing ads for the Products:[]
INFO:root:[Customer]:(Matthew,6) Posted POSITIVE tweet for the product iPhone XS case
INFO:root:[Customer]: (Dan,5) own the Products:[Google pixel] with balance of $ 0
INFO:root:[Customer]:(Dan,6): Next Quarter Begins 
INFO:root:[Customer]: (Ewa,5) own the Products:[iPhone XS case, iPhone XR case, iPhone XR case] with balance of $ 220
INFO:root:[Customer]:(Dan,6) currently seeing ads for the Products:[]
INFO:root:[Customer]:(Ewa,6): Next Quarter Begins 
INFO:root:[Customer]:(Ewa,6) currently seeing ads for the Products:[]
INFO:root:[Customer]: (simone,6) own the Products:[iPhone XS case, Huawei P30 pro case] with balance of $ 490
INFO:root:[Customer]: (simone,6) Exit
INFO:root:[Customer]: (betsy,6) own the Products:[iPhone XS case, Google pixel case] with balance of $ 450
INFO:root:[Customer]: (betsy,6) Exit
INFO:root:[Customer]: (Matthew,6) own the Products:[iPhone XR case, iPhone XS case, iPhone XS case, iPhone XR case] with balance of $ 40
INFO:root:[Customer]: (Matthew,6) Exit
INFO:root:[Customer]: (Ewa,6) own the Products:[iPhone XS case, iPhone XR case, iPhone XR case] with balance of $ 220
INFO:root:[Customer]: (Ewa,6) Exit
INFO:root:[Customer]: (Dan,6) own the Products:[Google pixel] with balance of $ 0
INFO:root:[Customer]: (Dan,6) Exit
