INFO:root:[Buyer]:Buyer simone Created
INFO:root:[Buyer]:Buyer betsy Created
INFO:root:[Buyer]:Buyer Matthew Created
INFO:root:[Buyer]:Buyer A Created
INFO:root:[Buyer]:Buyer B Created
INFO:root:[Buyer]:Buyer C Created
INFO:root:[Buyer]:Buyer D Created
INFO:root:[Buyer]:Buyer E Created
INFO:root:[Buyer]:Buyer F Created
INFO:root:[Buyer]:Buyer G Created
INFO:root:[Seller]:Seller apple Created
INFO:root:[Seller]:Seller samsung Created
INFO:root:[Seller]: (apple,1) Revenue in previous quarter:0
INFO:root:[Seller]: (apple,1) Expenses in previous quarter:0
INFO:root:[Seller]: (samsung,1) Revenue in previous quarter:0
INFO:root:[Seller]: (apple,1) Profit in previous quarter:0
INFO:root:[Seller]: (samsung,1) Expenses in previous quarter:0
INFO:root:[Seller]: (samsung,1) Profit in previous quarter:0
INFO:root:[Seller]: (samsung,2) Revenue in previous quarter:400
INFO:root:[Seller]: (samsung,2) Expenses in previous quarter:50
INFO:root:[Seller]: (samsung,2) Profit in previous quarter:350
INFO:root:[Seller]: (apple,2) Revenue in previous quarter:300
INFO:root:[Seller]: (apple,2) Expenses in previous quarter:50
INFO:root:[Seller]: (apple,2) Profit in previous quarter:250
INFO:root:[Seller]: (samsung,3) Revenue in previous quarter:400
INFO:root:[Seller]: (samsung,3) Expenses in previous quarter:50
INFO:root:[Seller]: (samsung,3) Profit in previous quarter:350
INFO:root:[Seller]: (apple,3) Revenue in previous quarter:600
INFO:root:[Seller]: (apple,3) Expenses in previous quarter:50
INFO:root:[Seller]: (apple,3) Profit in previous quarter:550
INFO:root:[Seller]: (samsung,4) Revenue in previous quarter:200
INFO:root:[Seller]: (samsung,4) Expenses in previous quarter:50
INFO:root:[Seller]: (samsung,4) Profit in previous quarter:150
INFO:root:[Seller]: (apple,4) Revenue in previous quarter:600
INFO:root:[Seller]: (apple,4) Expenses in previous quarter:50
INFO:root:[Seller]: (apple,4) Profit in previous quarter:550
INFO:root:[Seller]: (samsung,5) Revenue in previous quarter:0
INFO:root:[Seller]: (samsung,5) Expenses in previous quarter:50
INFO:root:[Seller]: (samsung,5) Profit in previous quarter:-50
INFO:root:[Seller]: (apple,5) Revenue in previous quarter:300
INFO:root:[Seller]: (apple,5) Expenses in previous quarter:100
INFO:root:[Seller]: (apple,5) Profit in previous quarter:200
INFO:root:[Seller]: (samsung,6) Revenue in previous quarter:400
INFO:root:[Seller]: (samsung,6) Expenses in previous quarter:50
INFO:root:[Seller]: (samsung,6) Profit in previous quarter:350
INFO:root:[Seller]: (apple,6) Revenue in previous quarter:0
INFO:root:[Seller]: (apple,6) Expenses in previous quarter:100
INFO:root:[Seller]: (apple,6) Profit in previous quarter:-100
INFO:root:[Seller]: (samsung,7) Revenue in previous quarter:0
INFO:root:[Seller]: (samsung,7) Expenses in previous quarter:100
INFO:root:[Seller]: (samsung,7) Profit in previous quarter:-100
INFO:root:[Seller]: (apple,7) Revenue in previous quarter:300
INFO:root:[Seller]: (apple,7) Expenses in previous quarter:100
INFO:root:[Seller]: (apple,7) Profit in previous quarter:200
INFO:root:[Seller]: (samsung,8) Revenue in previous quarter:400
INFO:root:[Seller]: (samsung,8) Expenses in previous quarter:100
INFO:root:[Seller]: (samsung,8) Profit in previous quarter:300
INFO:root:[Seller]: (apple,8) Revenue in previous quarter:0
INFO:root:[Seller]: (apple,8) Expenses in previous quarter:100
INFO:root:[Seller]: (apple,8) Profit in previous quarter:-100
INFO:root:[Seller]: (samsung,9) Revenue in previous quarter:0
INFO:root:[Seller]: (samsung,9) Expenses in previous quarter:100
INFO:root:[Seller]: (samsung,9) Profit in previous quarter:-100
INFO:root:[Seller]: (apple,9) Revenue in previous quarter:0
INFO:root:[Seller]: (apple,9) Expenses in previous quarter:100
INFO:root:[Seller]: (apple,9) Profit in previous quarter:-100
INFO:root:[Seller]: (samsung,10) Revenue in previous quarter:0
INFO:root:[Seller]: (samsung,10) Expenses in previous quarter:100
INFO:root:[Seller]: (samsung,10) Profit in previous quarter:-100
INFO:root:[Seller]: (apple,10) Revenue in previous quarter:0
INFO:root:[Seller]: (apple,10) Expenses in previous quarter:100
INFO:root:[Seller]: (apple,10) Profit in previous quarter:-100
INFO:root:[Seller]: (samsung,11) Revenue in previous quarter:0
INFO:root:[Seller]: (samsung,11) Expenses in previous quarter:100
INFO:root:[Seller]: (samsung,11) Profit in previous quarter:-100
