INFO:root:[Buyer]:Buyer Simone Initialized
INFO:root:[Customer]:Customer Simone entered Trading
INFO:root:[Buyer]:Buyer Betsy Initialized
INFO:root:[Customer]:(Simone,1): Next Quarter Begins 
INFO:root:[Customer]:(Simone,1) currently seeing ads for the Products:[]
INFO:root:[Customer]:Customer Betsy entered Trading
INFO:root:[Buyer]:Buyer Matthew Initialized
INFO:root:[Customer]:(Betsy,1): Next Quarter Begins 
INFO:root:[Customer]:(Betsy,1) currently seeing ads for the Products:[]
INFO:root:[Customer]:Customer Matthew entered Trading
INFO:root:[Buyer]:Buyer Lisa Initialized
INFO:root:[Customer]:(Matthew,1): Next Quarter Begins 
INFO:root:[Customer]:(Matthew,1) currently seeing ads for the Products:[]
INFO:root:[Customer]:Customer Lisa entered Trading
INFO:root:[Buyer]:Buyer Jimmy Initialized
INFO:root:[Customer]:(Lisa,1): Next Quarter Begins 
INFO:root:[Customer]:(Lisa,1) currently seeing ads for the Products:[]
INFO:root:[Customer]:Customer Jimmy entered Trading
INFO:root:[Customer]:(Jimmy,1): Next Quarter Begins 
INFO:root:[Customer]:(Jimmy,1) currently seeing ads for the Products:[]
INFO:root:[Seller]:Seller Alice Created
INFO:root:[Seller]:Seller Alice Owned products iPhone XS, iPhone XR case
INFO:root:{}
INFO:root:[Market]:Seller Alice is registered in the market with the product iPhone XS 
INFO:root:[Market]:Seller Alice is registered in the market with the product iPhone XR case 
INFO:root:[Seller]:Seller Alice started Trading
INFO:root:[Seller]: (Alice,1) sold  0 units of iPhone XS
INFO:root:[Seller]: (Alice,1) sold  0 units of iPhone XR case
INFO:root:[Seller]:Seller Bob Created
INFO:root:[Seller]:Seller Bob Owned products iPhone XR, Google pixel case
INFO:root:{'iPhone XS': [<seller.Seller object at 0x000001D7FC4C0B38>], 'iPhone XR case': [<seller.Seller object at 0x000001D7FC4C0B38>]}
INFO:root:[Market]:Seller Bob is registered in the market with the product iPhone XR 
INFO:root:[Market]:Seller Bob is registered in the market with the product Google pixel case 
INFO:root:[Seller]:Seller Bob started Trading
INFO:root:[Seller]: (Bob,1) sold  0 units of iPhone XR
INFO:root:[Seller]: (Bob,1) sold  0 units of Google pixel case
INFO:root:[Seller]:Seller Carol Created
INFO:root:[Seller]:Seller Carol Owned products Huawei P30 pro
INFO:root:{'iPhone XS': [<seller.Seller object at 0x000001D7FC4C0B38>], 'iPhone XR case': [<seller.Seller object at 0x000001D7FC4C0B38>], 'iPhone XR': [<seller.Seller object at 0x000001D7FC4DD9E8>], 'Google pixel case': [<seller.Seller object at 0x000001D7FC4DD9E8>]}
INFO:root:[Market]:Seller Carol is registered in the market with the product Huawei P30 pro 
INFO:root:[Seller]:Seller Carol started Trading
INFO:root:[Seller]: (Carol,1) sold  0 units of Huawei P30 pro
INFO:root:[Seller]:Seller Dave Created
INFO:root:[Seller]:Seller Dave Owned products Google pixel, Huawei P30 pro case
INFO:root:{'iPhone XS': [<seller.Seller object at 0x000001D7FC4C0B38>], 'iPhone XR case': [<seller.Seller object at 0x000001D7FC4C0B38>], 'iPhone XR': [<seller.Seller object at 0x000001D7FC4DD9E8>], 'Google pixel case': [<seller.Seller object at 0x000001D7FC4DD9E8>], 'Huawei P30 pro': [<seller.Seller object at 0x000001D7FC4DD908>]}
INFO:root:[Market]:Seller Dave is registered in the market with the product Google pixel 
INFO:root:[Market]:Seller Dave is registered in the market with the product Huawei P30 pro case 
INFO:root:[Seller]:Seller Dave started Trading
INFO:root:[Seller]: (Dave,1) sold  0 units of Google pixel
INFO:root:[Seller]: (Dave,1) sold  0 units of Huawei P30 pro case
INFO:root:[Seller]:Seller Eve Created
INFO:root:[Seller]:Seller Eve Owned products iPhone XS case
INFO:root:{'iPhone XS': [<seller.Seller object at 0x000001D7FC4C0B38>], 'iPhone XR case': [<seller.Seller object at 0x000001D7FC4C0B38>], 'iPhone XR': [<seller.Seller object at 0x000001D7FC4DD9E8>], 'Google pixel case': [<seller.Seller object at 0x000001D7FC4DD9E8>], 'Huawei P30 pro': [<seller.Seller object at 0x000001D7FC4DD908>], 'Google pixel': [<seller.Seller object at 0x000001D7FC4DDE48>], 'Huawei P30 pro case': [<seller.Seller object at 0x000001D7FC4DDE48>]}
INFO:root:[Market]:Seller Eve is registered in the market with the product iPhone XS case 
INFO:root:[Seller]:Seller Eve started Trading
INFO:root:[Seller]: (Eve,1) sold  0 units of iPhone XS case
INFO:root:[Seller]: (Bob,1) Revenue in previous quarter:0
INFO:root:[Seller]: (Bob,1) Expenses in previous quarter:0
INFO:root:[Seller]: (Bob,1) Profit in previous quarter:0
INFO:root:[Seller]: (Bob,1) Sales in previous quarter:[0]
INFO:root:[CEO]: (Bob,1) CEO wallet 10000 ads price 100
INFO:root:[CEO]: (Bob,1) CEO selected advert_type as BASIC with scale of 10 for iPhone XR
INFO:root:[GoogleAds]: Google pushed the BASIC Ad for product iPhone XR of seller 2 to users Matthew, Simone, Jimmy 
INFO:root:[CEO]: (Bob,1) CEO wallet 10000 ads price 100
INFO:root:[CEO]: (Bob,1) CEO selected advert_type as BASIC with scale of 10 for Google pixel case
INFO:root:[GoogleAds]: Google pushed the BASIC Ad for product Google pixel case of seller 2 to users Betsy, Simone, Lisa 
INFO:root:[Seller]: (Alice,1) Revenue in previous quarter:0
INFO:root:[Seller]: (Alice,1) Expenses in previous quarter:0
INFO:root:[Seller]: (Alice,1) Profit in previous quarter:0
INFO:root:[Seller]: (Alice,1) Sales in previous quarter:[0]
INFO:root:[CEO]: (Alice,1) CEO wallet 10000 ads price 100
INFO:root:[CEO]: (Alice,1) CEO selected advert_type as BASIC with scale of 10 for iPhone XS
INFO:root:[GoogleAds]: Google pushed the BASIC Ad for product iPhone XS of seller 1 to users Matthew, Betsy, Jimmy 
INFO:root:[CEO]: (Alice,1) CEO wallet 10000 ads price 100
INFO:root:[CEO]: (Alice,1) CEO selected advert_type as BASIC with scale of 10 for iPhone XR case
INFO:root:[GoogleAds]: Google pushed the BASIC Ad for product iPhone XR case of seller 1 to users Matthew, Simone, Lisa, Jimmy 
INFO:root:[Seller]: (Dave,1) Revenue in previous quarter:0
INFO:root:[Seller]: (Dave,1) Expenses in previous quarter:0
INFO:root:[Seller]: (Dave,1) Profit in previous quarter:0
INFO:root:[Seller]: (Dave,1) Sales in previous quarter:[0]
INFO:root:[CEO]: (Dave,1) CEO wallet 5000 ads price 100
INFO:root:[CEO]: (Dave,1) CEO selected advert_type as BASIC with scale of 5 for Google pixel
INFO:root:[GoogleAds]: Google pushed the BASIC Ad for product Google pixel of seller 4 to users Matthew, Betsy, Simone 
INFO:root:[CEO]: (Dave,1) CEO wallet 5000 ads price 100
INFO:root:[CEO]: (Dave,1) CEO selected advert_type as BASIC with scale of 5 for Huawei P30 pro case
INFO:root:[GoogleAds]: Google pushed the BASIC Ad for product Huawei P30 pro case of seller 4 to users Matthew, Lisa, Simone, Jimmy 
INFO:root:[Seller]: (Carol,1) Revenue in previous quarter:0
INFO:root:[Seller]: (Carol,1) Expenses in previous quarter:0
INFO:root:[Seller]: (Carol,1) Profit in previous quarter:0
INFO:root:[Seller]: (Carol,1) Sales in previous quarter:[0]
INFO:root:[CEO]: (Carol,1) CEO wallet 10000 ads price 100
INFO:root:[CEO]: (Carol,1) CEO selected advert_type as BASIC with scale of 10 for Huawei P30 pro
INFO:root:[GoogleAds]: Google pushed the BASIC Ad for product Huawei P30 pro of seller 3 to users Betsy, Simone, Lisa, Jimmy 
INFO:root:[Seller]: (Eve,1) Revenue in previous quarter:0
INFO:root:[Seller]: (Eve,1) Expenses in previous quarter:0
INFO:root:[Seller]: (Eve,1) Profit in previous quarter:0
INFO:root:[Seller]: (Eve,1) Sales in previous quarter:[0]
INFO:root:[CEO]: (Eve,1) CEO wallet 5000 ads price 100
INFO:root:[CEO]: (Eve,1) CEO selected advert_type as BASIC with scale of 5 for iPhone XS case
INFO:root:[GoogleAds]: Google pushed the BASIC Ad for product iPhone XS case of seller 5 to users Matthew, Simone 
INFO:root:[Customer]: (Simone,1) own the Products:[] with balance of $ 800
INFO:root:[Customer]:(Simone,2): Next Quarter Begins 
INFO:root:[Customer]:(Simone,2) currently seeing ads for the Products:[Google pixel of Seller 4, Huawei P30 pro of Seller 3, iPhone XR of Seller 2, Huawei P30 pro case of Seller 4, iPhone XS case of Seller 5, Google pixel case of Seller 2, iPhone XR case of Seller 1]
INFO:root:[Customer]:(Simone,2)'s sentiment is 1 for product:[Google pixel] from Seller 4
INFO:root:[Customer]:(Simone,2) would like to buy the product:[Google pixel]
INFO:root:[Customer]: (Simone,2) didn't have enough money to buy Products:[Google pixel] from seller 4
INFO:root:[Customer]:(Simone,2)'s sentiment is 1 for product:[Huawei P30 pro] from Seller 3
INFO:root:[Customer]: (Simone,2) prefer high quality, so didn't buy any products 
INFO:root:[Customer]:(Simone,2)'s sentiment is 1 for product:[iPhone XR] from Seller 2
INFO:root:[Customer]: (Simone,2) prefer high quality, so didn't buy any products 
INFO:root:[Customer]:(Simone,2)'s sentiment is 1 for product:[Huawei P30 pro case] from Seller 4
INFO:root:[Customer]:(Simone,2) would like to buy the product:[Huawei P30 pro case]
INFO:root:[Customer]: (Simone,2) didn't have enough money to buy Products:[Huawei P30 pro case] from seller 4
INFO:root:[Customer]:(Simone,2)'s sentiment is 1 for product:[iPhone XS case] from Seller 5
INFO:root:[Customer]: (Simone,2) prefer high quality, so didn't buy any products 
INFO:root:[Customer]:(Simone,2)'s sentiment is 1 for product:[Google pixel case] from Seller 2
INFO:root:[Customer]: (Simone,2) prefer high quality, so didn't buy any products 
INFO:root:[Customer]:(Simone,2)'s sentiment is 1 for product:[iPhone XR case] from Seller 1
INFO:root:[Customer]:(Simone,2) would like to buy the product:[iPhone XR case]
INFO:root:[Customer]: (Simone,2) didn't have enough money to buy Products:[iPhone XR case] from seller 1
INFO:root:[Customer]: (Matthew,1) own the Products:[] with balance of $ 900
INFO:root:[Customer]:(Matthew,2): Next Quarter Begins 
INFO:root:[Customer]:(Matthew,2) currently seeing ads for the Products:[Google pixel of Seller 4, iPhone XR of Seller 2, Huawei P30 pro case of Seller 4, iPhone XS case of Seller 5, iPhone XS of Seller 1, iPhone XR case of Seller 1]
INFO:root:[Customer]:(Matthew,2)'s sentiment is 1 for product:[Google pixel] from Seller 4
INFO:root:[Customer]:(Matthew,2) would like to buy the product:[Google pixel]
INFO:root:[Customer]: (Matthew,2) didn't have enough money to buy Products:[Google pixel] from seller 4
INFO:root:[Customer]:(Matthew,2)'s sentiment is 1 for product:[iPhone XR] from Seller 2
INFO:root:[Customer]: (Matthew,2) prefer high quality, so didn't buy any products 
INFO:root:[Customer]:(Matthew,2)'s sentiment is 1 for product:[Huawei P30 pro case] from Seller 4
INFO:root:[Customer]:(Matthew,2) would like to buy the product:[Huawei P30 pro case]
INFO:root:[Customer]: (Matthew,2) didn't have enough money to buy Products:[Huawei P30 pro case] from seller 4
INFO:root:[Customer]:(Matthew,2)'s sentiment is 1 for product:[iPhone XS case] from Seller 5
INFO:root:[Customer]: (Matthew,2) prefer high quality, so didn't buy any products 
INFO:root:[Customer]:(Matthew,2)'s sentiment is 1 for product:[iPhone XS] from Seller 1
INFO:root:[Customer]:(Matthew,2) would like to buy the product:[iPhone XS]
INFO:root:[Customer]: (Matthew,2) didn't have enough money to buy Products:[iPhone XS] from seller 1
INFO:root:[Customer]:(Matthew,2)'s sentiment is 1 for product:[iPhone XR case] from Seller 1
INFO:root:[Customer]:(Matthew,2) would like to buy the product:[iPhone XR case]
INFO:root:[Customer]: (Matthew,2) didn't have enough money to buy Products:[iPhone XR case] from seller 1
INFO:root:[Customer]: (Lisa,1) own the Products:[] with balance of $ 800
INFO:root:[Customer]:(Lisa,2): Next Quarter Begins 
INFO:root:[Customer]:(Lisa,2) currently seeing ads for the Products:[Huawei P30 pro case of Seller 4, iPhone XR case of Seller 1, Google pixel case of Seller 2, Huawei P30 pro of Seller 3]
INFO:root:[Customer]:(Lisa,2)'s sentiment is 1 for product:[Huawei P30 pro case] from Seller 4
INFO:root:[Customer]: (Lisa,2) didn't have enough money to buy Products:[Huawei P30 pro case] from seller 4
INFO:root:[Customer]:(Lisa,2)'s sentiment is 1 for product:[iPhone XR case] from Seller 1
INFO:root:[Customer]: (Lisa,2) didn't have enough money to buy Products:[iPhone XR case] from seller 1
INFO:root:[Customer]:(Lisa,2)'s sentiment is 1 for product:[Google pixel case] from Seller 2
INFO:root:[Customer]: (Lisa,2) buy the Products:[Google pixel case] from seller2 with price52
INFO:root:[Customer]: (Jimmy,1) own the Products:[] with balance of $ 800
INFO:root:[Customer]:(Jimmy,2): Next Quarter Begins 
INFO:root:[Customer]:(Jimmy,2) currently seeing ads for the Products:[Huawei P30 pro of Seller 3, iPhone XR of Seller 2, Huawei P30 pro case of Seller 4, iPhone XS of Seller 1, iPhone XR case of Seller 1]
INFO:root:[Customer]:(Jimmy,2)'s sentiment is 1 for product:[Huawei P30 pro] from Seller 3
INFO:root:[Customer]: (Betsy,1) own the Products:[] with balance of $ 1000
INFO:root:[Customer]: (Jimmy,2) buy the Products:[Huawei P30 pro] from seller3 with price1
INFO:root:[Customer]:(Betsy,2): Next Quarter Begins 
INFO:root:[Customer]:(Betsy,2) currently seeing ads for the Products:[Huawei P30 pro of Seller 3, Google pixel of Seller 4, Google pixel case of Seller 2, iPhone XS of Seller 1]
INFO:root:[Customer]:(Betsy,2)'s sentiment is 1 for product:[Huawei P30 pro] from Seller 3
INFO:root:[Customer]: (Betsy,2) buy the Products:[Huawei P30 pro] from seller3 with price1
INFO:root:[Seller]: Seller (Bob,1) sold product Google pixel case
INFO:root:[Market]:Transaction between Seller Bob and Customer Lisa with the product Google pixel case at 2019-11-23 11:55:18 in year 2019 and quarter 4
INFO:root:[Seller]: Seller (Carol,1) sold product Huawei P30 pro
INFO:root:[Market]:Transaction between Seller Carol and Customer Jimmy with the product Huawei P30 pro at 2019-11-23 11:55:18 in year 2019 and quarter 4
INFO:root:[Seller]: Seller (Carol,1) sold product Huawei P30 pro
INFO:root:[Market]:Transaction between Seller Carol and Customer Betsy with the product Huawei P30 pro at 2019-11-23 11:55:18 in year 2019 and quarter 4
INFO:root:[Customer]:(Lisa,2)'s sentiment is 1 for product:[Huawei P30 pro] from Seller 3
INFO:root:[Customer]: (Lisa,2) is interested in buying related products, so he doesn't buy any products 
INFO:root:[Customer]:(Lisa,2) Posted NEGATIVE tweet for the product Google pixel case
INFO:root:[Customer]:(Jimmy,2)'s sentiment is 1 for product:[iPhone XR] from Seller 2
INFO:root:[Customer]:(Betsy,2)'s sentiment is 1 for product:[Google pixel] from Seller 4
INFO:root:[Customer]: (Betsy,2) is interested in buying related products, so he doesn't buy any products 
INFO:root:[Customer]:(Betsy,2)'s sentiment is 0 for product:[Google pixel case] from Seller 2
INFO:root:[Customer]: (Jimmy,2) is interested in buying related products, so he doesn't buy any products 
INFO:root:[Customer]:(Jimmy,2)'s sentiment is 1 for product:[Huawei P30 pro case] from Seller 4
INFO:root:[Customer]: (Jimmy,2) bought product Huawei P30 pro, so he is likely to buy related product Huawei P30 pro case 
INFO:root:[Customer]: (Jimmy,2) didn't have enough money to buy Products:[Huawei P30 pro case] from seller 4
INFO:root:[Customer]:(Jimmy,2)'s sentiment is 1 for product:[iPhone XS] from Seller 1
INFO:root:[Seller]: (Bob,2) sold  0 units of iPhone XR
INFO:root:[Seller]: (Bob,2) sold  0 units of Google pixel case
INFO:root:[Customer]: (Betsy,2) is interested in buying related products, so he doesn't buy any products 
INFO:root:[Customer]:(Betsy,2)'s sentiment is 1 for product:[iPhone XS] from Seller 1
INFO:root:[Customer]: (Jimmy,2) is interested in buying related products, so he doesn't buy any products 
INFO:root:[Customer]:(Jimmy,2)'s sentiment is 1 for product:[iPhone XR case] from Seller 1
INFO:root:[Customer]: (Betsy,2) is interested in buying related products, so he doesn't buy any products 
INFO:root:[Customer]: (Jimmy,2) is interested in buying related products, so he doesn't buy any products 
INFO:root:[Customer]:(Jimmy,2) Posted POSITIVE tweet for the product Huawei P30 pro
INFO:root:[Seller]: (Alice,2) sold  0 units of iPhone XS
INFO:root:[Seller]: (Alice,2) sold  0 units of iPhone XR case
INFO:root:[Seller]: (Dave,2) sold  0 units of Google pixel
INFO:root:[Seller]: (Dave,2) sold  0 units of Huawei P30 pro case
INFO:root:[Seller]: (Carol,2) sold  0 units of Huawei P30 pro
INFO:root:[Seller]: (Eve,2) sold  0 units of iPhone XS case
INFO:root:[Seller]: (Bob,2) Revenue in previous quarter:52
INFO:root:[Seller]: (Bob,2) Expenses in previous quarter:300
INFO:root:[Seller]: (Bob,2) Profit in previous quarter:-247
INFO:root:[Seller]: (Bob,2) Sales in previous quarter:[0, 1]
INFO:root:[CEO]: (Bob,2) CEO wallet 9752 ads price 100
INFO:root:[CEO]: (Bob,2) CEO selected advert_type as BASIC with scale of 9 for iPhone XR
INFO:root:[GoogleAds]: Google pushed the BASIC Ad for product iPhone XR of seller 2 to users Matthew, Betsy, Jimmy 
INFO:root:[CEO]: (Bob,2) CEO wallet 9752 ads price 100
INFO:root:[CEO]: (Bob,2) CEO selected advert_type as BASIC with scale of 9 for Google pixel case
INFO:root:[GoogleAds]: Google pushed the BASIC Ad for product Google pixel case of seller 2 to users Matthew, Simone, Lisa, Jimmy 
INFO:root:[Seller]: (Alice,2) Revenue in previous quarter:0
INFO:root:[Seller]: (Alice,2) Expenses in previous quarter:400
INFO:root:[Seller]: (Alice,2) Profit in previous quarter:-400
INFO:root:[Seller]: (Alice,2) Sales in previous quarter:[0, 0]
INFO:root:[CEO]: (Alice,2) CEO wallet 9600 ads price 100
INFO:root:[CEO]: (Alice,2) CEO selected advert_type as BASIC with scale of 9 for iPhone XS
INFO:root:[GoogleAds]: Google pushed the BASIC Ad for product iPhone XS of seller 1 to users Jimmy, Matthew, Betsy, Lisa, Simone 
INFO:root:[CEO]: (Alice,2) CEO wallet 9600 ads price 100
INFO:root:[CEO]: (Alice,2) CEO selected advert_type as BASIC with scale of 9 for iPhone XR case
INFO:root:[GoogleAds]: Google pushed the BASIC Ad for product iPhone XR case of seller 1 to users Matthew, Betsy, Lisa, Jimmy 
INFO:root:[Seller]: (Dave,2) Revenue in previous quarter:0
INFO:root:[Seller]: (Dave,2) Expenses in previous quarter:400
INFO:root:[Seller]: (Dave,2) Profit in previous quarter:-400
INFO:root:[Seller]: (Dave,2) Sales in previous quarter:[0, 0]
INFO:root:[CEO]: (Dave,2) CEO wallet 4600 ads price 100
INFO:root:[CEO]: (Dave,2) CEO selected advert_type as BASIC with scale of 4 for Google pixel
INFO:root:[GoogleAds]: Google pushed the BASIC Ad for product Google pixel of seller 4 to users Lisa, Jimmy 
INFO:root:[CEO]: (Dave,2) CEO wallet 4600 ads price 100
INFO:root:[CEO]: (Dave,2) CEO selected advert_type as BASIC with scale of 4 for Huawei P30 pro case
INFO:root:[GoogleAds]: Google pushed the BASIC Ad for product Huawei P30 pro case of seller 4 to users Matthew, Betsy, Jimmy 
INFO:root:[Seller]: (Carol,2) Revenue in previous quarter:2
INFO:root:[Seller]: (Carol,2) Expenses in previous quarter:400
INFO:root:[Seller]: (Carol,2) Profit in previous quarter:-397
INFO:root:[Seller]: (Carol,2) Sales in previous quarter:[0, 2]
INFO:root:[CEO]: (Carol,2) CEO wallet 9602 ads price 100
INFO:root:[CEO]: (Carol,2) CEO selected advert_type as BASIC with scale of 9 for Huawei P30 pro
INFO:root:[GoogleAds]: Google pushed the BASIC Ad for product Huawei P30 pro of seller 3 to users Matthew, Betsy, Lisa, Jimmy 
INFO:root:[Seller]: (Eve,2) Revenue in previous quarter:0
INFO:root:[Seller]: (Eve,2) Expenses in previous quarter:200
INFO:root:[Seller]: (Eve,2) Profit in previous quarter:-200
INFO:root:[Seller]: (Eve,2) Sales in previous quarter:[0, 0]
INFO:root:[CEO]: (Eve,2) CEO wallet 4800 ads price 100
INFO:root:[CEO]: (Eve,2) CEO selected advert_type as BASIC with scale of 4 for iPhone XS case
INFO:root:[GoogleAds]: Google pushed the BASIC Ad for product iPhone XS case of seller 5 to users Matthew, Simone, Lisa 
INFO:root:[Customer]: (Simone,2) own the Products:[] with balance of $ 800
INFO:root:[Customer]:(Simone,3): Next Quarter Begins 
INFO:root:[Customer]:(Simone,3) currently seeing ads for the Products:[iPhone XS case of Seller 5, Google pixel case of Seller 2, iPhone XS of Seller 1]
INFO:root:[Customer]:(Simone,3)'s sentiment is 1 for product:[iPhone XS case] from Seller 5
INFO:root:[Customer]: (Simone,3) prefer high quality, so didn't buy any products 
INFO:root:[Customer]:(Simone,3)'s sentiment is 0 for product:[Google pixel case] from Seller 2
INFO:root:[Customer]: (Simone,3) prefer high quality, so didn't buy any products 
INFO:root:[Customer]:(Simone,3)'s sentiment is 1 for product:[iPhone XS] from Seller 1
INFO:root:[Customer]:(Simone,3) would like to buy the product:[iPhone XS]
INFO:root:[Customer]: (Simone,3) didn't have enough money to buy Products:[iPhone XS] from seller 1
INFO:root:[Customer]: (Matthew,2) own the Products:[] with balance of $ 900
INFO:root:[Customer]:(Matthew,3): Next Quarter Begins 
INFO:root:[Customer]:(Matthew,3) currently seeing ads for the Products:[Huawei P30 pro of Seller 3, iPhone XR of Seller 2, Huawei P30 pro case of Seller 4, iPhone XS case of Seller 5, Google pixel case of Seller 2, iPhone XS of Seller 1, iPhone XR case of Seller 1]
INFO:root:[Customer]:(Matthew,3)'s sentiment is 1 for product:[Huawei P30 pro] from Seller 3
INFO:root:[Customer]: (Matthew,3) prefer high quality, so didn't buy any products 
INFO:root:[Customer]:(Matthew,3)'s sentiment is 1 for product:[iPhone XR] from Seller 2
INFO:root:[Customer]: (Matthew,3) prefer high quality, so didn't buy any products 
INFO:root:[Customer]:(Matthew,3)'s sentiment is 1 for product:[Huawei P30 pro case] from Seller 4
INFO:root:[Customer]:(Matthew,3) would like to buy the product:[Huawei P30 pro case]
INFO:root:[Customer]: (Matthew,3) didn't have enough money to buy Products:[Huawei P30 pro case] from seller 4
INFO:root:[Customer]:(Matthew,3)'s sentiment is 1 for product:[iPhone XS case] from Seller 5
INFO:root:[Customer]: (Matthew,3) prefer high quality, so didn't buy any products 
INFO:root:[Customer]:(Matthew,3)'s sentiment is 0 for product:[Google pixel case] from Seller 2
INFO:root:[Customer]: (Matthew,3) prefer high quality, so didn't buy any products 
INFO:root:[Customer]:(Matthew,3)'s sentiment is 1 for product:[iPhone XS] from Seller 1
INFO:root:[Customer]:(Matthew,3) would like to buy the product:[iPhone XS]
INFO:root:[Customer]: (Matthew,3) didn't have enough money to buy Products:[iPhone XS] from seller 1
INFO:root:[Customer]:(Matthew,3)'s sentiment is 1 for product:[iPhone XR case] from Seller 1
INFO:root:[Customer]:(Matthew,3) would like to buy the product:[iPhone XR case]
INFO:root:[Customer]: (Matthew,3) didn't have enough money to buy Products:[iPhone XR case] from seller 1
INFO:root:[Customer]: (Lisa,2) own the Products:[Google pixel case of Seller 2] with balance of $ 747
INFO:root:[Customer]:(Lisa,3): Next Quarter Begins 
INFO:root:[Customer]:(Lisa,3) currently seeing ads for the Products:[Google pixel of Seller 4, Huawei P30 pro of Seller 3, iPhone XS case of Seller 5, Google pixel case of Seller 2, iPhone XS of Seller 1, iPhone XR case of Seller 1]
INFO:root:[Customer]:(Lisa,3)'s sentiment is 1 for product:[Google pixel] from Seller 4
INFO:root:[Customer]: (Lisa,3) bought product Google pixel case, so he is likely to buy related product Google pixel 
INFO:root:[Customer]: (Lisa,3) didn't have enough money to buy Products:[Google pixel] from seller 4
INFO:root:[Customer]:(Lisa,3)'s sentiment is 1 for product:[Huawei P30 pro] from Seller 3
INFO:root:[Customer]: (Lisa,3) is interested in buying related products, so he doesn't buy any products 
INFO:root:[Customer]:(Lisa,3)'s sentiment is 1 for product:[iPhone XS case] from Seller 5
INFO:root:[Customer]: (Lisa,3) is interested in buying related products, so he doesn't buy any products 
INFO:root:[Customer]:(Lisa,3)'s sentiment is 0 for product:[Google pixel case] from Seller 2
INFO:root:[Customer]: (Betsy,2) own the Products:[Huawei P30 pro of Seller 3] with balance of $ 998
INFO:root:[Customer]:(Betsy,3): Next Quarter Begins 
INFO:root:[Customer]:(Betsy,3) currently seeing ads for the Products:[Huawei P30 pro of Seller 3, iPhone XR of Seller 2, Huawei P30 pro case of Seller 4, iPhone XS of Seller 1, iPhone XR case of Seller 1]
INFO:root:[Customer]:(Betsy,3)'s sentiment is 1 for product:[Huawei P30 pro] from Seller 3
INFO:root:[Customer]: (Jimmy,2) own the Products:[Huawei P30 pro of Seller 3] with balance of $ 798
INFO:root:[Customer]:(Jimmy,3): Next Quarter Begins 
INFO:root:[Customer]:(Jimmy,3) currently seeing ads for the Products:[Google pixel of Seller 4, Huawei P30 pro of Seller 3, iPhone XR of Seller 2, Huawei P30 pro case of Seller 4, Google pixel case of Seller 2, iPhone XS of Seller 1, iPhone XR case of Seller 1]
INFO:root:[Customer]:(Jimmy,3)'s sentiment is 1 for product:[Google pixel] from Seller 4
INFO:root:[Customer]: (Lisa,3) is interested in buying related products, so he doesn't buy any products 
INFO:root:[Customer]:(Lisa,3)'s sentiment is 1 for product:[iPhone XS] from Seller 1
INFO:root:[Customer]: (Betsy,3) is interested in buying related products, so he doesn't buy any products 
INFO:root:[Customer]:(Betsy,3)'s sentiment is 1 for product:[iPhone XR] from Seller 2
INFO:root:[Customer]: (Jimmy,3) is interested in buying related products, so he doesn't buy any products 
INFO:root:[Customer]:(Jimmy,3)'s sentiment is 1 for product:[Huawei P30 pro] from Seller 3
INFO:root:[Customer]: (Lisa,3) is interested in buying related products, so he doesn't buy any products 
INFO:root:[Customer]:(Lisa,3)'s sentiment is 1 for product:[iPhone XR case] from Seller 1
INFO:root:[Customer]: (Jimmy,3) is interested in buying related products, so he doesn't buy any products 
INFO:root:[Customer]:(Jimmy,3)'s sentiment is 1 for product:[iPhone XR] from Seller 2
INFO:root:[Customer]: (Lisa,3) is interested in buying related products, so he doesn't buy any products 
INFO:root:[Customer]:(Lisa,3) Posted NEGATIVE tweet for the product Google pixel case
INFO:root:[Customer]: (Betsy,3) is interested in buying related products, so he doesn't buy any products 
INFO:root:[Customer]:(Betsy,3)'s sentiment is 1 for product:[Huawei P30 pro case] from Seller 4
INFO:root:[Customer]: (Betsy,3) bought product Huawei P30 pro, so he is likely to buy related product Huawei P30 pro case 
INFO:root:[Customer]: (Betsy,3) didn't have enough money to buy Products:[Huawei P30 pro case] from seller 4
INFO:root:[Customer]:(Betsy,3)'s sentiment is 1 for product:[iPhone XS] from Seller 1
INFO:root:[Customer]: (Jimmy,3) is interested in buying related products, so he doesn't buy any products 
INFO:root:[Customer]:(Jimmy,3)'s sentiment is 1 for product:[Huawei P30 pro case] from Seller 4
INFO:root:[Customer]: (Betsy,3) is interested in buying related products, so he doesn't buy any products 
INFO:root:[Customer]:(Betsy,3)'s sentiment is 1 for product:[iPhone XR case] from Seller 1
INFO:root:[Customer]: (Jimmy,3) bought product Huawei P30 pro, so he is likely to buy related product Huawei P30 pro case 
INFO:root:[Customer]: (Jimmy,3) didn't have enough money to buy Products:[Huawei P30 pro case] from seller 4
INFO:root:[Customer]:(Jimmy,3)'s sentiment is 0 for product:[Google pixel case] from Seller 2
INFO:root:[Customer]: (Betsy,3) is interested in buying related products, so he doesn't buy any products 
INFO:root:[Customer]:(Betsy,3) Posted NEGATIVE tweet for the product Huawei P30 pro
INFO:root:[Customer]: (Jimmy,3) is interested in buying related products, so he doesn't buy any products 
INFO:root:[Customer]:(Jimmy,3)'s sentiment is 1 for product:[iPhone XS] from Seller 1
INFO:root:[Customer]: (Jimmy,3) is interested in buying related products, so he doesn't buy any products 
INFO:root:[Customer]:(Jimmy,3)'s sentiment is 1 for product:[iPhone XR case] from Seller 1
INFO:root:[Customer]: (Jimmy,3) is interested in buying related products, so he doesn't buy any products 
INFO:root:[Customer]:(Jimmy,3) Posted POSITIVE tweet for the product Huawei P30 pro
INFO:root:[Seller]: (Bob,3) sold  0 units of iPhone XR
INFO:root:[Seller]: (Bob,3) sold  0 units of Google pixel case
INFO:root:[Seller]: (Alice,3) sold  0 units of iPhone XS
INFO:root:[Seller]: (Alice,3) sold  0 units of iPhone XR case
INFO:root:[Seller]: (Dave,3) sold  0 units of Google pixel
INFO:root:[Seller]: (Dave,3) sold  0 units of Huawei P30 pro case
INFO:root:[Seller]: (Carol,3) sold  0 units of Huawei P30 pro
INFO:root:[Seller]: (Eve,3) sold  0 units of iPhone XS case
INFO:root:[Seller]: (Bob,3) Revenue in previous quarter:0
INFO:root:[Seller]: (Bob,3) Expenses in previous quarter:400
INFO:root:[Seller]: (Bob,3) Profit in previous quarter:-400
INFO:root:[Seller]: (Bob,3) Sales in previous quarter:[0, 1, 0]
INFO:root:[CEO]: (Bob,3) CEO wallet 9352 ads price 100
INFO:root:[CEO]: (Bob,3) CEO selected advert_type as BASIC with scale of 9 for iPhone XR
INFO:root:[GoogleAds]: Google pushed the BASIC Ad for product iPhone XR of seller 2 to users Matthew, Betsy, Lisa 
INFO:root:[CEO]: (Bob,3) CEO wallet 9352 ads price 100
INFO:root:[CEO]: (Bob,3) CEO selected advert_type as BASIC with scale of 9 for Google pixel case
INFO:root:[GoogleAds]: Google pushed the BASIC Ad for product Google pixel case of seller 2 to users Matthew, Betsy, Lisa, Jimmy 
INFO:root:[Seller]: (Dave,3) Revenue in previous quarter:0
INFO:root:[Seller]: (Dave,3) Expenses in previous quarter:300
INFO:root:[Seller]: (Dave,3) Profit in previous quarter:-300
INFO:root:[Seller]: (Dave,3) Sales in previous quarter:[0, 0, 0]
INFO:root:[CEO]: (Dave,3) CEO wallet 4300 ads price 100
INFO:root:[CEO]: (Dave,3) CEO selected advert_type as BASIC with scale of 4 for Google pixel
INFO:root:[GoogleAds]: Google pushed the BASIC Ad for product Google pixel of seller 4 to users Matthew, Simone, Jimmy 
INFO:root:[CEO]: (Dave,3) CEO wallet 4300 ads price 100
INFO:root:[CEO]: (Dave,3) CEO selected advert_type as BASIC with scale of 4 for Huawei P30 pro case
INFO:root:[GoogleAds]: Google pushed the BASIC Ad for product Huawei P30 pro case of seller 4 to users Matthew, Betsy 
INFO:root:[Seller]: (Carol,3) Revenue in previous quarter:0
INFO:root:[Seller]: (Carol,3) Expenses in previous quarter:400
INFO:root:[Seller]: (Carol,3) Profit in previous quarter:-400
INFO:root:[Seller]: (Carol,3) Sales in previous quarter:[0, 2, 0]
INFO:root:[CEO]: (Carol,3) CEO wallet 9202 ads price 100
INFO:root:[CEO]: (Carol,3) CEO selected advert_type as BASIC with scale of 9 for Huawei P30 pro
INFO:root:[GoogleAds]: Google pushed the BASIC Ad for product Huawei P30 pro of seller 3 to users Betsy, Simone, Jimmy 
INFO:root:[Seller]: (Alice,3) Revenue in previous quarter:0
INFO:root:[Seller]: (Alice,3) Expenses in previous quarter:400
INFO:root:[Seller]: (Alice,3) Profit in previous quarter:-400
INFO:root:[Seller]: (Alice,3) Sales in previous quarter:[0, 0, 0]
INFO:root:[CEO]: (Alice,3) CEO wallet 9200 ads price 100
INFO:root:[CEO]: (Alice,3) CEO selected advert_type as BASIC with scale of 9 for iPhone XS
INFO:root:[GoogleAds]: Google pushed the BASIC Ad for product iPhone XS of seller 1 to users Matthew, Betsy, Simone 
INFO:root:[CEO]: (Alice,3) CEO wallet 9200 ads price 100
INFO:root:[CEO]: (Alice,3) CEO selected advert_type as BASIC with scale of 9 for iPhone XR case
INFO:root:[GoogleAds]: Google pushed the BASIC Ad for product iPhone XR case of seller 1 to users Betsy, Simone, Lisa 
INFO:root:[Seller]: (Eve,3) Revenue in previous quarter:0
INFO:root:[Seller]: (Eve,3) Expenses in previous quarter:300
INFO:root:[Seller]: (Eve,3) Profit in previous quarter:-300
INFO:root:[Seller]: (Eve,3) Sales in previous quarter:[0, 0, 0]
INFO:root:[CEO]: (Eve,3) CEO wallet 4500 ads price 100
INFO:root:[CEO]: (Eve,3) CEO selected advert_type as BASIC with scale of 4 for iPhone XS case
INFO:root:[GoogleAds]: Google pushed the BASIC Ad for product iPhone XS case of seller 5 to users Matthew, Simone, Jimmy 
INFO:root:[Customer]: (Simone,3) own the Products:[] with balance of $ 800
INFO:root:[Customer]:(Simone,4): Next Quarter Begins 
INFO:root:[Customer]:(Simone,4) currently seeing ads for the Products:[Google pixel of Seller 4, Huawei P30 pro of Seller 3, iPhone XS case of Seller 5, iPhone XS of Seller 1, iPhone XR case of Seller 1]
INFO:root:[Customer]:(Simone,4)'s sentiment is 1 for product:[Google pixel] from Seller 4
INFO:root:[Customer]:(Simone,4) would like to buy the product:[Google pixel]
INFO:root:[Customer]: (Simone,4) didn't have enough money to buy Products:[Google pixel] from seller 4
INFO:root:[Customer]:(Simone,4)'s sentiment is 0 for product:[Huawei P30 pro] from Seller 3
INFO:root:[Customer]: (Simone,4) prefer high quality, so didn't buy any products 
INFO:root:[Customer]:(Simone,4)'s sentiment is 1 for product:[iPhone XS case] from Seller 5
INFO:root:[Customer]: (Simone,4) prefer high quality, so didn't buy any products 
INFO:root:[Customer]:(Simone,4)'s sentiment is 1 for product:[iPhone XS] from Seller 1
INFO:root:[Customer]:(Simone,4) would like to buy the product:[iPhone XS]
INFO:root:[Customer]: (Simone,4) didn't have enough money to buy Products:[iPhone XS] from seller 1
INFO:root:[Customer]:(Simone,4)'s sentiment is 1 for product:[iPhone XR case] from Seller 1
INFO:root:[Customer]:(Simone,4) would like to buy the product:[iPhone XR case]
INFO:root:[Customer]: (Simone,4) didn't have enough money to buy Products:[iPhone XR case] from seller 1
INFO:root:[Customer]: (Matthew,3) own the Products:[] with balance of $ 900
INFO:root:[Customer]:(Matthew,4): Next Quarter Begins 
INFO:root:[Customer]:(Matthew,4) currently seeing ads for the Products:[Google pixel of Seller 4, iPhone XR of Seller 2, Huawei P30 pro case of Seller 4, iPhone XS case of Seller 5, Google pixel case of Seller 2, iPhone XS of Seller 1]
INFO:root:[Customer]:(Matthew,4)'s sentiment is 1 for product:[Google pixel] from Seller 4
INFO:root:[Customer]:(Matthew,4) would like to buy the product:[Google pixel]
INFO:root:[Customer]: (Matthew,4) didn't have enough money to buy Products:[Google pixel] from seller 4
INFO:root:[Customer]:(Matthew,4)'s sentiment is 1 for product:[iPhone XR] from Seller 2
INFO:root:[Customer]: (Matthew,4) prefer high quality, so didn't buy any products 
INFO:root:[Customer]:(Matthew,4)'s sentiment is 1 for product:[Huawei P30 pro case] from Seller 4
INFO:root:[Customer]:(Matthew,4) would like to buy the product:[Huawei P30 pro case]
INFO:root:[Customer]: (Matthew,4) didn't have enough money to buy Products:[Huawei P30 pro case] from seller 4
INFO:root:[Customer]:(Matthew,4)'s sentiment is 1 for product:[iPhone XS case] from Seller 5
INFO:root:[Customer]: (Matthew,4) prefer high quality, so didn't buy any products 
INFO:root:[Customer]:(Matthew,4)'s sentiment is 0 for product:[Google pixel case] from Seller 2
INFO:root:[Customer]: (Matthew,4) prefer high quality, so didn't buy any products 
INFO:root:[Customer]:(Matthew,4)'s sentiment is 1 for product:[iPhone XS] from Seller 1
INFO:root:[Customer]:(Matthew,4) would like to buy the product:[iPhone XS]
INFO:root:[Customer]: (Matthew,4) didn't have enough money to buy Products:[iPhone XS] from seller 1
INFO:root:[Customer]: (Lisa,3) own the Products:[Google pixel case of Seller 2] with balance of $ 747
INFO:root:[Customer]:(Lisa,4): Next Quarter Begins 
INFO:root:[Customer]:(Lisa,4) currently seeing ads for the Products:[iPhone XR of Seller 2, iPhone XR case of Seller 1, Google pixel case of Seller 2]
INFO:root:[Customer]:(Lisa,4)'s sentiment is 1 for product:[iPhone XR] from Seller 2
INFO:root:[Customer]: (Lisa,4) is interested in buying related products, so he doesn't buy any products 
INFO:root:[Customer]:(Lisa,4)'s sentiment is 1 for product:[iPhone XR case] from Seller 1
INFO:root:[Customer]: (Lisa,4) is interested in buying related products, so he doesn't buy any products 
INFO:root:[Customer]:(Lisa,4)'s sentiment is 0 for product:[Google pixel case] from Seller 2
INFO:root:[Customer]: (Betsy,3) own the Products:[Huawei P30 pro of Seller 3] with balance of $ 998
INFO:root:[Customer]:(Betsy,4): Next Quarter Begins 
INFO:root:[Customer]:(Betsy,4) currently seeing ads for the Products:[Huawei P30 pro of Seller 3, iPhone XR of Seller 2, Huawei P30 pro case of Seller 4, Google pixel case of Seller 2, iPhone XS of Seller 1, iPhone XR case of Seller 1]
INFO:root:[Customer]:(Betsy,4)'s sentiment is 0 for product:[Huawei P30 pro] from Seller 3
INFO:root:[Customer]: (Lisa,4) is interested in buying related products, so he doesn't buy any products 
INFO:root:[Customer]: (Betsy,4) is interested in buying related products, so he doesn't buy any products 
INFO:root:[Customer]:(Betsy,4)'s sentiment is 1 for product:[iPhone XR] from Seller 2
INFO:root:[Customer]: (Betsy,4) is interested in buying related products, so he doesn't buy any products 
INFO:root:[Customer]:(Betsy,4)'s sentiment is 1 for product:[Huawei P30 pro case] from Seller 4
INFO:root:[Customer]: (Betsy,4) bought product Huawei P30 pro, so he is likely to buy related product Huawei P30 pro case 
INFO:root:[Customer]: (Betsy,4) didn't have enough money to buy Products:[Huawei P30 pro case] from seller 4
INFO:root:[Customer]:(Betsy,4)'s sentiment is 0 for product:[Google pixel case] from Seller 2
INFO:root:[Customer]: (Betsy,4) is interested in buying related products, so he doesn't buy any products 
INFO:root:[Customer]:(Betsy,4)'s sentiment is 1 for product:[iPhone XS] from Seller 1
INFO:root:[Customer]: (Betsy,4) is interested in buying related products, so he doesn't buy any products 
INFO:root:[Customer]:(Betsy,4)'s sentiment is 1 for product:[iPhone XR case] from Seller 1
INFO:root:[Customer]: (Jimmy,3) own the Products:[Huawei P30 pro of Seller 3] with balance of $ 798
INFO:root:[Customer]:(Jimmy,4): Next Quarter Begins 
INFO:root:[Customer]:(Jimmy,4) currently seeing ads for the Products:[iPhone XS case of Seller 5, Huawei P30 pro of Seller 3, Google pixel of Seller 4, Google pixel case of Seller 2]
INFO:root:[Customer]:(Jimmy,4)'s sentiment is 1 for product:[iPhone XS case] from Seller 5
INFO:root:[Customer]: (Betsy,4) is interested in buying related products, so he doesn't buy any products 
INFO:root:[Customer]: (Jimmy,4) is interested in buying related products, so he doesn't buy any products 
INFO:root:[Customer]:(Jimmy,4)'s sentiment is 0 for product:[Huawei P30 pro] from Seller 3
INFO:root:[Customer]: (Jimmy,4) is interested in buying related products, so he doesn't buy any products 
INFO:root:[Customer]:(Jimmy,4)'s sentiment is 1 for product:[Google pixel] from Seller 4
INFO:root:[Customer]: (Jimmy,4) is interested in buying related products, so he doesn't buy any products 
INFO:root:[Customer]:(Jimmy,4)'s sentiment is 0 for product:[Google pixel case] from Seller 2
INFO:root:[Customer]: (Jimmy,4) is interested in buying related products, so he doesn't buy any products 
INFO:root:[Customer]:(Jimmy,4) Posted POSITIVE tweet for the product Huawei P30 pro
INFO:root:[Seller]: (Bob,4) sold  0 units of iPhone XR
INFO:root:[Seller]: (Bob,4) sold  0 units of Google pixel case
INFO:root:[Seller]: (Dave,4) sold  0 units of Google pixel
INFO:root:[Seller]: (Dave,4) sold  0 units of Huawei P30 pro case
INFO:root:[Seller]: (Carol,4) sold  0 units of Huawei P30 pro
INFO:root:[Seller]: (Alice,3) Exit
INFO:root:[Seller]: (Eve,4) sold  0 units of iPhone XS case
INFO:root:[Seller]: (Bob,4) Revenue in previous quarter:0
INFO:root:[Seller]: (Bob,4) Expenses in previous quarter:400
INFO:root:[Seller]: (Bob,4) Profit in previous quarter:-400
INFO:root:[Seller]: (Bob,4) Sales in previous quarter:[0, 1, 0, 0]
INFO:root:[CEO]: (Bob,4) CEO wallet 8952 ads price 100
INFO:root:[CEO]: (Bob,4) CEO selected advert_type as BASIC with scale of 8 for iPhone XR
INFO:root:[GoogleAds]: Google pushed the BASIC Ad for product iPhone XR of seller 2 to users Matthew, Betsy, Simone, Jimmy 
INFO:root:[CEO]: (Bob,4) CEO wallet 8952 ads price 100
INFO:root:[CEO]: (Bob,4) CEO selected advert_type as BASIC with scale of 8 for Google pixel case
INFO:root:[GoogleAds]: Google pushed the BASIC Ad for product Google pixel case of seller 2 to users Matthew, Betsy, Jimmy 
INFO:root:[Seller]: (Dave,4) Revenue in previous quarter:0
INFO:root:[Seller]: (Dave,4) Expenses in previous quarter:200
INFO:root:[Seller]: (Dave,4) Profit in previous quarter:-200
INFO:root:[Seller]: (Dave,4) Sales in previous quarter:[0, 0, 0, 0]
INFO:root:[CEO]: (Dave,4) CEO wallet 4100 ads price 100
INFO:root:[CEO]: (Dave,4) CEO selected advert_type as BASIC with scale of 4 for Google pixel
INFO:root:[GoogleAds]: Google pushed the BASIC Ad for product Google pixel of seller 4 to users Matthew, Jimmy 
INFO:root:[CEO]: (Dave,4) CEO wallet 4100 ads price 100
INFO:root:[CEO]: (Dave,4) CEO selected advert_type as BASIC with scale of 4 for Huawei P30 pro case
INFO:root:[GoogleAds]: Google pushed the BASIC Ad for product Huawei P30 pro case of seller 4 to users Matthew, Betsy, Lisa, Jimmy 
INFO:root:[Seller]: (Eve,4) Revenue in previous quarter:0
INFO:root:[Seller]: (Eve,4) Expenses in previous quarter:300
INFO:root:[Seller]: (Eve,4) Profit in previous quarter:-300
INFO:root:[Seller]: (Eve,4) Sales in previous quarter:[0, 0, 0, 0]
INFO:root:[CEO]: (Eve,4) CEO wallet 4200 ads price 100
INFO:root:[CEO]: (Eve,4) CEO selected advert_type as BASIC with scale of 4 for iPhone XS case
INFO:root:[GoogleAds]: Google pushed the BASIC Ad for product iPhone XS case of seller 5 to users Matthew, Simone, Jimmy 
INFO:root:[Seller]: (Carol,4) Revenue in previous quarter:0
INFO:root:[Seller]: (Carol,4) Expenses in previous quarter:300
INFO:root:[Seller]: (Carol,4) Profit in previous quarter:-300
INFO:root:[Seller]: (Carol,4) Sales in previous quarter:[0, 2, 0, 0]
INFO:root:[CEO]: (Carol,4) CEO wallet 8902 ads price 100
INFO:root:[CEO]: (Carol,4) CEO selected advert_type as BASIC with scale of 8 for Huawei P30 pro
INFO:root:[GoogleAds]: Google pushed the BASIC Ad for product Huawei P30 pro of seller 3 to users Matthew, Lisa, Jimmy 
INFO:root:[Customer]: (Simone,4) own the Products:[] with balance of $ 800
INFO:root:[Customer]:(Simone,5): Next Quarter Begins 
INFO:root:[Customer]:(Simone,5) currently seeing ads for the Products:[iPhone XR of Seller 2, iPhone XS case of Seller 5]
INFO:root:[Customer]:(Simone,5)'s sentiment is 1 for product:[iPhone XR] from Seller 2
INFO:root:[Customer]: (Simone,5) prefer high quality, so didn't buy any products 
INFO:root:[Customer]:(Simone,5)'s sentiment is 1 for product:[iPhone XS case] from Seller 5
INFO:root:[Customer]: (Simone,5) prefer high quality, so didn't buy any products 
INFO:root:[Customer]: (Matthew,4) own the Products:[] with balance of $ 900
INFO:root:[Customer]:(Matthew,5): Next Quarter Begins 
INFO:root:[Customer]:(Matthew,5) currently seeing ads for the Products:[Google pixel of Seller 4, Huawei P30 pro of Seller 3, iPhone XR of Seller 2, Huawei P30 pro case of Seller 4, iPhone XS case of Seller 5, Google pixel case of Seller 2]
INFO:root:[Customer]:(Matthew,5)'s sentiment is 1 for product:[Google pixel] from Seller 4
INFO:root:[Customer]:(Matthew,5) would like to buy the product:[Google pixel]
INFO:root:[Customer]: (Matthew,5) didn't have enough money to buy Products:[Google pixel] from seller 4
INFO:root:[Customer]:(Matthew,5)'s sentiment is 0 for product:[Huawei P30 pro] from Seller 3
INFO:root:[Customer]: (Matthew,5) prefer high quality, so didn't buy any products 
INFO:root:[Customer]:(Matthew,5)'s sentiment is 1 for product:[iPhone XR] from Seller 2
INFO:root:[Customer]: (Matthew,5) prefer high quality, so didn't buy any products 
INFO:root:[Customer]:(Matthew,5)'s sentiment is 1 for product:[Huawei P30 pro case] from Seller 4
INFO:root:[Customer]:(Matthew,5) would like to buy the product:[Huawei P30 pro case]
INFO:root:[Customer]: (Matthew,5) didn't have enough money to buy Products:[Huawei P30 pro case] from seller 4
INFO:root:[Customer]:(Matthew,5)'s sentiment is 1 for product:[iPhone XS case] from Seller 5
INFO:root:[Customer]: (Matthew,5) prefer high quality, so didn't buy any products 
INFO:root:[Customer]:(Matthew,5)'s sentiment is 0 for product:[Google pixel case] from Seller 2
INFO:root:[Customer]: (Matthew,5) prefer high quality, so didn't buy any products 
INFO:root:[Customer]: (Lisa,4) own the Products:[Google pixel case of Seller 2] with balance of $ 747
INFO:root:[Customer]:(Lisa,5): Next Quarter Begins 
INFO:root:[Customer]:(Lisa,5) currently seeing ads for the Products:[Huawei P30 pro case of Seller 4, Huawei P30 pro of Seller 3]
INFO:root:[Customer]:(Lisa,5)'s sentiment is 1 for product:[Huawei P30 pro case] from Seller 4
INFO:root:[Customer]: (Lisa,5) is interested in buying related products, so he doesn't buy any products 
INFO:root:[Customer]:(Lisa,5)'s sentiment is 0 for product:[Huawei P30 pro] from Seller 3
INFO:root:[Customer]: (Lisa,5) is interested in buying related products, so he doesn't buy any products 
INFO:root:[Customer]: (Betsy,4) own the Products:[Huawei P30 pro of Seller 3] with balance of $ 998
INFO:root:[Customer]:(Betsy,5): Next Quarter Begins 
INFO:root:[Customer]:(Betsy,5) currently seeing ads for the Products:[iPhone XR of Seller 2, Huawei P30 pro case of Seller 4, Google pixel case of Seller 2]
INFO:root:[Customer]:(Betsy,5)'s sentiment is 1 for product:[iPhone XR] from Seller 2
INFO:root:[Customer]: (Betsy,5) is interested in buying related products, so he doesn't buy any products 
INFO:root:[Customer]:(Betsy,5)'s sentiment is 1 for product:[Huawei P30 pro case] from Seller 4
INFO:root:[Customer]: (Betsy,5) bought product Huawei P30 pro, so he is likely to buy related product Huawei P30 pro case 
INFO:root:[Customer]: (Betsy,5) didn't have enough money to buy Products:[Huawei P30 pro case] from seller 4
INFO:root:[Customer]:(Betsy,5)'s sentiment is 0 for product:[Google pixel case] from Seller 2
INFO:root:[Customer]: (Betsy,5) is interested in buying related products, so he doesn't buy any products 
INFO:root:[Customer]: (Jimmy,4) own the Products:[Huawei P30 pro of Seller 3] with balance of $ 798
INFO:root:[Customer]:(Jimmy,5): Next Quarter Begins 
INFO:root:[Customer]:(Jimmy,5) currently seeing ads for the Products:[Google pixel of Seller 4, Huawei P30 pro of Seller 3, iPhone XR of Seller 2, Huawei P30 pro case of Seller 4, iPhone XS case of Seller 5, Google pixel case of Seller 2]
INFO:root:[Customer]:(Jimmy,5)'s sentiment is 1 for product:[Google pixel] from Seller 4
INFO:root:[Customer]: (Jimmy,5) is interested in buying related products, so he doesn't buy any products 
INFO:root:[Customer]:(Jimmy,5)'s sentiment is 0 for product:[Huawei P30 pro] from Seller 3
INFO:root:[Customer]: (Jimmy,5) is interested in buying related products, so he doesn't buy any products 
INFO:root:[Customer]:(Jimmy,5)'s sentiment is 1 for product:[iPhone XR] from Seller 2
INFO:root:[Customer]: (Jimmy,5) is interested in buying related products, so he doesn't buy any products 
INFO:root:[Customer]:(Jimmy,5)'s sentiment is 1 for product:[Huawei P30 pro case] from Seller 4
INFO:root:[Customer]: (Jimmy,5) bought product Huawei P30 pro, so he is likely to buy related product Huawei P30 pro case 
INFO:root:[Customer]: (Jimmy,5) didn't have enough money to buy Products:[Huawei P30 pro case] from seller 4
INFO:root:[Customer]:(Jimmy,5)'s sentiment is 1 for product:[iPhone XS case] from Seller 5
INFO:root:[Customer]: (Jimmy,5) is interested in buying related products, so he doesn't buy any products 
INFO:root:[Customer]:(Jimmy,5)'s sentiment is 0 for product:[Google pixel case] from Seller 2
INFO:root:[Customer]: (Jimmy,5) is interested in buying related products, so he doesn't buy any products 
INFO:root:[Seller]: (Bob,4) Exit
INFO:root:[Seller]: (Dave,5) sold  0 units of Google pixel
INFO:root:[Seller]: (Dave,5) sold  0 units of Huawei P30 pro case
INFO:root:[Seller]: (Eve,5) sold  0 units of iPhone XS case
INFO:root:[Seller]: (Carol,4) Exit
INFO:root:[Seller]: (Eve,5) Revenue in previous quarter:0
INFO:root:[Seller]: (Eve,5) Expenses in previous quarter:300
INFO:root:[Seller]: (Eve,5) Profit in previous quarter:-300
INFO:root:[Seller]: (Eve,5) Sales in previous quarter:[0, 0, 0, 0, 0]
INFO:root:[CEO]: (Eve,5) CEO wallet 3900 ads price 100
INFO:root:[CEO]: (Eve,5) CEO selected advert_type as BASIC with scale of 3 for iPhone XS case
INFO:root:[GoogleAds]: Google pushed the BASIC Ad for product iPhone XS case of seller 5 to users Betsy, Simone 
INFO:root:[Seller]: (Dave,5) Revenue in previous quarter:0
INFO:root:[Seller]: (Dave,5) Expenses in previous quarter:400
INFO:root:[Seller]: (Dave,5) Profit in previous quarter:-400
INFO:root:[Seller]: (Dave,5) Sales in previous quarter:[0, 0, 0, 0, 0]
INFO:root:[CEO]: (Dave,5) CEO wallet 3700 ads price 100
INFO:root:[CEO]: (Dave,5) CEO selected advert_type as BASIC with scale of 3 for Google pixel
INFO:root:[GoogleAds]: Google pushed the BASIC Ad for product Google pixel of seller 4 to users Simone 
INFO:root:[CEO]: (Dave,5) CEO wallet 3700 ads price 100
INFO:root:[CEO]: (Dave,5) CEO selected advert_type as BASIC with scale of 3 for Huawei P30 pro case
INFO:root:[GoogleAds]: Google pushed the BASIC Ad for product Huawei P30 pro case of seller 4 to users Matthew, Simone, Lisa 
INFO:root:[Customer]: (Simone,5) own the Products:[] with balance of $ 800
INFO:root:[Customer]:(Simone,6): Next Quarter Begins 
INFO:root:[Customer]:(Simone,6) currently seeing ads for the Products:[Huawei P30 pro case of Seller 4, iPhone XS case of Seller 5, Google pixel of Seller 4]
INFO:root:[Customer]:(Simone,6)'s sentiment is 1 for product:[Huawei P30 pro case] from Seller 4
INFO:root:[Customer]:(Simone,6) would like to buy the product:[Huawei P30 pro case]
INFO:root:[Customer]: (Simone,6) didn't have enough money to buy Products:[Huawei P30 pro case] from seller 4
INFO:root:[Customer]:(Simone,6)'s sentiment is 1 for product:[iPhone XS case] from Seller 5
INFO:root:[Customer]: (Simone,6) prefer high quality, so didn't buy any products 
INFO:root:[Customer]:(Simone,6)'s sentiment is 1 for product:[Google pixel] from Seller 4
INFO:root:[Customer]:(Simone,6) would like to buy the product:[Google pixel]
INFO:root:[Customer]: (Simone,6) didn't have enough money to buy Products:[Google pixel] from seller 4
INFO:root:[Customer]: (Matthew,5) own the Products:[] with balance of $ 900
INFO:root:[Customer]:(Matthew,6): Next Quarter Begins 
INFO:root:[Customer]:(Matthew,6) currently seeing ads for the Products:[Huawei P30 pro case of Seller 4]
INFO:root:[Customer]:(Matthew,6)'s sentiment is 1 for product:[Huawei P30 pro case] from Seller 4
INFO:root:[Customer]:(Matthew,6) would like to buy the product:[Huawei P30 pro case]
INFO:root:[Customer]: (Matthew,6) didn't have enough money to buy Products:[Huawei P30 pro case] from seller 4
INFO:root:[Customer]: (Lisa,5) own the Products:[Google pixel case of Seller 2] with balance of $ 747
INFO:root:[Customer]:(Lisa,6): Next Quarter Begins 
INFO:root:[Customer]:(Lisa,6) currently seeing ads for the Products:[Huawei P30 pro case of Seller 4]
INFO:root:[Customer]:(Lisa,6)'s sentiment is 1 for product:[Huawei P30 pro case] from Seller 4
INFO:root:[Customer]: (Lisa,6) is interested in buying related products, so he doesn't buy any products 
INFO:root:[Customer]: (Betsy,5) own the Products:[Huawei P30 pro of Seller 3] with balance of $ 998
INFO:root:[Customer]:(Betsy,6): Next Quarter Begins 
INFO:root:[Customer]:(Betsy,6) currently seeing ads for the Products:[iPhone XS case of Seller 5]
INFO:root:[Customer]:(Betsy,6)'s sentiment is 1 for product:[iPhone XS case] from Seller 5
INFO:root:[Customer]: (Betsy,6) is interested in buying related products, so he doesn't buy any products 
INFO:root:[Customer]: (Jimmy,5) own the Products:[Huawei P30 pro of Seller 3] with balance of $ 798
INFO:root:[Customer]:(Jimmy,6): Next Quarter Begins 
INFO:root:[Customer]:(Jimmy,6) currently seeing ads for the Products:[]
INFO:root:[Seller]: (Eve,6) sold  0 units of iPhone XS case
INFO:root:[Seller]: (Dave,5) Exit
INFO:root:[Seller]: (Eve,6) Revenue in previous quarter:0
INFO:root:[Seller]: (Eve,6) Expenses in previous quarter:200
INFO:root:[Seller]: (Eve,6) Profit in previous quarter:-200
INFO:root:[Seller]: (Eve,6) Sales in previous quarter:[0, 0, 0, 0, 0, 0]
INFO:root:[CEO]: (Eve,6) CEO wallet 3700 ads price 100
INFO:root:[CEO]: (Eve,6) CEO selected advert_type as BASIC with scale of 3 for iPhone XS case
INFO:root:[GoogleAds]: Google pushed the BASIC Ad for product iPhone XS case of seller 5 to users Matthew, Jimmy 
INFO:root:[Customer]: (Simone,6) own the Products:[] with balance of $ 800
INFO:root:[Customer]:(Simone,7): Next Quarter Begins 
INFO:root:[Customer]:(Simone,7) currently seeing ads for the Products:[]
INFO:root:[Customer]: (Matthew,6) own the Products:[] with balance of $ 900
INFO:root:[Customer]:(Matthew,7): Next Quarter Begins 
INFO:root:[Customer]:(Matthew,7) currently seeing ads for the Products:[iPhone XS case of Seller 5]
INFO:root:[Customer]:(Matthew,7)'s sentiment is 1 for product:[iPhone XS case] from Seller 5
INFO:root:[Customer]: (Matthew,7) prefer high quality, so didn't buy any products 
INFO:root:[Customer]: (Lisa,6) own the Products:[Google pixel case of Seller 2] with balance of $ 747
INFO:root:[Customer]:(Lisa,7): Next Quarter Begins 
INFO:root:[Customer]:(Lisa,7) currently seeing ads for the Products:[]
INFO:root:[Customer]: (Betsy,6) own the Products:[Huawei P30 pro of Seller 3] with balance of $ 998
INFO:root:[Customer]:(Betsy,7): Next Quarter Begins 
INFO:root:[Customer]:(Betsy,7) currently seeing ads for the Products:[]
INFO:root:[Customer]:(Betsy,7) Posted NEGATIVE tweet for the product Huawei P30 pro
INFO:root:[Customer]: (Jimmy,6) own the Products:[Huawei P30 pro of Seller 3] with balance of $ 798
INFO:root:[Customer]:(Jimmy,7): Next Quarter Begins 
INFO:root:[Customer]:(Jimmy,7) currently seeing ads for the Products:[iPhone XS case of Seller 5]
INFO:root:[Customer]:(Jimmy,7)'s sentiment is 1 for product:[iPhone XS case] from Seller 5
INFO:root:[Customer]: (Jimmy,7) is interested in buying related products, so he doesn't buy any products 
INFO:root:[Seller]: (Eve,6) Exit
INFO:root:[Customer]: (Simone,7) own the Products:[] with balance of $ 800
INFO:root:[Customer]:(Simone,8): Next Quarter Begins 
INFO:root:[Customer]:(Simone,8) currently seeing ads for the Products:[]
INFO:root:[Customer]: (Matthew,7) own the Products:[] with balance of $ 900
INFO:root:[Customer]:(Matthew,8): Next Quarter Begins 
INFO:root:[Customer]:(Matthew,8) currently seeing ads for the Products:[]
INFO:root:[Customer]: (Lisa,7) own the Products:[Google pixel case of Seller 2] with balance of $ 747
INFO:root:[Customer]:(Lisa,8): Next Quarter Begins 
INFO:root:[Customer]:(Lisa,8) currently seeing ads for the Products:[]
INFO:root:[Customer]:(Lisa,8) Posted NEGATIVE tweet for the product Google pixel case
INFO:root:[Customer]: (Betsy,7) own the Products:[Huawei P30 pro of Seller 3] with balance of $ 998
INFO:root:[Customer]:(Betsy,8): Next Quarter Begins 
INFO:root:[Customer]:(Betsy,8) currently seeing ads for the Products:[]
INFO:root:[Customer]: (Jimmy,7) own the Products:[Huawei P30 pro of Seller 3] with balance of $ 798
INFO:root:[Customer]:(Jimmy,8): Next Quarter Begins 
INFO:root:[Customer]:(Jimmy,8) currently seeing ads for the Products:[]
INFO:root:[Customer]: (Simone,8) own the Products:[] with balance of $ 800
INFO:root:[Customer]:(Simone,9): Next Quarter Begins 
INFO:root:[Customer]:(Simone,9) currently seeing ads for the Products:[]
INFO:root:[Customer]: (Matthew,8) own the Products:[] with balance of $ 900
INFO:root:[Customer]:(Matthew,9): Next Quarter Begins 
INFO:root:[Customer]:(Matthew,9) currently seeing ads for the Products:[]
INFO:root:[Customer]: (Lisa,8) own the Products:[Google pixel case of Seller 2] with balance of $ 747
INFO:root:[Customer]:(Lisa,9): Next Quarter Begins 
INFO:root:[Customer]:(Lisa,9) currently seeing ads for the Products:[]
INFO:root:[Customer]:(Lisa,9) Posted NEGATIVE tweet for the product Google pixel case
INFO:root:[Customer]: (Betsy,8) own the Products:[Huawei P30 pro of Seller 3] with balance of $ 998
INFO:root:[Customer]:(Betsy,9): Next Quarter Begins 
INFO:root:[Customer]:(Betsy,9) currently seeing ads for the Products:[]
INFO:root:[Customer]: (Jimmy,8) own the Products:[Huawei P30 pro of Seller 3] with balance of $ 798
INFO:root:[Customer]:(Jimmy,9): Next Quarter Begins 
INFO:root:[Customer]:(Jimmy,9) currently seeing ads for the Products:[]
INFO:root:[Customer]:(Jimmy,9) Posted POSITIVE tweet for the product Huawei P30 pro
INFO:root:[Customer]: (Simone,9) own the Products:[] with balance of $ 800
INFO:root:[Customer]: (Simone,9) Exit
INFO:root:[Customer]: (Matthew,9) own the Products:[] with balance of $ 900
INFO:root:[Customer]: (Matthew,9) Exit
INFO:root:[Customer]: (Lisa,9) own the Products:[Google pixel case of Seller 2] with balance of $ 747
INFO:root:[Customer]: (Lisa,9) Exit
INFO:root:[Customer]: (Betsy,9) own the Products:[Huawei P30 pro of Seller 3] with balance of $ 998
INFO:root:[Customer]: (Betsy,9) Exit
INFO:root:[Customer]: (Jimmy,9) own the Products:[Huawei P30 pro of Seller 3] with balance of $ 798
INFO:root:[Customer]: (Jimmy,9) Exit
