INFO:root:[Buyer]:Buyer Simone Initialized
INFO:root:[Customer]:Customer Simone entered Trading
INFO:root:[Buyer]:Buyer Betsy Initialized
INFO:root:[Customer]:(Simone,1): Next Quarter Begins 
INFO:root:[Customer]:(Simone,1) currently seeing ads for the Products:[]
INFO:root:[Customer]:Customer Betsy entered Trading
INFO:root:[Buyer]:Buyer Matthew Initialized
INFO:root:[Customer]:(Betsy,1): Next Quarter Begins 
INFO:root:[Customer]:(Betsy,1) currently seeing ads for the Products:[]
INFO:root:[Customer]:Customer Matthew entered Trading
INFO:root:[Buyer]:Buyer Lisa Initialized
INFO:root:[Customer]:(Matthew,1): Next Quarter Begins 
INFO:root:[Customer]:(Matthew,1) currently seeing ads for the Products:[]
INFO:root:[Customer]:Customer Lisa entered Trading
INFO:root:[Customer]:(Lisa,1): Next Quarter Begins 
INFO:root:[Customer]:(Lisa,1) currently seeing ads for the Products:[]
INFO:root:[Buyer]:Buyer Jimmy Initialized
INFO:root:[Customer]:Customer Jimmy entered Trading
INFO:root:[Customer]:(Jimmy,1): Next Quarter Begins 
INFO:root:[Customer]:(Jimmy,1) currently seeing ads for the Products:[]
INFO:root:[Seller]:Seller Alice Created
INFO:root:[Seller]:Seller Alice Owned products iPhone XS, iPhone XR case
INFO:root:{}
INFO:root:[Market]:Seller Alice is registered in the market with the product iPhone XS 
INFO:root:[Market]:Seller Alice is registered in the market with the product iPhone XR case 
INFO:root:[Seller]:Seller Alice started Trading
INFO:root:[Seller]: (Alice,1) sold  0 units of iPhone XS
INFO:root:[Seller]: (Alice,1) sold  0 units of iPhone XR case
INFO:root:[Seller]:Seller Bob Created
INFO:root:[Seller]:Seller Bob Owned products iPhone XR, Google pixel case
INFO:root:{'iPhone XS': [<seller.Seller object at 0x0000023E2D5AE748>], 'iPhone XR case': [<seller.Seller object at 0x0000023E2D5AE748>]}
INFO:root:[Market]:Seller Bob is registered in the market with the product iPhone XR 
INFO:root:[Market]:Seller Bob is registered in the market with the product Google pixel case 
INFO:root:[Seller]:Seller Bob started Trading
INFO:root:[Seller]: (Bob,1) sold  0 units of iPhone XR
INFO:root:[Seller]: (Bob,1) sold  0 units of Google pixel case
INFO:root:[Seller]:Seller Carol Created
INFO:root:[Seller]:Seller Carol Owned products Huawei P30 pro
INFO:root:{'iPhone XS': [<seller.Seller object at 0x0000023E2D5AE748>], 'iPhone XR case': [<seller.Seller object at 0x0000023E2D5AE748>], 'iPhone XR': [<seller.Seller object at 0x0000023E2D5AE9E8>], 'Google pixel case': [<seller.Seller object at 0x0000023E2D5AE9E8>]}
INFO:root:[Market]:Seller Carol is registered in the market with the product Huawei P30 pro 
INFO:root:[Seller]:Seller Carol started Trading
INFO:root:[Seller]: (Carol,1) sold  0 units of Huawei P30 pro
INFO:root:[Seller]:Seller Dave Created
INFO:root:[Seller]:Seller Dave Owned products Google pixel, Huawei P30 pro case
INFO:root:{'iPhone XS': [<seller.Seller object at 0x0000023E2D5AE748>], 'iPhone XR case': [<seller.Seller object at 0x0000023E2D5AE748>], 'iPhone XR': [<seller.Seller object at 0x0000023E2D5AE9E8>], 'Google pixel case': [<seller.Seller object at 0x0000023E2D5AE9E8>], 'Huawei P30 pro': [<seller.Seller object at 0x0000023E2D5AEBA8>]}
INFO:root:[Market]:Seller Dave is registered in the market with the product Google pixel 
INFO:root:[Market]:Seller Dave is registered in the market with the product Huawei P30 pro case 
INFO:root:[Seller]:Seller Dave started Trading
INFO:root:[Seller]: (Dave,1) sold  0 units of Google pixel
INFO:root:[Seller]: (Dave,1) sold  0 units of Huawei P30 pro case
INFO:root:[Seller]:Seller Eve Created
INFO:root:[Seller]:Seller Eve Owned products iPhone XS case
INFO:root:{'iPhone XS': [<seller.Seller object at 0x0000023E2D5AE748>], 'iPhone XR case': [<seller.Seller object at 0x0000023E2D5AE748>], 'iPhone XR': [<seller.Seller object at 0x0000023E2D5AE9E8>], 'Google pixel case': [<seller.Seller object at 0x0000023E2D5AE9E8>], 'Huawei P30 pro': [<seller.Seller object at 0x0000023E2D5AEBA8>], 'Google pixel': [<seller.Seller object at 0x0000023E2D5AE860>], 'Huawei P30 pro case': [<seller.Seller object at 0x0000023E2D5AE860>]}
INFO:root:[Market]:Seller Eve is registered in the market with the product iPhone XS case 
INFO:root:[Seller]:Seller Eve started Trading
INFO:root:[Seller]: (Eve,1) sold  0 units of iPhone XS case
INFO:root:[Seller]: (Bob,1) Revenue in previous quarter:0
INFO:root:[Seller]: (Bob,1) Expenses in previous quarter:0
INFO:root:[Seller]: (Bob,1) Profit in previous quarter:0
INFO:root:[Seller]: (Bob,1) Sales in previous quarter:[0]
INFO:root:[CEO]: (Bob,1) CEO wallet 10000 ads price 100
INFO:root:[CEO]: (Bob,1) CEO selected advert_type as BASIC with scale of 10 for iPhone XR
INFO:root:[GoogleAds]: Google pushed the BASIC Ad for product iPhone XR of seller 2 to users Matthew, Simone, Jimmy 
INFO:root:[CEO]: (Bob,1) CEO wallet 10000 ads price 100
INFO:root:[CEO]: (Bob,1) CEO selected advert_type as BASIC with scale of 10 for Google pixel case
INFO:root:[Seller]: (Alice,1) Revenue in previous quarter:0
INFO:root:[GoogleAds]: Google pushed the BASIC Ad for product Google pixel case of seller 2 to users Simone, Lisa, Betsy 
INFO:root:[Seller]: (Alice,1) Expenses in previous quarter:0
INFO:root:[Seller]: (Alice,1) Profit in previous quarter:0
INFO:root:[Seller]: (Alice,1) Sales in previous quarter:[0]
INFO:root:[CEO]: (Alice,1) CEO wallet 10000 ads price 100
INFO:root:[CEO]: (Alice,1) CEO selected advert_type as BASIC with scale of 10 for iPhone XS
INFO:root:[GoogleAds]: Google pushed the BASIC Ad for product iPhone XS of seller 1 to users Matthew, Betsy, Jimmy 
INFO:root:[CEO]: (Alice,1) CEO wallet 10000 ads price 100
INFO:root:[CEO]: (Alice,1) CEO selected advert_type as BASIC with scale of 10 for iPhone XR case
INFO:root:[GoogleAds]: Google pushed the BASIC Ad for product iPhone XR case of seller 1 to users Matthew, Simone, Jimmy, Lisa 
INFO:root:[Seller]: (Eve,1) Revenue in previous quarter:0
INFO:root:[Seller]: (Eve,1) Expenses in previous quarter:0
INFO:root:[Seller]: (Eve,1) Profit in previous quarter:0
INFO:root:[Seller]: (Eve,1) Sales in previous quarter:[0]
INFO:root:[CEO]: (Eve,1) CEO wallet 5000 ads price 100
INFO:root:[CEO]: (Eve,1) CEO selected advert_type as BASIC with scale of 5 for iPhone XS case
INFO:root:[GoogleAds]: Google pushed the BASIC Ad for product iPhone XS case of seller 5 to users Matthew, Betsy, Simone 
INFO:root:[Seller]: (Carol,1) Revenue in previous quarter:0
INFO:root:[Seller]: (Carol,1) Expenses in previous quarter:0
INFO:root:[Seller]: (Carol,1) Profit in previous quarter:0
INFO:root:[Seller]: (Carol,1) Sales in previous quarter:[0]
INFO:root:[CEO]: (Carol,1) CEO wallet 10000 ads price 100
INFO:root:[CEO]: (Carol,1) CEO selected advert_type as BASIC with scale of 10 for Huawei P30 pro
INFO:root:[GoogleAds]: Google pushed the BASIC Ad for product Huawei P30 pro of seller 3 to users Matthew, Simone, Jimmy, Lisa 
INFO:root:[Seller]: (Dave,1) Revenue in previous quarter:0
INFO:root:[Seller]: (Dave,1) Expenses in previous quarter:0
INFO:root:[Seller]: (Dave,1) Profit in previous quarter:0
INFO:root:[Seller]: (Dave,1) Sales in previous quarter:[0]
INFO:root:[CEO]: (Dave,1) CEO wallet 5000 ads price 100
INFO:root:[CEO]: (Dave,1) CEO selected advert_type as BASIC with scale of 5 for Google pixel
INFO:root:[GoogleAds]: Google pushed the BASIC Ad for product Google pixel of seller 4 to users Simone, Betsy, Jimmy, Lisa 
INFO:root:[CEO]: (Dave,1) CEO wallet 5000 ads price 100
INFO:root:[CEO]: (Dave,1) CEO selected advert_type as BASIC with scale of 5 for Huawei P30 pro case
INFO:root:[GoogleAds]: Google pushed the BASIC Ad for product Huawei P30 pro case of seller 4 to users Matthew, Simone 
INFO:root:[Customer]: (Simone,1) own the Products:[] with balance of $ 800
INFO:root:[Customer]:(Simone,2): Next Quarter Begins 
INFO:root:[Customer]:(Simone,2) currently seeing ads for the Products:[iPhone XR of Seller 2, Huawei P30 pro of Seller 3, iPhone XS case of Seller 5, Google pixel case of Seller 2, Huawei P30 pro case of Seller 4, iPhone XR case of Seller 1, Google pixel of Seller 4]
INFO:root:[Customer]:(Simone,2)'s sentiment is 1 for product:[iPhone XR] from Seller 2
INFO:root:[Customer]: (Simone,2) prefer high quality, so didn't buy any products 
INFO:root:[Customer]:(Simone,2)'s sentiment is 1 for product:[Huawei P30 pro] from Seller 3
INFO:root:[Customer]: (Simone,2) prefer high quality, so didn't buy any products 
INFO:root:[Customer]:(Simone,2)'s sentiment is 1 for product:[iPhone XS case] from Seller 5
INFO:root:[Customer]: (Simone,2) prefer high quality, so didn't buy any products 
INFO:root:[Customer]:(Simone,2)'s sentiment is 1 for product:[Google pixel case] from Seller 2
INFO:root:[Customer]: (Simone,2) prefer high quality, so didn't buy any products 
INFO:root:[Customer]:(Simone,2)'s sentiment is 1 for product:[Huawei P30 pro case] from Seller 4
INFO:root:[Customer]:(Simone,2) would like to buy the product:[Huawei P30 pro case]
INFO:root:[Customer]: (Simone,2) didn't have enough money to buy Products:[Huawei P30 pro case] from seller 4
INFO:root:[Customer]:(Simone,2)'s sentiment is 1 for product:[iPhone XR case] from Seller 1
INFO:root:[Customer]:(Simone,2) would like to buy the product:[iPhone XR case]
INFO:root:[Customer]: (Simone,2) didn't have enough money to buy Products:[iPhone XR case] from seller 1
INFO:root:[Customer]:(Simone,2)'s sentiment is 1 for product:[Google pixel] from Seller 4
INFO:root:[Customer]:(Simone,2) would like to buy the product:[Google pixel]
INFO:root:[Customer]: (Simone,2) didn't have enough money to buy Products:[Google pixel] from seller 4
INFO:root:[Customer]: (Betsy,1) own the Products:[] with balance of $ 1000
INFO:root:[Customer]:(Betsy,2): Next Quarter Begins 
INFO:root:[Customer]:(Betsy,2) currently seeing ads for the Products:[Google pixel of Seller 4, iPhone XS case of Seller 5, Google pixel case of Seller 2, iPhone XS of Seller 1]
INFO:root:[Customer]:(Betsy,2)'s sentiment is 1 for product:[Google pixel] from Seller 4
INFO:root:[Customer]: (Betsy,2) buy the Products:[Google pixel] from seller4 with price1000
INFO:root:[Customer]: (Matthew,1) own the Products:[] with balance of $ 900
INFO:root:[Customer]:(Matthew,2): Next Quarter Begins 
INFO:root:[Customer]: (Lisa,1) own the Products:[] with balance of $ 800
INFO:root:[Customer]:(Matthew,2) currently seeing ads for the Products:[iPhone XR of Seller 2, Huawei P30 pro of Seller 3, iPhone XS case of Seller 5, iPhone XS of Seller 1, Huawei P30 pro case of Seller 4, iPhone XR case of Seller 1]
INFO:root:[Customer]:(Lisa,2): Next Quarter Begins 
INFO:root:[Customer]:(Matthew,2)'s sentiment is 1 for product:[iPhone XR] from Seller 2
INFO:root:[Customer]: (Jimmy,1) own the Products:[] with balance of $ 800
INFO:root:[Customer]:(Lisa,2) currently seeing ads for the Products:[Huawei P30 pro of Seller 3, iPhone XR case of Seller 1, Google pixel of Seller 4, Google pixel case of Seller 2]
INFO:root:[Customer]: (Matthew,2) prefer high quality, so didn't buy any products 
INFO:root:[Customer]:(Jimmy,2): Next Quarter Begins 
INFO:root:[Customer]:(Lisa,2)'s sentiment is 1 for product:[Huawei P30 pro] from Seller 3
INFO:root:[Customer]:(Matthew,2)'s sentiment is 1 for product:[Huawei P30 pro] from Seller 3
INFO:root:[Customer]:(Jimmy,2) currently seeing ads for the Products:[iPhone XR of Seller 2, Huawei P30 pro of Seller 3, iPhone XS of Seller 1, iPhone XR case of Seller 1, Google pixel of Seller 4]
INFO:root:[Customer]: (Lisa,2) buy the Products:[Huawei P30 pro] from seller3 with price0
INFO:root:[Customer]: (Matthew,2) prefer high quality, so didn't buy any products 
INFO:root:[Customer]:(Jimmy,2)'s sentiment is 1 for product:[iPhone XR] from Seller 2
INFO:root:[Seller]: Seller (Dave,1) sold product Google pixel
INFO:root:[Customer]:(Matthew,2)'s sentiment is 1 for product:[iPhone XS case] from Seller 5
INFO:root:[Customer]: (Jimmy,2) didn't have enough money to buy Products:[iPhone XR] from seller 2
INFO:root:[Market]:Transaction between Seller Dave and Customer Betsy with the product Google pixel at 2019-11-23 11:57:28 in year 2019 and quarter 4
INFO:root:[Customer]: (Matthew,2) prefer high quality, so didn't buy any products 
INFO:root:[Customer]:(Jimmy,2)'s sentiment is 1 for product:[Huawei P30 pro] from Seller 3
INFO:root:[Customer]:(Matthew,2)'s sentiment is 1 for product:[iPhone XS] from Seller 1
INFO:root:[Customer]: (Jimmy,2) buy the Products:[Huawei P30 pro] from seller3 with price0
INFO:root:[Customer]:(Matthew,2) would like to buy the product:[iPhone XS]
INFO:root:[Customer]: (Matthew,2) didn't have enough money to buy Products:[iPhone XS] from seller 1
INFO:root:[Customer]:(Matthew,2)'s sentiment is 1 for product:[Huawei P30 pro case] from Seller 4
INFO:root:[Customer]:(Matthew,2) would like to buy the product:[Huawei P30 pro case]
INFO:root:[Customer]: (Matthew,2) didn't have enough money to buy Products:[Huawei P30 pro case] from seller 4
INFO:root:[Customer]:(Matthew,2)'s sentiment is 1 for product:[iPhone XR case] from Seller 1
INFO:root:[Customer]:(Matthew,2) would like to buy the product:[iPhone XR case]
INFO:root:[Customer]: (Matthew,2) didn't have enough money to buy Products:[iPhone XR case] from seller 1
INFO:root:[Seller]: Seller (Carol,1) sold product Huawei P30 pro
INFO:root:[Market]:Transaction between Seller Carol and Customer Lisa with the product Huawei P30 pro at 2019-11-23 11:57:28 in year 2019 and quarter 4
INFO:root:[Seller]: Seller (Carol,1) sold product Huawei P30 pro
INFO:root:[Market]:Transaction between Seller Carol and Customer Jimmy with the product Huawei P30 pro at 2019-11-23 11:57:28 in year 2019 and quarter 4
INFO:root:[Customer]:(Betsy,2)'s sentiment is 1 for product:[iPhone XS case] from Seller 5
INFO:root:[Customer]: (Betsy,2) is interested in buying related products, so he doesn't buy any products 
INFO:root:[Customer]:(Betsy,2)'s sentiment is 1 for product:[Google pixel case] from Seller 2
INFO:root:[Customer]:(Lisa,2)'s sentiment is 1 for product:[iPhone XR case] from Seller 1
INFO:root:[Customer]: (Betsy,2) bought product Google pixel, so he is likely to buy related product Google pixel case 
INFO:root:[Customer]: (Betsy,2) didn't have enough money to buy Products:[Google pixel case] from seller 2
INFO:root:[Customer]:(Betsy,2)'s sentiment is 1 for product:[iPhone XS] from Seller 1
INFO:root:[Customer]:(Jimmy,2)'s sentiment is 1 for product:[iPhone XS] from Seller 1
INFO:root:[Customer]: (Lisa,2) is interested in buying related products, so he doesn't buy any products 
INFO:root:[Customer]:(Lisa,2)'s sentiment is 1 for product:[Google pixel] from Seller 4
INFO:root:[Customer]: (Jimmy,2) is interested in buying related products, so he doesn't buy any products 
INFO:root:[Customer]:(Jimmy,2)'s sentiment is 1 for product:[iPhone XR case] from Seller 1
INFO:root:[Customer]: (Lisa,2) is interested in buying related products, so he doesn't buy any products 
INFO:root:[Customer]:(Lisa,2)'s sentiment is 1 for product:[Google pixel case] from Seller 2
INFO:root:[Customer]: (Jimmy,2) is interested in buying related products, so he doesn't buy any products 
INFO:root:[Customer]:(Jimmy,2)'s sentiment is 1 for product:[Google pixel] from Seller 4
INFO:root:[Customer]: (Lisa,2) is interested in buying related products, so he doesn't buy any products 
INFO:root:[Customer]: (Jimmy,2) is interested in buying related products, so he doesn't buy any products 
INFO:root:[Customer]: (Betsy,2) is interested in buying related products, so he doesn't buy any products 
INFO:root:[Seller]: (Bob,2) sold  0 units of iPhone XR
INFO:root:[Seller]: (Bob,2) sold  0 units of Google pixel case
INFO:root:[Seller]: (Alice,2) sold  0 units of iPhone XS
INFO:root:[Seller]: (Alice,2) sold  0 units of iPhone XR case
INFO:root:[Seller]: (Eve,2) sold  0 units of iPhone XS case
INFO:root:[Seller]: (Carol,2) sold  0 units of Huawei P30 pro
INFO:root:[Seller]: (Dave,2) sold  0 units of Google pixel
INFO:root:[Seller]: (Dave,2) sold  0 units of Huawei P30 pro case
INFO:root:[Seller]: (Carol,2) Revenue in previous quarter:1
INFO:root:[Seller]: (Carol,2) Expenses in previous quarter:400
INFO:root:[Seller]: (Carol,2) Profit in previous quarter:-398
INFO:root:[Seller]: (Carol,2) Sales in previous quarter:[0, 2]
INFO:root:[CEO]: (Carol,2) CEO wallet 9601 ads price 100
INFO:root:[CEO]: (Carol,2) CEO selected advert_type as BASIC with scale of 9 for Huawei P30 pro
INFO:root:[GoogleAds]: Google pushed the BASIC Ad for product Huawei P30 pro of seller 3 to users Matthew, Betsy, Jimmy 
INFO:root:[Seller]: (Bob,2) Revenue in previous quarter:0
INFO:root:[Seller]: (Bob,2) Expenses in previous quarter:300
INFO:root:[Seller]: (Bob,2) Profit in previous quarter:-300
INFO:root:[Seller]: (Bob,2) Sales in previous quarter:[0, 0]
INFO:root:[CEO]: (Bob,2) CEO wallet 9700 ads price 100
INFO:root:[CEO]: (Bob,2) CEO selected advert_type as BASIC with scale of 9 for iPhone XR
INFO:root:[Seller]: (Dave,2) Revenue in previous quarter:1000
INFO:root:[Seller]: (Dave,2) Expenses in previous quarter:200
INFO:root:[Seller]: (Dave,2) Profit in previous quarter:800
INFO:root:[Seller]: (Dave,2) Sales in previous quarter:[0, 1]
INFO:root:[CEO]: (Dave,2) CEO wallet 5800 ads price 100
INFO:root:[CEO]: (Dave,2) CEO selected advert_type as BASIC with scale of 5 for Google pixel
INFO:root:[Seller]: (Eve,2) Revenue in previous quarter:0
INFO:root:[Seller]: (Eve,2) Expenses in previous quarter:300
INFO:root:[Seller]: (Eve,2) Profit in previous quarter:-300
INFO:root:[Seller]: (Eve,2) Sales in previous quarter:[0, 0]
INFO:root:[CEO]: (Eve,2) CEO wallet 4700 ads price 100
INFO:root:[CEO]: (Eve,2) CEO selected advert_type as BASIC with scale of 4 for iPhone XS case
INFO:root:[Seller]: (Alice,2) Revenue in previous quarter:0
INFO:root:[Seller]: (Alice,2) Expenses in previous quarter:400
INFO:root:[Seller]: (Alice,2) Profit in previous quarter:-400
INFO:root:[Seller]: (Alice,2) Sales in previous quarter:[0, 0]
INFO:root:[CEO]: (Alice,2) CEO wallet 9600 ads price 100
INFO:root:[CEO]: (Alice,2) CEO selected advert_type as BASIC with scale of 9 for iPhone XS
INFO:root:[Customer]: (Simone,2) own the Products:[] with balance of $ 800
INFO:root:[Customer]:(Simone,3): Next Quarter Begins 
INFO:root:[Customer]:(Simone,3) currently seeing ads for the Products:[]
INFO:root:[Customer]: (Matthew,2) own the Products:[] with balance of $ 900
INFO:root:[Customer]:(Matthew,3): Next Quarter Begins 
INFO:root:[Customer]:(Matthew,3) currently seeing ads for the Products:[Huawei P30 pro of Seller 3]
INFO:root:[Customer]:(Matthew,3)'s sentiment is 0 for product:[Huawei P30 pro] from Seller 3
INFO:root:[Customer]: (Matthew,3) prefer high quality, so didn't buy any products 
INFO:root:[Customer]: (Jimmy,2) own the Products:[Huawei P30 pro of Seller 3] with balance of $ 799
INFO:root:[Customer]:(Jimmy,3): Next Quarter Begins 
INFO:root:[Customer]:(Jimmy,3) currently seeing ads for the Products:[]
INFO:root:[Customer]: (Simone,3) own the Products:[] with balance of $ 800
INFO:root:[Customer]:(Simone,4): Next Quarter Begins 
INFO:root:[Customer]:(Simone,4) currently seeing ads for the Products:[]
INFO:root:[Customer]: (Matthew,3) own the Products:[] with balance of $ 900
INFO:root:[Customer]:(Matthew,4): Next Quarter Begins 
INFO:root:[Customer]:(Matthew,4) currently seeing ads for the Products:[]
INFO:root:[Customer]: (Jimmy,3) own the Products:[Huawei P30 pro of Seller 3] with balance of $ 799
INFO:root:[Customer]:(Jimmy,4): Next Quarter Begins 
INFO:root:[Customer]:(Jimmy,4) currently seeing ads for the Products:[]
INFO:root:[Customer]: (Simone,4) own the Products:[] with balance of $ 800
INFO:root:[Customer]:(Simone,5): Next Quarter Begins 
INFO:root:[Customer]:(Simone,5) currently seeing ads for the Products:[]
INFO:root:[Customer]: (Matthew,4) own the Products:[] with balance of $ 900
INFO:root:[Customer]:(Matthew,5): Next Quarter Begins 
INFO:root:[Customer]:(Matthew,5) currently seeing ads for the Products:[]
INFO:root:[Customer]: (Simone,5) own the Products:[] with balance of $ 800
INFO:root:[Customer]:(Simone,6): Next Quarter Begins 
INFO:root:[Customer]:(Simone,6) currently seeing ads for the Products:[]
INFO:root:[Customer]: (Matthew,5) own the Products:[] with balance of $ 900
INFO:root:[Customer]:(Matthew,6): Next Quarter Begins 
INFO:root:[Customer]:(Matthew,6) currently seeing ads for the Products:[]
INFO:root:[Customer]: (Simone,6) own the Products:[] with balance of $ 800
INFO:root:[Customer]:(Simone,7): Next Quarter Begins 
INFO:root:[Customer]:(Simone,7) currently seeing ads for the Products:[]
INFO:root:[Customer]: (Matthew,6) own the Products:[] with balance of $ 900
INFO:root:[Customer]:(Matthew,7): Next Quarter Begins 
INFO:root:[Customer]:(Matthew,7) currently seeing ads for the Products:[]
INFO:root:[Customer]: (Simone,7) own the Products:[] with balance of $ 800
INFO:root:[Customer]:(Simone,8): Next Quarter Begins 
INFO:root:[Customer]:(Simone,8) currently seeing ads for the Products:[]
INFO:root:[Customer]: (Matthew,7) own the Products:[] with balance of $ 900
INFO:root:[Customer]:(Matthew,8): Next Quarter Begins 
INFO:root:[Customer]:(Matthew,8) currently seeing ads for the Products:[]
INFO:root:[Customer]: (Simone,8) own the Products:[] with balance of $ 800
INFO:root:[Customer]:(Simone,9): Next Quarter Begins 
INFO:root:[Customer]:(Simone,9) currently seeing ads for the Products:[]
INFO:root:[Customer]: (Matthew,8) own the Products:[] with balance of $ 900
INFO:root:[Customer]:(Matthew,9): Next Quarter Begins 
INFO:root:[Customer]:(Matthew,9) currently seeing ads for the Products:[]
INFO:root:[Customer]: (Simone,9) own the Products:[] with balance of $ 800
INFO:root:[Customer]:(Simone,10): Next Quarter Begins 
INFO:root:[Customer]:(Simone,10) currently seeing ads for the Products:[]
INFO:root:[Customer]: (Matthew,9) own the Products:[] with balance of $ 900
INFO:root:[Customer]:(Matthew,10): Next Quarter Begins 
INFO:root:[Customer]:(Matthew,10) currently seeing ads for the Products:[]
INFO:root:[Customer]: (Simone,10) own the Products:[] with balance of $ 800
INFO:root:[Customer]:(Simone,11): Next Quarter Begins 
INFO:root:[Customer]:(Simone,11) currently seeing ads for the Products:[]
INFO:root:[Customer]: (Matthew,10) own the Products:[] with balance of $ 900
INFO:root:[Customer]:(Matthew,11): Next Quarter Begins 
INFO:root:[Customer]:(Matthew,11) currently seeing ads for the Products:[]
INFO:root:[Customer]: (Simone,11) own the Products:[] with balance of $ 800
INFO:root:[Customer]:(Simone,12): Next Quarter Begins 
INFO:root:[Customer]:(Simone,12) currently seeing ads for the Products:[]
INFO:root:[Customer]: (Matthew,11) own the Products:[] with balance of $ 900
INFO:root:[Customer]:(Matthew,12): Next Quarter Begins 
INFO:root:[Customer]:(Matthew,12) currently seeing ads for the Products:[]
INFO:root:[Customer]: (Simone,12) own the Products:[] with balance of $ 800
INFO:root:[Customer]:(Simone,13): Next Quarter Begins 
INFO:root:[Customer]:(Simone,13) currently seeing ads for the Products:[]
INFO:root:[Customer]: (Matthew,12) own the Products:[] with balance of $ 900
INFO:root:[Customer]:(Matthew,13): Next Quarter Begins 
INFO:root:[Customer]:(Matthew,13) currently seeing ads for the Products:[]
INFO:root:[Customer]: (Simone,13) own the Products:[] with balance of $ 800
INFO:root:[Customer]:(Simone,14): Next Quarter Begins 
INFO:root:[Customer]:(Simone,14) currently seeing ads for the Products:[]
INFO:root:[Customer]: (Matthew,13) own the Products:[] with balance of $ 900
INFO:root:[Customer]:(Matthew,14): Next Quarter Begins 
INFO:root:[Customer]:(Matthew,14) currently seeing ads for the Products:[]
INFO:root:[Customer]: (Simone,14) own the Products:[] with balance of $ 800
INFO:root:[Customer]:(Simone,15): Next Quarter Begins 
INFO:root:[Customer]:(Simone,15) currently seeing ads for the Products:[]
INFO:root:[Customer]: (Matthew,14) own the Products:[] with balance of $ 900
INFO:root:[Customer]:(Matthew,15): Next Quarter Begins 
INFO:root:[Customer]:(Matthew,15) currently seeing ads for the Products:[]
INFO:root:[Customer]: (Simone,15) own the Products:[] with balance of $ 800
INFO:root:[Customer]:(Simone,16): Next Quarter Begins 
INFO:root:[Customer]:(Simone,16) currently seeing ads for the Products:[]
INFO:root:[Customer]: (Matthew,15) own the Products:[] with balance of $ 900
INFO:root:[Customer]:(Matthew,16): Next Quarter Begins 
INFO:root:[Customer]:(Matthew,16) currently seeing ads for the Products:[]
INFO:root:[Customer]: (Simone,16) own the Products:[] with balance of $ 800
INFO:root:[Customer]:(Simone,17): Next Quarter Begins 
INFO:root:[Customer]:(Simone,17) currently seeing ads for the Products:[]
INFO:root:[Customer]: (Matthew,16) own the Products:[] with balance of $ 900
INFO:root:[Customer]:(Matthew,17): Next Quarter Begins 
INFO:root:[Customer]:(Matthew,17) currently seeing ads for the Products:[]
INFO:root:[Customer]: (Simone,17) own the Products:[] with balance of $ 800
INFO:root:[Customer]:(Simone,18): Next Quarter Begins 
INFO:root:[Customer]:(Simone,18) currently seeing ads for the Products:[]
INFO:root:[Customer]: (Matthew,17) own the Products:[] with balance of $ 900
INFO:root:[Customer]:(Matthew,18): Next Quarter Begins 
INFO:root:[Customer]:(Matthew,18) currently seeing ads for the Products:[]
INFO:root:[Customer]: (Simone,18) own the Products:[] with balance of $ 800
INFO:root:[Customer]:(Simone,19): Next Quarter Begins 
INFO:root:[Customer]:(Simone,19) currently seeing ads for the Products:[]
INFO:root:[Customer]: (Matthew,18) own the Products:[] with balance of $ 900
INFO:root:[Customer]:(Matthew,19): Next Quarter Begins 
INFO:root:[Customer]:(Matthew,19) currently seeing ads for the Products:[]
INFO:root:[Customer]: (Simone,19) own the Products:[] with balance of $ 800
INFO:root:[Customer]:(Simone,20): Next Quarter Begins 
INFO:root:[Customer]:(Simone,20) currently seeing ads for the Products:[]
INFO:root:[Customer]: (Matthew,19) own the Products:[] with balance of $ 900
INFO:root:[Customer]:(Matthew,20): Next Quarter Begins 
INFO:root:[Customer]:(Matthew,20) currently seeing ads for the Products:[]
INFO:root:[Customer]: (Simone,20) own the Products:[] with balance of $ 800
INFO:root:[Customer]:(Simone,21): Next Quarter Begins 
INFO:root:[Customer]:(Simone,21) currently seeing ads for the Products:[]
INFO:root:[Customer]: (Matthew,20) own the Products:[] with balance of $ 900
INFO:root:[Customer]:(Matthew,21): Next Quarter Begins 
INFO:root:[Customer]:(Matthew,21) currently seeing ads for the Products:[]
INFO:root:[Customer]: (Matthew,21) own the Products:[] with balance of $ 900
INFO:root:[Customer]:(Matthew,22): Next Quarter Begins 
INFO:root:[Customer]:(Matthew,22) currently seeing ads for the Products:[]
INFO:root:[Customer]: (Simone,21) own the Products:[] with balance of $ 800
INFO:root:[Customer]:(Simone,22): Next Quarter Begins 
INFO:root:[Customer]:(Simone,22) currently seeing ads for the Products:[]
INFO:root:[Customer]: (Matthew,22) own the Products:[] with balance of $ 900
INFO:root:[Customer]:(Matthew,23): Next Quarter Begins 
INFO:root:[Customer]:(Matthew,23) currently seeing ads for the Products:[]
INFO:root:[Customer]: (Simone,22) own the Products:[] with balance of $ 800
INFO:root:[Customer]:(Simone,23): Next Quarter Begins 
INFO:root:[Customer]:(Simone,23) currently seeing ads for the Products:[]
INFO:root:[Customer]: (Matthew,23) own the Products:[] with balance of $ 900
INFO:root:[Customer]:(Matthew,24): Next Quarter Begins 
INFO:root:[Customer]:(Matthew,24) currently seeing ads for the Products:[]
INFO:root:[Customer]: (Simone,23) own the Products:[] with balance of $ 800
INFO:root:[Customer]:(Simone,24): Next Quarter Begins 
INFO:root:[Customer]:(Simone,24) currently seeing ads for the Products:[]
INFO:root:[Customer]: (Matthew,24) own the Products:[] with balance of $ 900
INFO:root:[Customer]:(Matthew,25): Next Quarter Begins 
INFO:root:[Customer]:(Matthew,25) currently seeing ads for the Products:[]
INFO:root:[Customer]: (Simone,24) own the Products:[] with balance of $ 800
INFO:root:[Customer]:(Simone,25): Next Quarter Begins 
INFO:root:[Customer]:(Simone,25) currently seeing ads for the Products:[]
INFO:root:[Customer]: (Matthew,25) own the Products:[] with balance of $ 900
INFO:root:[Customer]: (Simone,25) own the Products:[] with balance of $ 800
INFO:root:[Customer]:(Matthew,26): Next Quarter Begins 
INFO:root:[Customer]:(Simone,26): Next Quarter Begins 
INFO:root:[Customer]:(Matthew,26) currently seeing ads for the Products:[]
INFO:root:[Customer]:(Simone,26) currently seeing ads for the Products:[]
INFO:root:[Customer]: (Simone,26) own the Products:[] with balance of $ 800
INFO:root:[Customer]:(Simone,27): Next Quarter Begins 
INFO:root:[Customer]:(Simone,27) currently seeing ads for the Products:[]
INFO:root:[Customer]: (Matthew,26) own the Products:[] with balance of $ 900
INFO:root:[Customer]:(Matthew,27): Next Quarter Begins 
INFO:root:[Customer]:(Matthew,27) currently seeing ads for the Products:[]
INFO:root:[Customer]: (Matthew,27) own the Products:[] with balance of $ 900
INFO:root:[Customer]:(Matthew,28): Next Quarter Begins 
INFO:root:[Customer]:(Matthew,28) currently seeing ads for the Products:[]
INFO:root:[Customer]: (Simone,27) own the Products:[] with balance of $ 800
INFO:root:[Customer]:(Simone,28): Next Quarter Begins 
INFO:root:[Customer]:(Simone,28) currently seeing ads for the Products:[]
INFO:root:[Customer]: (Matthew,28) own the Products:[] with balance of $ 900
INFO:root:[Customer]: (Simone,28) own the Products:[] with balance of $ 800
INFO:root:[Customer]:(Matthew,29): Next Quarter Begins 
INFO:root:[Customer]:(Simone,29): Next Quarter Begins 
INFO:root:[Customer]:(Matthew,29) currently seeing ads for the Products:[]
INFO:root:[Customer]:(Simone,29) currently seeing ads for the Products:[]
INFO:root:[Customer]: (Simone,29) own the Products:[] with balance of $ 800
INFO:root:[Customer]:(Simone,30): Next Quarter Begins 
INFO:root:[Customer]:(Simone,30) currently seeing ads for the Products:[]
INFO:root:[Customer]: (Matthew,29) own the Products:[] with balance of $ 900
INFO:root:[Customer]:(Matthew,30): Next Quarter Begins 
INFO:root:[Customer]:(Matthew,30) currently seeing ads for the Products:[]
