INFO:root:[Buyer]:Buyer Simone Initialized
INFO:root:[Customer]:Customer Simone entered Trading
INFO:root:[Buyer]:Buyer Betsy Initialized
INFO:root:[Customer]:(Simone,1): Next Quarter Begins 
INFO:root:[Customer]:(Simone,1) currently seeing ads for the Products:[]
INFO:root:[Customer]:Customer Betsy entered Trading
INFO:root:[Buyer]:Buyer Matthew Initialized
INFO:root:[Customer]:(Betsy,1): Next Quarter Begins 
INFO:root:[Customer]:(Betsy,1) currently seeing ads for the Products:[]
INFO:root:[Customer]:Customer Matthew entered Trading
INFO:root:[Buyer]:Buyer Dan Initialized
INFO:root:[Customer]:(Matthew,1): Next Quarter Begins 
INFO:root:[Customer]:(Matthew,1) currently seeing ads for the Products:[]
INFO:root:[Customer]:Customer Dan entered Trading
INFO:root:[Buyer]:Buyer Ewa Initialized
INFO:root:[Customer]:(Dan,1): Next Quarter Begins 
INFO:root:[Customer]:(Dan,1) currently seeing ads for the Products:[]
INFO:root:[Customer]:Customer Ewa entered Trading
INFO:root:[Customer]:(Ewa,1): Next Quarter Begins 
INFO:root:[Customer]:(Ewa,1) currently seeing ads for the Products:[]
INFO:root:[Seller]:Seller Alice Created
INFO:root:[Seller]:Seller Alice Owned products iPhone XR, iPhone XS case, iPhone XR case
INFO:root:{}
INFO:root:[Market]:Seller Alice is registered in the market with the product iPhone XR 
INFO:root:[Market]:Seller Alice is registered in the market with the product iPhone XS case 
INFO:root:[Market]:Seller Alice is registered in the market with the product iPhone XR case 
INFO:root:[Seller]:Seller Alice started Trading
INFO:root:[Seller]: (Alice,1) sold  0 units of iPhone XR
INFO:root:[Seller]: (Alice,1) sold  0 units of iPhone XS case
INFO:root:[Seller]: (Alice,1) sold  0 units of iPhone XR case
INFO:root:[Seller]: (Alice,1) Revenue in previous quarter:0
INFO:root:[Seller]: (Alice,1) Expenses in previous quarter:0
INFO:root:[Seller]: (Alice,1) Profit in previous quarter:0
INFO:root:[Seller]: (Alice,1) Sales in previous quarter:[0]
INFO:root:[Seller]:Seller Bob Created
INFO:root:[Seller]:Seller Bob Owned products iPhone XS, iPhone XR, iPhone XS case, iPhone XR case
INFO:root:{'iPhone XR': [<seller.Seller object at 0x0000028296361FD0>], 'iPhone XS case': [<seller.Seller object at 0x0000028296361FD0>], 'iPhone XR case': [<seller.Seller object at 0x0000028296361FD0>]}
INFO:root:[Market]:Seller Bob is registered in the market with the product iPhone XS 
INFO:root:[Market]:Seller Bob is registered in the market with the product iPhone XR 
INFO:root:[Market]:Seller Bob is registered in the market with the product iPhone XS case 
INFO:root:[Market]:Seller Bob is registered in the market with the product iPhone XR case 
INFO:root:[Seller]:Seller Bob started Trading
INFO:root:[Seller]: (Bob,1) sold  0 units of iPhone XS
INFO:root:[Seller]: (Bob,1) sold  0 units of iPhone XR
INFO:root:[Seller]: (Bob,1) sold  0 units of iPhone XS case
INFO:root:[Seller]: (Bob,1) sold  0 units of iPhone XR case
INFO:root:[Seller]: (Bob,1) Revenue in previous quarter:0
INFO:root:[Seller]: (Bob,1) Expenses in previous quarter:0
INFO:root:[Seller]: (Bob,1) Profit in previous quarter:0
INFO:root:[Seller]: (Bob,1) Sales in previous quarter:[0]
INFO:root:[Seller]:Seller Carol Created
INFO:root:[Seller]:Seller Carol Owned products iPhone XS, iPhone XR, iPhone XS case, iPhone XR case
INFO:root:{'iPhone XR': [<seller.Seller object at 0x0000028296361FD0>, <seller.Seller object at 0x0000028296378048>], 'iPhone XS case': [<seller.Seller object at 0x0000028296361FD0>, <seller.Seller object at 0x0000028296378048>], 'iPhone XR case': [<seller.Seller object at 0x0000028296361FD0>, <seller.Seller object at 0x0000028296378048>], 'iPhone XS': [<seller.Seller object at 0x0000028296378048>]}
INFO:root:[Market]:Seller Carol is registered in the market with the product iPhone XS 
INFO:root:[Market]:Seller Carol is registered in the market with the product iPhone XR 
INFO:root:[Market]:Seller Carol is registered in the market with the product iPhone XS case 
INFO:root:[Market]:Seller Carol is registered in the market with the product iPhone XR case 
INFO:root:[Seller]:Seller Carol started Trading
INFO:root:[Seller]: (Carol,1) sold  0 units of iPhone XS
INFO:root:[Seller]: (Carol,1) sold  0 units of iPhone XR
INFO:root:[Seller]: (Carol,1) sold  0 units of iPhone XS case
INFO:root:[Seller]: (Carol,1) sold  0 units of iPhone XR case
INFO:root:[Seller]: (Carol,1) Revenue in previous quarter:0
INFO:root:[Seller]: (Carol,1) Expenses in previous quarter:0
INFO:root:[Seller]: (Carol,1) Profit in previous quarter:0
INFO:root:[Seller]: (Carol,1) Sales in previous quarter:[0]
INFO:root:[Seller]:Seller Dave Created
INFO:root:[Seller]:Seller Dave Owned products Google pixel, Google pixel case
INFO:root:{'iPhone XR': [<seller.Seller object at 0x0000028296361FD0>, <seller.Seller object at 0x0000028296378048>, <seller.Seller object at 0x00000282963786D8>], 'iPhone XS case': [<seller.Seller object at 0x0000028296361FD0>, <seller.Seller object at 0x0000028296378048>, <seller.Seller object at 0x00000282963786D8>], 'iPhone XR case': [<seller.Seller object at 0x0000028296361FD0>, <seller.Seller object at 0x0000028296378048>, <seller.Seller object at 0x00000282963786D8>], 'iPhone XS': [<seller.Seller object at 0x0000028296378048>, <seller.Seller object at 0x00000282963786D8>]}
INFO:root:[Market]:Seller Dave is registered in the market with the product Google pixel 
INFO:root:[Market]:Seller Dave is registered in the market with the product Google pixel case 
INFO:root:[Seller]:Seller Dave started Trading
INFO:root:[Seller]: (Dave,1) sold  0 units of Google pixel
INFO:root:[Seller]: (Dave,1) sold  0 units of Google pixel case
INFO:root:[Seller]: (Dave,1) Revenue in previous quarter:0
INFO:root:[Seller]: (Dave,1) Expenses in previous quarter:0
INFO:root:[Seller]: (Dave,1) Profit in previous quarter:0
INFO:root:[Seller]: (Dave,1) Sales in previous quarter:[0]
INFO:root:[Seller]:Seller Eve Created
INFO:root:[Seller]:Seller Eve Owned products Huawei P30 pro, Huawei P30 pro case
INFO:root:{'iPhone XR': [<seller.Seller object at 0x0000028296361FD0>, <seller.Seller object at 0x0000028296378048>, <seller.Seller object at 0x00000282963786D8>], 'iPhone XS case': [<seller.Seller object at 0x0000028296361FD0>, <seller.Seller object at 0x0000028296378048>, <seller.Seller object at 0x00000282963786D8>], 'iPhone XR case': [<seller.Seller object at 0x0000028296361FD0>, <seller.Seller object at 0x0000028296378048>, <seller.Seller object at 0x00000282963786D8>], 'iPhone XS': [<seller.Seller object at 0x0000028296378048>, <seller.Seller object at 0x00000282963786D8>], 'Google pixel': [<seller.Seller object at 0x00000282963783C8>], 'Google pixel case': [<seller.Seller object at 0x00000282963783C8>]}
INFO:root:[Market]:Seller Eve is registered in the market with the product Huawei P30 pro 
INFO:root:[Market]:Seller Eve is registered in the market with the product Huawei P30 pro case 
INFO:root:[Seller]:Seller Eve started Trading
INFO:root:[Seller]: (Eve,1) sold  0 units of Huawei P30 pro
INFO:root:[Seller]: (Eve,1) sold  0 units of Huawei P30 pro case
INFO:root:[Seller]: (Eve,1) Revenue in previous quarter:0
INFO:root:[Seller]: (Eve,1) Expenses in previous quarter:0
INFO:root:[Seller]: (Eve,1) Profit in previous quarter:0
INFO:root:[Seller]: (Eve,1) Sales in previous quarter:[0]
INFO:root:[Customer]: (Simone,1) own the Products:[] with balance of $ 800
INFO:root:[Customer]:(Simone,2): Next Quarter Begins 
INFO:root:[Customer]:(Simone,2) currently seeing ads for the Products:[iPhone XS case, iPhone XR, iPhone XS case, iPhone XS case, iPhone XR case, iPhone XR, iPhone XR case, Huawei P30 pro, Huawei P30 pro case, Google pixel, iPhone XS, iPhone XS]
INFO:root:[Customer]:***(Simone,2)bought 2 new product:[iPhone XR case]
INFO:root:[Customer]: (Simone,2) buy the Products:[iPhone XR case] from seller2
INFO:root:[Customer]: (Simone,2) buy the Products:[iPhone XR case] from seller2
INFO:root:[Customer]: (Simone,2) buy the Products:[iPhone XR case, iPhone XR case] from seller2 with price190
INFO:root:[Customer]:***(Simone,2)bought 2 new product:[iPhone XS]
INFO:root:[Customer]: (Simone,2) buy the Products:[iPhone XS] from seller2
INFO:root:[Customer]: (Simone,2) buy the Products:[iPhone XS] from seller2
INFO:root:[Customer]:(Simone,2) Posted POSITIVE tweet for the product iPhone XR case
INFO:root:[Customer]: (Betsy,1) own the Products:[] with balance of $ 800
INFO:root:[Customer]:(Betsy,2): Next Quarter Begins 
INFO:root:[Customer]:(Betsy,2) currently seeing ads for the Products:[iPhone XR, iPhone XR case, iPhone XS case, iPhone XR case, Huawei P30 pro, iPhone XR case, Huawei P30 pro case, Google pixel case]
INFO:root:[Customer]: (Matthew,1) own the Products:[] with balance of $ 800
INFO:root:[Customer]:***(Betsy,2)bought 2 new product:[iPhone XR]
INFO:root:[Customer]:(Matthew,2): Next Quarter Begins 
INFO:root:[Customer]: (Dan,1) own the Products:[] with balance of $ 800
INFO:root:[Customer]: (Betsy,2) buy the Products:[iPhone XR] from seller2
INFO:root:[Customer]: (Ewa,1) own the Products:[] with balance of $ 800
INFO:root:[Customer]:(Matthew,2) currently seeing ads for the Products:[iPhone XS case, iPhone XR, iPhone XS case, iPhone XR, Google pixel case, Huawei P30 pro, iPhone XR case, iPhone XR, iPhone XS, iPhone XS]
INFO:root:[Customer]:(Dan,2): Next Quarter Begins 
INFO:root:[Customer]: (Betsy,2) buy the Products:[iPhone XR] from seller2
INFO:root:[Customer]:(Ewa,2): Next Quarter Begins 
INFO:root:[Customer]:***(Matthew,2)bought 2 new product:[iPhone XS case]
INFO:root:[Customer]:(Dan,2) currently seeing ads for the Products:[iPhone XS case, iPhone XS case, iPhone XS case, iPhone XR case, Huawei P30 pro case, Google pixel, iPhone XS]
INFO:root:[Customer]:(Ewa,2) currently seeing ads for the Products:[iPhone XS case, iPhone XS case, iPhone XR case, iPhone XR, iPhone XR case, Huawei P30 pro, iPhone XR case, Huawei P30 pro case, Google pixel, iPhone XR, Google pixel case, iPhone XS]
INFO:root:[Customer]: (Matthew,2) buy the Products:[iPhone XS case] from seller3
INFO:root:[Customer]:***(Dan,2)bought 2 new product:[iPhone XR case]
INFO:root:[Customer]:***(Ewa,2)bought 2 new product:[iPhone XR case]
INFO:root:[Customer]: (Matthew,2) buy the Products:[iPhone XS case] from seller3
INFO:root:[Customer]: (Dan,2) buy the Products:[iPhone XR case] from seller2
INFO:root:[Customer]: (Ewa,2) buy the Products:[iPhone XR case] from seller1
INFO:root:[Customer]: (Matthew,2) buy the Products:[iPhone XS case, iPhone XS case] from seller3 with price180
INFO:root:[Customer]: (Dan,2) buy the Products:[iPhone XR case] from seller2
INFO:root:[Customer]: (Ewa,2) buy the Products:[iPhone XR case] from seller1
INFO:root:[Customer]:***(Matthew,2)bought 2 new product:[Google pixel case]
INFO:root:[Customer]: (Dan,2) buy the Products:[iPhone XR case, iPhone XR case] from seller2 with price190
INFO:root:[Customer]: (Ewa,2) buy the Products:[iPhone XR case, iPhone XR case] from seller1 with price190
INFO:root:[Customer]: (Matthew,2) buy the Products:[Google pixel case] from seller4
INFO:root:[Customer]:***(Dan,2)bought 2 new product:[Huawei P30 pro case]
INFO:root:[Customer]:***(Ewa,2)bought 2 new product:[Huawei P30 pro case]
INFO:root:[Customer]: (Matthew,2) buy the Products:[Google pixel case] from seller4
INFO:root:[Customer]: (Dan,2) buy the Products:[Huawei P30 pro case] from seller5
INFO:root:[Customer]: (Ewa,2) buy the Products:[Huawei P30 pro case] from seller5
INFO:root:[Customer]: (Matthew,2) buy the Products:[Google pixel case, Google pixel case] from seller4 with price160
INFO:root:[Customer]: (Dan,2) buy the Products:[Huawei P30 pro case] from seller5
INFO:root:[Customer]: (Ewa,2) buy the Products:[Huawei P30 pro case] from seller5
INFO:root:[Customer]:***(Matthew,2)bought 2 new product:[Huawei P30 pro]
INFO:root:[Customer]: (Dan,2) buy the Products:[Huawei P30 pro case, Huawei P30 pro case] from seller5 with price120
INFO:root:[Customer]: (Ewa,2) buy the Products:[Huawei P30 pro case, Huawei P30 pro case] from seller5 with price120
INFO:root:[Customer]: (Matthew,2) buy the Products:[Huawei P30 pro] from seller5
INFO:root:[Customer]:(Dan,2) Posted NEGATIVE tweet for the product Huawei P30 pro case
INFO:root:[Customer]:***(Ewa,2)bought 2 new product:[iPhone XR]
INFO:root:[Customer]: (Matthew,2) buy the Products:[Huawei P30 pro] from seller5
INFO:root:[Customer]: (Ewa,2) buy the Products:[iPhone XR] from seller3
INFO:root:[Customer]:***(Matthew,2)bought 2 new product:[iPhone XR]
INFO:root:[Customer]: (Ewa,2) buy the Products:[iPhone XR] from seller3
INFO:root:[Customer]: (Matthew,2) buy the Products:[iPhone XR] from seller3
INFO:root:[Customer]:***(Ewa,2)bought 2 new product:[Google pixel case]
INFO:root:[Customer]: (Matthew,2) buy the Products:[iPhone XR] from seller3
INFO:root:[Customer]: (Ewa,2) buy the Products:[Google pixel case] from seller4
INFO:root:[Customer]: (Ewa,2) buy the Products:[Google pixel case] from seller4
INFO:root:[Customer]: (Ewa,2) buy the Products:[Google pixel case, Google pixel case] from seller4 with price160
INFO:root:[Seller]: (Alice,2) sold  0 units of iPhone XR
INFO:root:[Seller]: (Alice,2) sold  0 units of iPhone XS case
INFO:root:[Seller]: (Alice,2) sold  0 units of iPhone XR case
INFO:root:[Seller]: (Alice,2) Revenue in previous quarter:760
INFO:root:[Seller]: (Alice,2) Expenses in previous quarter:25
INFO:root:[Seller]: (Alice,2) Profit in previous quarter:735
INFO:root:[Seller]: (Alice,2) Sales in previous quarter:[0, 8]
INFO:root:[Seller]: (Bob,2) sold  0 units of iPhone XS
INFO:root:[Seller]: (Bob,2) sold  0 units of iPhone XR
INFO:root:[Seller]: (Bob,2) sold  0 units of iPhone XS case
INFO:root:[Seller]: (Bob,2) sold  0 units of iPhone XR case
INFO:root:[Seller]: (Bob,2) Revenue in previous quarter:0
INFO:root:[Seller]: (Bob,2) Expenses in previous quarter:25
INFO:root:[Seller]: (Bob,2) Profit in previous quarter:-25
INFO:root:[Seller]: (Bob,2) Sales in previous quarter:[0, 0]
INFO:root:[Seller]: (Carol,2) sold  0 units of iPhone XS
INFO:root:[Seller]: (Carol,2) sold  0 units of iPhone XR
INFO:root:[Seller]: (Carol,2) sold  0 units of iPhone XS case
INFO:root:[Seller]: (Carol,2) sold  0 units of iPhone XR case
INFO:root:[Seller]: (Carol,2) Revenue in previous quarter:0
INFO:root:[Seller]: (Carol,2) Expenses in previous quarter:25
INFO:root:[Seller]: (Carol,2) Profit in previous quarter:-25
INFO:root:[Seller]: (Carol,2) Sales in previous quarter:[0, 0]
INFO:root:[Seller]: (Dave,2) sold  0 units of Google pixel
INFO:root:[Seller]: (Dave,2) sold  0 units of Google pixel case
INFO:root:[Seller]: (Dave,2) Revenue in previous quarter:320
INFO:root:[Seller]: (Dave,2) Expenses in previous quarter:25
INFO:root:[Seller]: (Dave,2) Profit in previous quarter:295
INFO:root:[Seller]: (Dave,2) Sales in previous quarter:[0, 4]
INFO:root:[Seller]: (Eve,2) sold  0 units of Huawei P30 pro
INFO:root:[Seller]: (Eve,2) sold  0 units of Huawei P30 pro case
INFO:root:[Seller]: (Eve,2) Revenue in previous quarter:240
INFO:root:[Seller]: (Eve,2) Expenses in previous quarter:25
INFO:root:[Seller]: (Eve,2) Profit in previous quarter:215
INFO:root:[Seller]: (Eve,2) Sales in previous quarter:[0, 4]
INFO:root:[Customer]: (Simone,2) own the Products:[iPhone XR case] with balance of $ 610
INFO:root:[Customer]:(Simone,3): Next Quarter Begins 
INFO:root:[Customer]:(Simone,3) currently seeing ads for the Products:[iPhone XS case, iPhone XS case, iPhone XR case, iPhone XR, iPhone XR case, Huawei P30 pro, iPhone XR case, Huawei P30 pro case, Google pixel, Google pixel case, iPhone XR]
INFO:root:[Customer]:###(Simone,3)doesn't buy any products 
INFO:root:[Customer]:***(Simone,3)bought 2 new product:[Google pixel]
INFO:root:[Customer]: (Simone,3) buy the Products:[Google pixel] from seller4
INFO:root:[Customer]: (Simone,3) buy the Products:[Google pixel] from seller4
INFO:root:[Customer]:(Simone,3) Posted POSITIVE tweet for the product iPhone XR case
INFO:root:[Customer]: (Betsy,2) own the Products:[] with balance of $ 800
INFO:root:[Customer]:(Betsy,3): Next Quarter Begins 
INFO:root:[Customer]:(Betsy,3) currently seeing ads for the Products:[iPhone XS case, iPhone XS case, iPhone XS case, iPhone XR case, iPhone XR case, Huawei P30 pro case, Google pixel, iPhone XS, iPhone XR]
INFO:root:[Customer]:***(Betsy,3)bought 2 new product:[iPhone XR case]
INFO:root:[Customer]: (Betsy,3) buy the Products:[iPhone XR case] from seller3
INFO:root:[Customer]: (Betsy,3) buy the Products:[iPhone XR case] from seller3
INFO:root:[Customer]: (Betsy,3) buy the Products:[iPhone XR case, iPhone XR case] from seller3 with price190
INFO:root:[Customer]:###(Betsy,3)doesn't buy any products 
INFO:root:[Customer]:(Betsy,3) Posted POSITIVE tweet for the product iPhone XR case
INFO:root:[Customer]: (Dan,2) own the Products:[Huawei P30 pro case, iPhone XR case] with balance of $ 490
INFO:root:[Customer]:(Dan,3): Next Quarter Begins 
INFO:root:[Customer]:(Dan,3) currently seeing ads for the Products:[iPhone XS case, iPhone XR case, iPhone XR case, Google pixel case, Huawei P30 pro, Huawei P30 pro case, iPhone XS, iPhone XR]
INFO:root:[Customer]:***(Dan,3)bought 2 new product:[iPhone XR case]
INFO:root:[Customer]: (Dan,3) buy the Products:[iPhone XR case] from seller3
INFO:root:[Customer]: (Dan,3) buy the Products:[iPhone XR case] from seller3
INFO:root:[Customer]: (Dan,3) buy the Products:[iPhone XR case, iPhone XR case] from seller3 with price190
INFO:root:[Customer]:###(Dan,3)doesn't buy any products 
INFO:root:[Customer]:(Dan,3) Posted NEGATIVE tweet for the product Huawei P30 pro case
INFO:root:[Customer]: (Matthew,2) own the Products:[iPhone XS case, Google pixel case] with balance of $ 460
INFO:root:[Customer]:(Matthew,3): Next Quarter Begins 
INFO:root:[Customer]:(Matthew,3) currently seeing ads for the Products:[iPhone XS case, iPhone XR, iPhone XR case, iPhone XS case, iPhone XR case, Google pixel case, Huawei P30 pro, iPhone XR case, Huawei P30 pro case, iPhone XR, iPhone XS, iPhone XS]
INFO:root:[Customer]:###(Matthew,3)doesn't buy any products 
INFO:root:[Customer]:***(Matthew,3)bought 2 new product:[iPhone XR]
INFO:root:[Customer]: (Matthew,3) buy the Products:[iPhone XR] from seller3
INFO:root:[Customer]: (Matthew,3) buy the Products:[iPhone XR] from seller3
INFO:root:[Customer]:***(Matthew,3)bought 2 new product:[iPhone XS]
INFO:root:[Customer]: (Matthew,3) buy the Products:[iPhone XS] from seller2
INFO:root:[Customer]: (Matthew,3) buy the Products:[iPhone XS] from seller2
INFO:root:[Customer]: (Ewa,2) own the Products:[Huawei P30 pro case, Google pixel case, iPhone XR case] with balance of $ 330
INFO:root:[Customer]:(Ewa,3): Next Quarter Begins 
INFO:root:[Customer]:(Ewa,3) currently seeing ads for the Products:[iPhone XR, iPhone XR case, iPhone XS case, iPhone XR, Google pixel, Google pixel case, iPhone XS]
INFO:root:[Customer]:***(Ewa,3)bought 2 new product:[iPhone XR]
INFO:root:[Customer]: (Ewa,3) buy the Products:[iPhone XR] from seller2
INFO:root:[Customer]: (Ewa,3) buy the Products:[iPhone XR] from seller2
INFO:root:[Customer]:***(Ewa,3)bought 2 new product:[iPhone XR case]
INFO:root:[Customer]: (Ewa,3) buy the Products:[iPhone XR case] from seller3
INFO:root:[Customer]: (Ewa,3) buy the Products:[iPhone XR case] from seller3
INFO:root:[Customer]: (Ewa,3) buy the Products:[iPhone XR case, iPhone XR case] from seller3 with price190
INFO:root:[Customer]:(Ewa,3) Posted NEGATIVE tweet for the product Huawei P30 pro case
INFO:root:[Seller]: (Alice,3) sold  0 units of iPhone XR
INFO:root:[Seller]: (Alice,3) sold  0 units of iPhone XS case
INFO:root:[Seller]: (Alice,3) sold  0 units of iPhone XR case
INFO:root:[Seller]: (Alice,3) Revenue in previous quarter:570
INFO:root:[Seller]: (Alice,3) Expenses in previous quarter:25
INFO:root:[Seller]: (Alice,3) Profit in previous quarter:545
INFO:root:[Seller]: (Alice,3) Sales in previous quarter:[0, 8, 6]
INFO:root:[Seller]: (Bob,3) sold  0 units of iPhone XS
INFO:root:[Seller]: (Bob,3) sold  0 units of iPhone XR
INFO:root:[Seller]: (Bob,3) sold  0 units of iPhone XS case
INFO:root:[Seller]: (Bob,3) sold  0 units of iPhone XR case
INFO:root:[Seller]: (Bob,3) Revenue in previous quarter:0
INFO:root:[Seller]: (Bob,3) Expenses in previous quarter:25
INFO:root:[Seller]: (Bob,3) Profit in previous quarter:-25
INFO:root:[Seller]: (Bob,3) Sales in previous quarter:[0, 0, 0]
INFO:root:[Seller]: (Carol,3) sold  0 units of iPhone XS
INFO:root:[Seller]: (Carol,3) sold  0 units of iPhone XR
INFO:root:[Seller]: (Carol,3) sold  0 units of iPhone XS case
INFO:root:[Seller]: (Carol,3) sold  0 units of iPhone XR case
INFO:root:[Seller]: (Carol,3) Revenue in previous quarter:0
INFO:root:[Seller]: (Carol,3) Expenses in previous quarter:25
INFO:root:[Seller]: (Carol,3) Profit in previous quarter:-25
INFO:root:[Seller]: (Carol,3) Sales in previous quarter:[0, 0, 0]
INFO:root:[Seller]: (Dave,3) sold  0 units of Google pixel
INFO:root:[Seller]: (Dave,3) sold  0 units of Google pixel case
INFO:root:[Seller]: (Dave,3) Revenue in previous quarter:0
INFO:root:[Seller]: (Dave,3) Expenses in previous quarter:25
INFO:root:[Seller]: (Dave,3) Profit in previous quarter:-25
INFO:root:[Seller]: (Dave,3) Sales in previous quarter:[0, 4, 0]
INFO:root:[Seller]: (Eve,3) sold  0 units of Huawei P30 pro
INFO:root:[Seller]: (Eve,3) sold  0 units of Huawei P30 pro case
INFO:root:[Seller]: (Eve,3) Revenue in previous quarter:0
INFO:root:[Seller]: (Eve,3) Expenses in previous quarter:25
INFO:root:[Seller]: (Eve,3) Profit in previous quarter:-25
INFO:root:[Seller]: (Eve,3) Sales in previous quarter:[0, 4, 0]
INFO:root:[Customer]: (Simone,3) own the Products:[iPhone XR case] with balance of $ 610
INFO:root:[Customer]:(Simone,4): Next Quarter Begins 
INFO:root:[Customer]:(Simone,4) currently seeing ads for the Products:[iPhone XS case, iPhone XR, iPhone XS case, iPhone XS case, iPhone XR case, iPhone XR case, Google pixel case, Huawei P30 pro, iPhone XR case, Huawei P30 pro case, Google pixel, iPhone XR, iPhone XS, iPhone XS]
INFO:root:[Customer]:***(Simone,4)bought 2 new product:[iPhone XR case]
INFO:root:[Customer]: (Simone,4) buy the Products:[iPhone XR case] from seller3
INFO:root:[Customer]: (Simone,4) buy the Products:[iPhone XR case] from seller3
INFO:root:[Customer]: (Simone,4) buy the Products:[iPhone XR case, iPhone XR case] from seller3 with price190
INFO:root:[Customer]:***(Simone,4)bought 2 new product:[iPhone XR case]
INFO:root:[Customer]: (Simone,4) buy the Products:[iPhone XR case] from seller1
INFO:root:[Customer]: (Simone,4) buy the Products:[iPhone XR case] from seller1
INFO:root:[Customer]: (Simone,4) buy the Products:[iPhone XR case, iPhone XR case] from seller1 with price190
INFO:root:[Customer]:###(Simone,4)doesn't buy any products 
INFO:root:[Customer]:(Simone,4) Posted POSITIVE tweet for the product iPhone XR case
INFO:root:[Customer]: (Betsy,3) own the Products:[iPhone XR case] with balance of $ 610
INFO:root:[Customer]:(Betsy,4): Next Quarter Begins 
INFO:root:[Customer]:(Betsy,4) currently seeing ads for the Products:[iPhone XS case, iPhone XS case, iPhone XS case, iPhone XR case, Google pixel, iPhone XR, iPhone XS, iPhone XS]
INFO:root:[Customer]:***(Betsy,4)bought 2 new product:[iPhone XS case]
INFO:root:[Customer]: (Betsy,4) buy the Products:[iPhone XS case] from seller2
INFO:root:[Customer]: (Betsy,4) buy the Products:[iPhone XS case] from seller2
INFO:root:[Customer]: (Betsy,4) buy the Products:[iPhone XS case, iPhone XS case] from seller2 with price200
INFO:root:[Customer]:***(Betsy,4)bought 2 new product:[iPhone XS]
INFO:root:[Customer]: (Betsy,4) buy the Products:[iPhone XS] from seller2
INFO:root:[Customer]: (Betsy,4) buy the Products:[iPhone XS] from seller2
INFO:root:[Customer]: (Dan,3) own the Products:[Huawei P30 pro case, iPhone XR case, iPhone XR case] with balance of $ 300
INFO:root:[Customer]:(Dan,4): Next Quarter Begins 
INFO:root:[Customer]:(Dan,4) currently seeing ads for the Products:[iPhone XS case, iPhone XR, iPhone XS case, iPhone XS case, iPhone XR, iPhone XR case, Huawei P30 pro, iPhone XR case, Huawei P30 pro case, iPhone XS, iPhone XR]
INFO:root:[Customer]:***(Dan,4)bought 2 new product:[iPhone XS case]
INFO:root:[Customer]: (Dan,4) buy the Products:[iPhone XS case] from seller2
INFO:root:[Customer]: (Dan,4) buy the Products:[iPhone XS case] from seller2
INFO:root:[Customer]: (Dan,4) buy the Products:[iPhone XS case, iPhone XS case] from seller2 with price200
INFO:root:[Customer]:***(Dan,4)bought 2 new product:[iPhone XR]
INFO:root:[Customer]: (Dan,4) buy the Products:[iPhone XR] from seller1
INFO:root:[Customer]: (Dan,4) buy the Products:[iPhone XR] from seller1
INFO:root:[Customer]:***(Dan,4)bought 2 new product:[Huawei P30 pro]
INFO:root:[Customer]: (Dan,4) buy the Products:[Huawei P30 pro] from seller5
INFO:root:[Customer]: (Dan,4) buy the Products:[Huawei P30 pro] from seller5
INFO:root:[Customer]:###(Dan,4)doesn't buy any products 
INFO:root:[Customer]:***(Dan,4)bought 2 new product:[iPhone XR]
INFO:root:[Customer]: (Dan,4) buy the Products:[iPhone XR] from seller3
INFO:root:[Customer]: (Dan,4) buy the Products:[iPhone XR] from seller3
INFO:root:[Customer]:(Dan,4) Posted POSITIVE tweet for the product iPhone XR case
INFO:root:[Customer]: (Matthew,3) own the Products:[iPhone XS case, Google pixel case] with balance of $ 460
INFO:root:[Customer]:(Matthew,4): Next Quarter Begins 
INFO:root:[Customer]:(Matthew,4) currently seeing ads for the Products:[iPhone XR, iPhone XS case, iPhone XR case, iPhone XR, Huawei P30 pro, iPhone XR case, Huawei P30 pro case, Google pixel case]
INFO:root:[Customer]:***(Matthew,4)bought 2 new product:[iPhone XR]
INFO:root:[Customer]: (Matthew,4) buy the Products:[iPhone XR] from seller2
INFO:root:[Customer]: (Matthew,4) buy the Products:[iPhone XR] from seller2
INFO:root:[Customer]:***(Matthew,4)bought 2 new product:[iPhone XR case]
INFO:root:[Customer]: (Matthew,4) buy the Products:[iPhone XR case] from seller3
INFO:root:[Customer]: (Matthew,4) buy the Products:[iPhone XR case] from seller3
INFO:root:[Customer]: (Matthew,4) buy the Products:[iPhone XR case, iPhone XR case] from seller3 with price190
INFO:root:[Customer]:***(Matthew,4)bought 2 new product:[iPhone XR]
INFO:root:[Customer]: (Matthew,4) buy the Products:[iPhone XR] from seller1
INFO:root:[Customer]: (Matthew,4) buy the Products:[iPhone XR] from seller1
INFO:root:[Customer]:###(Matthew,4)doesn't buy any products 
INFO:root:[Customer]:(Matthew,4) Posted POSITIVE tweet for the product iPhone XR case
INFO:root:[Customer]: (Ewa,3) own the Products:[Huawei P30 pro case, Google pixel case, iPhone XR case, iPhone XR case] with balance of $ 140
INFO:root:[Customer]:(Ewa,4): Next Quarter Begins 
INFO:root:[Customer]:(Ewa,4) currently seeing ads for the Products:[iPhone XS case, iPhone XS case, iPhone XR, iPhone XR case, Huawei P30 pro case, Google pixel case, iPhone XR]
INFO:root:[Customer]:***(Ewa,4)bought 2 new product:[iPhone XS case]
INFO:root:[Customer]: (Ewa,4) buy the Products:[iPhone XS case] from seller2
INFO:root:[Customer]: (Ewa,4) buy the Products:[iPhone XS case] from seller2
INFO:root:[Customer]:###(Ewa,4)doesn't buy any products 
INFO:root:[Customer]:(Ewa,4) Posted POSITIVE tweet for the product iPhone XR case
INFO:root:[Seller]: (Alice,3) Exit
INFO:root:[Seller]: (Bob,3) Exit
INFO:root:[Seller]: (Carol,3) Exit
INFO:root:[Seller]: (Dave,3) Exit
INFO:root:[Seller]: (Eve,3) Exit
INFO:root:[Customer]: (Simone,4) own the Products:[iPhone XR case, iPhone XR case, iPhone XR case] with balance of $ 230
INFO:root:[Customer]:(Simone,5): Next Quarter Begins 
INFO:root:[Customer]:(Simone,5) currently seeing ads for the Products:[]
INFO:root:[Customer]: (Betsy,4) own the Products:[iPhone XS case, iPhone XR case] with balance of $ 410
INFO:root:[Customer]:(Betsy,5): Next Quarter Begins 
INFO:root:[Customer]:(Betsy,5) currently seeing ads for the Products:[]
INFO:root:[Customer]: (Dan,4) own the Products:[Huawei P30 pro case, iPhone XS case, iPhone XR case, iPhone XR case] with balance of $ 100
INFO:root:[Customer]:(Dan,5): Next Quarter Begins 
INFO:root:[Customer]:(Dan,5) currently seeing ads for the Products:[]
INFO:root:[Customer]:(Dan,5) Posted POSITIVE tweet for the product iPhone XS case
INFO:root:[Customer]: (Matthew,4) own the Products:[iPhone XS case, Google pixel case, iPhone XR case] with balance of $ 270
INFO:root:[Customer]:(Matthew,5): Next Quarter Begins 
INFO:root:[Customer]:(Matthew,5) currently seeing ads for the Products:[]
INFO:root:[Customer]:(Matthew,5) Posted POSITIVE tweet for the product iPhone XS case
INFO:root:[Customer]: (Ewa,4) own the Products:[Huawei P30 pro case, Google pixel case, iPhone XR case, iPhone XR case] with balance of $ 140
INFO:root:[Customer]:(Ewa,5): Next Quarter Begins 
INFO:root:[Customer]:(Ewa,5) currently seeing ads for the Products:[]
INFO:root:[Customer]: (Simone,5) own the Products:[iPhone XR case, iPhone XR case, iPhone XR case] with balance of $ 230
INFO:root:[Customer]:(Simone,6): Next Quarter Begins 
INFO:root:[Customer]:(Simone,6) currently seeing ads for the Products:[]
INFO:root:[Customer]: (Betsy,5) own the Products:[iPhone XS case, iPhone XR case] with balance of $ 410
INFO:root:[Customer]:(Betsy,6): Next Quarter Begins 
INFO:root:[Customer]:(Betsy,6) currently seeing ads for the Products:[]
INFO:root:[Customer]: (Dan,5) own the Products:[Huawei P30 pro case, iPhone XS case, iPhone XR case, iPhone XR case] with balance of $ 100
INFO:root:[Customer]:(Dan,6): Next Quarter Begins 
INFO:root:[Customer]:(Dan,6) currently seeing ads for the Products:[]
INFO:root:[Customer]: (Matthew,5) own the Products:[iPhone XS case, Google pixel case, iPhone XR case] with balance of $ 270
INFO:root:[Customer]:(Matthew,6): Next Quarter Begins 
INFO:root:[Customer]:(Matthew,6) currently seeing ads for the Products:[]
INFO:root:[Customer]: (Ewa,5) own the Products:[Huawei P30 pro case, Google pixel case, iPhone XR case, iPhone XR case] with balance of $ 140
INFO:root:[Customer]:(Ewa,6): Next Quarter Begins 
INFO:root:[Customer]:(Ewa,6) currently seeing ads for the Products:[]
INFO:root:[Customer]: (Simone,6) own the Products:[iPhone XR case, iPhone XR case, iPhone XR case] with balance of $ 230
INFO:root:[Customer]: (Simone,6) Exit
INFO:root:[Customer]: (Betsy,6) own the Products:[iPhone XS case, iPhone XR case] with balance of $ 410
INFO:root:[Customer]: (Betsy,6) Exit
INFO:root:[Customer]: (Dan,6) own the Products:[Huawei P30 pro case, iPhone XS case, iPhone XR case, iPhone XR case] with balance of $ 100
INFO:root:[Customer]: (Dan,6) Exit
INFO:root:[Customer]: (Matthew,6) own the Products:[iPhone XS case, Google pixel case, iPhone XR case] with balance of $ 270
INFO:root:[Customer]: (Matthew,6) Exit
INFO:root:[Customer]: (Ewa,6) own the Products:[Huawei P30 pro case, Google pixel case, iPhone XR case, iPhone XR case] with balance of $ 140
INFO:root:[Customer]: (Ewa,6) Exit
