INFO:root:[Buyer]:Buyer Simone Initialized
INFO:root:[GoogleAds]:Customer Simone added to Google list of user with Tolerance:0.8
INFO:root:[Customer]:Customer Simone entered Trading
INFO:root:[Customer]:(Simone,1): Next Quarter Begins 
INFO:root:[Customer]:(Simone,1) currently seeing ads for the Products:[]
INFO:root:[Buyer]:Buyer Betsy Initialized
INFO:root:[GoogleAds]:Customer Betsy added to Google list of user with Tolerance:0.6
INFO:root:[Customer]:Customer Betsy entered Trading
INFO:root:[Buyer]:Buyer Matthew Initialized
INFO:root:[Customer]:(Betsy,1): Next Quarter Begins 
INFO:root:[GoogleAds]:Customer Matthew added to Google list of user with Tolerance:0.8
INFO:root:[Customer]:(Betsy,1) currently seeing ads for the Products:[]
INFO:root:[Customer]:Customer Matthew entered Trading
INFO:root:[Buyer]:Buyer Lisa Initialized
INFO:root:[Customer]:(Matthew,1): Next Quarter Begins 
INFO:root:[GoogleAds]:Customer Lisa added to Google list of user with Tolerance:0.4
INFO:root:[Customer]:(Matthew,1) currently seeing ads for the Products:[]
INFO:root:[Customer]:Customer Lisa entered Trading
INFO:root:[Buyer]:Buyer Jimmy Initialized
INFO:root:[Customer]:(Lisa,1): Next Quarter Begins 
INFO:root:[GoogleAds]:Customer Jimmy added to Google list of user with Tolerance:0.5
INFO:root:[Customer]:(Lisa,1) currently seeing ads for the Products:[]
INFO:root:[Customer]:Customer Jimmy entered Trading
INFO:root:[Customer]:(Jimmy,1): Next Quarter Begins 
INFO:root:[Customer]:(Jimmy,1) currently seeing ads for the Products:[]
INFO:root:[Seller]:Seller Alice Created
INFO:root:[Seller]:Seller Alice Owned products iPhone XR, iPhone XS case, iPhone XR case
INFO:root:{}
INFO:root:[Market]:Seller Alice is registered in the market with the product iPhone XR 
INFO:root:[Market]:Seller Alice is registered in the market with the product iPhone XS case 
INFO:root:[Market]:Seller Alice is registered in the market with the product iPhone XR case 
INFO:root:[Seller]:Seller Alice started Trading
INFO:root:[Seller]: (Alice,1) sold  0 units of iPhone XR
INFO:root:[Seller]: (Alice,1) sold  0 units of iPhone XS case
INFO:root:[Seller]: (Alice,1) sold  0 units of iPhone XR case
INFO:root:[Seller]: (Alice,1) Revenue in previous quarter:0
INFO:root:[Seller]: (Alice,1) Expenses in previous quarter:0
INFO:root:[Seller]: (Alice,1) Profit in previous quarter:0
INFO:root:[Seller]: (Alice,1) Sales in previous quarter:[0]
INFO:root:[GoogleAds]: Google pushed the BASIC Ad for product iPhone XR to users Jimmy, Matthew, Matthew, Simone, Matthew 
INFO:root:[GoogleAds]: Google pushed the BASIC Ad for product iPhone XS case to users Simone, Lisa, Lisa, Betsy, Lisa 
INFO:root:[GoogleAds]: Google pushed the BASIC Ad for product iPhone XR case to users Betsy, Betsy, Matthew, Jimmy, Matthew 
INFO:root:[Seller]:Seller Bob Created
INFO:root:[Seller]:Seller Bob Owned products iPhone XS, iPhone XR, iPhone XS case, iPhone XR case
INFO:root:{'iPhone XR': [<seller.Seller object at 0x000001367EFBEF60>], 'iPhone XS case': [<seller.Seller object at 0x000001367EFBEF60>], 'iPhone XR case': [<seller.Seller object at 0x000001367EFBEF60>]}
INFO:root:[Market]:Seller Bob is registered in the market with the product iPhone XS 
INFO:root:[Market]:Seller Bob is registered in the market with the product iPhone XR 
INFO:root:[Market]:Seller Bob is registered in the market with the product iPhone XS case 
INFO:root:[Market]:Seller Bob is registered in the market with the product iPhone XR case 
INFO:root:[Seller]:Seller Bob started Trading
INFO:root:[Seller]: (Bob,1) sold  0 units of iPhone XS
INFO:root:[Seller]: (Bob,1) sold  0 units of iPhone XR
INFO:root:[Seller]: (Bob,1) sold  0 units of iPhone XS case
INFO:root:[Seller]: (Bob,1) sold  0 units of iPhone XR case
INFO:root:[Seller]: (Bob,1) Revenue in previous quarter:0
INFO:root:[Seller]: (Bob,1) Expenses in previous quarter:0
INFO:root:[Seller]: (Bob,1) Profit in previous quarter:0
INFO:root:[Seller]: (Bob,1) Sales in previous quarter:[0]
INFO:root:[GoogleAds]: Google pushed the BASIC Ad for product iPhone XS to users Lisa, Simone, Jimmy, Lisa, Matthew 
INFO:root:[GoogleAds]: Google pushed the BASIC Ad for product iPhone XR to users Matthew, Matthew, Betsy, Matthew, Simone 
INFO:root:[GoogleAds]: Google pushed the BASIC Ad for product iPhone XS case to users Jimmy, Simone, Jimmy, Matthew, Lisa 
INFO:root:[GoogleAds]: Google pushed the BASIC Ad for product iPhone XR case to users Jimmy, Lisa, Betsy, Simone, Simone 
INFO:root:[Seller]:Seller Carol Created
INFO:root:[Seller]:Seller Carol Owned products iPhone XS, iPhone XR, iPhone XS case, iPhone XR case
INFO:root:{'iPhone XR': [<seller.Seller object at 0x000001367EFBEF60>, <seller.Seller object at 0x000001367EFE23C8>], 'iPhone XS case': [<seller.Seller object at 0x000001367EFBEF60>, <seller.Seller object at 0x000001367EFE23C8>], 'iPhone XR case': [<seller.Seller object at 0x000001367EFBEF60>, <seller.Seller object at 0x000001367EFE23C8>], 'iPhone XS': [<seller.Seller object at 0x000001367EFE23C8>]}
INFO:root:[Market]:Seller Carol is registered in the market with the product iPhone XS 
INFO:root:[Market]:Seller Carol is registered in the market with the product iPhone XR 
INFO:root:[Market]:Seller Carol is registered in the market with the product iPhone XS case 
INFO:root:[Market]:Seller Carol is registered in the market with the product iPhone XR case 
INFO:root:[Seller]:Seller Carol started Trading
INFO:root:[Seller]: (Carol,1) sold  0 units of iPhone XS
INFO:root:[Seller]: (Carol,1) sold  0 units of iPhone XR
INFO:root:[Seller]: (Carol,1) sold  0 units of iPhone XS case
INFO:root:[Seller]: (Carol,1) sold  0 units of iPhone XR case
INFO:root:[Seller]: (Carol,1) Revenue in previous quarter:0
INFO:root:[Seller]: (Carol,1) Expenses in previous quarter:0
INFO:root:[Seller]: (Carol,1) Profit in previous quarter:0
INFO:root:[Seller]: (Carol,1) Sales in previous quarter:[0]
INFO:root:[GoogleAds]: Google pushed the BASIC Ad for product iPhone XS to users Matthew, Simone, Matthew, Simone, Matthew 
INFO:root:[GoogleAds]: Google pushed the BASIC Ad for product iPhone XR to users Jimmy, Matthew, Matthew, Jimmy, Jimmy 
INFO:root:[GoogleAds]: Google pushed the BASIC Ad for product iPhone XS case to users Matthew, Matthew, Lisa, Simone, Jimmy 
INFO:root:[GoogleAds]: Google pushed the BASIC Ad for product iPhone XR case to users Simone, Jimmy, Betsy, Simone, Simone 
INFO:root:[Seller]:Seller Dave Created
INFO:root:[Seller]:Seller Dave Owned products Google pixel, Google pixel case
INFO:root:{'iPhone XR': [<seller.Seller object at 0x000001367EFBEF60>, <seller.Seller object at 0x000001367EFE23C8>, <seller.Seller object at 0x000001367EFE2710>], 'iPhone XS case': [<seller.Seller object at 0x000001367EFBEF60>, <seller.Seller object at 0x000001367EFE23C8>, <seller.Seller object at 0x000001367EFE2710>], 'iPhone XR case': [<seller.Seller object at 0x000001367EFBEF60>, <seller.Seller object at 0x000001367EFE23C8>, <seller.Seller object at 0x000001367EFE2710>], 'iPhone XS': [<seller.Seller object at 0x000001367EFE23C8>, <seller.Seller object at 0x000001367EFE2710>]}
INFO:root:[Market]:Seller Dave is registered in the market with the product Google pixel 
INFO:root:[Market]:Seller Dave is registered in the market with the product Google pixel case 
INFO:root:[Seller]:Seller Dave started Trading
INFO:root:[Seller]: (Dave,1) sold  0 units of Google pixel
INFO:root:[Seller]: (Dave,1) sold  0 units of Google pixel case
INFO:root:[Seller]: (Dave,1) Revenue in previous quarter:0
INFO:root:[Seller]: (Dave,1) Expenses in previous quarter:0
INFO:root:[Seller]: (Dave,1) Profit in previous quarter:0
INFO:root:[Seller]: (Dave,1) Sales in previous quarter:[0]
INFO:root:[GoogleAds]: Google pushed the BASIC Ad for product Google pixel to users Lisa, Jimmy, Simone, Simone, Simone 
INFO:root:[GoogleAds]: Google pushed the BASIC Ad for product Google pixel case to users Jimmy, Betsy, Jimmy, Matthew, Matthew 
INFO:root:[Seller]:Seller Eve Created
INFO:root:[Seller]:Seller Eve Owned products Huawei P30 pro, Huawei P30 pro case
INFO:root:{'iPhone XR': [<seller.Seller object at 0x000001367EFBEF60>, <seller.Seller object at 0x000001367EFE23C8>, <seller.Seller object at 0x000001367EFE2710>], 'iPhone XS case': [<seller.Seller object at 0x000001367EFBEF60>, <seller.Seller object at 0x000001367EFE23C8>, <seller.Seller object at 0x000001367EFE2710>], 'iPhone XR case': [<seller.Seller object at 0x000001367EFBEF60>, <seller.Seller object at 0x000001367EFE23C8>, <seller.Seller object at 0x000001367EFE2710>], 'iPhone XS': [<seller.Seller object at 0x000001367EFE23C8>, <seller.Seller object at 0x000001367EFE2710>], 'Google pixel': [<seller.Seller object at 0x000001367EFE28D0>], 'Google pixel case': [<seller.Seller object at 0x000001367EFE28D0>]}
INFO:root:[Market]:Seller Eve is registered in the market with the product Huawei P30 pro 
INFO:root:[Market]:Seller Eve is registered in the market with the product Huawei P30 pro case 
INFO:root:[Seller]:Seller Eve started Trading
INFO:root:[Seller]: (Eve,1) sold  0 units of Huawei P30 pro
INFO:root:[Seller]: (Eve,1) sold  0 units of Huawei P30 pro case
INFO:root:[Seller]: (Eve,1) Revenue in previous quarter:0
INFO:root:[Seller]: (Eve,1) Expenses in previous quarter:0
INFO:root:[Seller]: (Eve,1) Profit in previous quarter:0
INFO:root:[Seller]: (Eve,1) Sales in previous quarter:[0]
INFO:root:[GoogleAds]: Google pushed the BASIC Ad for product Huawei P30 pro to users Simone, Simone, Betsy, Jimmy, Matthew 
INFO:root:[GoogleAds]: Google pushed the BASIC Ad for product Huawei P30 pro case to users Lisa, Simone, Betsy, Jimmy, Simone 
INFO:root:[Customer]: (Simone,1) own the Products:[] with balance of $ 800
INFO:root:[Customer]:(Simone,2): Next Quarter Begins 
INFO:root:[Customer]:(Simone,2) currently seeing ads for the Products:[Huawei P30 pro case from Seller 5, Google pixel from Seller 4, iPhone XR case from Seller 3, iPhone XS from Seller 3, iPhone XS from Seller 2, iPhone XS case from Seller 3, iPhone XR from Seller 2, iPhone XS case from Seller 2, iPhone XS case from Seller 1, iPhone XR from Seller 1, iPhone XR case from Seller 2, Huawei P30 pro from Seller 5]
INFO:root:[Customer]:(Simone,2)'s sentiment is 1 for product:[Huawei P30 pro case] from Seller 5
INFO:root:[Customer]: (Simone,2) prefer high quality, so she doesn't buy any products 
INFO:root:[Customer]:(Simone,2)'s sentiment is 1 for product:[Google pixel] from Seller 4
INFO:root:[Customer]: (Simone,2) prefer high quality, so she doesn't buy any products 
INFO:root:[Customer]:(Simone,2)'s sentiment is 1 for product:[iPhone XR case] from Seller 3
INFO:root:[Customer]: (Simone,2) prefer high quality, so she doesn't buy any products 
INFO:root:[Customer]:(Simone,2)'s sentiment is 1 for product:[iPhone XS] from Seller 3
INFO:root:[Customer]:###(Simone,2)doesn't buy any products 
INFO:root:[Customer]:(Simone,2)'s sentiment is 1 for product:[iPhone XS] from Seller 2
INFO:root:[Customer]:###(Simone,2)doesn't buy any products 
INFO:root:[Customer]:(Simone,2)'s sentiment is 1 for product:[iPhone XS case] from Seller 3
INFO:root:[Customer]:###(Simone,2)doesn't buy any products 
INFO:root:[Customer]:(Simone,2)'s sentiment is 1 for product:[iPhone XR] from Seller 2
INFO:root:[Customer]:###(Simone,2)doesn't buy any products 
INFO:root:[Customer]:(Simone,2)'s sentiment is 1 for product:[iPhone XS case] from Seller 2
INFO:root:[Customer]:###(Simone,2)doesn't buy any products 
INFO:root:[Customer]:(Simone,2)'s sentiment is 1 for product:[iPhone XS case] from Seller 1
INFO:root:[Customer]:###(Simone,2)doesn't buy any products 
INFO:root:[Customer]:(Simone,2)'s sentiment is 1 for product:[iPhone XR] from Seller 1
INFO:root:[Customer]:(Simone,2)bought the product:[iPhone XR]
INFO:root:[Customer]:(Simone,2)'s sentiment is 1 for product:[iPhone XR case] from Seller 2
INFO:root:[Customer]: (Simone,2) prefer high quality, so she doesn't buy any products 
INFO:root:[Customer]:(Simone,2)'s sentiment is 1 for product:[Huawei P30 pro] from Seller 5
INFO:root:[Customer]:###(Simone,2)doesn't buy any products 
INFO:root:[Customer]: (Matthew,1) own the Products:[] with balance of $ 900
INFO:root:[Customer]:(Matthew,2): Next Quarter Begins 
INFO:root:[Customer]:(Matthew,2) currently seeing ads for the Products:[iPhone XS from Seller 3, Google pixel case from Seller 4, iPhone XS from Seller 2, iPhone XR from Seller 3, iPhone XS case from Seller 3, iPhone XR from Seller 2, iPhone XS case from Seller 2, iPhone XR from Seller 1, Huawei P30 pro from Seller 5, iPhone XR case from Seller 1]
INFO:root:[Customer]:(Matthew,2)'s sentiment is 1 for product:[iPhone XS] from Seller 3
INFO:root:[Customer]: (Lisa,1) own the Products:[] with balance of $ 800
INFO:root:[Customer]: (Jimmy,1) own the Products:[] with balance of $ 800
INFO:root:[Customer]:###(Matthew,2)doesn't buy any products 
INFO:root:[Customer]: (Betsy,1) own the Products:[] with balance of $ 1000
INFO:root:[Customer]:(Lisa,2): Next Quarter Begins 
INFO:root:[Customer]:(Jimmy,2): Next Quarter Begins 
INFO:root:[Customer]:(Matthew,2)'s sentiment is 1 for product:[Google pixel case] from Seller 4
INFO:root:[Customer]:(Betsy,2): Next Quarter Begins 
INFO:root:[Customer]:(Lisa,2) currently seeing ads for the Products:[Huawei P30 pro case from Seller 5, Google pixel from Seller 4, iPhone XS from Seller 2, iPhone XS case from Seller 3, iPhone XS case from Seller 2, iPhone XS case from Seller 1, iPhone XR case from Seller 2]
INFO:root:[Customer]:(Jimmy,2) currently seeing ads for the Products:[Huawei P30 pro case from Seller 5, Google pixel from Seller 4, iPhone XR case from Seller 3, Google pixel case from Seller 4, iPhone XS from Seller 2, iPhone XR from Seller 3, iPhone XS case from Seller 3, iPhone XS case from Seller 2, iPhone XR from Seller 1, iPhone XR case from Seller 2, Huawei P30 pro from Seller 5, iPhone XR case from Seller 1]
INFO:root:[Customer]: (Matthew,2) prefer high quality, so she doesn't buy any products 
INFO:root:[Customer]:(Betsy,2) currently seeing ads for the Products:[Huawei P30 pro case from Seller 5, Google pixel case from Seller 4, iPhone XR from Seller 2, iPhone XR case from Seller 3, iPhone XS case from Seller 1, iPhone XR case from Seller 2, Huawei P30 pro from Seller 5, iPhone XR case from Seller 1]
INFO:root:[Customer]:(Lisa,2)'s sentiment is 1 for product:[Huawei P30 pro case] from Seller 5
INFO:root:[Customer]:(Jimmy,2)'s sentiment is 1 for product:[Huawei P30 pro case] from Seller 5
INFO:root:[Customer]:(Matthew,2)'s sentiment is 1 for product:[iPhone XS] from Seller 2
INFO:root:[Customer]:(Betsy,2)'s sentiment is 1 for product:[Huawei P30 pro case] from Seller 5
INFO:root:[Customer]:(Lisa,2)'s sentiment is 1 for product:[Google pixel] from Seller 4
INFO:root:[Customer]:(Jimmy,2)'s sentiment is 1 for product:[Google pixel] from Seller 4
INFO:root:[Customer]:###(Matthew,2)doesn't buy any products 
INFO:root:[Customer]:(Betsy,2)'s sentiment is 1 for product:[Google pixel case] from Seller 4
INFO:root:[Customer]:(Lisa,2)'s sentiment is 1 for product:[iPhone XS] from Seller 2
INFO:root:[Customer]:(Jimmy,2)'s sentiment is 1 for product:[iPhone XR case] from Seller 3
INFO:root:[Customer]:(Matthew,2)'s sentiment is 1 for product:[iPhone XR] from Seller 3
INFO:root:[Customer]:(Betsy,2)'s sentiment is 1 for product:[iPhone XR] from Seller 2
INFO:root:[Customer]:(Lisa,2)'s sentiment is 1 for product:[iPhone XS case] from Seller 3
INFO:root:[Customer]:(Jimmy,2)'s sentiment is 1 for product:[Google pixel case] from Seller 4
INFO:root:[Customer]:(Matthew,2)bought the product:[iPhone XR]
INFO:root:[Customer]:(Betsy,2)'s sentiment is 1 for product:[iPhone XR case] from Seller 3
INFO:root:[Customer]:(Lisa,2)'s sentiment is 1 for product:[iPhone XS case] from Seller 2
INFO:root:[Customer]:(Jimmy,2)'s sentiment is 1 for product:[iPhone XS] from Seller 2
INFO:root:[Customer]:(Matthew,2)'s sentiment is 1 for product:[iPhone XS case] from Seller 3
INFO:root:[Customer]:(Betsy,2)'s sentiment is 1 for product:[iPhone XS case] from Seller 1
INFO:root:[Customer]:(Lisa,2)'s sentiment is 1 for product:[iPhone XS case] from Seller 1
INFO:root:[Customer]:(Jimmy,2)'s sentiment is 1 for product:[iPhone XR] from Seller 3
INFO:root:[Customer]:###(Matthew,2)doesn't buy any products 
INFO:root:[Customer]:(Betsy,2)'s sentiment is 1 for product:[iPhone XR case] from Seller 2
INFO:root:[Customer]:(Lisa,2)'s sentiment is 1 for product:[iPhone XR case] from Seller 2
INFO:root:[Customer]:(Jimmy,2)'s sentiment is 1 for product:[iPhone XS case] from Seller 3
INFO:root:[Customer]:(Matthew,2)'s sentiment is 1 for product:[iPhone XR] from Seller 2
INFO:root:[Customer]:(Betsy,2)'s sentiment is 1 for product:[Huawei P30 pro] from Seller 5
INFO:root:[Customer]:(Jimmy,2)'s sentiment is 1 for product:[iPhone XS case] from Seller 2
INFO:root:[Customer]:(Matthew,2)bought the product:[iPhone XR]
INFO:root:[Customer]:(Betsy,2)'s sentiment is 1 for product:[iPhone XR case] from Seller 1
INFO:root:[Customer]:(Jimmy,2)'s sentiment is 1 for product:[iPhone XR] from Seller 1
INFO:root:[Customer]:(Matthew,2)'s sentiment is 1 for product:[iPhone XS case] from Seller 2
INFO:root:[Customer]:(Jimmy,2)'s sentiment is 1 for product:[iPhone XR case] from Seller 2
INFO:root:[Customer]:###(Matthew,2)doesn't buy any products 
INFO:root:[Customer]:(Jimmy,2)'s sentiment is 1 for product:[Huawei P30 pro] from Seller 5
INFO:root:[Customer]:(Matthew,2)'s sentiment is 1 for product:[iPhone XR] from Seller 1
INFO:root:[Customer]:(Jimmy,2)'s sentiment is 1 for product:[iPhone XR case] from Seller 1
INFO:root:[Customer]:###(Matthew,2)doesn't buy any products 
INFO:root:[Customer]:(Matthew,2)'s sentiment is 1 for product:[Huawei P30 pro] from Seller 5
INFO:root:[Customer]:###(Matthew,2)doesn't buy any products 
INFO:root:[Customer]:(Matthew,2)'s sentiment is 1 for product:[iPhone XR case] from Seller 1
INFO:root:[Customer]: (Matthew,2) prefer high quality, so she doesn't buy any products 
INFO:root:[Seller]: (Alice,1) Exit
INFO:root:[Seller]: (Bob,1) Exit
INFO:root:[Seller]: (Carol,1) Exit
INFO:root:[Seller]: (Dave,1) Exit
INFO:root:[Seller]: (Eve,1) Exit
INFO:root:[Customer]: (Simone,2) own the Products:[] with balance of $ 800
INFO:root:[Customer]: (Simone,2) Exit
INFO:root:[Customer]: (Lisa,2) own the Products:[] with balance of $ 800
INFO:root:[Customer]: (Lisa,2) Exit
INFO:root:[Customer]: (Betsy,2) own the Products:[] with balance of $ 1000
INFO:root:[Customer]: (Betsy,2) Exit
INFO:root:[Customer]: (Jimmy,2) own the Products:[] with balance of $ 800
INFO:root:[Customer]: (Jimmy,2) Exit
INFO:root:[Customer]: (Matthew,2) own the Products:[] with balance of $ 900
INFO:root:[Customer]: (Matthew,2) Exit
