INFO:root:[Buyer]:Buyer Simone Initialized
INFO:root:[Customer]:Customer Simone entered Trading
INFO:root:[Buyer]:Buyer Betsy Initialized
INFO:root:[Customer]:(Simone,1): Next Quarter Begins 
INFO:root:[Customer]:(Simone,1) currently seeing ads for the Products:[]
INFO:root:[Customer]:Customer Betsy entered Trading
INFO:root:[Buyer]:Buyer Matthew Initialized
INFO:root:[Customer]:(Betsy,1): Next Quarter Begins 
INFO:root:[Customer]:(Betsy,1) currently seeing ads for the Products:[]
INFO:root:[Customer]:Customer Matthew entered Trading
INFO:root:[Customer]:(Matthew,1): Next Quarter Begins 
INFO:root:[Customer]:(Matthew,1) currently seeing ads for the Products:[]
INFO:root:[Buyer]:Buyer Dan Initialized
INFO:root:[Customer]:Customer Dan entered Trading
INFO:root:[Customer]:(Dan,1): Next Quarter Begins 
INFO:root:[Customer]:(Dan,1) currently seeing ads for the Products:[]
INFO:root:[Buyer]:Buyer Ewa Initialized
INFO:root:[Customer]:Customer Ewa entered Trading
INFO:root:[Customer]:(Ewa,1): Next Quarter Begins 
INFO:root:[Customer]:(Ewa,1) currently seeing ads for the Products:[]
INFO:root:[Seller]:Seller Alice Created
INFO:root:[Seller]:Seller Alice Owned products iPhone XR, iPhone XS case, iPhone XR case
INFO:root:{}
INFO:root:[Market]:Seller Alice is registered in the market with the product iPhone XR 
INFO:root:[Market]:Seller Alice is registered in the market with the product iPhone XS case 
INFO:root:[Market]:Seller Alice is registered in the market with the product iPhone XR case 
INFO:root:[Seller]:Seller Alice started Trading
INFO:root:[Seller]: (Alice,1) sold  0 units of iPhone XR
INFO:root:[Seller]: (Alice,1) sold  0 units of iPhone XS case
INFO:root:[Seller]: (Alice,1) sold  0 units of iPhone XR case
INFO:root:[Seller]: (Alice,1) Revenue in previous quarter:0
INFO:root:[Seller]: (Alice,1) Expenses in previous quarter:0
INFO:root:[Seller]: (Alice,1) Profit in previous quarter:0
INFO:root:[Seller]: (Alice,1) Sales in previous quarter:[0]
INFO:root:[Seller]:Seller Bob Created
INFO:root:[Seller]:Seller Bob Owned products iPhone XS, iPhone XR, iPhone XS case, iPhone XR case
INFO:root:{'iPhone XR': [<seller.Seller object at 0x0000023A26096780>], 'iPhone XS case': [<seller.Seller object at 0x0000023A26096780>], 'iPhone XR case': [<seller.Seller object at 0x0000023A26096780>]}
INFO:root:[Market]:Seller Bob is registered in the market with the product iPhone XS 
INFO:root:[Market]:Seller Bob is registered in the market with the product iPhone XR 
INFO:root:[Market]:Seller Bob is registered in the market with the product iPhone XS case 
INFO:root:[Market]:Seller Bob is registered in the market with the product iPhone XR case 
INFO:root:[Seller]:Seller Bob started Trading
INFO:root:[Seller]: (Bob,1) sold  0 units of iPhone XS
INFO:root:[Seller]: (Bob,1) sold  0 units of iPhone XR
INFO:root:[Seller]: (Bob,1) sold  0 units of iPhone XS case
INFO:root:[Seller]: (Bob,1) sold  0 units of iPhone XR case
INFO:root:[Seller]: (Bob,1) Revenue in previous quarter:0
INFO:root:[Seller]: (Bob,1) Expenses in previous quarter:0
INFO:root:[Seller]: (Bob,1) Profit in previous quarter:0
INFO:root:[Seller]: (Bob,1) Sales in previous quarter:[0]
INFO:root:[Seller]:Seller Carol Created
INFO:root:[Seller]:Seller Carol Owned products iPhone XS, iPhone XR, iPhone XS case, iPhone XR case
INFO:root:{'iPhone XR': [<seller.Seller object at 0x0000023A26096780>, <seller.Seller object at 0x0000023A26096550>], 'iPhone XS case': [<seller.Seller object at 0x0000023A26096780>, <seller.Seller object at 0x0000023A26096550>], 'iPhone XR case': [<seller.Seller object at 0x0000023A26096780>, <seller.Seller object at 0x0000023A26096550>], 'iPhone XS': [<seller.Seller object at 0x0000023A26096550>]}
INFO:root:[Market]:Seller Carol is registered in the market with the product iPhone XS 
INFO:root:[Market]:Seller Carol is registered in the market with the product iPhone XR 
INFO:root:[Market]:Seller Carol is registered in the market with the product iPhone XS case 
INFO:root:[Market]:Seller Carol is registered in the market with the product iPhone XR case 
INFO:root:[Seller]:Seller Carol started Trading
INFO:root:[Seller]: (Carol,1) sold  0 units of iPhone XS
INFO:root:[Seller]: (Carol,1) sold  0 units of iPhone XR
INFO:root:[Seller]: (Carol,1) sold  0 units of iPhone XS case
INFO:root:[Seller]: (Carol,1) sold  0 units of iPhone XR case
INFO:root:[Seller]: (Carol,1) Revenue in previous quarter:0
INFO:root:[Seller]: (Carol,1) Expenses in previous quarter:0
INFO:root:[Seller]: (Carol,1) Profit in previous quarter:0
INFO:root:[Seller]: (Carol,1) Sales in previous quarter:[0]
INFO:root:[Seller]:Seller Dave Created
INFO:root:[Seller]:Seller Dave Owned products Google pixel, Google pixel case
INFO:root:{'iPhone XR': [<seller.Seller object at 0x0000023A26096780>, <seller.Seller object at 0x0000023A26096550>, <seller.Seller object at 0x0000023A26096748>], 'iPhone XS case': [<seller.Seller object at 0x0000023A26096780>, <seller.Seller object at 0x0000023A26096550>, <seller.Seller object at 0x0000023A26096748>], 'iPhone XR case': [<seller.Seller object at 0x0000023A26096780>, <seller.Seller object at 0x0000023A26096550>, <seller.Seller object at 0x0000023A26096748>], 'iPhone XS': [<seller.Seller object at 0x0000023A26096550>, <seller.Seller object at 0x0000023A26096748>]}
INFO:root:[Market]:Seller Dave is registered in the market with the product Google pixel 
INFO:root:[Market]:Seller Dave is registered in the market with the product Google pixel case 
INFO:root:[Seller]:Seller Dave started Trading
INFO:root:[Seller]: (Dave,1) sold  0 units of Google pixel
INFO:root:[Seller]: (Dave,1) sold  0 units of Google pixel case
INFO:root:[Seller]: (Dave,1) Revenue in previous quarter:0
INFO:root:[Seller]: (Dave,1) Expenses in previous quarter:0
INFO:root:[Seller]: (Dave,1) Profit in previous quarter:0
INFO:root:[Seller]: (Dave,1) Sales in previous quarter:[0]
INFO:root:[Seller]:Seller Eve Created
INFO:root:[Seller]:Seller Eve Owned products Huawei P30 pro, Huawei P30 pro case
INFO:root:{'iPhone XR': [<seller.Seller object at 0x0000023A26096780>, <seller.Seller object at 0x0000023A26096550>, <seller.Seller object at 0x0000023A26096748>], 'iPhone XS case': [<seller.Seller object at 0x0000023A26096780>, <seller.Seller object at 0x0000023A26096550>, <seller.Seller object at 0x0000023A26096748>], 'iPhone XR case': [<seller.Seller object at 0x0000023A26096780>, <seller.Seller object at 0x0000023A26096550>, <seller.Seller object at 0x0000023A26096748>], 'iPhone XS': [<seller.Seller object at 0x0000023A26096550>, <seller.Seller object at 0x0000023A26096748>], 'Google pixel': [<seller.Seller object at 0x0000023A260965F8>], 'Google pixel case': [<seller.Seller object at 0x0000023A260965F8>]}
INFO:root:[Market]:Seller Eve is registered in the market with the product Huawei P30 pro 
INFO:root:[Market]:Seller Eve is registered in the market with the product Huawei P30 pro case 
INFO:root:[Seller]:Seller Eve started Trading
INFO:root:[Seller]: (Eve,1) sold  0 units of Huawei P30 pro
INFO:root:[Seller]: (Eve,1) sold  0 units of Huawei P30 pro case
INFO:root:[Seller]: (Eve,1) Revenue in previous quarter:0
INFO:root:[Seller]: (Eve,1) Expenses in previous quarter:0
INFO:root:[Seller]: (Eve,1) Profit in previous quarter:0
INFO:root:[Seller]: (Eve,1) Sales in previous quarter:[0]
INFO:root:[Customer]: (Simone,1) own the Products:[] with balance of $ 800
INFO:root:[Customer]:(Simone,2): Next Quarter Begins 
INFO:root:[Customer]:(Simone,2) currently seeing ads for the Products:[Google pixel, iPhone XS, iPhone XS, iPhone XR, iPhone XS case, iPhone XR case, iPhone XS case, iPhone XS case, iPhone XR case, iPhone XR, Huawei P30 pro, Huawei P30 pro case]
INFO:root:[Customer]:***(Simone,2)bought 2 new product:[iPhone XS case]
INFO:root:[Customer]: (Simone,2) buy the Products:[iPhone XS case] from seller1
INFO:root:[Customer]: (Simone,2) buy the Products:[iPhone XS case] from seller1
INFO:root:[Customer]: (Simone,2) buy the Products:[iPhone XS case, iPhone XS case] from seller1 with price190
INFO:root:[Seller]: Seller (Alice,1) sold product iPhone XS case
INFO:root:[Seller]: Seller (Alice,1) sold product iPhone XS case
INFO:root:[Customer]: (Matthew,1) own the Products:[] with balance of $ 800
INFO:root:[Customer]: (Betsy,1) own the Products:[] with balance of $ 800
INFO:root:[Customer]:(Matthew,2): Next Quarter Begins 
INFO:root:[Customer]: (Dan,1) own the Products:[] with balance of $ 800
INFO:root:[Customer]:(Betsy,2): Next Quarter Begins 
INFO:root:[Customer]:(Matthew,2) currently seeing ads for the Products:[Google pixel case, iPhone XS, iPhone XR, iPhone XS, iPhone XR, iPhone XS case, iPhone XS case, iPhone XR, Huawei P30 pro, iPhone XR case]
INFO:root:[Customer]:(Dan,2): Next Quarter Begins 
INFO:root:[Customer]: (Ewa,1) own the Products:[] with balance of $ 800
INFO:root:[Customer]:(Betsy,2) currently seeing ads for the Products:[Google pixel case, iPhone XR, iPhone XR case, iPhone XS case, iPhone XR case, Huawei P30 pro, iPhone XR case, Huawei P30 pro case]
INFO:root:[Customer]:***(Matthew,2)bought 2 new product:[iPhone XR]
INFO:root:[Customer]:(Dan,2) currently seeing ads for the Products:[Google pixel, iPhone XS, iPhone XS case, iPhone XS case, iPhone XS case, iPhone XR case, Huawei P30 pro case]
INFO:root:[Customer]:(Ewa,2): Next Quarter Begins 
INFO:root:[Customer]:***(Betsy,2)bought 2 new product:[iPhone XR]
INFO:root:[Customer]: (Matthew,2) buy the Products:[iPhone XR] from seller2
INFO:root:[Customer]:***(Dan,2)bought 2 new product:[Google pixel]
INFO:root:[Customer]:(Ewa,2) currently seeing ads for the Products:[Google pixel, Google pixel case, iPhone XR, iPhone XS, iPhone XS case, iPhone XR case, iPhone XS case, iPhone XR case, iPhone XR, Huawei P30 pro, iPhone XR case, Huawei P30 pro case]
INFO:root:[Customer]: (Betsy,2) buy the Products:[iPhone XR] from seller2
INFO:root:[Customer]: (Matthew,2) buy the Products:[iPhone XR] from seller2
INFO:root:[Customer]: (Dan,2) buy the Products:[Google pixel] from seller4
INFO:root:[Customer]:***(Ewa,2)bought 2 new product:[iPhone XR case]
INFO:root:[Customer]: (Betsy,2) buy the Products:[iPhone XR] from seller2
INFO:root:[Customer]:***(Matthew,2)bought 2 new product:[iPhone XS case]
INFO:root:[Customer]: (Dan,2) buy the Products:[Google pixel] from seller4
INFO:root:[Customer]: (Ewa,2) buy the Products:[iPhone XR case] from seller3
INFO:root:[Customer]:***(Betsy,2)bought 2 new product:[Huawei P30 pro]
INFO:root:[Customer]: (Matthew,2) buy the Products:[iPhone XS case] from seller3
INFO:root:[Customer]: (Dan,2) buy the Products:[Google pixel, Google pixel] from seller4 with price800
INFO:root:[Customer]: (Ewa,2) buy the Products:[iPhone XR case] from seller3
INFO:root:[Customer]: (Betsy,2) buy the Products:[Huawei P30 pro] from seller5
INFO:root:[Customer]: (Matthew,2) buy the Products:[iPhone XS case] from seller3
INFO:root:[Seller]: Seller (Dave,1) sold product Google pixel
INFO:root:[Customer]: (Ewa,2) buy the Products:[iPhone XR case, iPhone XR case] from seller3 with price190
INFO:root:[Customer]: (Betsy,2) buy the Products:[Huawei P30 pro] from seller5
INFO:root:[Customer]: (Matthew,2) buy the Products:[iPhone XS case, iPhone XS case] from seller3 with price180
INFO:root:[Seller]: Seller (Dave,1) sold product Google pixel
INFO:root:[Seller]: Seller (Alice,1) sold product iPhone XR case
INFO:root:[Customer]: (Betsy,2) buy the Products:[Huawei P30 pro, Huawei P30 pro] from seller5 with price600
INFO:root:[Seller]: Seller (Alice,1) sold product iPhone XS case
INFO:root:[Seller]: Seller (Alice,1) sold product iPhone XR case
INFO:root:[Seller]: Seller (Eve,1) sold product Huawei P30 pro
INFO:root:[Seller]: Seller (Alice,1) sold product iPhone XS case
INFO:root:[Seller]: Seller (Eve,1) sold product Huawei P30 pro
INFO:root:[Seller]: (Alice,2) sold  0 units of iPhone XR
INFO:root:[Seller]: (Alice,2) sold  0 units of iPhone XS case
INFO:root:[Seller]: (Alice,2) sold  0 units of iPhone XR case
INFO:root:[Seller]: (Alice,2) Revenue in previous quarter:570
INFO:root:[Seller]: (Alice,2) Expenses in previous quarter:25
INFO:root:[Seller]: (Alice,2) Profit in previous quarter:545
INFO:root:[Seller]: (Alice,2) Sales in previous quarter:[0, 6]
INFO:root:[Seller]: (Bob,2) sold  0 units of iPhone XS
INFO:root:[Seller]: (Bob,2) sold  0 units of iPhone XR
INFO:root:[Seller]: (Bob,2) sold  0 units of iPhone XS case
INFO:root:[Seller]: (Bob,2) sold  0 units of iPhone XR case
INFO:root:[Seller]: (Bob,2) Revenue in previous quarter:0
INFO:root:[Seller]: (Bob,2) Expenses in previous quarter:25
INFO:root:[Seller]: (Bob,2) Profit in previous quarter:-25
INFO:root:[Seller]: (Bob,2) Sales in previous quarter:[0, 0]
INFO:root:[Seller]: (Carol,2) sold  0 units of iPhone XS
INFO:root:[Seller]: (Carol,2) sold  0 units of iPhone XR
INFO:root:[Seller]: (Carol,2) sold  0 units of iPhone XS case
INFO:root:[Seller]: (Carol,2) sold  0 units of iPhone XR case
INFO:root:[Seller]: (Carol,2) Revenue in previous quarter:0
INFO:root:[Seller]: (Carol,2) Expenses in previous quarter:25
INFO:root:[Seller]: (Carol,2) Profit in previous quarter:-25
INFO:root:[Seller]: (Carol,2) Sales in previous quarter:[0, 0]
INFO:root:[Seller]: (Dave,2) sold  0 units of Google pixel
INFO:root:[Seller]: (Dave,2) sold  0 units of Google pixel case
INFO:root:[Seller]: (Dave,2) Revenue in previous quarter:160
INFO:root:[Seller]: (Dave,2) Expenses in previous quarter:25
INFO:root:[Seller]: (Dave,2) Profit in previous quarter:135
INFO:root:[Seller]: (Dave,2) Sales in previous quarter:[0, 2]
INFO:root:[Seller]: (Eve,2) sold  0 units of Huawei P30 pro
INFO:root:[Seller]: (Eve,2) sold  0 units of Huawei P30 pro case
INFO:root:[Seller]: (Eve,2) Revenue in previous quarter:120
INFO:root:[Seller]: (Eve,2) Expenses in previous quarter:25
INFO:root:[Seller]: (Eve,2) Profit in previous quarter:95
INFO:root:[Seller]: (Eve,2) Sales in previous quarter:[0, 2]
