INFO:root:[Buyer]:Buyer Simone Initialized
INFO:root:[Customer]:Customer Simone entered Trading
INFO:root:[Buyer]:Buyer Betsy Initialized
INFO:root:[Customer]:(Simone,1): Next Quarter Begins 
INFO:root:[Customer]:(Simone,1) currently seeing ads for the Products:[]
INFO:root:[Customer]:Customer Betsy entered Trading
INFO:root:[Buyer]:Buyer Matthew Initialized
INFO:root:[Customer]:(Betsy,1): Next Quarter Begins 
INFO:root:[Customer]:(Betsy,1) currently seeing ads for the Products:[]
INFO:root:[Customer]:Customer Matthew entered Trading
INFO:root:[Buyer]:Buyer Dan Initialized
INFO:root:[Customer]:(Matthew,1): Next Quarter Begins 
INFO:root:[Customer]:(Matthew,1) currently seeing ads for the Products:[]
INFO:root:[Customer]:Customer Dan entered Trading
INFO:root:[Buyer]:Buyer Ewa Initialized
INFO:root:[Customer]:(Dan,1): Next Quarter Begins 
INFO:root:[Customer]:(Dan,1) currently seeing ads for the Products:[]
INFO:root:[Customer]:Customer Ewa entered Trading
INFO:root:[Customer]:(Ewa,1): Next Quarter Begins 
INFO:root:[Customer]:(Ewa,1) currently seeing ads for the Products:[]
INFO:root:[Seller]:Seller Alice Created
INFO:root:[Seller]:Seller Alice Owned products iPhone XR, iPhone XS case, iPhone XR case
INFO:root:{}
INFO:root:[Market]:Seller Alice is registered in the market with the product iPhone XR 
INFO:root:[Market]:Seller Alice is registered in the market with the product iPhone XS case 
INFO:root:[Market]:Seller Alice is registered in the market with the product iPhone XR case 
INFO:root:[Seller]:Seller Alice started Trading
INFO:root:[Seller]: (Alice,1) sold  0 units of iPhone XR
INFO:root:[Seller]: (Alice,1) sold  0 units of iPhone XS case
INFO:root:[Seller]: (Alice,1) sold  0 units of iPhone XR case
INFO:root:[Seller]: (Alice,1) Revenue in previous quarter:0
INFO:root:[Seller]: (Alice,1) Expenses in previous quarter:0
INFO:root:[Seller]: (Alice,1) Profit in previous quarter:0
INFO:root:[Seller]: (Alice,1) Sales in previous quarter:[0]
INFO:root:[Seller]:Seller Bob Created
INFO:root:[Seller]:Seller Bob Owned products iPhone XS, iPhone XR, iPhone XS case, iPhone XR case
INFO:root:{'iPhone XR': [<seller.Seller object at 0x000001DF90AA5EB8>], 'iPhone XS case': [<seller.Seller object at 0x000001DF90AA5EB8>], 'iPhone XR case': [<seller.Seller object at 0x000001DF90AA5EB8>]}
INFO:root:[Market]:Seller Bob is registered in the market with the product iPhone XS 
INFO:root:[Market]:Seller Bob is registered in the market with the product iPhone XR 
INFO:root:[Market]:Seller Bob is registered in the market with the product iPhone XS case 
INFO:root:[Market]:Seller Bob is registered in the market with the product iPhone XR case 
INFO:root:[Seller]:Seller Bob started Trading
INFO:root:[Seller]: (Bob,1) sold  0 units of iPhone XS
INFO:root:[Seller]: (Bob,1) sold  0 units of iPhone XR
INFO:root:[Seller]: (Bob,1) sold  0 units of iPhone XS case
INFO:root:[Seller]: (Bob,1) sold  0 units of iPhone XR case
INFO:root:[Seller]: (Bob,1) Revenue in previous quarter:0
INFO:root:[Seller]: (Bob,1) Expenses in previous quarter:0
INFO:root:[Seller]: (Bob,1) Profit in previous quarter:0
INFO:root:[Seller]: (Bob,1) Sales in previous quarter:[0]
INFO:root:[Seller]:Seller Carol Created
INFO:root:[Seller]:Seller Carol Owned products iPhone XS, iPhone XR, iPhone XS case, iPhone XR case
INFO:root:{'iPhone XR': [<seller.Seller object at 0x000001DF90AA5EB8>, <seller.Seller object at 0x000001DF90AE82B0>], 'iPhone XS case': [<seller.Seller object at 0x000001DF90AA5EB8>, <seller.Seller object at 0x000001DF90AE82B0>], 'iPhone XR case': [<seller.Seller object at 0x000001DF90AA5EB8>, <seller.Seller object at 0x000001DF90AE82B0>], 'iPhone XS': [<seller.Seller object at 0x000001DF90AE82B0>]}
INFO:root:[Market]:Seller Carol is registered in the market with the product iPhone XS 
INFO:root:[Market]:Seller Carol is registered in the market with the product iPhone XR 
INFO:root:[Market]:Seller Carol is registered in the market with the product iPhone XS case 
INFO:root:[Market]:Seller Carol is registered in the market with the product iPhone XR case 
INFO:root:[Seller]:Seller Carol started Trading
INFO:root:[Seller]: (Carol,1) sold  0 units of iPhone XS
INFO:root:[Seller]: (Carol,1) sold  0 units of iPhone XR
INFO:root:[Seller]: (Carol,1) sold  0 units of iPhone XS case
INFO:root:[Seller]: (Carol,1) sold  0 units of iPhone XR case
INFO:root:[Seller]: (Carol,1) Revenue in previous quarter:0
INFO:root:[Seller]: (Carol,1) Expenses in previous quarter:0
INFO:root:[Seller]: (Carol,1) Profit in previous quarter:0
INFO:root:[Seller]: (Carol,1) Sales in previous quarter:[0]
INFO:root:[Seller]:Seller Dave Created
INFO:root:[Seller]:Seller Dave Owned products Google pixel, Google pixel case
INFO:root:{'iPhone XR': [<seller.Seller object at 0x000001DF90AA5EB8>, <seller.Seller object at 0x000001DF90AE82B0>, <seller.Seller object at 0x000001DF90AE85F8>], 'iPhone XS case': [<seller.Seller object at 0x000001DF90AA5EB8>, <seller.Seller object at 0x000001DF90AE82B0>, <seller.Seller object at 0x000001DF90AE85F8>], 'iPhone XR case': [<seller.Seller object at 0x000001DF90AA5EB8>, <seller.Seller object at 0x000001DF90AE82B0>, <seller.Seller object at 0x000001DF90AE85F8>], 'iPhone XS': [<seller.Seller object at 0x000001DF90AE82B0>, <seller.Seller object at 0x000001DF90AE85F8>]}
INFO:root:[Market]:Seller Dave is registered in the market with the product Google pixel 
INFO:root:[Market]:Seller Dave is registered in the market with the product Google pixel case 
INFO:root:[Seller]:Seller Dave started Trading
INFO:root:[Seller]: (Dave,1) sold  0 units of Google pixel
INFO:root:[Seller]: (Dave,1) sold  0 units of Google pixel case
INFO:root:[Seller]: (Dave,1) Revenue in previous quarter:0
INFO:root:[Seller]: (Dave,1) Expenses in previous quarter:0
INFO:root:[Seller]: (Dave,1) Profit in previous quarter:0
INFO:root:[Seller]: (Dave,1) Sales in previous quarter:[0]
INFO:root:[Seller]:Seller Eve Created
INFO:root:[Seller]:Seller Eve Owned products Huawei P30 pro, Huawei P30 pro case
INFO:root:{'iPhone XR': [<seller.Seller object at 0x000001DF90AA5EB8>, <seller.Seller object at 0x000001DF90AE82B0>, <seller.Seller object at 0x000001DF90AE85F8>], 'iPhone XS case': [<seller.Seller object at 0x000001DF90AA5EB8>, <seller.Seller object at 0x000001DF90AE82B0>, <seller.Seller object at 0x000001DF90AE85F8>], 'iPhone XR case': [<seller.Seller object at 0x000001DF90AA5EB8>, <seller.Seller object at 0x000001DF90AE82B0>, <seller.Seller object at 0x000001DF90AE85F8>], 'iPhone XS': [<seller.Seller object at 0x000001DF90AE82B0>, <seller.Seller object at 0x000001DF90AE85F8>], 'Google pixel': [<seller.Seller object at 0x000001DF90AE8358>], 'Google pixel case': [<seller.Seller object at 0x000001DF90AE8358>]}
INFO:root:[Market]:Seller Eve is registered in the market with the product Huawei P30 pro 
INFO:root:[Market]:Seller Eve is registered in the market with the product Huawei P30 pro case 
INFO:root:[Seller]:Seller Eve started Trading
INFO:root:[Seller]: (Eve,1) sold  0 units of Huawei P30 pro
INFO:root:[Seller]: (Eve,1) sold  0 units of Huawei P30 pro case
INFO:root:[Seller]: (Eve,1) Revenue in previous quarter:0
INFO:root:[Seller]: (Eve,1) Expenses in previous quarter:0
INFO:root:[Seller]: (Eve,1) Profit in previous quarter:0
INFO:root:[Seller]: (Eve,1) Sales in previous quarter:[0]
INFO:root:[Customer]: (Simone,1) own the Products:[] with balance of $ 800
INFO:root:[Customer]:(Simone,2): Next Quarter Begins 
INFO:root:[Customer]:(Simone,2) currently seeing ads for the Products:[iPhone XR, iPhone XS case, iPhone XR case, iPhone XS case, iPhone XS case, iPhone XR case, iPhone XR, Huawei P30 pro, Huawei P30 pro case, Google pixel, iPhone XS, iPhone XS]
INFO:root:[Customer]:***(Simone,2)bought 2 new product:[iPhone XR]
INFO:root:[Customer]: (Simone,2) buy the Products:[iPhone XR] from seller1
INFO:root:[Customer]: (Simone,2) buy the Products:[iPhone XR] from seller1
INFO:root:[Customer]:***(Simone,2)bought 2 new product:[iPhone XS]
INFO:root:[Customer]: (Simone,2) buy the Products:[iPhone XS] from seller2
INFO:root:[Customer]: (Simone,2) buy the Products:[iPhone XS] from seller2
INFO:root:[Customer]: (Betsy,1) own the Products:[] with balance of $ 800
INFO:root:[Customer]:(Betsy,2): Next Quarter Begins 
INFO:root:[Customer]:(Betsy,2) currently seeing ads for the Products:[iPhone XR, iPhone XR case, iPhone XS case, iPhone XR case, Huawei P30 pro, iPhone XR case, Huawei P30 pro case, Google pixel case]
INFO:root:[Customer]:***(Betsy,2)bought 2 new product:[iPhone XR]
INFO:root:[Customer]: (Betsy,2) buy the Products:[iPhone XR] from seller2
INFO:root:[Customer]: (Betsy,2) buy the Products:[iPhone XR] from seller2
INFO:root:[Customer]:***(Betsy,2)bought 2 new product:[iPhone XR case]
INFO:root:[Customer]: (Betsy,2) buy the Products:[iPhone XR case] from seller3
INFO:root:[Customer]: (Betsy,2) buy the Products:[iPhone XR case] from seller3
INFO:root:[Customer]: (Betsy,2) buy the Products:[iPhone XR case, iPhone XR case] from seller3 with price190
INFO:root:[Seller]: Seller (Alice,1) sold product iPhone XR case
INFO:root:[Seller]: Seller (Alice,1) sold product iPhone XR case
INFO:root:[Customer]: (Matthew,1) own the Products:[] with balance of $ 800
INFO:root:[Customer]:(Matthew,2): Next Quarter Begins 
INFO:root:[Customer]:(Matthew,2) currently seeing ads for the Products:[iPhone XR, iPhone XS case, iPhone XS case, iPhone XR, Huawei P30 pro, iPhone XR case, Google pixel case, iPhone XS, iPhone XR, iPhone XS]
INFO:root:[Customer]:***(Matthew,2)bought 2 new product:[iPhone XR case]
INFO:root:[Customer]: (Matthew,2) buy the Products:[iPhone XR case] from seller1
INFO:root:[Customer]: (Matthew,2) buy the Products:[iPhone XR case] from seller1
INFO:root:[Customer]: (Matthew,2) buy the Products:[iPhone XR case, iPhone XR case] from seller1 with price190
INFO:root:[Seller]: Seller (Alice,1) sold product iPhone XR case
INFO:root:[Seller]: Seller (Alice,1) sold product iPhone XR case
INFO:root:[Customer]: (Dan,1) own the Products:[] with balance of $ 800
INFO:root:[Customer]:(Dan,2): Next Quarter Begins 
INFO:root:[Customer]:(Dan,2) currently seeing ads for the Products:[iPhone XS case, iPhone XS case, iPhone XS case, iPhone XR case, Huawei P30 pro case, Google pixel, iPhone XS]
INFO:root:[Customer]:***(Dan,2)bought 2 new product:[iPhone XS case]
INFO:root:[Customer]: (Dan,2) buy the Products:[iPhone XS case] from seller3
INFO:root:[Customer]: (Dan,2) buy the Products:[iPhone XS case] from seller3
INFO:root:[Customer]: (Dan,2) buy the Products:[iPhone XS case, iPhone XS case] from seller3 with price180
INFO:root:[Seller]: Seller (Alice,1) sold product iPhone XS case
INFO:root:[Seller]: Seller (Alice,1) sold product iPhone XS case
INFO:root:[Customer]: (Ewa,1) own the Products:[] with balance of $ 800
INFO:root:[Customer]:(Ewa,2): Next Quarter Begins 
INFO:root:[Customer]:(Ewa,2) currently seeing ads for the Products:[iPhone XS case, iPhone XR case, iPhone XS case, iPhone XR case, iPhone XR, Huawei P30 pro, iPhone XR case, Huawei P30 pro case, Google pixel, Google pixel case, iPhone XR, iPhone XS]
INFO:root:[Customer]:***(Ewa,2)bought 2 new product:[iPhone XR case]
INFO:root:[Customer]: (Ewa,2) buy the Products:[iPhone XR case] from seller2
INFO:root:[Customer]: (Ewa,2) buy the Products:[iPhone XR case] from seller2
INFO:root:[Customer]: (Ewa,2) buy the Products:[iPhone XR case, iPhone XR case] from seller2 with price190
INFO:root:[Seller]: Seller (Alice,1) sold product iPhone XR case
INFO:root:[Seller]: Seller (Alice,1) sold product iPhone XR case
INFO:root:[Seller]: (Alice,2) sold  0 units of iPhone XR
INFO:root:[Seller]: (Alice,2) sold  0 units of iPhone XS case
INFO:root:[Seller]: (Alice,2) sold  0 units of iPhone XR case
INFO:root:[Seller]: (Alice,2) Revenue in previous quarter:760
INFO:root:[Seller]: (Alice,2) Expenses in previous quarter:25
INFO:root:[Seller]: (Alice,2) Profit in previous quarter:735
INFO:root:[Seller]: (Alice,2) Sales in previous quarter:[0, 8]
INFO:root:[Seller]: (Bob,2) sold  0 units of iPhone XS
INFO:root:[Seller]: (Bob,2) sold  0 units of iPhone XR
INFO:root:[Seller]: (Bob,2) sold  0 units of iPhone XS case
INFO:root:[Seller]: (Bob,2) sold  0 units of iPhone XR case
INFO:root:[Seller]: (Bob,2) Revenue in previous quarter:0
INFO:root:[Seller]: (Bob,2) Expenses in previous quarter:25
INFO:root:[Seller]: (Bob,2) Profit in previous quarter:-25
INFO:root:[Seller]: (Bob,2) Sales in previous quarter:[0, 0]
INFO:root:[Seller]: (Carol,2) sold  0 units of iPhone XS
INFO:root:[Seller]: (Carol,2) sold  0 units of iPhone XR
INFO:root:[Seller]: (Carol,2) sold  0 units of iPhone XS case
INFO:root:[Seller]: (Carol,2) sold  0 units of iPhone XR case
INFO:root:[Seller]: (Carol,2) Revenue in previous quarter:0
INFO:root:[Seller]: (Carol,2) Expenses in previous quarter:25
INFO:root:[Seller]: (Carol,2) Profit in previous quarter:-25
INFO:root:[Seller]: (Carol,2) Sales in previous quarter:[0, 0]
INFO:root:[Seller]: (Dave,2) sold  0 units of Google pixel
INFO:root:[Seller]: (Dave,2) sold  0 units of Google pixel case
INFO:root:[Seller]: (Dave,2) Revenue in previous quarter:0
INFO:root:[Seller]: (Dave,2) Expenses in previous quarter:25
INFO:root:[Seller]: (Dave,2) Profit in previous quarter:-25
INFO:root:[Seller]: (Dave,2) Sales in previous quarter:[0, 0]
INFO:root:[Seller]: (Eve,2) sold  0 units of Huawei P30 pro
INFO:root:[Seller]: (Eve,2) sold  0 units of Huawei P30 pro case
INFO:root:[Seller]: (Eve,2) Revenue in previous quarter:0
INFO:root:[Seller]: (Eve,2) Expenses in previous quarter:25
INFO:root:[Seller]: (Eve,2) Profit in previous quarter:-25
INFO:root:[Seller]: (Eve,2) Sales in previous quarter:[0, 0]
INFO:root:[Customer]: (Simone,2) own the Products:[] with balance of $ 800
INFO:root:[Customer]:(Simone,3): Next Quarter Begins 
INFO:root:[Customer]:(Simone,3) currently seeing ads for the Products:[]
INFO:root:[Customer]: (Simone,3) own the Products:[] with balance of $ 800
INFO:root:[Customer]:(Simone,4): Next Quarter Begins 
INFO:root:[Customer]:(Simone,4) currently seeing ads for the Products:[]
INFO:root:[Customer]: (Simone,4) own the Products:[] with balance of $ 800
INFO:root:[Customer]:(Simone,5): Next Quarter Begins 
INFO:root:[Customer]:(Simone,5) currently seeing ads for the Products:[]
INFO:root:[Customer]: (Simone,5) own the Products:[] with balance of $ 800
INFO:root:[Customer]:(Simone,6): Next Quarter Begins 
INFO:root:[Customer]:(Simone,6) currently seeing ads for the Products:[]
INFO:root:[Customer]: (Simone,6) own the Products:[] with balance of $ 800
INFO:root:[Customer]:(Simone,7): Next Quarter Begins 
INFO:root:[Customer]:(Simone,7) currently seeing ads for the Products:[]
INFO:root:[Customer]: (Simone,7) own the Products:[] with balance of $ 800
INFO:root:[Customer]:(Simone,8): Next Quarter Begins 
INFO:root:[Customer]:(Simone,8) currently seeing ads for the Products:[]
INFO:root:[Customer]: (Simone,8) own the Products:[] with balance of $ 800
INFO:root:[Customer]:(Simone,9): Next Quarter Begins 
INFO:root:[Customer]:(Simone,9) currently seeing ads for the Products:[]
INFO:root:[Customer]: (Simone,9) own the Products:[] with balance of $ 800
INFO:root:[Customer]:(Simone,10): Next Quarter Begins 
INFO:root:[Customer]:(Simone,10) currently seeing ads for the Products:[]
INFO:root:[Customer]: (Simone,10) own the Products:[] with balance of $ 800
INFO:root:[Customer]:(Simone,11): Next Quarter Begins 
INFO:root:[Customer]:(Simone,11) currently seeing ads for the Products:[]
INFO:root:[Customer]: (Simone,11) own the Products:[] with balance of $ 800
INFO:root:[Customer]:(Simone,12): Next Quarter Begins 
INFO:root:[Customer]:(Simone,12) currently seeing ads for the Products:[]
INFO:root:[Customer]: (Simone,12) own the Products:[] with balance of $ 800
INFO:root:[Customer]:(Simone,13): Next Quarter Begins 
INFO:root:[Customer]:(Simone,13) currently seeing ads for the Products:[]
INFO:root:[Customer]: (Simone,13) own the Products:[] with balance of $ 800
INFO:root:[Customer]:(Simone,14): Next Quarter Begins 
INFO:root:[Customer]:(Simone,14) currently seeing ads for the Products:[]
INFO:root:[Customer]: (Simone,14) own the Products:[] with balance of $ 800
INFO:root:[Customer]:(Simone,15): Next Quarter Begins 
INFO:root:[Customer]:(Simone,15) currently seeing ads for the Products:[]
INFO:root:[Customer]: (Simone,15) own the Products:[] with balance of $ 800
INFO:root:[Customer]:(Simone,16): Next Quarter Begins 
INFO:root:[Customer]:(Simone,16) currently seeing ads for the Products:[]
INFO:root:[Customer]: (Simone,16) own the Products:[] with balance of $ 800
INFO:root:[Customer]:(Simone,17): Next Quarter Begins 
INFO:root:[Customer]:(Simone,17) currently seeing ads for the Products:[]
INFO:root:[Customer]: (Simone,17) own the Products:[] with balance of $ 800
INFO:root:[Customer]:(Simone,18): Next Quarter Begins 
INFO:root:[Customer]:(Simone,18) currently seeing ads for the Products:[]
INFO:root:[Customer]: (Simone,18) own the Products:[] with balance of $ 800
INFO:root:[Customer]:(Simone,19): Next Quarter Begins 
INFO:root:[Customer]:(Simone,19) currently seeing ads for the Products:[]
INFO:root:[Customer]: (Simone,19) own the Products:[] with balance of $ 800
INFO:root:[Customer]:(Simone,20): Next Quarter Begins 
INFO:root:[Customer]:(Simone,20) currently seeing ads for the Products:[]
INFO:root:[Customer]: (Simone,20) own the Products:[] with balance of $ 800
INFO:root:[Customer]:(Simone,21): Next Quarter Begins 
INFO:root:[Customer]:(Simone,21) currently seeing ads for the Products:[]
INFO:root:[Customer]: (Simone,21) own the Products:[] with balance of $ 800
INFO:root:[Customer]:(Simone,22): Next Quarter Begins 
INFO:root:[Customer]:(Simone,22) currently seeing ads for the Products:[]
INFO:root:[Customer]: (Simone,22) own the Products:[] with balance of $ 800
INFO:root:[Customer]:(Simone,23): Next Quarter Begins 
INFO:root:[Customer]:(Simone,23) currently seeing ads for the Products:[]
INFO:root:[Customer]: (Simone,23) own the Products:[] with balance of $ 800
INFO:root:[Customer]:(Simone,24): Next Quarter Begins 
INFO:root:[Customer]:(Simone,24) currently seeing ads for the Products:[]
INFO:root:[Customer]: (Simone,24) own the Products:[] with balance of $ 800
INFO:root:[Customer]:(Simone,25): Next Quarter Begins 
INFO:root:[Customer]:(Simone,25) currently seeing ads for the Products:[]
INFO:root:[Customer]: (Simone,25) own the Products:[] with balance of $ 800
INFO:root:[Customer]:(Simone,26): Next Quarter Begins 
INFO:root:[Customer]:(Simone,26) currently seeing ads for the Products:[]
INFO:root:[Customer]: (Simone,26) own the Products:[] with balance of $ 800
INFO:root:[Customer]:(Simone,27): Next Quarter Begins 
INFO:root:[Customer]:(Simone,27) currently seeing ads for the Products:[]
INFO:root:[Customer]: (Simone,27) own the Products:[] with balance of $ 800
INFO:root:[Customer]:(Simone,28): Next Quarter Begins 
INFO:root:[Customer]:(Simone,28) currently seeing ads for the Products:[]
