INFO:root:[Buyer]:Buyer simone Created
INFO:root:[Buyer]:Buyer betsy Created
INFO:root:[Buyer]:Buyer Matthew Created
INFO:root:[Seller]:Seller Alice Created
INFO:root:[Seller]: (Alice,1) Revenue in previous quarter:0
INFO:root:[Seller]: (Alice,1) Expenses in previous quarter:0
INFO:root:[Seller]: (Alice,1) Profit in previous quarter:0
INFO:root:[Seller]:Seller Bob Created
INFO:root:[Seller]: (Bob,1) Revenue in previous quarter:0
INFO:root:[Seller]: (Bob,1) Expenses in previous quarter:0
INFO:root:[Seller]: (Bob,1) Profit in previous quarter:0
INFO:root:[Seller]:Seller Carol Created
INFO:root:[Seller]: (Carol,1) Revenue in previous quarter:0
INFO:root:[Seller]: (Carol,1) Expenses in previous quarter:0
INFO:root:[Seller]: (Carol,1) Profit in previous quarter:0
INFO:root:[Seller]:Seller Dave Created
INFO:root:[Seller]: (Dave,1) Revenue in previous quarter:0
INFO:root:[Seller]: (Dave,1) Expenses in previous quarter:0
INFO:root:[Seller]: (Dave,1) Profit in previous quarter:0
INFO:root:[Seller]:Seller Eve Created
INFO:root:[Seller]: (Eve,1) Revenue in previous quarter:0
INFO:root:[Seller]: (Eve,1) Expenses in previous quarter:0
INFO:root:[Seller]: (Eve,1) Profit in previous quarter:0
INFO:root:[Seller]: (Alice,2) Revenue in previous quarter:0
INFO:root:[Seller]: (Alice,2) Expenses in previous quarter:15
INFO:root:[Seller]: (Alice,2) Profit in previous quarter:-15
INFO:root:[Seller]: (Bob,2) Revenue in previous quarter:300
INFO:root:[Seller]: (Bob,2) Expenses in previous quarter:15
INFO:root:[Seller]: (Bob,2) Profit in previous quarter:285
INFO:root:[Seller]: (Carol,2) Revenue in previous quarter:0
INFO:root:[Seller]: (Carol,2) Expenses in previous quarter:15
INFO:root:[Seller]: (Carol,2) Profit in previous quarter:-15
INFO:root:[Seller]: (Dave,2) Revenue in previous quarter:0
INFO:root:[Seller]: (Dave,2) Expenses in previous quarter:15
INFO:root:[Seller]: (Dave,2) Profit in previous quarter:-15
INFO:root:[Seller]: (Eve,2) Revenue in previous quarter:0
INFO:root:[Seller]: (Eve,2) Expenses in previous quarter:15
INFO:root:[Seller]: (Eve,2) Profit in previous quarter:-15
INFO:root:[Seller]: (Alice,3) Revenue in previous quarter:0
INFO:root:[Seller]: (Alice,3) Expenses in previous quarter:15
INFO:root:[Seller]: (Alice,3) Profit in previous quarter:-15
INFO:root:[Seller]: (Bob,3) Revenue in previous quarter:0
INFO:root:[Seller]: (Bob,3) Expenses in previous quarter:15
INFO:root:[Seller]: (Bob,3) Profit in previous quarter:-15
INFO:root:[Seller]: (Carol,3) Revenue in previous quarter:0
INFO:root:[Seller]: (Carol,3) Expenses in previous quarter:15
INFO:root:[Seller]: (Carol,3) Profit in previous quarter:-15
INFO:root:[Seller]: (Dave,3) Revenue in previous quarter:0
INFO:root:[Seller]: (Dave,3) Expenses in previous quarter:15
INFO:root:[Seller]: (Dave,3) Profit in previous quarter:-15
INFO:root:[Seller]: (Eve,3) Revenue in previous quarter:0
INFO:root:[Seller]: (Eve,3) Expenses in previous quarter:15
INFO:root:[Seller]: (Eve,3) Profit in previous quarter:-15
INFO:root:[Seller]: (Alice,4) Revenue in previous quarter:0
INFO:root:[Seller]: (Alice,4) Expenses in previous quarter:15
INFO:root:[Seller]: (Alice,4) Profit in previous quarter:-15
INFO:root:[Seller]: (Bob,4) Revenue in previous quarter:300
INFO:root:[Seller]: (Bob,4) Expenses in previous quarter:15
INFO:root:[Seller]: (Bob,4) Profit in previous quarter:285
INFO:root:[Seller]: (Carol,4) Revenue in previous quarter:0
INFO:root:[Seller]: (Carol,4) Expenses in previous quarter:15
INFO:root:[Seller]: (Carol,4) Profit in previous quarter:-15
INFO:root:[Seller]: (Dave,4) Revenue in previous quarter:300
INFO:root:[Seller]: (Dave,4) Expenses in previous quarter:15
INFO:root:[Seller]: (Dave,4) Profit in previous quarter:285
INFO:root:[Seller]: (Eve,4) Revenue in previous quarter:0
INFO:root:[Seller]: (Eve,4) Expenses in previous quarter:15
INFO:root:[Seller]: (Eve,4) Profit in previous quarter:-15
INFO:root:[Seller]: (Alice,5) Revenue in previous quarter:0
INFO:root:[Seller]: (Alice,5) Expenses in previous quarter:15
INFO:root:[Seller]: (Alice,5) Profit in previous quarter:-15
INFO:root:[Seller]: (Bob,5) Revenue in previous quarter:0
INFO:root:[Seller]: (Bob,5) Expenses in previous quarter:15
INFO:root:[Seller]: (Bob,5) Profit in previous quarter:-15
INFO:root:[Seller]: (Carol,5) Revenue in previous quarter:0
INFO:root:[Seller]: (Carol,5) Expenses in previous quarter:15
INFO:root:[Seller]: (Carol,5) Profit in previous quarter:-15
INFO:root:[Seller]: (Dave,5) Revenue in previous quarter:0
INFO:root:[Seller]: (Dave,5) Expenses in previous quarter:15
INFO:root:[Seller]: (Dave,5) Profit in previous quarter:-15
INFO:root:[Seller]: (Eve,5) Revenue in previous quarter:20
INFO:root:[Seller]: (Eve,5) Expenses in previous quarter:15
INFO:root:[Seller]: (Eve,5) Profit in previous quarter:5
INFO:root:[Seller]: (Alice,6) Revenue in previous quarter:0
INFO:root:[Seller]: (Alice,6) Expenses in previous quarter:15
INFO:root:[Seller]: (Alice,6) Profit in previous quarter:-15
INFO:root:[Seller]: (Bob,6) Revenue in previous quarter:0
INFO:root:[Seller]: (Bob,6) Expenses in previous quarter:15
INFO:root:[Seller]: (Bob,6) Profit in previous quarter:-15
INFO:root:[Seller]: (Carol,6) Revenue in previous quarter:0
INFO:root:[Seller]: (Carol,6) Expenses in previous quarter:15
INFO:root:[Seller]: (Carol,6) Profit in previous quarter:-15
INFO:root:[Seller]: (Dave,6) Revenue in previous quarter:0
INFO:root:[Seller]: (Dave,6) Expenses in previous quarter:15
INFO:root:[Seller]: (Dave,6) Profit in previous quarter:-15
INFO:root:[Seller]: (Eve,6) Revenue in previous quarter:0
INFO:root:[Seller]: (Eve,6) Expenses in previous quarter:15
INFO:root:[Seller]: (Eve,6) Profit in previous quarter:-15
INFO:root:[Seller]: (Alice,7) Revenue in previous quarter:0
INFO:root:[Seller]: (Alice,7) Expenses in previous quarter:15
INFO:root:[Seller]: (Alice,7) Profit in previous quarter:-15
INFO:root:[Seller]: (Bob,7) Revenue in previous quarter:0
INFO:root:[Seller]: (Bob,7) Expenses in previous quarter:15
INFO:root:[Seller]: (Bob,7) Profit in previous quarter:-15
INFO:root:[Seller]: (Carol,7) Revenue in previous quarter:0
INFO:root:[Seller]: (Carol,7) Expenses in previous quarter:15
INFO:root:[Seller]: (Carol,7) Profit in previous quarter:-15
INFO:root:[Seller]: (Dave,7) Revenue in previous quarter:0
INFO:root:[Seller]: (Dave,7) Expenses in previous quarter:15
INFO:root:[Seller]: (Dave,7) Profit in previous quarter:-15
INFO:root:[Seller]: (Eve,7) Revenue in previous quarter:20
INFO:root:[Seller]: (Eve,7) Expenses in previous quarter:15
INFO:root:[Seller]: (Eve,7) Profit in previous quarter:5
INFO:root:[Seller]: (Alice,8) Revenue in previous quarter:0
INFO:root:[Seller]: (Alice,8) Expenses in previous quarter:15
INFO:root:[Seller]: (Alice,8) Profit in previous quarter:-15
INFO:root:[Seller]: (Bob,8) Revenue in previous quarter:0
INFO:root:[Seller]: (Bob,8) Expenses in previous quarter:15
INFO:root:[Seller]: (Bob,8) Profit in previous quarter:-15
INFO:root:[Seller]: (Carol,8) Revenue in previous quarter:0
INFO:root:[Seller]: (Carol,8) Expenses in previous quarter:15
INFO:root:[Seller]: (Carol,8) Profit in previous quarter:-15
INFO:root:[Seller]: (Dave,8) Revenue in previous quarter:0
INFO:root:[Seller]: (Dave,8) Expenses in previous quarter:15
INFO:root:[Seller]: (Dave,8) Profit in previous quarter:-15
INFO:root:[Seller]: (Eve,8) Revenue in previous quarter:0
INFO:root:[Seller]: (Eve,8) Expenses in previous quarter:15
INFO:root:[Seller]: (Eve,8) Profit in previous quarter:-15
INFO:root:[Seller]: (Alice,9) Revenue in previous quarter:0
INFO:root:[Seller]: (Alice,9) Expenses in previous quarter:15
INFO:root:[Seller]: (Alice,9) Profit in previous quarter:-15
INFO:root:[Seller]: (Bob,9) Revenue in previous quarter:0
INFO:root:[Seller]: (Bob,9) Expenses in previous quarter:15
INFO:root:[Seller]: (Bob,9) Profit in previous quarter:-15
INFO:root:[Seller]: (Carol,9) Revenue in previous quarter:0
INFO:root:[Seller]: (Carol,9) Expenses in previous quarter:15
INFO:root:[Seller]: (Carol,9) Profit in previous quarter:-15
INFO:root:[Seller]: (Dave,9) Revenue in previous quarter:0
INFO:root:[Seller]: (Dave,9) Expenses in previous quarter:15
INFO:root:[Seller]: (Dave,9) Profit in previous quarter:-15
INFO:root:[Seller]: (Eve,9) Revenue in previous quarter:0
INFO:root:[Seller]: (Eve,9) Expenses in previous quarter:15
INFO:root:[Seller]: (Eve,9) Profit in previous quarter:-15
INFO:root:[Seller]: (Alice,10) Revenue in previous quarter:0
INFO:root:[Seller]: (Alice,10) Expenses in previous quarter:15
INFO:root:[Seller]: (Alice,10) Profit in previous quarter:-15
INFO:root:[Seller]: (Bob,10) Revenue in previous quarter:0
INFO:root:[Seller]: (Bob,10) Expenses in previous quarter:15
INFO:root:[Seller]: (Bob,10) Profit in previous quarter:-15
INFO:root:[Seller]: (Carol,10) Revenue in previous quarter:0
INFO:root:[Seller]: (Carol,10) Expenses in previous quarter:15
INFO:root:[Seller]: (Carol,10) Profit in previous quarter:-15
INFO:root:[Seller]: (Dave,10) Revenue in previous quarter:0
INFO:root:[Seller]: (Dave,10) Expenses in previous quarter:15
INFO:root:[Seller]: (Dave,10) Profit in previous quarter:-15
INFO:root:[Seller]: (Eve,10) Revenue in previous quarter:0
INFO:root:[Seller]: (Eve,10) Expenses in previous quarter:15
INFO:root:[Seller]: (Eve,10) Profit in previous quarter:-15
